2023-01-27 06:02:27.163 [info] Extension host with pid 1648378 started
2023-01-27 06:02:27.176 [error] Error: EEXIST: file already exists, open '/home/ubuntu/.vscode-server/data/User/workspaceStorage/3e23ce5bcb104025f2c3f395e703fecc/vscode.lock'
2023-01-27 06:02:27.185 [info] Lock '/home/ubuntu/.vscode-server/data/User/workspaceStorage/3e23ce5bcb104025f2c3f395e703fecc/vscode.lock': Could not acquire lock, checking if the file is stale.
2023-01-27 06:02:27.189 [info] Lock '/home/ubuntu/.vscode-server/data/User/workspaceStorage/3e23ce5bcb104025f2c3f395e703fecc/vscode.lock': The lock does not look stale, elapsed: 213 ms, giving up.
2023-01-27 06:02:27.190 [error] Error: EEXIST: file already exists, open '/home/ubuntu/.vscode-server/data/User/workspaceStorage/3e23ce5bcb104025f2c3f395e703fecc-1/vscode.lock'
2023-01-27 06:02:27.190 [info] Lock '/home/ubuntu/.vscode-server/data/User/workspaceStorage/3e23ce5bcb104025f2c3f395e703fecc-1/vscode.lock': Could not acquire lock, checking if the file is stale.
2023-01-27 06:02:27.190 [info] Lock '/home/ubuntu/.vscode-server/data/User/workspaceStorage/3e23ce5bcb104025f2c3f395e703fecc-1/vscode.lock': The lock does not look stale, elapsed: 858 ms, giving up.
2023-01-27 06:02:27.191 [error] Error: EEXIST: file already exists, open '/home/ubuntu/.vscode-server/data/User/workspaceStorage/3e23ce5bcb104025f2c3f395e703fecc-2/vscode.lock'
2023-01-27 06:02:27.191 [info] Lock '/home/ubuntu/.vscode-server/data/User/workspaceStorage/3e23ce5bcb104025f2c3f395e703fecc-2/vscode.lock': Could not acquire lock, checking if the file is stale.
2023-01-27 06:02:27.193 [info] Lock '/home/ubuntu/.vscode-server/data/User/workspaceStorage/3e23ce5bcb104025f2c3f395e703fecc-2/vscode.lock': The lock does not look stale, elapsed: 482 ms, giving up.
2023-01-27 06:02:27.195 [info] Lock '/home/ubuntu/.vscode-server/data/User/workspaceStorage/3e23ce5bcb104025f2c3f395e703fecc-3/vscode.lock': Lock acquired.
2023-01-27 06:02:27.304 [info] ExtensionService#_doActivateExtension vscode.git-base, startup: true, activationEvent: '*', root cause: vscode.git
2023-01-27 06:02:27.602 [info] ExtensionService#_doActivateExtension vscode.git, startup: true, activationEvent: '*'
2023-01-27 06:02:27.602 [info] ExtensionService#_doActivateExtension vscode.github, startup: true, activationEvent: '*'
2023-01-27 06:02:27.956 [info] ExtensionService#_doActivateExtension vscode.debug-auto-launch, startup: false, activationEvent: 'onStartupFinished'
2023-01-27 06:02:27.957 [info] ExtensionService#_doActivateExtension vscode.emmet, startup: false, activationEvent: 'onStartupFinished'
2023-01-27 06:02:27.957 [info] ExtensionService#_doActivateExtension vscode.merge-conflict, startup: false, activationEvent: 'onStartupFinished'
2023-01-27 06:02:27.957 [info] Eager extensions activated
2023-01-27 07:56:33.860 [info] Extension host terminating: renderer disconnected for too long (2)
2023-01-27 07:56:33.861 [info] Lock '/home/ubuntu/.vscode-server/data/User/workspaceStorage/3e23ce5bcb104025f2c3f395e703fecc-3/vscode.lock': Marking the lockfile as scheduled to be released in 6000 ms.
2023-01-27 07:56:33.870 [info] Extension host with pid 1648378 exiting with code 0
