2023-02-18 13:13:00.124 [info] 로그 수준: Info
2023-02-18 13:13:00.124 [info] "git"에서 찾은 git 유효성을 검사하는 중
2023-02-18 13:13:00.124 [info] "2.25.1"에서 git "git"을(를) 사용하는 중
2023-02-18 13:13:00.124 [info] > git rev-parse --show-toplevel [5ms]
2023-02-18 13:13:00.124 [info] > git rev-parse --git-dir --git-common-dir [1ms]
2023-02-18 13:13:00.124 [info] Open repository: /home/ubuntu
2023-02-18 13:13:00.124 [info] > git rev-parse --show-toplevel [4ms]
2023-02-18 13:13:00.124 [info] > git config --get commit.template [4ms]
2023-02-18 13:13:00.124 [info] > git rev-parse --show-toplevel [6ms]
2023-02-18 13:13:00.124 [info] > git for-each-ref --format=%(refname)%00%(upstream:short)%00%(objectname)%00%(upstream:track)%00%(upstream:remotename)%00%(upstream:remoteref) refs/heads/main refs/remotes/main [5ms]
2023-02-18 13:13:00.124 [info] > git for-each-ref --sort -committerdate --format %(refname) %(objectname) %(*objectname) [1ms]
2023-02-18 13:13:00.124 [info] > git rev-parse --show-toplevel [12ms]
2023-02-18 13:13:00.124 [info] > git rev-parse --show-toplevel [6ms]
2023-02-18 13:13:00.124 [info] > git rev-parse --show-toplevel [1ms]
2023-02-18 13:13:00.124 [info] > git rev-parse --show-toplevel [7ms]
2023-02-18 13:13:00.124 [info] > git rev-parse --show-toplevel [5ms]
2023-02-18 13:13:00.124 [info] > git rev-parse --show-toplevel [2ms]
2023-02-18 13:13:00.124 [info] > git rev-parse --show-toplevel [1ms]
2023-02-18 13:13:00.124 [info] > git rev-parse --show-toplevel [4ms]
2023-02-18 13:13:00.124 [info] > git status -z -uall [90ms]
2023-02-18 13:13:00.124 [info] > git rev-parse --show-toplevel [16ms]
2023-02-18 13:13:00.124 [info] > git rev-parse --show-toplevel [4ms]
2023-02-18 13:13:00.124 [info] > git config --get commit.template [6ms]
2023-02-18 13:13:00.124 [info] > git rev-parse --show-toplevel [8ms]
2023-02-18 13:13:00.124 [info] > git for-each-ref --format=%(refname)%00%(upstream:short)%00%(objectname)%00%(upstream:track)%00%(upstream:remotename)%00%(upstream:remoteref) refs/heads/main refs/remotes/main [6ms]
2023-02-18 13:13:00.124 [info] > git for-each-ref --sort -committerdate --format %(refname) %(objectname) %(*objectname) [3ms]
2023-02-18 13:13:00.124 [info] > git rev-parse --git-dir --git-common-dir [17ms]
2023-02-18 13:13:00.124 [info] Open repository: /home/ubuntu/kubespray
2023-02-18 13:13:00.124 [info] > git rev-parse --show-toplevel [12ms]
2023-02-18 13:13:00.124 [info] > git config --get commit.template [14ms]
2023-02-18 13:13:00.124 [info] > git rev-parse --show-toplevel [7ms]
2023-02-18 13:13:00.124 [info] > git for-each-ref --format %(refname) %(objectname) %(*objectname) refs/tags [5ms]
2023-02-18 13:13:00.124 [info] > git status -z -uall [107ms]
2023-02-18 13:13:00.124 [info] > git status -z -uall [48ms]
2023-02-18 13:13:00.124 [info] > git for-each-ref --sort -committerdate --format %(refname) %(objectname) %(*objectname) [43ms]
2023-02-18 13:13:00.124 [info] > git rev-parse --git-dir --git-common-dir [61ms]
2023-02-18 13:13:00.124 [info] Open repository: /home/ubuntu/nfs-subdir-external-provisioner
2023-02-18 13:13:00.124 [info] > git config --get commit.template [4ms]
2023-02-18 13:13:00.124 [info] > git rev-parse --show-toplevel [10ms]
2023-02-18 13:13:00.124 [info] > git rev-parse --show-toplevel [8ms]
2023-02-18 13:13:00.124 [info] > git for-each-ref --format=%(refname)%00%(upstream:short)%00%(objectname)%00%(upstream:track)%00%(upstream:remotename)%00%(upstream:remoteref) refs/heads/master refs/remotes/master [6ms]
2023-02-18 13:13:00.124 [info] > git for-each-ref --sort -committerdate --format %(refname) %(objectname) %(*objectname) [2ms]
2023-02-18 13:13:00.124 [info] > git status -z -uall [100ms]
2023-02-18 13:13:00.364 [info] > git show --textconv :wordpress/wordpress-deployment.yaml [6ms]
2023-02-18 13:13:00.365 [info] > git ls-files --stage -- /home/ubuntu/wordpress/wordpress-deployment.yaml [2ms]
2023-02-18 13:13:00.648 [info] > git check-ignore -v -z --stdin [10ms]
2023-02-18 13:13:00.649 [info] > git check-ignore -v -z --stdin [7ms]
2023-02-18 13:13:00.649 [info] > git check-ignore -v -z --stdin [2ms]
2023-02-18 13:13:02.073 [info] > git config --get commit.template [2ms]
2023-02-18 13:13:02.080 [info] > git for-each-ref --format=%(refname)%00%(upstream:short)%00%(objectname)%00%(upstream:track)%00%(upstream:remotename)%00%(upstream:remoteref) refs/heads/main refs/remotes/main [1ms]
2023-02-18 13:13:02.096 [info] > git for-each-ref --sort -committerdate --format %(refname) %(objectname) %(*objectname) [3ms]
2023-02-18 13:13:02.150 [info] > git status -z -uall [65ms]
2023-02-18 13:13:07.173 [info] > git config --get commit.template [8ms]
2023-02-18 13:13:07.174 [info] > git for-each-ref --format=%(refname)%00%(upstream:short)%00%(objectname)%00%(upstream:track)%00%(upstream:remotename)%00%(upstream:remoteref) refs/heads/main refs/remotes/main [3ms]
2023-02-18 13:13:07.187 [info] > git for-each-ref --sort -committerdate --format %(refname) %(objectname) %(*objectname) [1ms]
2023-02-18 13:13:07.242 [info] > git status -z -uall [62ms]
2023-02-18 13:13:12.256 [info] > git config --get commit.template [1ms]
2023-02-18 13:13:12.263 [info] > git for-each-ref --format=%(refname)%00%(upstream:short)%00%(objectname)%00%(upstream:track)%00%(upstream:remotename)%00%(upstream:remoteref) refs/heads/main refs/remotes/main [2ms]
2023-02-18 13:13:12.275 [info] > git for-each-ref --sort -committerdate --format %(refname) %(objectname) %(*objectname) [2ms]
2023-02-18 13:13:12.326 [info] > git status -z -uall [58ms]
2023-02-18 13:13:17.343 [info] > git config --get commit.template [5ms]
2023-02-18 13:13:17.343 [info] > git for-each-ref --format=%(refname)%00%(upstream:short)%00%(objectname)%00%(upstream:track)%00%(upstream:remotename)%00%(upstream:remoteref) refs/heads/main refs/remotes/main [1ms]
2023-02-18 13:13:17.354 [info] > git for-each-ref --sort -committerdate --format %(refname) %(objectname) %(*objectname) [1ms]
2023-02-18 13:13:17.402 [info] > git status -z -uall [55ms]
2023-02-18 13:13:22.424 [info] > git config --get commit.template [9ms]
2023-02-18 13:13:22.425 [info] > git for-each-ref --format=%(refname)%00%(upstream:short)%00%(objectname)%00%(upstream:track)%00%(upstream:remotename)%00%(upstream:remoteref) refs/heads/main refs/remotes/main [2ms]
2023-02-18 13:13:22.438 [info] > git for-each-ref --sort -committerdate --format %(refname) %(objectname) %(*objectname) [1ms]
2023-02-18 13:13:22.487 [info] > git status -z -uall [57ms]
2023-02-18 13:13:27.501 [info] > git config --get commit.template [4ms]
2023-02-18 13:13:27.502 [info] > git for-each-ref --format=%(refname)%00%(upstream:short)%00%(objectname)%00%(upstream:track)%00%(upstream:remotename)%00%(upstream:remoteref) refs/heads/main refs/remotes/main [1ms]
2023-02-18 13:13:27.513 [info] > git for-each-ref --sort -committerdate --format %(refname) %(objectname) %(*objectname) [1ms]
2023-02-18 13:13:27.560 [info] > git status -z -uall [55ms]
2023-02-18 13:13:32.575 [info] > git config --get commit.template [5ms]
2023-02-18 13:13:32.575 [info] > git for-each-ref --format=%(refname)%00%(upstream:short)%00%(objectname)%00%(upstream:track)%00%(upstream:remotename)%00%(upstream:remoteref) refs/heads/main refs/remotes/main [1ms]
2023-02-18 13:13:32.587 [info] > git for-each-ref --sort -committerdate --format %(refname) %(objectname) %(*objectname) [3ms]
2023-02-18 13:13:32.633 [info] > git status -z -uall [54ms]
2023-02-18 13:16:37.055 [info] > git config --get commit.template [4ms]
2023-02-18 13:16:37.056 [info] > git for-each-ref --format=%(refname)%00%(upstream:short)%00%(objectname)%00%(upstream:track)%00%(upstream:remotename)%00%(upstream:remoteref) refs/heads/main refs/remotes/main [2ms]
2023-02-18 13:16:37.067 [info] > git for-each-ref --sort -committerdate --format %(refname) %(objectname) %(*objectname) [2ms]
2023-02-18 13:16:37.117 [info] > git status -z -uall [58ms]
2023-02-18 13:17:06.883 [info] > git config --get commit.template [4ms]
2023-02-18 13:17:06.884 [info] > git for-each-ref --format=%(refname)%00%(upstream:short)%00%(objectname)%00%(upstream:track)%00%(upstream:remotename)%00%(upstream:remoteref) refs/heads/main refs/remotes/main [1ms]
2023-02-18 13:17:06.893 [info] > git for-each-ref --sort -committerdate --format %(refname) %(objectname) %(*objectname) [2ms]
2023-02-18 13:17:06.943 [info] > git status -z -uall [56ms]
2023-02-18 13:17:11.959 [info] > git config --get commit.template [5ms]
2023-02-18 13:17:11.959 [info] > git for-each-ref --format=%(refname)%00%(upstream:short)%00%(objectname)%00%(upstream:track)%00%(upstream:remotename)%00%(upstream:remoteref) refs/heads/main refs/remotes/main [1ms]
2023-02-18 13:17:11.970 [info] > git for-each-ref --sort -committerdate --format %(refname) %(objectname) %(*objectname) [2ms]
2023-02-18 13:17:12.020 [info] > git status -z -uall [57ms]
2023-02-18 13:17:17.044 [info] > git config --get commit.template [9ms]
2023-02-18 13:17:17.045 [info] > git for-each-ref --format=%(refname)%00%(upstream:short)%00%(objectname)%00%(upstream:track)%00%(upstream:remotename)%00%(upstream:remoteref) refs/heads/main refs/remotes/main [3ms]
2023-02-18 13:17:17.056 [info] > git for-each-ref --sort -committerdate --format %(refname) %(objectname) %(*objectname) [1ms]
2023-02-18 13:17:17.104 [info] > git status -z -uall [54ms]
2023-02-18 13:17:22.124 [info] > git config --get commit.template [6ms]
2023-02-18 13:17:22.124 [info] > git for-each-ref --format=%(refname)%00%(upstream:short)%00%(objectname)%00%(upstream:track)%00%(upstream:remotename)%00%(upstream:remoteref) refs/heads/main refs/remotes/main [1ms]
2023-02-18 13:17:22.133 [info] > git for-each-ref --sort -committerdate --format %(refname) %(objectname) %(*objectname) [1ms]
2023-02-18 13:17:22.190 [info] > git status -z -uall [62ms]
2023-02-18 13:17:27.202 [info] > git config --get commit.template [2ms]
2023-02-18 13:17:27.208 [info] > git for-each-ref --format=%(refname)%00%(upstream:short)%00%(objectname)%00%(upstream:track)%00%(upstream:remotename)%00%(upstream:remoteref) refs/heads/main refs/remotes/main [1ms]
2023-02-18 13:17:27.218 [info] > git for-each-ref --sort -committerdate --format %(refname) %(objectname) %(*objectname) [1ms]
2023-02-18 13:17:27.268 [info] > git status -z -uall [55ms]
2023-02-18 13:17:32.287 [info] > git for-each-ref --format=%(refname)%00%(upstream:short)%00%(objectname)%00%(upstream:track)%00%(upstream:remotename)%00%(upstream:remoteref) refs/heads/main refs/remotes/main [1ms]
2023-02-18 13:17:32.287 [info] > git config --get commit.template [7ms]
2023-02-18 13:17:32.297 [info] > git for-each-ref --sort -committerdate --format %(refname) %(objectname) %(*objectname) [2ms]
2023-02-18 13:17:32.350 [info] > git status -z -uall [59ms]
2023-02-18 13:17:37.365 [info] > git config --get commit.template [5ms]
2023-02-18 13:17:37.365 [info] > git for-each-ref --format=%(refname)%00%(upstream:short)%00%(objectname)%00%(upstream:track)%00%(upstream:remotename)%00%(upstream:remoteref) refs/heads/main refs/remotes/main [1ms]
2023-02-18 13:17:37.377 [info] > git for-each-ref --sort -committerdate --format %(refname) %(objectname) %(*objectname) [1ms]
2023-02-18 13:17:37.427 [info] > git status -z -uall [57ms]
2023-02-18 13:17:42.443 [info] > git config --get commit.template [4ms]
2023-02-18 13:17:42.443 [info] > git for-each-ref --format=%(refname)%00%(upstream:short)%00%(objectname)%00%(upstream:track)%00%(upstream:remotename)%00%(upstream:remoteref) refs/heads/main refs/remotes/main [1ms]
2023-02-18 13:17:42.453 [info] > git for-each-ref --sort -committerdate --format %(refname) %(objectname) %(*objectname) [1ms]
2023-02-18 13:17:42.501 [info] > git status -z -uall [54ms]
2023-02-18 13:17:47.522 [info] > git config --get commit.template [9ms]
2023-02-18 13:17:47.523 [info] > git for-each-ref --format=%(refname)%00%(upstream:short)%00%(objectname)%00%(upstream:track)%00%(upstream:remotename)%00%(upstream:remoteref) refs/heads/main refs/remotes/main [2ms]
2023-02-18 13:17:47.540 [info] > git for-each-ref --sort -committerdate --format %(refname) %(objectname) %(*objectname) [1ms]
2023-02-18 13:17:47.591 [info] > git status -z -uall [62ms]
2023-02-18 13:17:52.611 [info] > git config --get commit.template [8ms]
2023-02-18 13:17:52.612 [info] > git for-each-ref --format=%(refname)%00%(upstream:short)%00%(objectname)%00%(upstream:track)%00%(upstream:remotename)%00%(upstream:remoteref) refs/heads/main refs/remotes/main [1ms]
2023-02-18 13:17:52.622 [info] > git for-each-ref --sort -committerdate --format %(refname) %(objectname) %(*objectname) [1ms]
2023-02-18 13:17:52.675 [info] > git status -z -uall [58ms]
2023-02-18 13:17:57.691 [info] > git config --get commit.template [4ms]
2023-02-18 13:17:57.692 [info] > git for-each-ref --format=%(refname)%00%(upstream:short)%00%(objectname)%00%(upstream:track)%00%(upstream:remotename)%00%(upstream:remoteref) refs/heads/main refs/remotes/main [1ms]
2023-02-18 13:17:57.702 [info] > git for-each-ref --sort -committerdate --format %(refname) %(objectname) %(*objectname) [1ms]
2023-02-18 13:17:57.750 [info] > git status -z -uall [55ms]
2023-02-18 13:18:02.766 [info] > git config --get commit.template [5ms]
2023-02-18 13:18:02.767 [info] > git for-each-ref --format=%(refname)%00%(upstream:short)%00%(objectname)%00%(upstream:track)%00%(upstream:remotename)%00%(upstream:remoteref) refs/heads/main refs/remotes/main [2ms]
2023-02-18 13:18:02.776 [info] > git for-each-ref --sort -committerdate --format %(refname) %(objectname) %(*objectname) [1ms]
2023-02-18 13:18:02.827 [info] > git status -z -uall [56ms]
2023-02-18 13:18:38.390 [info] > git config --get commit.template [4ms]
2023-02-18 13:18:38.390 [info] > git for-each-ref --format=%(refname)%00%(upstream:short)%00%(objectname)%00%(upstream:track)%00%(upstream:remotename)%00%(upstream:remoteref) refs/heads/main refs/remotes/main [1ms]
2023-02-18 13:18:38.400 [info] > git for-each-ref --sort -committerdate --format %(refname) %(objectname) %(*objectname) [1ms]
2023-02-18 13:18:38.452 [info] > git status -z -uall [59ms]
2023-02-18 13:18:43.962 [info] > git config --get commit.template [4ms]
2023-02-18 13:18:43.963 [info] > git for-each-ref --format=%(refname)%00%(upstream:short)%00%(objectname)%00%(upstream:track)%00%(upstream:remotename)%00%(upstream:remoteref) refs/heads/main refs/remotes/main [0ms]
2023-02-18 13:18:43.972 [info] > git for-each-ref --sort -committerdate --format %(refname) %(objectname) %(*objectname) [1ms]
2023-02-18 13:18:44.024 [info] > git status -z -uall [58ms]
2023-02-18 13:18:49.038 [info] > git config --get commit.template [4ms]
2023-02-18 13:18:49.039 [info] > git for-each-ref --format=%(refname)%00%(upstream:short)%00%(objectname)%00%(upstream:track)%00%(upstream:remotename)%00%(upstream:remoteref) refs/heads/main refs/remotes/main [1ms]
2023-02-18 13:18:49.051 [info] > git for-each-ref --sort -committerdate --format %(refname) %(objectname) %(*objectname) [1ms]
2023-02-18 13:18:49.101 [info] > git status -z -uall [56ms]
2023-02-18 13:18:51.747 [info] > git check-ignore -v -z --stdin [2ms]
2023-02-18 13:18:52.642 [info] > git show --textconv :wordpress/db/wordpress-mydb-sts-mysql.yaml [5ms]
2023-02-18 13:18:52.644 [info] > git ls-files --stage -- /home/ubuntu/wordpress/db/wordpress-mydb-sts-mysql.yaml [2ms]
2023-02-18 13:18:54.115 [info] > git config --get commit.template [5ms]
2023-02-18 13:18:54.116 [info] > git for-each-ref --format=%(refname)%00%(upstream:short)%00%(objectname)%00%(upstream:track)%00%(upstream:remotename)%00%(upstream:remoteref) refs/heads/main refs/remotes/main [1ms]
2023-02-18 13:18:54.134 [info] > git for-each-ref --sort -committerdate --format %(refname) %(objectname) %(*objectname) [6ms]
2023-02-18 13:18:54.209 [info] > git status -z -uall [89ms]
2023-02-18 13:18:59.448 [info] > git config --get commit.template [4ms]
2023-02-18 13:18:59.448 [info] > git for-each-ref --format=%(refname)%00%(upstream:short)%00%(objectname)%00%(upstream:track)%00%(upstream:remotename)%00%(upstream:remoteref) refs/heads/main refs/remotes/main [1ms]
2023-02-18 13:18:59.458 [info] > git for-each-ref --sort -committerdate --format %(refname) %(objectname) %(*objectname) [2ms]
2023-02-18 13:18:59.512 [info] > git status -z -uall [59ms]
2023-02-18 13:19:04.527 [info] > git config --get commit.template [2ms]
2023-02-18 13:19:04.536 [info] > git for-each-ref --format=%(refname)%00%(upstream:short)%00%(objectname)%00%(upstream:track)%00%(upstream:remotename)%00%(upstream:remoteref) refs/heads/main refs/remotes/main [2ms]
2023-02-18 13:19:04.545 [info] > git for-each-ref --sort -committerdate --format %(refname) %(objectname) %(*objectname) [1ms]
2023-02-18 13:19:04.596 [info] > git status -z -uall [56ms]
2023-02-18 13:19:47.331 [info] > git config --get commit.template [6ms]
2023-02-18 13:19:47.331 [info] > git for-each-ref --format=%(refname)%00%(upstream:short)%00%(objectname)%00%(upstream:track)%00%(upstream:remotename)%00%(upstream:remoteref) refs/heads/main refs/remotes/main [1ms]
2023-02-18 13:19:47.343 [info] > git for-each-ref --sort -committerdate --format %(refname) %(objectname) %(*objectname) [2ms]
2023-02-18 13:19:47.392 [info] > git status -z -uall [57ms]
2023-02-18 13:19:52.404 [info] > git config --get commit.template [0ms]
2023-02-18 13:19:52.410 [info] > git for-each-ref --format=%(refname)%00%(upstream:short)%00%(objectname)%00%(upstream:track)%00%(upstream:remotename)%00%(upstream:remoteref) refs/heads/main refs/remotes/main [1ms]
2023-02-18 13:19:52.422 [info] > git for-each-ref --sort -committerdate --format %(refname) %(objectname) %(*objectname) [2ms]
2023-02-18 13:19:52.471 [info] > git status -z -uall [57ms]
2023-02-18 13:19:57.487 [info] > git config --get commit.template [4ms]
2023-02-18 13:19:57.488 [info] > git for-each-ref --format=%(refname)%00%(upstream:short)%00%(objectname)%00%(upstream:track)%00%(upstream:remotename)%00%(upstream:remoteref) refs/heads/main refs/remotes/main [1ms]
2023-02-18 13:19:57.498 [info] > git for-each-ref --sort -committerdate --format %(refname) %(objectname) %(*objectname) [2ms]
2023-02-18 13:19:57.547 [info] > git status -z -uall [55ms]
2023-02-18 13:20:02.563 [info] > git config --get commit.template [4ms]
2023-02-18 13:20:02.564 [info] > git for-each-ref --format=%(refname)%00%(upstream:short)%00%(objectname)%00%(upstream:track)%00%(upstream:remotename)%00%(upstream:remoteref) refs/heads/main refs/remotes/main [1ms]
2023-02-18 13:20:02.573 [info] > git for-each-ref --sort -committerdate --format %(refname) %(objectname) %(*objectname) [1ms]
2023-02-18 13:20:02.621 [info] > git status -z -uall [54ms]
2023-02-18 13:20:07.633 [info] > git config --get commit.template [1ms]
2023-02-18 13:20:07.637 [info] > git for-each-ref --format=%(refname)%00%(upstream:short)%00%(objectname)%00%(upstream:track)%00%(upstream:remotename)%00%(upstream:remoteref) refs/heads/main refs/remotes/main [1ms]
2023-02-18 13:20:07.648 [info] > git for-each-ref --sort -committerdate --format %(refname) %(objectname) %(*objectname) [1ms]
2023-02-18 13:20:07.695 [info] > git status -z -uall [54ms]
2023-02-18 13:20:12.717 [info] > git config --get commit.template [8ms]
2023-02-18 13:20:12.718 [info] > git for-each-ref --format=%(refname)%00%(upstream:short)%00%(objectname)%00%(upstream:track)%00%(upstream:remotename)%00%(upstream:remoteref) refs/heads/main refs/remotes/main [1ms]
2023-02-18 13:20:12.735 [info] > git for-each-ref --sort -committerdate --format %(refname) %(objectname) %(*objectname) [2ms]
2023-02-18 13:20:12.807 [info] > git status -z -uall [82ms]
2023-02-18 13:20:17.827 [info] > git config --get commit.template [6ms]
2023-02-18 13:20:17.828 [info] > git for-each-ref --format=%(refname)%00%(upstream:short)%00%(objectname)%00%(upstream:track)%00%(upstream:remotename)%00%(upstream:remoteref) refs/heads/main refs/remotes/main [1ms]
2023-02-18 13:20:17.839 [info] > git for-each-ref --sort -committerdate --format %(refname) %(objectname) %(*objectname) [1ms]
2023-02-18 13:20:17.890 [info] > git status -z -uall [59ms]
2023-02-18 13:20:22.905 [info] > git config --get commit.template [5ms]
2023-02-18 13:20:22.905 [info] > git for-each-ref --format=%(refname)%00%(upstream:short)%00%(objectname)%00%(upstream:track)%00%(upstream:remotename)%00%(upstream:remoteref) refs/heads/main refs/remotes/main [1ms]
2023-02-18 13:20:22.916 [info] > git for-each-ref --sort -committerdate --format %(refname) %(objectname) %(*objectname) [1ms]
2023-02-18 13:20:22.969 [info] > git status -z -uall [60ms]
2023-02-18 13:20:27.985 [info] > git config --get commit.template [4ms]
2023-02-18 13:20:27.985 [info] > git for-each-ref --format=%(refname)%00%(upstream:short)%00%(objectname)%00%(upstream:track)%00%(upstream:remotename)%00%(upstream:remoteref) refs/heads/main refs/remotes/main [1ms]
2023-02-18 13:20:27.996 [info] > git for-each-ref --sort -committerdate --format %(refname) %(objectname) %(*objectname) [2ms]
2023-02-18 13:20:28.045 [info] > git status -z -uall [55ms]
2023-02-18 13:20:33.057 [info] > git config --get commit.template [2ms]
2023-02-18 13:20:33.061 [info] > git for-each-ref --format=%(refname)%00%(upstream:short)%00%(objectname)%00%(upstream:track)%00%(upstream:remotename)%00%(upstream:remoteref) refs/heads/main refs/remotes/main [1ms]
2023-02-18 13:20:33.072 [info] > git for-each-ref --sort -committerdate --format %(refname) %(objectname) %(*objectname) [2ms]
2023-02-18 13:20:33.126 [info] > git status -z -uall [61ms]
2023-02-18 13:20:38.140 [info] > git config --get commit.template [5ms]
2023-02-18 13:20:38.140 [info] > git for-each-ref --format=%(refname)%00%(upstream:short)%00%(objectname)%00%(upstream:track)%00%(upstream:remotename)%00%(upstream:remoteref) refs/heads/main refs/remotes/main [1ms]
2023-02-18 13:20:38.154 [info] > git for-each-ref --sort -committerdate --format %(refname) %(objectname) %(*objectname) [4ms]
2023-02-18 13:20:38.201 [info] > git status -z -uall [57ms]
2023-02-18 13:20:43.211 [info] > git config --get commit.template [1ms]
2023-02-18 13:20:43.215 [info] > git for-each-ref --format=%(refname)%00%(upstream:short)%00%(objectname)%00%(upstream:track)%00%(upstream:remotename)%00%(upstream:remoteref) refs/heads/main refs/remotes/main [1ms]
2023-02-18 13:20:43.223 [info] > git for-each-ref --sort -committerdate --format %(refname) %(objectname) %(*objectname) [1ms]
2023-02-18 13:20:43.274 [info] > git status -z -uall [55ms]
2023-02-18 13:20:48.289 [info] > git config --get commit.template [4ms]
2023-02-18 13:20:48.290 [info] > git for-each-ref --format=%(refname)%00%(upstream:short)%00%(objectname)%00%(upstream:track)%00%(upstream:remotename)%00%(upstream:remoteref) refs/heads/main refs/remotes/main [1ms]
2023-02-18 13:20:48.300 [info] > git for-each-ref --sort -committerdate --format %(refname) %(objectname) %(*objectname) [2ms]
2023-02-18 13:20:48.352 [info] > git status -z -uall [59ms]
2023-02-18 13:20:53.374 [info] > git for-each-ref --format=%(refname)%00%(upstream:short)%00%(objectname)%00%(upstream:track)%00%(upstream:remotename)%00%(upstream:remoteref) refs/heads/main refs/remotes/main [2ms]
2023-02-18 13:20:53.374 [info] > git config --get commit.template [9ms]
2023-02-18 13:20:53.386 [info] > git for-each-ref --sort -committerdate --format %(refname) %(objectname) %(*objectname) [1ms]
2023-02-18 13:20:53.433 [info] > git status -z -uall [54ms]
2023-02-18 13:20:58.447 [info] > git config --get commit.template [6ms]
2023-02-18 13:20:58.448 [info] > git for-each-ref --format=%(refname)%00%(upstream:short)%00%(objectname)%00%(upstream:track)%00%(upstream:remotename)%00%(upstream:remoteref) refs/heads/main refs/remotes/main [1ms]
2023-02-18 13:20:58.460 [info] > git for-each-ref --sort -committerdate --format %(refname) %(objectname) %(*objectname) [2ms]
2023-02-18 13:20:58.510 [info] > git status -z -uall [58ms]
2023-02-18 13:21:03.526 [info] > git config --get commit.template [5ms]
2023-02-18 13:21:03.527 [info] > git for-each-ref --format=%(refname)%00%(upstream:short)%00%(objectname)%00%(upstream:track)%00%(upstream:remotename)%00%(upstream:remoteref) refs/heads/main refs/remotes/main [1ms]
2023-02-18 13:21:03.537 [info] > git for-each-ref --sort -committerdate --format %(refname) %(objectname) %(*objectname) [2ms]
2023-02-18 13:21:03.587 [info] > git status -z -uall [57ms]
2023-02-18 13:21:08.604 [info] > git config --get commit.template [4ms]
2023-02-18 13:21:08.604 [info] > git for-each-ref --format=%(refname)%00%(upstream:short)%00%(objectname)%00%(upstream:track)%00%(upstream:remotename)%00%(upstream:remoteref) refs/heads/main refs/remotes/main [1ms]
2023-02-18 13:21:08.618 [info] > git for-each-ref --sort -committerdate --format %(refname) %(objectname) %(*objectname) [1ms]
2023-02-18 13:21:08.683 [info] > git status -z -uall [75ms]
2023-02-18 13:21:13.697 [info] > git config --get commit.template [5ms]
2023-02-18 13:21:13.697 [info] > git for-each-ref --format=%(refname)%00%(upstream:short)%00%(objectname)%00%(upstream:track)%00%(upstream:remotename)%00%(upstream:remoteref) refs/heads/main refs/remotes/main [1ms]
2023-02-18 13:21:13.706 [info] > git for-each-ref --sort -committerdate --format %(refname) %(objectname) %(*objectname) [1ms]
2023-02-18 13:21:13.761 [info] > git status -z -uall [60ms]
2023-02-18 13:21:18.775 [info] > git config --get commit.template [4ms]
2023-02-18 13:21:18.775 [info] > git for-each-ref --format=%(refname)%00%(upstream:short)%00%(objectname)%00%(upstream:track)%00%(upstream:remotename)%00%(upstream:remoteref) refs/heads/main refs/remotes/main [1ms]
2023-02-18 13:21:18.787 [info] > git for-each-ref --sort -committerdate --format %(refname) %(objectname) %(*objectname) [2ms]
2023-02-18 13:21:18.836 [info] > git status -z -uall [57ms]
2023-02-18 13:21:23.859 [info] > git config --get commit.template [9ms]
2023-02-18 13:21:23.860 [info] > git for-each-ref --format=%(refname)%00%(upstream:short)%00%(objectname)%00%(upstream:track)%00%(upstream:remotename)%00%(upstream:remoteref) refs/heads/main refs/remotes/main [2ms]
2023-02-18 13:21:23.875 [info] > git for-each-ref --sort -committerdate --format %(refname) %(objectname) %(*objectname) [1ms]
2023-02-18 13:21:23.927 [info] > git status -z -uall [59ms]
2023-02-18 13:21:28.947 [info] > git config --get commit.template [1ms]
2023-02-18 13:21:28.953 [info] > git for-each-ref --format=%(refname)%00%(upstream:short)%00%(objectname)%00%(upstream:track)%00%(upstream:remotename)%00%(upstream:remoteref) refs/heads/main refs/remotes/main [1ms]
2023-02-18 13:21:28.963 [info] > git for-each-ref --sort -committerdate --format %(refname) %(objectname) %(*objectname) [1ms]
2023-02-18 13:21:29.017 [info] > git status -z -uall [60ms]
2023-02-18 13:21:34.032 [info] > git config --get commit.template [5ms]
2023-02-18 13:21:34.033 [info] > git for-each-ref --format=%(refname)%00%(upstream:short)%00%(objectname)%00%(upstream:track)%00%(upstream:remotename)%00%(upstream:remoteref) refs/heads/main refs/remotes/main [1ms]
2023-02-18 13:21:34.043 [info] > git for-each-ref --sort -committerdate --format %(refname) %(objectname) %(*objectname) [1ms]
2023-02-18 13:21:34.099 [info] > git status -z -uall [63ms]
2023-02-18 13:21:39.115 [info] > git config --get commit.template [4ms]
2023-02-18 13:21:39.115 [info] > git for-each-ref --format=%(refname)%00%(upstream:short)%00%(objectname)%00%(upstream:track)%00%(upstream:remotename)%00%(upstream:remoteref) refs/heads/main refs/remotes/main [1ms]
2023-02-18 13:21:39.128 [info] > git for-each-ref --sort -committerdate --format %(refname) %(objectname) %(*objectname) [3ms]
2023-02-18 13:21:39.185 [info] > git status -z -uall [66ms]
2023-02-18 13:21:44.199 [info] > git config --get commit.template [4ms]
2023-02-18 13:21:44.200 [info] > git for-each-ref --format=%(refname)%00%(upstream:short)%00%(objectname)%00%(upstream:track)%00%(upstream:remotename)%00%(upstream:remoteref) refs/heads/main refs/remotes/main [2ms]
2023-02-18 13:21:44.208 [info] > git for-each-ref --sort -committerdate --format %(refname) %(objectname) %(*objectname) [1ms]
2023-02-18 13:21:44.274 [info] > git status -z -uall [71ms]
2023-02-18 13:21:49.288 [info] > git config --get commit.template [5ms]
2023-02-18 13:21:49.290 [info] > git for-each-ref --format=%(refname)%00%(upstream:short)%00%(objectname)%00%(upstream:track)%00%(upstream:remotename)%00%(upstream:remoteref) refs/heads/main refs/remotes/main [2ms]
2023-02-18 13:21:49.302 [info] > git for-each-ref --sort -committerdate --format %(refname) %(objectname) %(*objectname) [2ms]
2023-02-18 13:21:49.355 [info] > git status -z -uall [60ms]
2023-02-18 13:21:54.373 [info] > git config --get commit.template [7ms]
2023-02-18 13:21:54.374 [info] > git for-each-ref --format=%(refname)%00%(upstream:short)%00%(objectname)%00%(upstream:track)%00%(upstream:remotename)%00%(upstream:remoteref) refs/heads/main refs/remotes/main [2ms]
2023-02-18 13:21:54.385 [info] > git for-each-ref --sort -committerdate --format %(refname) %(objectname) %(*objectname) [0ms]
2023-02-18 13:21:54.432 [info] > git status -z -uall [55ms]
2023-02-18 13:21:59.445 [info] > git config --get commit.template [4ms]
2023-02-18 13:21:59.445 [info] > git for-each-ref --format=%(refname)%00%(upstream:short)%00%(objectname)%00%(upstream:track)%00%(upstream:remotename)%00%(upstream:remoteref) refs/heads/main refs/remotes/main [1ms]
2023-02-18 13:21:59.456 [info] > git for-each-ref --sort -committerdate --format %(refname) %(objectname) %(*objectname) [2ms]
2023-02-18 13:21:59.505 [info] > git status -z -uall [57ms]
2023-02-18 13:22:04.517 [info] > git config --get commit.template [4ms]
2023-02-18 13:22:04.517 [info] > git for-each-ref --format=%(refname)%00%(upstream:short)%00%(objectname)%00%(upstream:track)%00%(upstream:remotename)%00%(upstream:remoteref) refs/heads/main refs/remotes/main [1ms]
2023-02-18 13:22:04.526 [info] > git for-each-ref --sort -committerdate --format %(refname) %(objectname) %(*objectname) [2ms]
2023-02-18 13:22:04.578 [info] > git status -z -uall [58ms]
2023-02-18 13:22:09.599 [info] > git config --get commit.template [8ms]
2023-02-18 13:22:09.600 [info] > git for-each-ref --format=%(refname)%00%(upstream:short)%00%(objectname)%00%(upstream:track)%00%(upstream:remotename)%00%(upstream:remoteref) refs/heads/main refs/remotes/main [2ms]
2023-02-18 13:22:09.615 [info] > git for-each-ref --sort -committerdate --format %(refname) %(objectname) %(*objectname) [2ms]
2023-02-18 13:22:09.667 [info] > git status -z -uall [61ms]
2023-02-18 13:22:14.680 [info] > git config --get commit.template [4ms]
2023-02-18 13:22:14.681 [info] > git for-each-ref --format=%(refname)%00%(upstream:short)%00%(objectname)%00%(upstream:track)%00%(upstream:remotename)%00%(upstream:remoteref) refs/heads/main refs/remotes/main [2ms]
2023-02-18 13:22:14.689 [info] > git for-each-ref --sort -committerdate --format %(refname) %(objectname) %(*objectname) [1ms]
2023-02-18 13:22:14.741 [info] > git status -z -uall [57ms]
2023-02-18 13:22:19.756 [info] > git config --get commit.template [4ms]
2023-02-18 13:22:19.756 [info] > git for-each-ref --format=%(refname)%00%(upstream:short)%00%(objectname)%00%(upstream:track)%00%(upstream:remotename)%00%(upstream:remoteref) refs/heads/main refs/remotes/main [1ms]
2023-02-18 13:22:19.770 [info] > git for-each-ref --sort -committerdate --format %(refname) %(objectname) %(*objectname) [1ms]
2023-02-18 13:22:19.827 [info] > git status -z -uall [67ms]
2023-02-18 13:22:24.841 [info] > git config --get commit.template [5ms]
2023-02-18 13:22:24.842 [info] > git for-each-ref --format=%(refname)%00%(upstream:short)%00%(objectname)%00%(upstream:track)%00%(upstream:remotename)%00%(upstream:remoteref) refs/heads/main refs/remotes/main [1ms]
2023-02-18 13:22:24.853 [info] > git for-each-ref --sort -committerdate --format %(refname) %(objectname) %(*objectname) [1ms]
2023-02-18 13:22:24.903 [info] > git status -z -uall [57ms]
2023-02-18 13:22:29.917 [info] > git config --get commit.template [4ms]
2023-02-18 13:22:29.918 [info] > git for-each-ref --format=%(refname)%00%(upstream:short)%00%(objectname)%00%(upstream:track)%00%(upstream:remotename)%00%(upstream:remoteref) refs/heads/main refs/remotes/main [1ms]
2023-02-18 13:22:29.927 [info] > git for-each-ref --sort -committerdate --format %(refname) %(objectname) %(*objectname) [1ms]
2023-02-18 13:22:29.980 [info] > git status -z -uall [59ms]
2023-02-18 13:22:34.995 [info] > git config --get commit.template [4ms]
2023-02-18 13:22:34.996 [info] > git for-each-ref --format=%(refname)%00%(upstream:short)%00%(objectname)%00%(upstream:track)%00%(upstream:remotename)%00%(upstream:remoteref) refs/heads/main refs/remotes/main [1ms]
2023-02-18 13:22:35.006 [info] > git for-each-ref --sort -committerdate --format %(refname) %(objectname) %(*objectname) [1ms]
2023-02-18 13:22:35.056 [info] > git status -z -uall [56ms]
2023-02-18 13:22:40.075 [info] > git config --get commit.template [5ms]
2023-02-18 13:22:40.075 [info] > git for-each-ref --format=%(refname)%00%(upstream:short)%00%(objectname)%00%(upstream:track)%00%(upstream:remotename)%00%(upstream:remoteref) refs/heads/main refs/remotes/main [0ms]
2023-02-18 13:22:40.087 [info] > git for-each-ref --sort -committerdate --format %(refname) %(objectname) %(*objectname) [1ms]
2023-02-18 13:22:40.139 [info] > git status -z -uall [59ms]
2023-02-18 13:22:45.156 [info] > git config --get commit.template [8ms]
2023-02-18 13:22:45.157 [info] > git for-each-ref --format=%(refname)%00%(upstream:short)%00%(objectname)%00%(upstream:track)%00%(upstream:remotename)%00%(upstream:remoteref) refs/heads/main refs/remotes/main [1ms]
2023-02-18 13:22:45.167 [info] > git for-each-ref --sort -committerdate --format %(refname) %(objectname) %(*objectname) [2ms]
2023-02-18 13:22:45.217 [info] > git status -z -uall [57ms]
2023-02-18 13:22:50.238 [info] > git config --get commit.template [7ms]
2023-02-18 13:22:50.238 [info] > git for-each-ref --format=%(refname)%00%(upstream:short)%00%(objectname)%00%(upstream:track)%00%(upstream:remotename)%00%(upstream:remoteref) refs/heads/main refs/remotes/main [2ms]
2023-02-18 13:22:50.255 [info] > git for-each-ref --sort -committerdate --format %(refname) %(objectname) %(*objectname) [1ms]
2023-02-18 13:22:50.304 [info] > git status -z -uall [59ms]
2023-02-18 13:22:55.328 [info] > git config --get commit.template [8ms]
2023-02-18 13:22:55.328 [info] > git for-each-ref --format=%(refname)%00%(upstream:short)%00%(objectname)%00%(upstream:track)%00%(upstream:remotename)%00%(upstream:remoteref) refs/heads/main refs/remotes/main [2ms]
2023-02-18 13:22:55.340 [info] > git for-each-ref --sort -committerdate --format %(refname) %(objectname) %(*objectname) [2ms]
2023-02-18 13:22:55.388 [info] > git status -z -uall [55ms]
2023-02-18 13:23:00.401 [info] > git config --get commit.template [4ms]
2023-02-18 13:23:00.402 [info] > git for-each-ref --format=%(refname)%00%(upstream:short)%00%(objectname)%00%(upstream:track)%00%(upstream:remotename)%00%(upstream:remoteref) refs/heads/main refs/remotes/main [1ms]
2023-02-18 13:23:00.412 [info] > git for-each-ref --sort -committerdate --format %(refname) %(objectname) %(*objectname) [2ms]
2023-02-18 13:23:00.459 [info] > git status -z -uall [54ms]
2023-02-18 13:23:05.474 [info] > git config --get commit.template [4ms]
2023-02-18 13:23:05.475 [info] > git for-each-ref --format=%(refname)%00%(upstream:short)%00%(objectname)%00%(upstream:track)%00%(upstream:remotename)%00%(upstream:remoteref) refs/heads/main refs/remotes/main [1ms]
2023-02-18 13:23:05.484 [info] > git for-each-ref --sort -committerdate --format %(refname) %(objectname) %(*objectname) [1ms]
2023-02-18 13:23:05.534 [info] > git status -z -uall [56ms]
2023-02-18 13:23:10.550 [info] > git config --get commit.template [4ms]
2023-02-18 13:23:10.550 [info] > git for-each-ref --format=%(refname)%00%(upstream:short)%00%(objectname)%00%(upstream:track)%00%(upstream:remotename)%00%(upstream:remoteref) refs/heads/main refs/remotes/main [1ms]
2023-02-18 13:23:10.560 [info] > git for-each-ref --sort -committerdate --format %(refname) %(objectname) %(*objectname) [1ms]
2023-02-18 13:23:10.607 [info] > git status -z -uall [53ms]
2023-02-18 13:23:15.617 [info] > git config --get commit.template [1ms]
2023-02-18 13:23:15.622 [info] > git for-each-ref --format=%(refname)%00%(upstream:short)%00%(objectname)%00%(upstream:track)%00%(upstream:remotename)%00%(upstream:remoteref) refs/heads/main refs/remotes/main [1ms]
2023-02-18 13:23:15.632 [info] > git for-each-ref --sort -committerdate --format %(refname) %(objectname) %(*objectname) [2ms]
2023-02-18 13:23:15.680 [info] > git status -z -uall [55ms]
2023-02-18 13:23:20.694 [info] > git config --get commit.template [4ms]
2023-02-18 13:23:20.694 [info] > git for-each-ref --format=%(refname)%00%(upstream:short)%00%(objectname)%00%(upstream:track)%00%(upstream:remotename)%00%(upstream:remoteref) refs/heads/main refs/remotes/main [1ms]
2023-02-18 13:23:20.706 [info] > git for-each-ref --sort -committerdate --format %(refname) %(objectname) %(*objectname) [1ms]
2023-02-18 13:23:20.752 [info] > git status -z -uall [54ms]
2023-02-18 13:23:25.769 [info] > git config --get commit.template [5ms]
2023-02-18 13:23:25.770 [info] > git for-each-ref --format=%(refname)%00%(upstream:short)%00%(objectname)%00%(upstream:track)%00%(upstream:remotename)%00%(upstream:remoteref) refs/heads/main refs/remotes/main [2ms]
2023-02-18 13:23:25.783 [info] > git for-each-ref --sort -committerdate --format %(refname) %(objectname) %(*objectname) [1ms]
2023-02-18 13:23:25.831 [info] > git status -z -uall [55ms]
2023-02-18 13:23:30.846 [info] > git config --get commit.template [4ms]
2023-02-18 13:23:30.847 [info] > git for-each-ref --format=%(refname)%00%(upstream:short)%00%(objectname)%00%(upstream:track)%00%(upstream:remotename)%00%(upstream:remoteref) refs/heads/main refs/remotes/main [1ms]
2023-02-18 13:23:30.857 [info] > git for-each-ref --sort -committerdate --format %(refname) %(objectname) %(*objectname) [1ms]
2023-02-18 13:23:30.905 [info] > git status -z -uall [55ms]
2023-02-18 13:23:35.920 [info] > git config --get commit.template [4ms]
2023-02-18 13:23:35.921 [info] > git for-each-ref --format=%(refname)%00%(upstream:short)%00%(objectname)%00%(upstream:track)%00%(upstream:remotename)%00%(upstream:remoteref) refs/heads/main refs/remotes/main [1ms]
2023-02-18 13:23:35.930 [info] > git for-each-ref --sort -committerdate --format %(refname) %(objectname) %(*objectname) [1ms]
2023-02-18 13:23:35.979 [info] > git status -z -uall [55ms]
2023-02-18 13:23:40.992 [info] > git config --get commit.template [4ms]
2023-02-18 13:23:40.992 [info] > git for-each-ref --format=%(refname)%00%(upstream:short)%00%(objectname)%00%(upstream:track)%00%(upstream:remotename)%00%(upstream:remoteref) refs/heads/main refs/remotes/main [1ms]
2023-02-18 13:23:41.001 [info] > git for-each-ref --sort -committerdate --format %(refname) %(objectname) %(*objectname) [0ms]
2023-02-18 13:23:41.050 [info] > git status -z -uall [54ms]
2023-02-18 13:23:46.065 [info] > git config --get commit.template [4ms]
2023-02-18 13:23:46.066 [info] > git for-each-ref --format=%(refname)%00%(upstream:short)%00%(objectname)%00%(upstream:track)%00%(upstream:remotename)%00%(upstream:remoteref) refs/heads/main refs/remotes/main [1ms]
2023-02-18 13:23:46.077 [info] > git for-each-ref --sort -committerdate --format %(refname) %(objectname) %(*objectname) [1ms]
2023-02-18 13:23:46.133 [info] > git status -z -uall [64ms]
2023-02-18 13:23:51.152 [info] > git config --get commit.template [7ms]
2023-02-18 13:23:51.153 [info] > git for-each-ref --format=%(refname)%00%(upstream:short)%00%(objectname)%00%(upstream:track)%00%(upstream:remotename)%00%(upstream:remoteref) refs/heads/main refs/remotes/main [2ms]
2023-02-18 13:23:51.174 [info] > git for-each-ref --sort -committerdate --format %(refname) %(objectname) %(*objectname) [1ms]
2023-02-18 13:23:51.244 [info] > git status -z -uall [84ms]
2023-02-18 13:23:56.259 [info] > git config --get commit.template [5ms]
2023-02-18 13:23:56.260 [info] > git for-each-ref --format=%(refname)%00%(upstream:short)%00%(objectname)%00%(upstream:track)%00%(upstream:remotename)%00%(upstream:remoteref) refs/heads/main refs/remotes/main [1ms]
2023-02-18 13:23:56.270 [info] > git for-each-ref --sort -committerdate --format %(refname) %(objectname) %(*objectname) [1ms]
2023-02-18 13:23:56.320 [info] > git status -z -uall [57ms]
2023-02-18 13:24:01.335 [info] > git config --get commit.template [4ms]
2023-02-18 13:24:01.335 [info] > git for-each-ref --format=%(refname)%00%(upstream:short)%00%(objectname)%00%(upstream:track)%00%(upstream:remotename)%00%(upstream:remoteref) refs/heads/main refs/remotes/main [1ms]
2023-02-18 13:24:01.346 [info] > git for-each-ref --sort -committerdate --format %(refname) %(objectname) %(*objectname) [2ms]
2023-02-18 13:24:01.394 [info] > git status -z -uall [56ms]
2023-02-18 13:24:06.407 [info] > git config --get commit.template [4ms]
2023-02-18 13:24:06.408 [info] > git for-each-ref --format=%(refname)%00%(upstream:short)%00%(objectname)%00%(upstream:track)%00%(upstream:remotename)%00%(upstream:remoteref) refs/heads/main refs/remotes/main [1ms]
2023-02-18 13:24:06.418 [info] > git for-each-ref --sort -committerdate --format %(refname) %(objectname) %(*objectname) [0ms]
2023-02-18 13:24:06.468 [info] > git status -z -uall [57ms]
2023-02-18 13:24:11.485 [info] > git config --get commit.template [4ms]
2023-02-18 13:24:11.486 [info] > git for-each-ref --format=%(refname)%00%(upstream:short)%00%(objectname)%00%(upstream:track)%00%(upstream:remotename)%00%(upstream:remoteref) refs/heads/main refs/remotes/main [1ms]
2023-02-18 13:24:11.495 [info] > git for-each-ref --sort -committerdate --format %(refname) %(objectname) %(*objectname) [1ms]
2023-02-18 13:24:11.545 [info] > git status -z -uall [56ms]
2023-02-18 13:24:31.163 [info] > git config --get commit.template [5ms]
2023-02-18 13:24:31.164 [info] > git for-each-ref --format=%(refname)%00%(upstream:short)%00%(objectname)%00%(upstream:track)%00%(upstream:remotename)%00%(upstream:remoteref) refs/heads/main refs/remotes/main [1ms]
2023-02-18 13:24:31.176 [info] > git for-each-ref --sort -committerdate --format %(refname) %(objectname) %(*objectname) [1ms]
2023-02-18 13:24:31.225 [info] > git status -z -uall [57ms]
2023-02-18 13:24:36.240 [info] > git config --get commit.template [5ms]
2023-02-18 13:24:36.240 [info] > git for-each-ref --format=%(refname)%00%(upstream:short)%00%(objectname)%00%(upstream:track)%00%(upstream:remotename)%00%(upstream:remoteref) refs/heads/main refs/remotes/main [1ms]
2023-02-18 13:24:36.251 [info] > git for-each-ref --sort -committerdate --format %(refname) %(objectname) %(*objectname) [1ms]
2023-02-18 13:24:36.301 [info] > git status -z -uall [57ms]
2023-02-18 13:24:41.313 [info] > git config --get commit.template [1ms]
2023-02-18 13:24:41.317 [info] > git for-each-ref --format=%(refname)%00%(upstream:short)%00%(objectname)%00%(upstream:track)%00%(upstream:remotename)%00%(upstream:remoteref) refs/heads/main refs/remotes/main [1ms]
2023-02-18 13:24:41.328 [info] > git for-each-ref --sort -committerdate --format %(refname) %(objectname) %(*objectname) [1ms]
2023-02-18 13:24:41.377 [info] > git status -z -uall [56ms]
2023-02-18 13:24:46.392 [info] > git config --get commit.template [5ms]
2023-02-18 13:24:46.392 [info] > git for-each-ref --format=%(refname)%00%(upstream:short)%00%(objectname)%00%(upstream:track)%00%(upstream:remotename)%00%(upstream:remoteref) refs/heads/main refs/remotes/main [1ms]
2023-02-18 13:24:46.402 [info] > git for-each-ref --sort -committerdate --format %(refname) %(objectname) %(*objectname) [0ms]
2023-02-18 13:24:46.452 [info] > git status -z -uall [56ms]
