2023-01-28 07:03:01.981 [info] 로그 수준: Info
2023-01-28 07:03:01.981 [info] "git"에서 찾은 git 유효성을 검사하는 중
2023-01-28 07:03:01.981 [info] "2.25.1"에서 git "git"을(를) 사용하는 중
2023-01-28 07:03:01.981 [info] > git rev-parse --show-toplevel [6ms]
2023-01-28 07:03:01.981 [info] fatal: not a git repository (or any of the parent directories): .git
2023-01-28 07:03:01.981 [info] > git rev-parse --show-toplevel [1ms]
2023-01-28 07:03:01.981 [info] fatal: not a git repository (or any of the parent directories): .git
2023-01-28 07:03:01.981 [info] > git rev-parse --show-toplevel [2ms]
2023-01-28 07:03:01.981 [info] fatal: not a git repository (or any of the parent directories): .git
2023-01-28 07:03:01.981 [info] > git rev-parse --show-toplevel [1ms]
2023-01-28 07:03:01.981 [info] fatal: not a git repository (or any of the parent directories): .git
2023-01-28 07:03:01.981 [info] > git rev-parse --show-toplevel [1ms]
2023-01-28 07:03:01.981 [info] fatal: not a git repository (or any of the parent directories): .git
2023-01-28 07:03:01.981 [info] > git rev-parse --show-toplevel [2ms]
2023-01-28 07:03:01.981 [info] fatal: not a git repository (or any of the parent directories): .git
2023-01-28 07:03:01.981 [info] > git rev-parse --show-toplevel [1ms]
2023-01-28 07:03:01.981 [info] fatal: not a git repository (or any of the parent directories): .git
2023-01-28 07:03:01.981 [info] > git rev-parse --show-toplevel [1ms]
2023-01-28 07:03:01.981 [info] fatal: not a git repository (or any of the parent directories): .git
2023-01-28 07:03:01.981 [info] > git rev-parse --show-toplevel [1ms]
2023-01-28 07:03:01.981 [info] > git rev-parse --git-dir --git-common-dir [3ms]
2023-01-28 07:03:01.981 [info] Open repository: /home/ubuntu/kubespray
2023-01-28 07:03:01.982 [info] > git rev-parse --show-toplevel [4ms]
2023-01-28 07:03:01.982 [info] fatal: not a git repository (or any of the parent directories): .git
2023-01-28 07:03:01.982 [info] > git config --get commit.template [4ms]
2023-01-28 07:03:01.982 [info] > git rev-parse --show-toplevel [1ms]
2023-01-28 07:03:01.982 [info] > git rev-parse --git-dir --git-common-dir [9ms]
2023-01-28 07:03:01.982 [info] Open repository: /home/ubuntu/nfs-subdir-external-provisioner
2023-01-28 07:03:01.982 [info] > git for-each-ref --sort -committerdate --format %(refname) %(objectname) %(*objectname) [11ms]
2023-01-28 07:03:01.982 [info] > git config --get commit.template [2ms]
2023-01-28 07:03:01.982 [info] > git rev-parse --show-toplevel [5ms]
2023-01-28 07:03:01.982 [info] fatal: not a git repository (or any of the parent directories): .git
2023-01-28 07:03:01.982 [info] > git status -z -uall [30ms]
2023-01-28 07:03:01.982 [info] > git for-each-ref --format=%(refname)%00%(upstream:short)%00%(objectname)%00%(upstream:track)%00%(upstream:remotename)%00%(upstream:remoteref) refs/heads/master refs/remotes/master [14ms]
2023-01-28 07:03:01.982 [info] > git config --get commit.template [9ms]
2023-01-28 07:03:01.982 [info] > git for-each-ref --sort -committerdate --format %(refname) %(objectname) %(*objectname) [8ms]
2023-01-28 07:03:01.982 [info] > git for-each-ref --sort -committerdate --format %(refname) %(objectname) %(*objectname) [7ms]
2023-01-28 07:03:01.982 [info] > git status -z -uall [33ms]
2023-01-28 07:03:01.982 [info] > git status -z -uall [183ms]
2023-01-28 07:03:01.982 [info] > git config --get commit.template [4ms]
2023-01-28 07:03:01.982 [info] > git for-each-ref --format=%(refname)%00%(upstream:short)%00%(objectname)%00%(upstream:track)%00%(upstream:remotename)%00%(upstream:remoteref) refs/heads/master refs/remotes/master [1ms]
2023-01-28 07:03:01.982 [info] > git for-each-ref --sort -committerdate --format %(refname) %(objectname) %(*objectname) [3ms]
2023-01-28 07:03:01.982 [info] > git status -z -uall [138ms]
2023-01-28 07:03:01.982 [info] > git rev-parse --show-toplevel [1ms]
2023-01-28 07:03:01.982 [info] fatal: not a git repository (or any of the parent directories): .git
2023-01-28 07:03:01.982 [info] > git rev-parse --show-toplevel [1ms]
2023-01-28 07:03:01.982 [info] fatal: not a git repository (or any of the parent directories): .git
2023-01-28 07:03:01.982 [info] > git rev-parse --show-toplevel [5ms]
2023-01-28 07:03:01.982 [info] fatal: not a git repository (or any of the parent directories): .git
2023-01-28 07:03:01.982 [info] > git rev-parse --show-toplevel [2ms]
2023-01-28 07:03:01.982 [info] fatal: not a git repository (or any of the parent directories): .git
2023-01-28 07:03:02.025 [info] > git check-ignore -v -z --stdin [10ms]
2023-01-28 07:03:02.026 [info] > git check-ignore -v -z --stdin [4ms]
2023-01-28 07:03:27.430 [info] > git rev-parse --show-toplevel [1ms]
2023-01-28 07:03:27.430 [info] fatal: not a git repository (or any of the parent directories): .git
2023-01-28 07:03:31.801 [info] > git rev-parse --show-toplevel [1ms]
2023-01-28 07:03:31.801 [info] fatal: not a git repository (or any of the parent directories): .git
2023-01-28 07:03:33.621 [info] > git rev-parse --show-toplevel [1ms]
2023-01-28 07:03:33.621 [info] fatal: not a git repository (or any of the parent directories): .git
2023-01-28 07:03:38.312 [info] > git rev-parse --show-toplevel [0ms]
2023-01-28 07:03:38.312 [info] fatal: not a git repository (or any of the parent directories): .git
2023-01-28 07:03:40.288 [info] > git rev-parse --show-toplevel [2ms]
2023-01-28 07:03:40.288 [info] fatal: not a git repository (or any of the parent directories): .git
