2023-02-03 06:57:55.883 [info] 로그 수준: Info
2023-02-03 06:57:55.883 [info] "git"에서 찾은 git 유효성을 검사하는 중
2023-02-03 06:57:55.884 [info] "2.25.1"에서 git "git"을(를) 사용하는 중
2023-02-03 06:57:55.884 [info] > git rev-parse --show-toplevel [5ms]
2023-02-03 06:57:55.884 [info] fatal: not a git repository (or any of the parent directories): .git
2023-02-03 06:57:55.884 [info] > git rev-parse --show-toplevel [1ms]
2023-02-03 06:57:55.884 [info] fatal: not a git repository (or any of the parent directories): .git
2023-02-03 06:57:55.884 [info] > git rev-parse --show-toplevel [1ms]
2023-02-03 06:57:55.884 [info] fatal: not a git repository (or any of the parent directories): .git
2023-02-03 06:57:55.884 [info] > git rev-parse --show-toplevel [0ms]
2023-02-03 06:57:55.884 [info] fatal: not a git repository (or any of the parent directories): .git
2023-02-03 06:57:55.884 [info] > git rev-parse --show-toplevel [3ms]
2023-02-03 06:57:55.884 [info] fatal: not a git repository (or any of the parent directories): .git
2023-02-03 06:57:55.884 [info] > git rev-parse --show-toplevel [0ms]
2023-02-03 06:57:55.884 [info] fatal: not a git repository (or any of the parent directories): .git
2023-02-03 06:57:55.884 [info] > git rev-parse --show-toplevel [1ms]
2023-02-03 06:57:55.884 [info] fatal: not a git repository (or any of the parent directories): .git
2023-02-03 06:57:55.884 [info] > git rev-parse --show-toplevel [0ms]
2023-02-03 06:57:55.884 [info] fatal: not a git repository (or any of the parent directories): .git
2023-02-03 06:57:55.884 [info] > git rev-parse --show-toplevel [1ms]
2023-02-03 06:57:55.884 [info] fatal: not a git repository (or any of the parent directories): .git
2023-02-03 06:57:55.884 [info] > git rev-parse --show-toplevel [1ms]
2023-02-03 06:57:55.884 [info] > git rev-parse --git-dir --git-common-dir [1ms]
2023-02-03 06:57:55.884 [info] Open repository: /home/ubuntu/kubespray
2023-02-03 06:57:55.884 [info] > git rev-parse --show-toplevel [5ms]
2023-02-03 06:57:55.884 [info] fatal: not a git repository (or any of the parent directories): .git
2023-02-03 06:57:55.884 [info] > git config --get commit.template [5ms]
2023-02-03 06:57:55.884 [info] > git rev-parse --show-toplevel [9ms]
2023-02-03 06:57:55.884 [info] > git for-each-ref --sort -committerdate --format %(refname) %(objectname) %(*objectname) [4ms]
2023-02-03 06:57:55.884 [info] > git rev-parse --git-dir --git-common-dir [2ms]
2023-02-03 06:57:55.884 [info] Open repository: /home/ubuntu/nfs-subdir-external-provisioner
2023-02-03 06:57:55.884 [info] > git rev-parse --show-toplevel [4ms]
2023-02-03 06:57:55.884 [info] fatal: not a git repository (or any of the parent directories): .git
2023-02-03 06:57:55.884 [info] > git config --get commit.template [7ms]
2023-02-03 06:57:55.884 [info] > git status -z -uall [36ms]
2023-02-03 06:57:55.884 [info] > git for-each-ref --format=%(refname)%00%(upstream:short)%00%(objectname)%00%(upstream:track)%00%(upstream:remotename)%00%(upstream:remoteref) refs/heads/master refs/remotes/master [11ms]
2023-02-03 06:57:55.884 [info] > git for-each-ref --sort -committerdate --format %(refname) %(objectname) %(*objectname) [6ms]
2023-02-03 06:57:55.884 [info] > git config --get commit.template [1ms]
2023-02-03 06:57:55.884 [info] > git for-each-ref --sort -committerdate --format %(refname) %(objectname) %(*objectname) [6ms]
2023-02-03 06:57:55.884 [info] > git status -z -uall [28ms]
2023-02-03 06:57:55.884 [info] > git status -z -uall [178ms]
2023-02-03 06:57:55.884 [info] > git config --get commit.template [4ms]
2023-02-03 06:57:55.884 [info] > git for-each-ref --format=%(refname)%00%(upstream:short)%00%(objectname)%00%(upstream:track)%00%(upstream:remotename)%00%(upstream:remoteref) refs/heads/master refs/remotes/master [15ms]
2023-02-03 06:57:55.884 [info] > git rev-parse --show-toplevel [7ms]
2023-02-03 06:57:55.884 [info] fatal: not a git repository (or any of the parent directories): .git
2023-02-03 06:57:55.884 [info] > git for-each-ref --sort -committerdate --format %(refname) %(objectname) %(*objectname) [5ms]
2023-02-03 06:57:55.884 [info] > git rev-parse --show-toplevel [11ms]
2023-02-03 06:57:55.884 [info] fatal: not a git repository (or any of the parent directories): .git
2023-02-03 06:57:55.884 [info] > git rev-parse --show-toplevel [2ms]
2023-02-03 06:57:55.884 [info] fatal: not a git repository (or any of the parent directories): .git
2023-02-03 06:57:55.977 [info] > git status -z -uall [143ms]
2023-02-03 06:57:56.127 [info] > git check-ignore -v -z --stdin [12ms]
2023-02-03 06:57:56.128 [info] > git check-ignore -v -z --stdin [2ms]
2023-02-03 07:03:47.618 [info] > git rev-parse --show-toplevel [1ms]
2023-02-03 07:03:47.618 [info] fatal: not a git repository (or any of the parent directories): .git
2023-02-03 07:21:39.860 [info] > git rev-parse --show-toplevel [295ms]
2023-02-03 07:21:39.860 [info] fatal: not a git repository (or any of the parent directories): .git
2023-02-03 07:23:54.607 [info] > git rev-parse --show-toplevel [1ms]
2023-02-03 07:23:54.608 [info] fatal: not a git repository (or any of the parent directories): .git
2023-02-03 07:41:49.013 [info] > git rev-parse --show-toplevel [1ms]
2023-02-03 07:41:49.013 [info] fatal: not a git repository (or any of the parent directories): .git
