2023-01-27 07:51:34.536 [info] Extension host with pid 1714475 started
2023-01-27 07:51:34.539 [error] Error: EEXIST: file already exists, open '/home/ubuntu/.vscode-server/data/User/workspaceStorage/3e23ce5bcb104025f2c3f395e703fecc/vscode.lock'
2023-01-27 07:51:34.555 [info] Lock '/home/ubuntu/.vscode-server/data/User/workspaceStorage/3e23ce5bcb104025f2c3f395e703fecc/vscode.lock': Could not acquire lock, checking if the file is stale.
2023-01-27 07:51:34.559 [info] Lock '/home/ubuntu/.vscode-server/data/User/workspaceStorage/3e23ce5bcb104025f2c3f395e703fecc/vscode.lock': The lock does not look stale, elapsed: 665 ms, giving up.
2023-01-27 07:51:34.559 [error] Error: EEXIST: file already exists, open '/home/ubuntu/.vscode-server/data/User/workspaceStorage/3e23ce5bcb104025f2c3f395e703fecc-1/vscode.lock'
2023-01-27 07:51:34.559 [info] Lock '/home/ubuntu/.vscode-server/data/User/workspaceStorage/3e23ce5bcb104025f2c3f395e703fecc-1/vscode.lock': Could not acquire lock, checking if the file is stale.
2023-01-27 07:51:34.560 [info] Lock '/home/ubuntu/.vscode-server/data/User/workspaceStorage/3e23ce5bcb104025f2c3f395e703fecc-1/vscode.lock': The lock does not look stale, elapsed: 528 ms, giving up.
2023-01-27 07:51:34.560 [error] Error: EEXIST: file already exists, open '/home/ubuntu/.vscode-server/data/User/workspaceStorage/3e23ce5bcb104025f2c3f395e703fecc-2/vscode.lock'
2023-01-27 07:51:34.560 [info] Lock '/home/ubuntu/.vscode-server/data/User/workspaceStorage/3e23ce5bcb104025f2c3f395e703fecc-2/vscode.lock': Could not acquire lock, checking if the file is stale.
2023-01-27 07:51:34.560 [info] Lock '/home/ubuntu/.vscode-server/data/User/workspaceStorage/3e23ce5bcb104025f2c3f395e703fecc-2/vscode.lock': The lock does not look stale, elapsed: 660 ms, giving up.
2023-01-27 07:51:34.561 [error] Error: EEXIST: file already exists, open '/home/ubuntu/.vscode-server/data/User/workspaceStorage/3e23ce5bcb104025f2c3f395e703fecc-3/vscode.lock'
2023-01-27 07:51:34.561 [info] Lock '/home/ubuntu/.vscode-server/data/User/workspaceStorage/3e23ce5bcb104025f2c3f395e703fecc-3/vscode.lock': Could not acquire lock, checking if the file is stale.
2023-01-27 07:51:34.561 [info] Lock '/home/ubuntu/.vscode-server/data/User/workspaceStorage/3e23ce5bcb104025f2c3f395e703fecc-3/vscode.lock': The lock does not look stale, elapsed: 936 ms, giving up.
2023-01-27 07:51:34.563 [info] Lock '/home/ubuntu/.vscode-server/data/User/workspaceStorage/3e23ce5bcb104025f2c3f395e703fecc-4/vscode.lock': Lock acquired.
2023-01-27 07:51:34.820 [info] ExtensionService#_doActivateExtension vscode.git-base, startup: true, activationEvent: '*', root cause: vscode.git
2023-01-27 07:51:35.283 [info] ExtensionService#_doActivateExtension vscode.git, startup: true, activationEvent: '*'
2023-01-27 07:51:35.283 [info] ExtensionService#_doActivateExtension vscode.github, startup: true, activationEvent: '*'
2023-01-27 07:51:35.588 [info] ExtensionService#_doActivateExtension vscode.debug-auto-launch, startup: false, activationEvent: 'onStartupFinished'
2023-01-27 07:51:35.588 [info] ExtensionService#_doActivateExtension vscode.emmet, startup: false, activationEvent: 'onStartupFinished'
2023-01-27 07:51:35.589 [info] ExtensionService#_doActivateExtension vscode.merge-conflict, startup: false, activationEvent: 'onStartupFinished'
2023-01-27 07:51:35.589 [info] Eager extensions activated
2023-01-27 07:52:17.006 [info] ExtensionService#_doActivateExtension vscode.debug-server-ready, startup: false, activationEvent: 'onDebugResolve'
2023-01-27 08:18:06.878 [info] Extension host terminating: received terminate message from renderer
2023-01-27 08:18:06.879 [info] Lock '/home/ubuntu/.vscode-server/data/User/workspaceStorage/3e23ce5bcb104025f2c3f395e703fecc-4/vscode.lock': Marking the lockfile as scheduled to be released in 6000 ms.
2023-01-27 08:18:06.890 [info] Extension host with pid 1714475 exiting with code 0
