2023-02-22 04:40:52.931 [info] Extension host with pid 1941206 started
2023-02-22 04:40:52.950 [info] Lock '/home/ubuntu/.vscode-server/data/User/workspaceStorage/3e23ce5bcb104025f2c3f395e703fecc/vscode.lock': Lock acquired.
2023-02-22 04:40:53.121 [info] ExtensionService#_doActivateExtension vscode.emmet, startup: false, activationEvent: 'onLanguage'
2023-02-22 04:40:53.123 [info] ExtensionService#_doActivateExtension vscode.git-base, startup: true, activationEvent: '*', root cause: vscode.git
2023-02-22 04:40:53.560 [info] ExtensionService#_doActivateExtension vscode.git, startup: true, activationEvent: '*'
2023-02-22 04:40:53.561 [info] ExtensionService#_doActivateExtension vscode.github, startup: true, activationEvent: '*'
2023-02-22 04:40:53.808 [info] ExtensionService#_doActivateExtension vscode.debug-auto-launch, startup: false, activationEvent: 'onStartupFinished'
2023-02-22 04:40:53.808 [info] ExtensionService#_doActivateExtension vscode.merge-conflict, startup: false, activationEvent: 'onStartupFinished'
2023-02-22 04:40:53.809 [info] Eager extensions activated
2023-02-22 04:40:54.312 [warning] Using default string since no string found in i18n bundle that has the key: Don't Show Again
2023-02-22 05:13:48.413 [info] ExtensionService#_doActivateExtension vscode.html-language-features, startup: false, activationEvent: 'onLanguage:html'
2023-02-22 05:15:57.982 [error] {"message":"Git error","stdout":"","stderr":"fatal: pathspec '/home/ubuntu/web/3.pybo/PowerCat/pybo/lib64/python3.8/site-packages/django/contrib/admin/sites.py' is beyond a symbolic link\n","exitCode":128}
2023-02-22 05:15:57.982 [error] {"message":"Git error","stdout":"","stderr":"fatal: pathspec '/home/ubuntu/web/3.pybo/PowerCat/pybo/lib64/python3.8/site-packages/django/contrib/admin/sites.py' is beyond a symbolic link\n","exitCode":128}
2023-02-22 05:15:57.982 [error] {"message":"Git error","stdout":"","stderr":"fatal: pathspec '/home/ubuntu/web/3.pybo/PowerCat/pybo/lib64/python3.8/site-packages/django/contrib/admin/sites.py' is beyond a symbolic link\n","exitCode":128}
2023-02-22 05:15:57.982 [error] {"message":"Git error","stdout":"","stderr":"fatal: pathspec '/home/ubuntu/web/3.pybo/PowerCat/pybo/lib64/python3.8/site-packages/django/contrib/admin/sites.py' is beyond a symbolic link\n","exitCode":128}
2023-02-22 05:15:57.982 [error] {"message":"Git error","stdout":"","stderr":"fatal: pathspec '/home/ubuntu/web/3.pybo/PowerCat/pybo/lib64/python3.8/site-packages/django/contrib/admin/sites.py' is beyond a symbolic link\n","exitCode":128}
2023-02-22 05:15:57.982 [error] {"message":"Git error","stdout":"","stderr":"fatal: pathspec '/home/ubuntu/web/3.pybo/PowerCat/pybo/lib64/python3.8/site-packages/django/contrib/admin/sites.py' is beyond a symbolic link\n","exitCode":128}
2023-02-22 05:15:57.982 [error] {"message":"Git error","stdout":"","stderr":"fatal: pathspec '/home/ubuntu/web/3.pybo/PowerCat/pybo/lib64/python3.8/site-packages/django/contrib/admin/sites.py' is beyond a symbolic link\n","exitCode":128}
2023-02-22 05:15:57.982 [error] {"message":"Git error","stdout":"","stderr":"fatal: pathspec '/home/ubuntu/web/3.pybo/PowerCat/pybo/lib64/python3.8/site-packages/django/contrib/admin/sites.py' is beyond a symbolic link\n","exitCode":128}
2023-02-22 05:15:57.982 [error] {"message":"Git error","stdout":"","stderr":"fatal: pathspec '/home/ubuntu/web/3.pybo/PowerCat/pybo/lib64/python3.8/site-packages/django/contrib/admin/sites.py' is beyond a symbolic link\n","exitCode":128}
2023-02-22 05:15:57.982 [error] {"message":"Git error","stdout":"","stderr":"fatal: pathspec '/home/ubuntu/web/3.pybo/PowerCat/pybo/lib64/python3.8/site-packages/django/contrib/admin/sites.py' is beyond a symbolic link\n","exitCode":128}
2023-02-22 05:15:57.982 [error] {"message":"Git error","stdout":"","stderr":"fatal: pathspec '/home/ubuntu/web/3.pybo/PowerCat/pybo/lib64/python3.8/site-packages/django/contrib/admin/sites.py' is beyond a symbolic link\n","exitCode":128}
2023-02-22 05:15:57.982 [error] {"message":"Git error","stdout":"","stderr":"fatal: pathspec '/home/ubuntu/web/3.pybo/PowerCat/pybo/lib64/python3.8/site-packages/django/contrib/admin/sites.py' is beyond a symbolic link\n","exitCode":128}
2023-02-22 05:15:57.982 [error] {"message":"Git error","stdout":"","stderr":"fatal: pathspec '/home/ubuntu/web/3.pybo/PowerCat/pybo/lib64/python3.8/site-packages/django/contrib/admin/sites.py' is beyond a symbolic link\n","exitCode":128}
2023-02-22 05:15:57.982 [error] {"message":"Git error","stdout":"","stderr":"fatal: pathspec '/home/ubuntu/web/3.pybo/PowerCat/pybo/lib64/python3.8/site-packages/django/contrib/admin/sites.py' is beyond a symbolic link\n","exitCode":128}
2023-02-22 05:15:57.982 [error] {"message":"Git error","stdout":"","stderr":"fatal: pathspec '/home/ubuntu/web/3.pybo/PowerCat/pybo/lib64/python3.8/site-packages/django/contrib/admin/sites.py' is beyond a symbolic link\n","exitCode":128}
2023-02-22 05:15:57.982 [error] {"message":"Git error","stdout":"","stderr":"fatal: pathspec '/home/ubuntu/web/3.pybo/PowerCat/pybo/lib64/python3.8/site-packages/django/contrib/admin/sites.py' is beyond a symbolic link\n","exitCode":128}
2023-02-22 05:15:57.982 [error] {"message":"Git error","stdout":"","stderr":"fatal: pathspec '/home/ubuntu/web/3.pybo/PowerCat/pybo/lib64/python3.8/site-packages/django/contrib/admin/sites.py' is beyond a symbolic link\n","exitCode":128}
2023-02-22 05:15:57.983 [error] {"message":"Git error","stdout":"","stderr":"fatal: pathspec '/home/ubuntu/web/3.pybo/PowerCat/pybo/lib64/python3.8/site-packages/django/contrib/admin/sites.py' is beyond a symbolic link\n","exitCode":128}
2023-02-22 05:15:57.983 [error] {"message":"Git error","stdout":"","stderr":"fatal: pathspec '/home/ubuntu/web/3.pybo/PowerCat/pybo/lib64/python3.8/site-packages/django/contrib/admin/sites.py' is beyond a symbolic link\n","exitCode":128}
2023-02-22 05:15:57.983 [error] {"message":"Git error","stdout":"","stderr":"fatal: pathspec '/home/ubuntu/web/3.pybo/PowerCat/pybo/lib64/python3.8/site-packages/django/contrib/admin/sites.py' is beyond a symbolic link\n","exitCode":128}
2023-02-22 05:15:57.983 [error] {"message":"Git error","stdout":"","stderr":"fatal: pathspec '/home/ubuntu/web/3.pybo/PowerCat/pybo/lib64/python3.8/site-packages/django/contrib/admin/sites.py' is beyond a symbolic link\n","exitCode":128}
2023-02-22 05:15:57.983 [error] {"message":"Git error","stdout":"","stderr":"fatal: pathspec '/home/ubuntu/web/3.pybo/PowerCat/pybo/lib64/python3.8/site-packages/django/contrib/admin/sites.py' is beyond a symbolic link\n","exitCode":128}
2023-02-22 05:15:57.983 [error] {"message":"Git error","stdout":"","stderr":"fatal: pathspec '/home/ubuntu/web/3.pybo/PowerCat/pybo/lib64/python3.8/site-packages/django/contrib/admin/sites.py' is beyond a symbolic link\n","exitCode":128}
2023-02-22 05:15:57.983 [error] {"message":"Git error","stdout":"","stderr":"fatal: pathspec '/home/ubuntu/web/3.pybo/PowerCat/pybo/lib64/python3.8/site-packages/django/contrib/admin/sites.py' is beyond a symbolic link\n","exitCode":128}
2023-02-22 05:15:57.983 [error] {"message":"Git error","stdout":"","stderr":"fatal: pathspec '/home/ubuntu/web/3.pybo/PowerCat/pybo/lib64/python3.8/site-packages/django/contrib/admin/sites.py' is beyond a symbolic link\n","exitCode":128}
2023-02-22 05:15:58.984 [error] {"message":"Git error","stdout":"","stderr":"fatal: pathspec '/home/ubuntu/web/3.pybo/PowerCat/pybo/lib64/python3.8/site-packages/django/contrib/admin/sites.py' is beyond a symbolic link\n","exitCode":128}
2023-02-22 05:15:58.984 [error] {"message":"Git error","stdout":"","stderr":"fatal: pathspec '/home/ubuntu/web/3.pybo/PowerCat/pybo/lib64/python3.8/site-packages/django/contrib/admin/sites.py' is beyond a symbolic link\n","exitCode":128}
2023-02-22 05:15:58.984 [error] {"message":"Git error","stdout":"","stderr":"fatal: pathspec '/home/ubuntu/web/3.pybo/PowerCat/pybo/lib64/python3.8/site-packages/django/contrib/admin/sites.py' is beyond a symbolic link\n","exitCode":128}
2023-02-22 05:15:58.984 [error] {"message":"Git error","stdout":"","stderr":"fatal: pathspec '/home/ubuntu/web/3.pybo/PowerCat/pybo/lib64/python3.8/site-packages/django/contrib/admin/sites.py' is beyond a symbolic link\n","exitCode":128}
2023-02-22 05:15:58.984 [error] {"message":"Git error","stdout":"","stderr":"fatal: pathspec '/home/ubuntu/web/3.pybo/PowerCat/pybo/lib64/python3.8/site-packages/django/contrib/admin/sites.py' is beyond a symbolic link\n","exitCode":128}
2023-02-22 05:15:58.984 [error] {"message":"Git error","stdout":"","stderr":"fatal: pathspec '/home/ubuntu/web/3.pybo/PowerCat/pybo/lib64/python3.8/site-packages/django/contrib/admin/sites.py' is beyond a symbolic link\n","exitCode":128}
2023-02-22 05:15:58.985 [error] {"message":"Git error","stdout":"","stderr":"fatal: pathspec '/home/ubuntu/web/3.pybo/PowerCat/pybo/lib64/python3.8/site-packages/django/contrib/admin/sites.py' is beyond a symbolic link\n","exitCode":128}
2023-02-22 05:15:58.985 [error] {"message":"Git error","stdout":"","stderr":"fatal: pathspec '/home/ubuntu/web/3.pybo/PowerCat/pybo/lib64/python3.8/site-packages/django/contrib/admin/sites.py' is beyond a symbolic link\n","exitCode":128}
2023-02-22 05:15:58.985 [error] {"message":"Git error","stdout":"","stderr":"fatal: pathspec '/home/ubuntu/web/3.pybo/PowerCat/pybo/lib64/python3.8/site-packages/django/contrib/admin/sites.py' is beyond a symbolic link\n","exitCode":128}
2023-02-22 05:15:58.985 [error] {"message":"Git error","stdout":"","stderr":"fatal: pathspec '/home/ubuntu/web/3.pybo/PowerCat/pybo/lib64/python3.8/site-packages/django/contrib/admin/sites.py' is beyond a symbolic link\n","exitCode":128}
2023-02-22 05:15:58.985 [error] {"message":"Git error","stdout":"","stderr":"fatal: pathspec '/home/ubuntu/web/3.pybo/PowerCat/pybo/lib64/python3.8/site-packages/django/contrib/admin/sites.py' is beyond a symbolic link\n","exitCode":128}
2023-02-22 05:15:58.985 [error] {"message":"Git error","stdout":"","stderr":"fatal: pathspec '/home/ubuntu/web/3.pybo/PowerCat/pybo/lib64/python3.8/site-packages/django/contrib/admin/sites.py' is beyond a symbolic link\n","exitCode":128}
2023-02-22 05:15:58.985 [error] {"message":"Git error","stdout":"","stderr":"fatal: pathspec '/home/ubuntu/web/3.pybo/PowerCat/pybo/lib64/python3.8/site-packages/django/contrib/admin/sites.py' is beyond a symbolic link\n","exitCode":128}
2023-02-22 05:15:58.985 [error] {"message":"Git error","stdout":"","stderr":"fatal: pathspec '/home/ubuntu/web/3.pybo/PowerCat/pybo/lib64/python3.8/site-packages/django/contrib/admin/sites.py' is beyond a symbolic link\n","exitCode":128}
2023-02-22 05:15:58.985 [error] {"message":"Git error","stdout":"","stderr":"fatal: pathspec '/home/ubuntu/web/3.pybo/PowerCat/pybo/lib64/python3.8/site-packages/django/contrib/admin/sites.py' is beyond a symbolic link\n","exitCode":128}
2023-02-22 05:15:58.985 [error] {"message":"Git error","stdout":"","stderr":"fatal: pathspec '/home/ubuntu/web/3.pybo/PowerCat/pybo/lib64/python3.8/site-packages/django/contrib/admin/sites.py' is beyond a symbolic link\n","exitCode":128}
2023-02-22 05:15:58.986 [error] {"message":"Git error","stdout":"","stderr":"fatal: pathspec '/home/ubuntu/web/3.pybo/PowerCat/pybo/lib64/python3.8/site-packages/django/contrib/admin/sites.py' is beyond a symbolic link\n","exitCode":128}
2023-02-22 05:15:58.986 [error] {"message":"Git error","stdout":"","stderr":"fatal: pathspec '/home/ubuntu/web/3.pybo/PowerCat/pybo/lib64/python3.8/site-packages/django/contrib/admin/sites.py' is beyond a symbolic link\n","exitCode":128}
2023-02-22 05:15:58.986 [error] {"message":"Git error","stdout":"","stderr":"fatal: pathspec '/home/ubuntu/web/3.pybo/PowerCat/pybo/lib64/python3.8/site-packages/django/contrib/admin/sites.py' is beyond a symbolic link\n","exitCode":128}
2023-02-22 05:15:58.986 [error] {"message":"Git error","stdout":"","stderr":"fatal: pathspec '/home/ubuntu/web/3.pybo/PowerCat/pybo/lib64/python3.8/site-packages/django/contrib/admin/sites.py' is beyond a symbolic link\n","exitCode":128}
2023-02-22 05:15:58.986 [error] {"message":"Git error","stdout":"","stderr":"fatal: pathspec '/home/ubuntu/web/3.pybo/PowerCat/pybo/lib64/python3.8/site-packages/django/contrib/admin/sites.py' is beyond a symbolic link\n","exitCode":128}
2023-02-22 05:15:58.986 [error] {"message":"Git error","stdout":"","stderr":"fatal: pathspec '/home/ubuntu/web/3.pybo/PowerCat/pybo/lib64/python3.8/site-packages/django/contrib/admin/sites.py' is beyond a symbolic link\n","exitCode":128}
2023-02-22 05:15:58.986 [error] {"message":"Git error","stdout":"","stderr":"fatal: pathspec '/home/ubuntu/web/3.pybo/PowerCat/pybo/lib64/python3.8/site-packages/django/contrib/admin/sites.py' is beyond a symbolic link\n","exitCode":128}
2023-02-22 05:15:58.986 [error] {"message":"Git error","stdout":"","stderr":"fatal: pathspec '/home/ubuntu/web/3.pybo/PowerCat/pybo/lib64/python3.8/site-packages/django/contrib/admin/sites.py' is beyond a symbolic link\n","exitCode":128}
2023-02-22 05:15:58.986 [error] {"message":"Git error","stdout":"","stderr":"fatal: pathspec '/home/ubuntu/web/3.pybo/PowerCat/pybo/lib64/python3.8/site-packages/django/contrib/admin/sites.py' is beyond a symbolic link\n","exitCode":128}
2023-02-22 05:16:05.148 [error] {"message":"Git error","stdout":"","stderr":"fatal: pathspec '/home/ubuntu/web/3.pybo/PowerCat/arhive/1220/pybo/lib64/python3.8/site-packages/django/contrib/admin/sites.py' is beyond a symbolic link\n","exitCode":128}
2023-02-22 05:16:05.148 [error] {"message":"Git error","stdout":"","stderr":"fatal: pathspec '/home/ubuntu/web/3.pybo/PowerCat/arhive/1220/pybo/lib64/python3.8/site-packages/django/contrib/admin/sites.py' is beyond a symbolic link\n","exitCode":128}
2023-02-22 05:16:05.148 [error] {"message":"Git error","stdout":"","stderr":"fatal: pathspec '/home/ubuntu/web/3.pybo/PowerCat/arhive/1220/pybo/lib64/python3.8/site-packages/django/contrib/admin/sites.py' is beyond a symbolic link\n","exitCode":128}
2023-02-22 05:16:05.148 [error] {"message":"Git error","stdout":"","stderr":"fatal: pathspec '/home/ubuntu/web/3.pybo/PowerCat/arhive/1220/pybo/lib64/python3.8/site-packages/django/contrib/admin/sites.py' is beyond a symbolic link\n","exitCode":128}
2023-02-22 05:16:05.148 [error] {"message":"Git error","stdout":"","stderr":"fatal: pathspec '/home/ubuntu/web/3.pybo/PowerCat/arhive/1220/pybo/lib64/python3.8/site-packages/django/contrib/admin/sites.py' is beyond a symbolic link\n","exitCode":128}
2023-02-22 05:16:05.148 [error] {"message":"Git error","stdout":"","stderr":"fatal: pathspec '/home/ubuntu/web/3.pybo/PowerCat/arhive/1220/pybo/lib64/python3.8/site-packages/django/contrib/admin/sites.py' is beyond a symbolic link\n","exitCode":128}
2023-02-22 05:16:05.148 [error] {"message":"Git error","stdout":"","stderr":"fatal: pathspec '/home/ubuntu/web/3.pybo/PowerCat/arhive/1220/pybo/lib64/python3.8/site-packages/django/contrib/admin/sites.py' is beyond a symbolic link\n","exitCode":128}
2023-02-22 05:16:05.148 [error] {"message":"Git error","stdout":"","stderr":"fatal: pathspec '/home/ubuntu/web/3.pybo/PowerCat/arhive/1220/pybo/lib64/python3.8/site-packages/django/contrib/admin/sites.py' is beyond a symbolic link\n","exitCode":128}
2023-02-22 05:16:05.148 [error] {"message":"Git error","stdout":"","stderr":"fatal: pathspec '/home/ubuntu/web/3.pybo/PowerCat/arhive/1220/pybo/lib64/python3.8/site-packages/django/contrib/admin/sites.py' is beyond a symbolic link\n","exitCode":128}
2023-02-22 05:16:05.148 [error] {"message":"Git error","stdout":"","stderr":"fatal: pathspec '/home/ubuntu/web/3.pybo/PowerCat/arhive/1220/pybo/lib64/python3.8/site-packages/django/contrib/admin/sites.py' is beyond a symbolic link\n","exitCode":128}
2023-02-22 05:16:05.148 [error] {"message":"Git error","stdout":"","stderr":"fatal: pathspec '/home/ubuntu/web/3.pybo/PowerCat/arhive/1220/pybo/lib64/python3.8/site-packages/django/contrib/admin/sites.py' is beyond a symbolic link\n","exitCode":128}
2023-02-22 05:16:05.148 [error] {"message":"Git error","stdout":"","stderr":"fatal: pathspec '/home/ubuntu/web/3.pybo/PowerCat/arhive/1220/pybo/lib64/python3.8/site-packages/django/contrib/admin/sites.py' is beyond a symbolic link\n","exitCode":128}
2023-02-22 05:16:05.148 [error] {"message":"Git error","stdout":"","stderr":"fatal: pathspec '/home/ubuntu/web/3.pybo/PowerCat/arhive/1220/pybo/lib64/python3.8/site-packages/django/contrib/admin/sites.py' is beyond a symbolic link\n","exitCode":128}
2023-02-22 05:16:05.149 [error] {"message":"Git error","stdout":"","stderr":"fatal: pathspec '/home/ubuntu/web/3.pybo/PowerCat/arhive/1220/pybo/lib64/python3.8/site-packages/django/contrib/admin/sites.py' is beyond a symbolic link\n","exitCode":128}
2023-02-22 05:16:05.149 [error] {"message":"Git error","stdout":"","stderr":"fatal: pathspec '/home/ubuntu/web/3.pybo/PowerCat/arhive/1220/pybo/lib64/python3.8/site-packages/django/contrib/admin/sites.py' is beyond a symbolic link\n","exitCode":128}
2023-02-22 05:16:05.149 [error] {"message":"Git error","stdout":"","stderr":"fatal: pathspec '/home/ubuntu/web/3.pybo/PowerCat/arhive/1220/pybo/lib64/python3.8/site-packages/django/contrib/admin/sites.py' is beyond a symbolic link\n","exitCode":128}
2023-02-22 05:16:05.833 [error] {"message":"Git error","stdout":"","stderr":"fatal: pathspec '/home/ubuntu/web/3.pybo/PowerCat/arhive/1220/pybo/lib64/python3.8/site-packages/django/contrib/admin/templates/admin/app_index.html' is beyond a symbolic link\n","exitCode":128}
2023-02-22 05:16:05.833 [error] {"message":"Git error","stdout":"","stderr":"fatal: pathspec '/home/ubuntu/web/3.pybo/PowerCat/arhive/1220/pybo/lib64/python3.8/site-packages/django/contrib/admin/templates/admin/app_index.html' is beyond a symbolic link\n","exitCode":128}
2023-02-22 05:16:05.833 [error] {"message":"Git error","stdout":"","stderr":"fatal: pathspec '/home/ubuntu/web/3.pybo/PowerCat/arhive/1220/pybo/lib64/python3.8/site-packages/django/contrib/admin/templates/admin/app_index.html' is beyond a symbolic link\n","exitCode":128}
2023-02-22 05:16:05.833 [error] {"message":"Git error","stdout":"","stderr":"fatal: pathspec '/home/ubuntu/web/3.pybo/PowerCat/arhive/1220/pybo/lib64/python3.8/site-packages/django/contrib/admin/templates/admin/app_index.html' is beyond a symbolic link\n","exitCode":128}
2023-02-22 05:16:06.149 [error] {"message":"Git error","stdout":"","stderr":"fatal: pathspec '/home/ubuntu/web/3.pybo/PowerCat/arhive/1220/pybo/lib64/python3.8/site-packages/django/contrib/admin/sites.py' is beyond a symbolic link\n","exitCode":128}
2023-02-22 05:16:06.149 [error] {"message":"Git error","stdout":"","stderr":"fatal: pathspec '/home/ubuntu/web/3.pybo/PowerCat/arhive/1220/pybo/lib64/python3.8/site-packages/django/contrib/admin/sites.py' is beyond a symbolic link\n","exitCode":128}
2023-02-22 05:16:06.149 [error] {"message":"Git error","stdout":"","stderr":"fatal: pathspec '/home/ubuntu/web/3.pybo/PowerCat/arhive/1220/pybo/lib64/python3.8/site-packages/django/contrib/admin/sites.py' is beyond a symbolic link\n","exitCode":128}
2023-02-22 05:16:06.149 [error] {"message":"Git error","stdout":"","stderr":"fatal: pathspec '/home/ubuntu/web/3.pybo/PowerCat/arhive/1220/pybo/lib64/python3.8/site-packages/django/contrib/admin/sites.py' is beyond a symbolic link\n","exitCode":128}
2023-02-22 05:16:06.149 [error] {"message":"Git error","stdout":"","stderr":"fatal: pathspec '/home/ubuntu/web/3.pybo/PowerCat/arhive/1220/pybo/lib64/python3.8/site-packages/django/contrib/admin/sites.py' is beyond a symbolic link\n","exitCode":128}
2023-02-22 05:16:06.149 [error] {"message":"Git error","stdout":"","stderr":"fatal: pathspec '/home/ubuntu/web/3.pybo/PowerCat/arhive/1220/pybo/lib64/python3.8/site-packages/django/contrib/admin/sites.py' is beyond a symbolic link\n","exitCode":128}
2023-02-22 05:16:06.150 [error] {"message":"Git error","stdout":"","stderr":"fatal: pathspec '/home/ubuntu/web/3.pybo/PowerCat/arhive/1220/pybo/lib64/python3.8/site-packages/django/contrib/admin/sites.py' is beyond a symbolic link\n","exitCode":128}
2023-02-22 05:16:06.150 [error] {"message":"Git error","stdout":"","stderr":"fatal: pathspec '/home/ubuntu/web/3.pybo/PowerCat/arhive/1220/pybo/lib64/python3.8/site-packages/django/contrib/admin/sites.py' is beyond a symbolic link\n","exitCode":128}
2023-02-22 05:16:06.150 [error] {"message":"Git error","stdout":"","stderr":"fatal: pathspec '/home/ubuntu/web/3.pybo/PowerCat/arhive/1220/pybo/lib64/python3.8/site-packages/django/contrib/admin/sites.py' is beyond a symbolic link\n","exitCode":128}
2023-02-22 05:16:06.150 [error] {"message":"Git error","stdout":"","stderr":"fatal: pathspec '/home/ubuntu/web/3.pybo/PowerCat/arhive/1220/pybo/lib64/python3.8/site-packages/django/contrib/admin/sites.py' is beyond a symbolic link\n","exitCode":128}
2023-02-22 05:16:06.150 [error] {"message":"Git error","stdout":"","stderr":"fatal: pathspec '/home/ubuntu/web/3.pybo/PowerCat/arhive/1220/pybo/lib64/python3.8/site-packages/django/contrib/admin/sites.py' is beyond a symbolic link\n","exitCode":128}
2023-02-22 05:16:06.150 [error] {"message":"Git error","stdout":"","stderr":"fatal: pathspec '/home/ubuntu/web/3.pybo/PowerCat/arhive/1220/pybo/lib64/python3.8/site-packages/django/contrib/admin/sites.py' is beyond a symbolic link\n","exitCode":128}
2023-02-22 05:16:06.151 [error] {"message":"Git error","stdout":"","stderr":"fatal: pathspec '/home/ubuntu/web/3.pybo/PowerCat/arhive/1220/pybo/lib64/python3.8/site-packages/django/contrib/admin/sites.py' is beyond a symbolic link\n","exitCode":128}
2023-02-22 05:16:06.151 [error] {"message":"Git error","stdout":"","stderr":"fatal: pathspec '/home/ubuntu/web/3.pybo/PowerCat/arhive/1220/pybo/lib64/python3.8/site-packages/django/contrib/admin/sites.py' is beyond a symbolic link\n","exitCode":128}
2023-02-22 05:16:06.151 [error] {"message":"Git error","stdout":"","stderr":"fatal: pathspec '/home/ubuntu/web/3.pybo/PowerCat/arhive/1220/pybo/lib64/python3.8/site-packages/django/contrib/admin/sites.py' is beyond a symbolic link\n","exitCode":128}
2023-02-22 05:16:06.151 [error] {"message":"Git error","stdout":"","stderr":"fatal: pathspec '/home/ubuntu/web/3.pybo/PowerCat/arhive/1220/pybo/lib64/python3.8/site-packages/django/contrib/admin/sites.py' is beyond a symbolic link\n","exitCode":128}
2023-02-22 05:16:06.834 [error] {"message":"Git error","stdout":"","stderr":"fatal: pathspec '/home/ubuntu/web/3.pybo/PowerCat/arhive/1220/pybo/lib64/python3.8/site-packages/django/contrib/admin/templates/admin/app_index.html' is beyond a symbolic link\n","exitCode":128}
2023-02-22 05:16:06.834 [error] {"message":"Git error","stdout":"","stderr":"fatal: pathspec '/home/ubuntu/web/3.pybo/PowerCat/arhive/1220/pybo/lib64/python3.8/site-packages/django/contrib/admin/templates/admin/app_index.html' is beyond a symbolic link\n","exitCode":128}
2023-02-22 05:16:06.834 [error] {"message":"Git error","stdout":"","stderr":"fatal: pathspec '/home/ubuntu/web/3.pybo/PowerCat/arhive/1220/pybo/lib64/python3.8/site-packages/django/contrib/admin/templates/admin/app_index.html' is beyond a symbolic link\n","exitCode":128}
2023-02-22 05:16:06.835 [error] {"message":"Git error","stdout":"","stderr":"fatal: pathspec '/home/ubuntu/web/3.pybo/PowerCat/arhive/1220/pybo/lib64/python3.8/site-packages/django/contrib/admin/templates/admin/app_index.html' is beyond a symbolic link\n","exitCode":128}
2023-02-22 05:16:57.185 [error] {"message":"Git error","stdout":"","stderr":"fatal: pathspec '/home/ubuntu/web/3.pybo/PowerCat/arhive/1220/pybo/lib64/python3.8/site-packages/django/contrib/gis/db/backends/base/features.py' is beyond a symbolic link\n","exitCode":128}
2023-02-22 05:16:57.185 [error] {"message":"Git error","stdout":"","stderr":"fatal: pathspec '/home/ubuntu/web/3.pybo/PowerCat/arhive/1220/pybo/lib64/python3.8/site-packages/django/contrib/gis/db/backends/base/features.py' is beyond a symbolic link\n","exitCode":128}
2023-02-22 05:16:57.185 [error] {"message":"Git error","stdout":"","stderr":"fatal: pathspec '/home/ubuntu/web/3.pybo/PowerCat/arhive/1220/pybo/lib64/python3.8/site-packages/django/contrib/gis/db/backends/base/features.py' is beyond a symbolic link\n","exitCode":128}
2023-02-22 05:16:57.185 [error] {"message":"Git error","stdout":"","stderr":"fatal: pathspec '/home/ubuntu/web/3.pybo/PowerCat/arhive/1220/pybo/lib64/python3.8/site-packages/django/contrib/gis/db/backends/base/features.py' is beyond a symbolic link\n","exitCode":128}
2023-02-22 05:16:57.185 [error] {"message":"Git error","stdout":"","stderr":"fatal: pathspec '/home/ubuntu/web/3.pybo/PowerCat/arhive/1220/pybo/lib64/python3.8/site-packages/django/contrib/gis/db/backends/base/features.py' is beyond a symbolic link\n","exitCode":128}
2023-02-22 05:16:58.186 [error] {"message":"Git error","stdout":"","stderr":"fatal: pathspec '/home/ubuntu/web/3.pybo/PowerCat/arhive/1220/pybo/lib64/python3.8/site-packages/django/contrib/gis/db/backends/base/features.py' is beyond a symbolic link\n","exitCode":128}
2023-02-22 05:16:58.187 [error] {"message":"Git error","stdout":"","stderr":"fatal: pathspec '/home/ubuntu/web/3.pybo/PowerCat/arhive/1220/pybo/lib64/python3.8/site-packages/django/contrib/gis/db/backends/base/features.py' is beyond a symbolic link\n","exitCode":128}
2023-02-22 05:16:58.187 [error] {"message":"Git error","stdout":"","stderr":"fatal: pathspec '/home/ubuntu/web/3.pybo/PowerCat/arhive/1220/pybo/lib64/python3.8/site-packages/django/contrib/gis/db/backends/base/features.py' is beyond a symbolic link\n","exitCode":128}
2023-02-22 05:16:58.187 [error] {"message":"Git error","stdout":"","stderr":"fatal: pathspec '/home/ubuntu/web/3.pybo/PowerCat/arhive/1220/pybo/lib64/python3.8/site-packages/django/contrib/gis/db/backends/base/features.py' is beyond a symbolic link\n","exitCode":128}
2023-02-22 05:16:58.187 [error] {"message":"Git error","stdout":"","stderr":"fatal: pathspec '/home/ubuntu/web/3.pybo/PowerCat/arhive/1220/pybo/lib64/python3.8/site-packages/django/contrib/gis/db/backends/base/features.py' is beyond a symbolic link\n","exitCode":128}
2023-02-22 05:17:08.279 [error] {"message":"Git error","stdout":"","stderr":"fatal: pathspec '/home/ubuntu/web/3.pybo/PowerCat/arhive/1220/pybo/lib64/python3.8' is beyond a symbolic link\n","exitCode":128}
2023-02-22 05:17:08.279 [error] {"message":"Git error","stdout":"","stderr":"fatal: pathspec '/home/ubuntu/web/3.pybo/PowerCat/arhive/1220/pybo/lib64/python3.8' is beyond a symbolic link\n","exitCode":128}
2023-02-22 05:17:08.279 [error] {"message":"Git error","stdout":"","stderr":"fatal: pathspec '/home/ubuntu/web/3.pybo/PowerCat/arhive/1220/pybo/lib64/python3.8' is beyond a symbolic link\n","exitCode":128}
2023-02-22 05:17:08.279 [error] {"message":"Git error","stdout":"","stderr":"fatal: pathspec '/home/ubuntu/web/3.pybo/PowerCat/arhive/1220/pybo/lib64/python3.8' is beyond a symbolic link\n","exitCode":128}
2023-02-22 05:17:08.279 [error] {"message":"Git error","stdout":"","stderr":"fatal: pathspec '/home/ubuntu/web/3.pybo/PowerCat/arhive/1220/pybo/lib64/python3.8' is beyond a symbolic link\n","exitCode":128}
2023-02-22 05:17:08.279 [error] {"message":"Git error","stdout":"","stderr":"fatal: pathspec '/home/ubuntu/web/3.pybo/PowerCat/arhive/1220/pybo/lib64/python3.8' is beyond a symbolic link\n","exitCode":128}
2023-02-22 05:17:08.279 [error] {"message":"Git error","stdout":"","stderr":"fatal: pathspec '/home/ubuntu/web/3.pybo/PowerCat/arhive/1220/pybo/lib64/python3.8' is beyond a symbolic link\n","exitCode":128}
2023-02-22 05:17:08.279 [error] {"message":"Git error","stdout":"","stderr":"fatal: pathspec '/home/ubuntu/web/3.pybo/PowerCat/arhive/1220/pybo/lib64/python3.8' is beyond a symbolic link\n","exitCode":128}
2023-02-22 05:17:08.279 [error] {"message":"Git error","stdout":"","stderr":"fatal: pathspec '/home/ubuntu/web/3.pybo/PowerCat/arhive/1220/pybo/lib64/python3.8' is beyond a symbolic link\n","exitCode":128}
2023-02-22 05:17:08.279 [error] {"message":"Git error","stdout":"","stderr":"fatal: pathspec '/home/ubuntu/web/3.pybo/PowerCat/arhive/1220/pybo/lib64/python3.8' is beyond a symbolic link\n","exitCode":128}
2023-02-22 05:17:09.280 [error] {"message":"Git error","stdout":"","stderr":"fatal: pathspec '/home/ubuntu/web/3.pybo/PowerCat/arhive/1220/pybo/lib64/python3.8' is beyond a symbolic link\n","exitCode":128}
2023-02-22 05:17:09.280 [error] {"message":"Git error","stdout":"","stderr":"fatal: pathspec '/home/ubuntu/web/3.pybo/PowerCat/arhive/1220/pybo/lib64/python3.8' is beyond a symbolic link\n","exitCode":128}
2023-02-22 05:17:09.280 [error] {"message":"Git error","stdout":"","stderr":"fatal: pathspec '/home/ubuntu/web/3.pybo/PowerCat/arhive/1220/pybo/lib64/python3.8' is beyond a symbolic link\n","exitCode":128}
2023-02-22 05:17:09.281 [error] {"message":"Git error","stdout":"","stderr":"fatal: pathspec '/home/ubuntu/web/3.pybo/PowerCat/arhive/1220/pybo/lib64/python3.8' is beyond a symbolic link\n","exitCode":128}
2023-02-22 05:17:09.281 [error] {"message":"Git error","stdout":"","stderr":"fatal: pathspec '/home/ubuntu/web/3.pybo/PowerCat/arhive/1220/pybo/lib64/python3.8' is beyond a symbolic link\n","exitCode":128}
2023-02-22 05:17:09.281 [error] {"message":"Git error","stdout":"","stderr":"fatal: pathspec '/home/ubuntu/web/3.pybo/PowerCat/arhive/1220/pybo/lib64/python3.8' is beyond a symbolic link\n","exitCode":128}
2023-02-22 05:17:09.281 [error] {"message":"Git error","stdout":"","stderr":"fatal: pathspec '/home/ubuntu/web/3.pybo/PowerCat/arhive/1220/pybo/lib64/python3.8' is beyond a symbolic link\n","exitCode":128}
2023-02-22 05:17:09.281 [error] {"message":"Git error","stdout":"","stderr":"fatal: pathspec '/home/ubuntu/web/3.pybo/PowerCat/arhive/1220/pybo/lib64/python3.8' is beyond a symbolic link\n","exitCode":128}
2023-02-22 05:17:09.281 [error] {"message":"Git error","stdout":"","stderr":"fatal: pathspec '/home/ubuntu/web/3.pybo/PowerCat/arhive/1220/pybo/lib64/python3.8' is beyond a symbolic link\n","exitCode":128}
2023-02-22 05:17:09.281 [error] {"message":"Git error","stdout":"","stderr":"fatal: pathspec '/home/ubuntu/web/3.pybo/PowerCat/arhive/1220/pybo/lib64/python3.8' is beyond a symbolic link\n","exitCode":128}
2023-02-22 05:17:13.586 [error] {"message":"Git error","stdout":"","stderr":"fatal: pathspec '/home/ubuntu/web/3.pybo/PowerCat/arhive/1220/pybo/lib64/python3.8/site-packages/pip/_internal/locations/_distutils.py' is beyond a symbolic link\n","exitCode":128}
2023-02-22 05:17:14.587 [error] {"message":"Git error","stdout":"","stderr":"fatal: pathspec '/home/ubuntu/web/3.pybo/PowerCat/arhive/1220/pybo/lib64/python3.8/site-packages/pip/_internal/locations/_distutils.py' is beyond a symbolic link\n","exitCode":128}
2023-02-22 05:17:19.994 [error] {"message":"Git error","stdout":"","stderr":"fatal: pathspec '/home/ubuntu/web/3.pybo/PowerCat/arhive/1220/pybo/lib64/python3.8/site-packages/__pycache__' is beyond a symbolic link\n","exitCode":128}
2023-02-22 05:17:19.994 [error] {"message":"Git error","stdout":"","stderr":"fatal: pathspec '/home/ubuntu/web/3.pybo/PowerCat/arhive/1220/pybo/lib64/python3.8/site-packages/__pycache__' is beyond a symbolic link\n","exitCode":128}
2023-02-22 05:17:19.994 [error] {"message":"Git error","stdout":"","stderr":"fatal: pathspec '/home/ubuntu/web/3.pybo/PowerCat/arhive/1220/pybo/lib64/python3.8/site-packages/__pycache__' is beyond a symbolic link\n","exitCode":128}
2023-02-22 05:17:19.994 [error] {"message":"Git error","stdout":"","stderr":"fatal: pathspec '/home/ubuntu/web/3.pybo/PowerCat/arhive/1220/pybo/lib64/python3.8/site-packages/__pycache__' is beyond a symbolic link\n","exitCode":128}
2023-02-22 05:17:19.994 [error] {"message":"Git error","stdout":"","stderr":"fatal: pathspec '/home/ubuntu/web/3.pybo/PowerCat/arhive/1220/pybo/lib64/python3.8/site-packages/__pycache__' is beyond a symbolic link\n","exitCode":128}
2023-02-22 05:17:19.994 [error] {"message":"Git error","stdout":"","stderr":"fatal: pathspec '/home/ubuntu/web/3.pybo/PowerCat/arhive/1220/pybo/lib64/python3.8/site-packages/__pycache__' is beyond a symbolic link\n","exitCode":128}
2023-02-22 05:17:19.994 [error] {"message":"Git error","stdout":"","stderr":"fatal: pathspec '/home/ubuntu/web/3.pybo/PowerCat/arhive/1220/pybo/lib64/python3.8/site-packages/__pycache__' is beyond a symbolic link\n","exitCode":128}
2023-02-22 05:17:19.994 [error] {"message":"Git error","stdout":"","stderr":"fatal: pathspec '/home/ubuntu/web/3.pybo/PowerCat/arhive/1220/pybo/lib64/python3.8/site-packages/__pycache__' is beyond a symbolic link\n","exitCode":128}
2023-02-22 05:17:19.994 [error] {"message":"Git error","stdout":"","stderr":"fatal: pathspec '/home/ubuntu/web/3.pybo/PowerCat/arhive/1220/pybo/lib64/python3.8/site-packages/__pycache__' is beyond a symbolic link\n","exitCode":128}
2023-02-22 05:17:19.994 [error] {"message":"Git error","stdout":"","stderr":"fatal: pathspec '/home/ubuntu/web/3.pybo/PowerCat/arhive/1220/pybo/lib64/python3.8/site-packages/__pycache__' is beyond a symbolic link\n","exitCode":128}
2023-02-22 05:17:19.994 [error] {"message":"Git error","stdout":"","stderr":"fatal: pathspec '/home/ubuntu/web/3.pybo/PowerCat/arhive/1220/pybo/lib64/python3.8/site-packages/__pycache__' is beyond a symbolic link\n","exitCode":128}
2023-02-22 05:17:19.994 [error] {"message":"Git error","stdout":"","stderr":"fatal: pathspec '/home/ubuntu/web/3.pybo/PowerCat/arhive/1220/pybo/lib64/python3.8/site-packages/__pycache__' is beyond a symbolic link\n","exitCode":128}
2023-02-22 05:17:19.994 [error] {"message":"Git error","stdout":"","stderr":"fatal: pathspec '/home/ubuntu/web/3.pybo/PowerCat/arhive/1220/pybo/lib64/python3.8/site-packages/__pycache__' is beyond a symbolic link\n","exitCode":128}
2023-02-22 05:17:19.994 [error] {"message":"Git error","stdout":"","stderr":"fatal: pathspec '/home/ubuntu/web/3.pybo/PowerCat/arhive/1220/pybo/lib64/python3.8/site-packages/__pycache__' is beyond a symbolic link\n","exitCode":128}
2023-02-22 05:17:19.994 [error] {"message":"Git error","stdout":"","stderr":"fatal: pathspec '/home/ubuntu/web/3.pybo/PowerCat/arhive/1220/pybo/lib64/python3.8/site-packages/__pycache__' is beyond a symbolic link\n","exitCode":128}
2023-02-22 05:17:19.994 [error] {"message":"Git error","stdout":"","stderr":"fatal: pathspec '/home/ubuntu/web/3.pybo/PowerCat/arhive/1220/pybo/lib64/python3.8/site-packages/__pycache__' is beyond a symbolic link\n","exitCode":128}
2023-02-22 05:17:19.994 [error] {"message":"Git error","stdout":"","stderr":"fatal: pathspec '/home/ubuntu/web/3.pybo/PowerCat/arhive/1220/pybo/lib64/python3.8/site-packages/__pycache__' is beyond a symbolic link\n","exitCode":128}
2023-02-22 05:17:19.994 [error] {"message":"Git error","stdout":"","stderr":"fatal: pathspec '/home/ubuntu/web/3.pybo/PowerCat/arhive/1220/pybo/lib64/python3.8/site-packages/__pycache__' is beyond a symbolic link\n","exitCode":128}
2023-02-22 05:17:19.994 [error] {"message":"Git error","stdout":"","stderr":"fatal: pathspec '/home/ubuntu/web/3.pybo/PowerCat/arhive/1220/pybo/lib64/python3.8/site-packages/__pycache__' is beyond a symbolic link\n","exitCode":128}
2023-02-22 05:17:19.994 [error] {"message":"Git error","stdout":"","stderr":"fatal: pathspec '/home/ubuntu/web/3.pybo/PowerCat/arhive/1220/pybo/lib64/python3.8/site-packages/__pycache__' is beyond a symbolic link\n","exitCode":128}
2023-02-22 05:17:19.994 [error] {"message":"Git error","stdout":"","stderr":"fatal: pathspec '/home/ubuntu/web/3.pybo/PowerCat/arhive/1220/pybo/lib64/python3.8/site-packages/__pycache__' is beyond a symbolic link\n","exitCode":128}
2023-02-22 05:17:19.994 [error] {"message":"Git error","stdout":"","stderr":"fatal: pathspec '/home/ubuntu/web/3.pybo/PowerCat/arhive/1220/pybo/lib64/python3.8/site-packages/__pycache__' is beyond a symbolic link\n","exitCode":128}
2023-02-22 05:17:19.994 [error] {"message":"Git error","stdout":"","stderr":"fatal: pathspec '/home/ubuntu/web/3.pybo/PowerCat/arhive/1220/pybo/lib64/python3.8/site-packages/__pycache__' is beyond a symbolic link\n","exitCode":128}
2023-02-22 05:17:19.994 [error] {"message":"Git error","stdout":"","stderr":"fatal: pathspec '/home/ubuntu/web/3.pybo/PowerCat/arhive/1220/pybo/lib64/python3.8/site-packages/__pycache__' is beyond a symbolic link\n","exitCode":128}
2023-02-22 05:17:19.994 [error] {"message":"Git error","stdout":"","stderr":"fatal: pathspec '/home/ubuntu/web/3.pybo/PowerCat/arhive/1220/pybo/lib64/python3.8/site-packages/__pycache__' is beyond a symbolic link\n","exitCode":128}
2023-02-22 05:17:19.994 [error] {"message":"Git error","stdout":"","stderr":"fatal: pathspec '/home/ubuntu/web/3.pybo/PowerCat/arhive/1220/pybo/lib64/python3.8/site-packages/__pycache__' is beyond a symbolic link\n","exitCode":128}
2023-02-22 05:17:19.994 [error] {"message":"Git error","stdout":"","stderr":"fatal: pathspec '/home/ubuntu/web/3.pybo/PowerCat/arhive/1220/pybo/lib64/python3.8/site-packages/__pycache__' is beyond a symbolic link\n","exitCode":128}
2023-02-22 05:17:19.994 [error] {"message":"Git error","stdout":"","stderr":"fatal: pathspec '/home/ubuntu/web/3.pybo/PowerCat/arhive/1220/pybo/lib64/python3.8/site-packages/__pycache__' is beyond a symbolic link\n","exitCode":128}
2023-02-22 05:17:19.994 [error] {"message":"Git error","stdout":"","stderr":"fatal: pathspec '/home/ubuntu/web/3.pybo/PowerCat/arhive/1220/pybo/lib64/python3.8/site-packages/__pycache__' is beyond a symbolic link\n","exitCode":128}
2023-02-22 05:17:19.994 [error] {"message":"Git error","stdout":"","stderr":"fatal: pathspec '/home/ubuntu/web/3.pybo/PowerCat/arhive/1220/pybo/lib64/python3.8/site-packages/__pycache__' is beyond a symbolic link\n","exitCode":128}
2023-02-22 05:17:19.994 [error] {"message":"Git error","stdout":"","stderr":"fatal: pathspec '/home/ubuntu/web/3.pybo/PowerCat/arhive/1220/pybo/lib64/python3.8/site-packages/__pycache__' is beyond a symbolic link\n","exitCode":128}
2023-02-22 05:17:19.994 [error] {"message":"Git error","stdout":"","stderr":"fatal: pathspec '/home/ubuntu/web/3.pybo/PowerCat/arhive/1220/pybo/lib64/python3.8/site-packages/__pycache__' is beyond a symbolic link\n","exitCode":128}
2023-02-22 05:17:19.994 [error] {"message":"Git error","stdout":"","stderr":"fatal: pathspec '/home/ubuntu/web/3.pybo/PowerCat/arhive/1220/pybo/lib64/python3.8/site-packages/__pycache__' is beyond a symbolic link\n","exitCode":128}
2023-02-22 05:17:19.994 [error] {"message":"Git error","stdout":"","stderr":"fatal: pathspec '/home/ubuntu/web/3.pybo/PowerCat/arhive/1220/pybo/lib64/python3.8/site-packages/__pycache__' is beyond a symbolic link\n","exitCode":128}
2023-02-22 05:17:19.994 [error] {"message":"Git error","stdout":"","stderr":"fatal: pathspec '/home/ubuntu/web/3.pybo/PowerCat/arhive/1220/pybo/lib64/python3.8/site-packages/__pycache__' is beyond a symbolic link\n","exitCode":128}
2023-02-22 05:17:19.994 [error] {"message":"Git error","stdout":"","stderr":"fatal: pathspec '/home/ubuntu/web/3.pybo/PowerCat/arhive/1220/pybo/lib64/python3.8/site-packages/__pycache__' is beyond a symbolic link\n","exitCode":128}
2023-02-22 05:17:19.994 [error] {"message":"Git error","stdout":"","stderr":"fatal: pathspec '/home/ubuntu/web/3.pybo/PowerCat/arhive/1220/pybo/lib64/python3.8/site-packages/__pycache__' is beyond a symbolic link\n","exitCode":128}
2023-02-22 05:17:19.994 [error] {"message":"Git error","stdout":"","stderr":"fatal: pathspec '/home/ubuntu/web/3.pybo/PowerCat/arhive/1220/pybo/lib64/python3.8/site-packages/__pycache__' is beyond a symbolic link\n","exitCode":128}
2023-02-22 05:17:19.994 [error] {"message":"Git error","stdout":"","stderr":"fatal: pathspec '/home/ubuntu/web/3.pybo/PowerCat/arhive/1220/pybo/lib64/python3.8/site-packages/__pycache__' is beyond a symbolic link\n","exitCode":128}
2023-02-22 05:17:19.994 [error] {"message":"Git error","stdout":"","stderr":"fatal: pathspec '/home/ubuntu/web/3.pybo/PowerCat/arhive/1220/pybo/lib64/python3.8/site-packages/__pycache__' is beyond a symbolic link\n","exitCode":128}
2023-02-22 05:17:19.994 [error] {"message":"Git error","stdout":"","stderr":"fatal: pathspec '/home/ubuntu/web/3.pybo/PowerCat/arhive/1220/pybo/lib64/python3.8/site-packages/__pycache__' is beyond a symbolic link\n","exitCode":128}
2023-02-22 05:17:19.994 [error] {"message":"Git error","stdout":"","stderr":"fatal: pathspec '/home/ubuntu/web/3.pybo/PowerCat/arhive/1220/pybo/lib64/python3.8/site-packages/__pycache__' is beyond a symbolic link\n","exitCode":128}
2023-02-22 05:17:19.994 [error] {"message":"Git error","stdout":"","stderr":"fatal: pathspec '/home/ubuntu/web/3.pybo/PowerCat/arhive/1220/pybo/lib64/python3.8/site-packages/__pycache__' is beyond a symbolic link\n","exitCode":128}
2023-02-22 05:17:19.994 [error] {"message":"Git error","stdout":"","stderr":"fatal: pathspec '/home/ubuntu/web/3.pybo/PowerCat/arhive/1220/pybo/lib64/python3.8/site-packages/__pycache__' is beyond a symbolic link\n","exitCode":128}
2023-02-22 05:17:19.994 [error] {"message":"Git error","stdout":"","stderr":"fatal: pathspec '/home/ubuntu/web/3.pybo/PowerCat/arhive/1220/pybo/lib64/python3.8/site-packages/__pycache__' is beyond a symbolic link\n","exitCode":128}
2023-02-22 05:17:19.994 [error] {"message":"Git error","stdout":"","stderr":"fatal: pathspec '/home/ubuntu/web/3.pybo/PowerCat/arhive/1220/pybo/lib64/python3.8/site-packages/__pycache__' is beyond a symbolic link\n","exitCode":128}
2023-02-22 05:17:19.994 [error] {"message":"Git error","stdout":"","stderr":"fatal: pathspec '/home/ubuntu/web/3.pybo/PowerCat/arhive/1220/pybo/lib64/python3.8/site-packages/__pycache__' is beyond a symbolic link\n","exitCode":128}
2023-02-22 05:17:19.994 [error] {"message":"Git error","stdout":"","stderr":"fatal: pathspec '/home/ubuntu/web/3.pybo/PowerCat/arhive/1220/pybo/lib64/python3.8/site-packages/__pycache__' is beyond a symbolic link\n","exitCode":128}
2023-02-22 05:17:19.994 [error] {"message":"Git error","stdout":"","stderr":"fatal: pathspec '/home/ubuntu/web/3.pybo/PowerCat/arhive/1220/pybo/lib64/python3.8/site-packages/__pycache__' is beyond a symbolic link\n","exitCode":128}
2023-02-22 05:17:19.994 [error] {"message":"Git error","stdout":"","stderr":"fatal: pathspec '/home/ubuntu/web/3.pybo/PowerCat/arhive/1220/pybo/lib64/python3.8/site-packages/__pycache__' is beyond a symbolic link\n","exitCode":128}
2023-02-22 05:17:19.994 [error] {"message":"Git error","stdout":"","stderr":"fatal: pathspec '/home/ubuntu/web/3.pybo/PowerCat/arhive/1220/pybo/lib64/python3.8/site-packages/__pycache__' is beyond a symbolic link\n","exitCode":128}
2023-02-22 05:17:19.994 [error] {"message":"Git error","stdout":"","stderr":"fatal: pathspec '/home/ubuntu/web/3.pybo/PowerCat/arhive/1220/pybo/lib64/python3.8/site-packages/__pycache__' is beyond a symbolic link\n","exitCode":128}
2023-02-22 05:17:19.994 [error] {"message":"Git error","stdout":"","stderr":"fatal: pathspec '/home/ubuntu/web/3.pybo/PowerCat/arhive/1220/pybo/lib64/python3.8/site-packages/__pycache__' is beyond a symbolic link\n","exitCode":128}
2023-02-22 05:17:19.994 [error] {"message":"Git error","stdout":"","stderr":"fatal: pathspec '/home/ubuntu/web/3.pybo/PowerCat/arhive/1220/pybo/lib64/python3.8/site-packages/__pycache__' is beyond a symbolic link\n","exitCode":128}
2023-02-22 05:17:19.994 [error] {"message":"Git error","stdout":"","stderr":"fatal: pathspec '/home/ubuntu/web/3.pybo/PowerCat/arhive/1220/pybo/lib64/python3.8/site-packages/__pycache__' is beyond a symbolic link\n","exitCode":128}
2023-02-22 05:17:19.994 [error] {"message":"Git error","stdout":"","stderr":"fatal: pathspec '/home/ubuntu/web/3.pybo/PowerCat/arhive/1220/pybo/lib64/python3.8/site-packages/__pycache__' is beyond a symbolic link\n","exitCode":128}
2023-02-22 05:17:19.994 [error] {"message":"Git error","stdout":"","stderr":"fatal: pathspec '/home/ubuntu/web/3.pybo/PowerCat/arhive/1220/pybo/lib64/python3.8/site-packages/__pycache__' is beyond a symbolic link\n","exitCode":128}
2023-02-22 05:17:19.994 [error] {"message":"Git error","stdout":"","stderr":"fatal: pathspec '/home/ubuntu/web/3.pybo/PowerCat/arhive/1220/pybo/lib64/python3.8/site-packages/__pycache__' is beyond a symbolic link\n","exitCode":128}
2023-02-22 05:17:19.994 [error] {"message":"Git error","stdout":"","stderr":"fatal: pathspec '/home/ubuntu/web/3.pybo/PowerCat/arhive/1220/pybo/lib64/python3.8/site-packages/__pycache__' is beyond a symbolic link\n","exitCode":128}
2023-02-22 05:17:19.994 [error] {"message":"Git error","stdout":"","stderr":"fatal: pathspec '/home/ubuntu/web/3.pybo/PowerCat/arhive/1220/pybo/lib64/python3.8/site-packages/__pycache__' is beyond a symbolic link\n","exitCode":128}
2023-02-22 05:17:19.994 [error] {"message":"Git error","stdout":"","stderr":"fatal: pathspec '/home/ubuntu/web/3.pybo/PowerCat/arhive/1220/pybo/lib64/python3.8/site-packages/__pycache__' is beyond a symbolic link\n","exitCode":128}
2023-02-22 05:17:19.994 [error] {"message":"Git error","stdout":"","stderr":"fatal: pathspec '/home/ubuntu/web/3.pybo/PowerCat/arhive/1220/pybo/lib64/python3.8/site-packages/__pycache__' is beyond a symbolic link\n","exitCode":128}
2023-02-22 05:17:19.994 [error] {"message":"Git error","stdout":"","stderr":"fatal: pathspec '/home/ubuntu/web/3.pybo/PowerCat/arhive/1220/pybo/lib64/python3.8/site-packages/__pycache__' is beyond a symbolic link\n","exitCode":128}
2023-02-22 05:17:19.994 [error] {"message":"Git error","stdout":"","stderr":"fatal: pathspec '/home/ubuntu/web/3.pybo/PowerCat/arhive/1220/pybo/lib64/python3.8/site-packages/__pycache__' is beyond a symbolic link\n","exitCode":128}
2023-02-22 05:17:19.994 [error] {"message":"Git error","stdout":"","stderr":"fatal: pathspec '/home/ubuntu/web/3.pybo/PowerCat/arhive/1220/pybo/lib64/python3.8/site-packages/__pycache__' is beyond a symbolic link\n","exitCode":128}
2023-02-22 05:17:19.994 [error] {"message":"Git error","stdout":"","stderr":"fatal: pathspec '/home/ubuntu/web/3.pybo/PowerCat/arhive/1220/pybo/lib64/python3.8/site-packages/__pycache__' is beyond a symbolic link\n","exitCode":128}
2023-02-22 05:17:19.994 [error] {"message":"Git error","stdout":"","stderr":"fatal: pathspec '/home/ubuntu/web/3.pybo/PowerCat/arhive/1220/pybo/lib64/python3.8/site-packages/__pycache__' is beyond a symbolic link\n","exitCode":128}
2023-02-22 05:17:19.994 [error] {"message":"Git error","stdout":"","stderr":"fatal: pathspec '/home/ubuntu/web/3.pybo/PowerCat/arhive/1220/pybo/lib64/python3.8/site-packages/__pycache__' is beyond a symbolic link\n","exitCode":128}
2023-02-22 05:17:19.994 [error] {"message":"Git error","stdout":"","stderr":"fatal: pathspec '/home/ubuntu/web/3.pybo/PowerCat/arhive/1220/pybo/lib64/python3.8/site-packages/__pycache__' is beyond a symbolic link\n","exitCode":128}
2023-02-22 05:17:19.994 [error] {"message":"Git error","stdout":"","stderr":"fatal: pathspec '/home/ubuntu/web/3.pybo/PowerCat/arhive/1220/pybo/lib64/python3.8/site-packages/__pycache__' is beyond a symbolic link\n","exitCode":128}
2023-02-22 05:17:19.994 [error] {"message":"Git error","stdout":"","stderr":"fatal: pathspec '/home/ubuntu/web/3.pybo/PowerCat/arhive/1220/pybo/lib64/python3.8/site-packages/__pycache__' is beyond a symbolic link\n","exitCode":128}
2023-02-22 05:17:19.994 [error] {"message":"Git error","stdout":"","stderr":"fatal: pathspec '/home/ubuntu/web/3.pybo/PowerCat/arhive/1220/pybo/lib64/python3.8/site-packages/__pycache__' is beyond a symbolic link\n","exitCode":128}
2023-02-22 05:17:19.994 [error] {"message":"Git error","stdout":"","stderr":"fatal: pathspec '/home/ubuntu/web/3.pybo/PowerCat/arhive/1220/pybo/lib64/python3.8/site-packages/__pycache__' is beyond a symbolic link\n","exitCode":128}
2023-02-22 05:17:19.994 [error] {"message":"Git error","stdout":"","stderr":"fatal: pathspec '/home/ubuntu/web/3.pybo/PowerCat/arhive/1220/pybo/lib64/python3.8/site-packages/__pycache__' is beyond a symbolic link\n","exitCode":128}
2023-02-22 05:17:19.994 [error] {"message":"Git error","stdout":"","stderr":"fatal: pathspec '/home/ubuntu/web/3.pybo/PowerCat/arhive/1220/pybo/lib64/python3.8/site-packages/__pycache__' is beyond a symbolic link\n","exitCode":128}
2023-02-22 05:17:19.994 [error] {"message":"Git error","stdout":"","stderr":"fatal: pathspec '/home/ubuntu/web/3.pybo/PowerCat/arhive/1220/pybo/lib64/python3.8/site-packages/__pycache__' is beyond a symbolic link\n","exitCode":128}
2023-02-22 05:17:19.994 [error] {"message":"Git error","stdout":"","stderr":"fatal: pathspec '/home/ubuntu/web/3.pybo/PowerCat/arhive/1220/pybo/lib64/python3.8/site-packages/__pycache__' is beyond a symbolic link\n","exitCode":128}
2023-02-22 05:17:19.994 [error] {"message":"Git error","stdout":"","stderr":"fatal: pathspec '/home/ubuntu/web/3.pybo/PowerCat/arhive/1220/pybo/lib64/python3.8/site-packages/__pycache__' is beyond a symbolic link\n","exitCode":128}
2023-02-22 05:17:19.994 [error] {"message":"Git error","stdout":"","stderr":"fatal: pathspec '/home/ubuntu/web/3.pybo/PowerCat/arhive/1220/pybo/lib64/python3.8/site-packages/__pycache__' is beyond a symbolic link\n","exitCode":128}
2023-02-22 05:17:19.994 [error] {"message":"Git error","stdout":"","stderr":"fatal: pathspec '/home/ubuntu/web/3.pybo/PowerCat/arhive/1220/pybo/lib64/python3.8/site-packages/__pycache__' is beyond a symbolic link\n","exitCode":128}
2023-02-22 05:17:19.994 [error] {"message":"Git error","stdout":"","stderr":"fatal: pathspec '/home/ubuntu/web/3.pybo/PowerCat/arhive/1220/pybo/lib64/python3.8/site-packages/__pycache__' is beyond a symbolic link\n","exitCode":128}
2023-02-22 05:17:19.994 [error] {"message":"Git error","stdout":"","stderr":"fatal: pathspec '/home/ubuntu/web/3.pybo/PowerCat/arhive/1220/pybo/lib64/python3.8/site-packages/__pycache__' is beyond a symbolic link\n","exitCode":128}
2023-02-22 05:17:19.994 [error] {"message":"Git error","stdout":"","stderr":"fatal: pathspec '/home/ubuntu/web/3.pybo/PowerCat/arhive/1220/pybo/lib64/python3.8/site-packages/__pycache__' is beyond a symbolic link\n","exitCode":128}
2023-02-22 05:17:19.994 [error] {"message":"Git error","stdout":"","stderr":"fatal: pathspec '/home/ubuntu/web/3.pybo/PowerCat/arhive/1220/pybo/lib64/python3.8/site-packages/__pycache__' is beyond a symbolic link\n","exitCode":128}
2023-02-22 05:17:19.994 [error] {"message":"Git error","stdout":"","stderr":"fatal: pathspec '/home/ubuntu/web/3.pybo/PowerCat/arhive/1220/pybo/lib64/python3.8/site-packages/__pycache__' is beyond a symbolic link\n","exitCode":128}
2023-02-22 05:17:19.994 [error] {"message":"Git error","stdout":"","stderr":"fatal: pathspec '/home/ubuntu/web/3.pybo/PowerCat/arhive/1220/pybo/lib64/python3.8/site-packages/__pycache__' is beyond a symbolic link\n","exitCode":128}
2023-02-22 05:17:19.994 [error] {"message":"Git error","stdout":"","stderr":"fatal: pathspec '/home/ubuntu/web/3.pybo/PowerCat/arhive/1220/pybo/lib64/python3.8/site-packages/__pycache__' is beyond a symbolic link\n","exitCode":128}
2023-02-22 05:17:19.994 [error] {"message":"Git error","stdout":"","stderr":"fatal: pathspec '/home/ubuntu/web/3.pybo/PowerCat/arhive/1220/pybo/lib64/python3.8/site-packages/__pycache__' is beyond a symbolic link\n","exitCode":128}
2023-02-22 05:17:19.994 [error] {"message":"Git error","stdout":"","stderr":"fatal: pathspec '/home/ubuntu/web/3.pybo/PowerCat/arhive/1220/pybo/lib64/python3.8/site-packages/__pycache__' is beyond a symbolic link\n","exitCode":128}
2023-02-22 05:17:19.994 [error] {"message":"Git error","stdout":"","stderr":"fatal: pathspec '/home/ubuntu/web/3.pybo/PowerCat/arhive/1220/pybo/lib64/python3.8/site-packages/__pycache__' is beyond a symbolic link\n","exitCode":128}
2023-02-22 05:17:19.994 [error] {"message":"Git error","stdout":"","stderr":"fatal: pathspec '/home/ubuntu/web/3.pybo/PowerCat/arhive/1220/pybo/lib64/python3.8/site-packages/__pycache__' is beyond a symbolic link\n","exitCode":128}
2023-02-22 05:17:19.994 [error] {"message":"Git error","stdout":"","stderr":"fatal: pathspec '/home/ubuntu/web/3.pybo/PowerCat/arhive/1220/pybo/lib64/python3.8/site-packages/__pycache__' is beyond a symbolic link\n","exitCode":128}
2023-02-22 05:17:19.994 [error] {"message":"Git error","stdout":"","stderr":"fatal: pathspec '/home/ubuntu/web/3.pybo/PowerCat/arhive/1220/pybo/lib64/python3.8/site-packages/__pycache__' is beyond a symbolic link\n","exitCode":128}
2023-02-22 05:17:19.994 [error] {"message":"Git error","stdout":"","stderr":"fatal: pathspec '/home/ubuntu/web/3.pybo/PowerCat/arhive/1220/pybo/lib64/python3.8/site-packages/__pycache__' is beyond a symbolic link\n","exitCode":128}
2023-02-22 05:17:19.994 [error] {"message":"Git error","stdout":"","stderr":"fatal: pathspec '/home/ubuntu/web/3.pybo/PowerCat/arhive/1220/pybo/lib64/python3.8/site-packages/__pycache__' is beyond a symbolic link\n","exitCode":128}
2023-02-22 05:17:19.994 [error] {"message":"Git error","stdout":"","stderr":"fatal: pathspec '/home/ubuntu/web/3.pybo/PowerCat/arhive/1220/pybo/lib64/python3.8/site-packages/__pycache__' is beyond a symbolic link\n","exitCode":128}
2023-02-22 05:17:19.994 [error] {"message":"Git error","stdout":"","stderr":"fatal: pathspec '/home/ubuntu/web/3.pybo/PowerCat/arhive/1220/pybo/lib64/python3.8/site-packages/__pycache__' is beyond a symbolic link\n","exitCode":128}
2023-02-22 05:17:19.994 [error] {"message":"Git error","stdout":"","stderr":"fatal: pathspec '/home/ubuntu/web/3.pybo/PowerCat/arhive/1220/pybo/lib64/python3.8/site-packages/__pycache__' is beyond a symbolic link\n","exitCode":128}
2023-02-22 05:17:19.994 [error] {"message":"Git error","stdout":"","stderr":"fatal: pathspec '/home/ubuntu/web/3.pybo/PowerCat/arhive/1220/pybo/lib64/python3.8/site-packages/__pycache__' is beyond a symbolic link\n","exitCode":128}
2023-02-22 05:17:19.994 [error] {"message":"Git error","stdout":"","stderr":"fatal: pathspec '/home/ubuntu/web/3.pybo/PowerCat/arhive/1220/pybo/lib64/python3.8/site-packages/__pycache__' is beyond a symbolic link\n","exitCode":128}
2023-02-22 05:17:19.994 [error] {"message":"Git error","stdout":"","stderr":"fatal: pathspec '/home/ubuntu/web/3.pybo/PowerCat/arhive/1220/pybo/lib64/python3.8/site-packages/__pycache__' is beyond a symbolic link\n","exitCode":128}
2023-02-22 05:17:19.994 [error] {"message":"Git error","stdout":"","stderr":"fatal: pathspec '/home/ubuntu/web/3.pybo/PowerCat/arhive/1220/pybo/lib64/python3.8/site-packages/__pycache__' is beyond a symbolic link\n","exitCode":128}
2023-02-22 05:17:19.994 [error] {"message":"Git error","stdout":"","stderr":"fatal: pathspec '/home/ubuntu/web/3.pybo/PowerCat/arhive/1220/pybo/lib64/python3.8/site-packages/__pycache__' is beyond a symbolic link\n","exitCode":128}
2023-02-22 05:17:19.994 [error] {"message":"Git error","stdout":"","stderr":"fatal: pathspec '/home/ubuntu/web/3.pybo/PowerCat/arhive/1220/pybo/lib64/python3.8/site-packages/__pycache__' is beyond a symbolic link\n","exitCode":128}
2023-02-22 05:17:19.994 [error] {"message":"Git error","stdout":"","stderr":"fatal: pathspec '/home/ubuntu/web/3.pybo/PowerCat/arhive/1220/pybo/lib64/python3.8/site-packages/__pycache__' is beyond a symbolic link\n","exitCode":128}
2023-02-22 05:17:19.994 [error] {"message":"Git error","stdout":"","stderr":"fatal: pathspec '/home/ubuntu/web/3.pybo/PowerCat/arhive/1220/pybo/lib64/python3.8/site-packages/__pycache__' is beyond a symbolic link\n","exitCode":128}
2023-02-22 05:17:19.994 [error] {"message":"Git error","stdout":"","stderr":"fatal: pathspec '/home/ubuntu/web/3.pybo/PowerCat/arhive/1220/pybo/lib64/python3.8/site-packages/__pycache__' is beyond a symbolic link\n","exitCode":128}
2023-02-22 05:17:20.995 [error] {"message":"Git error","stdout":"","stderr":"fatal: pathspec '/home/ubuntu/web/3.pybo/PowerCat/arhive/1220/pybo/lib64/python3.8/site-packages/__pycache__' is beyond a symbolic link\n","exitCode":128}
2023-02-22 05:17:20.995 [error] {"message":"Git error","stdout":"","stderr":"fatal: pathspec '/home/ubuntu/web/3.pybo/PowerCat/arhive/1220/pybo/lib64/python3.8/site-packages/__pycache__' is beyond a symbolic link\n","exitCode":128}
2023-02-22 05:17:20.995 [error] {"message":"Git error","stdout":"","stderr":"fatal: pathspec '/home/ubuntu/web/3.pybo/PowerCat/arhive/1220/pybo/lib64/python3.8/site-packages/__pycache__' is beyond a symbolic link\n","exitCode":128}
2023-02-22 05:17:20.995 [error] {"message":"Git error","stdout":"","stderr":"fatal: pathspec '/home/ubuntu/web/3.pybo/PowerCat/arhive/1220/pybo/lib64/python3.8/site-packages/__pycache__' is beyond a symbolic link\n","exitCode":128}
2023-02-22 05:17:20.995 [error] {"message":"Git error","stdout":"","stderr":"fatal: pathspec '/home/ubuntu/web/3.pybo/PowerCat/arhive/1220/pybo/lib64/python3.8/site-packages/__pycache__' is beyond a symbolic link\n","exitCode":128}
2023-02-22 05:17:20.996 [error] {"message":"Git error","stdout":"","stderr":"fatal: pathspec '/home/ubuntu/web/3.pybo/PowerCat/arhive/1220/pybo/lib64/python3.8/site-packages/__pycache__' is beyond a symbolic link\n","exitCode":128}
2023-02-22 05:17:20.996 [error] {"message":"Git error","stdout":"","stderr":"fatal: pathspec '/home/ubuntu/web/3.pybo/PowerCat/arhive/1220/pybo/lib64/python3.8/site-packages/__pycache__' is beyond a symbolic link\n","exitCode":128}
2023-02-22 05:17:20.996 [error] {"message":"Git error","stdout":"","stderr":"fatal: pathspec '/home/ubuntu/web/3.pybo/PowerCat/arhive/1220/pybo/lib64/python3.8/site-packages/__pycache__' is beyond a symbolic link\n","exitCode":128}
2023-02-22 05:17:20.996 [error] {"message":"Git error","stdout":"","stderr":"fatal: pathspec '/home/ubuntu/web/3.pybo/PowerCat/arhive/1220/pybo/lib64/python3.8/site-packages/__pycache__' is beyond a symbolic link\n","exitCode":128}
2023-02-22 05:17:20.996 [error] {"message":"Git error","stdout":"","stderr":"fatal: pathspec '/home/ubuntu/web/3.pybo/PowerCat/arhive/1220/pybo/lib64/python3.8/site-packages/__pycache__' is beyond a symbolic link\n","exitCode":128}
2023-02-22 05:17:20.996 [error] {"message":"Git error","stdout":"","stderr":"fatal: pathspec '/home/ubuntu/web/3.pybo/PowerCat/arhive/1220/pybo/lib64/python3.8/site-packages/__pycache__' is beyond a symbolic link\n","exitCode":128}
2023-02-22 05:17:20.996 [error] {"message":"Git error","stdout":"","stderr":"fatal: pathspec '/home/ubuntu/web/3.pybo/PowerCat/arhive/1220/pybo/lib64/python3.8/site-packages/__pycache__' is beyond a symbolic link\n","exitCode":128}
2023-02-22 05:17:20.996 [error] {"message":"Git error","stdout":"","stderr":"fatal: pathspec '/home/ubuntu/web/3.pybo/PowerCat/arhive/1220/pybo/lib64/python3.8/site-packages/__pycache__' is beyond a symbolic link\n","exitCode":128}
2023-02-22 05:17:20.996 [error] {"message":"Git error","stdout":"","stderr":"fatal: pathspec '/home/ubuntu/web/3.pybo/PowerCat/arhive/1220/pybo/lib64/python3.8/site-packages/__pycache__' is beyond a symbolic link\n","exitCode":128}
2023-02-22 05:17:20.996 [error] {"message":"Git error","stdout":"","stderr":"fatal: pathspec '/home/ubuntu/web/3.pybo/PowerCat/arhive/1220/pybo/lib64/python3.8/site-packages/__pycache__' is beyond a symbolic link\n","exitCode":128}
2023-02-22 05:17:20.996 [error] {"message":"Git error","stdout":"","stderr":"fatal: pathspec '/home/ubuntu/web/3.pybo/PowerCat/arhive/1220/pybo/lib64/python3.8/site-packages/__pycache__' is beyond a symbolic link\n","exitCode":128}
2023-02-22 05:17:20.997 [error] {"message":"Git error","stdout":"","stderr":"fatal: pathspec '/home/ubuntu/web/3.pybo/PowerCat/arhive/1220/pybo/lib64/python3.8/site-packages/__pycache__' is beyond a symbolic link\n","exitCode":128}
2023-02-22 05:17:20.997 [error] {"message":"Git error","stdout":"","stderr":"fatal: pathspec '/home/ubuntu/web/3.pybo/PowerCat/arhive/1220/pybo/lib64/python3.8/site-packages/__pycache__' is beyond a symbolic link\n","exitCode":128}
2023-02-22 05:17:20.997 [error] {"message":"Git error","stdout":"","stderr":"fatal: pathspec '/home/ubuntu/web/3.pybo/PowerCat/arhive/1220/pybo/lib64/python3.8/site-packages/__pycache__' is beyond a symbolic link\n","exitCode":128}
2023-02-22 05:17:20.997 [error] {"message":"Git error","stdout":"","stderr":"fatal: pathspec '/home/ubuntu/web/3.pybo/PowerCat/arhive/1220/pybo/lib64/python3.8/site-packages/__pycache__' is beyond a symbolic link\n","exitCode":128}
2023-02-22 05:17:20.997 [error] {"message":"Git error","stdout":"","stderr":"fatal: pathspec '/home/ubuntu/web/3.pybo/PowerCat/arhive/1220/pybo/lib64/python3.8/site-packages/__pycache__' is beyond a symbolic link\n","exitCode":128}
2023-02-22 05:17:20.997 [error] {"message":"Git error","stdout":"","stderr":"fatal: pathspec '/home/ubuntu/web/3.pybo/PowerCat/arhive/1220/pybo/lib64/python3.8/site-packages/__pycache__' is beyond a symbolic link\n","exitCode":128}
2023-02-22 05:17:20.997 [error] {"message":"Git error","stdout":"","stderr":"fatal: pathspec '/home/ubuntu/web/3.pybo/PowerCat/arhive/1220/pybo/lib64/python3.8/site-packages/__pycache__' is beyond a symbolic link\n","exitCode":128}
2023-02-22 05:17:20.997 [error] {"message":"Git error","stdout":"","stderr":"fatal: pathspec '/home/ubuntu/web/3.pybo/PowerCat/arhive/1220/pybo/lib64/python3.8/site-packages/__pycache__' is beyond a symbolic link\n","exitCode":128}
2023-02-22 05:17:20.997 [error] {"message":"Git error","stdout":"","stderr":"fatal: pathspec '/home/ubuntu/web/3.pybo/PowerCat/arhive/1220/pybo/lib64/python3.8/site-packages/__pycache__' is beyond a symbolic link\n","exitCode":128}
2023-02-22 05:17:20.997 [error] {"message":"Git error","stdout":"","stderr":"fatal: pathspec '/home/ubuntu/web/3.pybo/PowerCat/arhive/1220/pybo/lib64/python3.8/site-packages/__pycache__' is beyond a symbolic link\n","exitCode":128}
2023-02-22 05:17:20.997 [error] {"message":"Git error","stdout":"","stderr":"fatal: pathspec '/home/ubuntu/web/3.pybo/PowerCat/arhive/1220/pybo/lib64/python3.8/site-packages/__pycache__' is beyond a symbolic link\n","exitCode":128}
2023-02-22 05:17:20.997 [error] {"message":"Git error","stdout":"","stderr":"fatal: pathspec '/home/ubuntu/web/3.pybo/PowerCat/arhive/1220/pybo/lib64/python3.8/site-packages/__pycache__' is beyond a symbolic link\n","exitCode":128}
2023-02-22 05:17:20.998 [error] {"message":"Git error","stdout":"","stderr":"fatal: pathspec '/home/ubuntu/web/3.pybo/PowerCat/arhive/1220/pybo/lib64/python3.8/site-packages/__pycache__' is beyond a symbolic link\n","exitCode":128}
2023-02-22 05:17:20.998 [error] {"message":"Git error","stdout":"","stderr":"fatal: pathspec '/home/ubuntu/web/3.pybo/PowerCat/arhive/1220/pybo/lib64/python3.8/site-packages/__pycache__' is beyond a symbolic link\n","exitCode":128}
2023-02-22 05:17:20.998 [error] {"message":"Git error","stdout":"","stderr":"fatal: pathspec '/home/ubuntu/web/3.pybo/PowerCat/arhive/1220/pybo/lib64/python3.8/site-packages/__pycache__' is beyond a symbolic link\n","exitCode":128}
2023-02-22 05:17:20.998 [error] {"message":"Git error","stdout":"","stderr":"fatal: pathspec '/home/ubuntu/web/3.pybo/PowerCat/arhive/1220/pybo/lib64/python3.8/site-packages/__pycache__' is beyond a symbolic link\n","exitCode":128}
2023-02-22 05:17:20.998 [error] {"message":"Git error","stdout":"","stderr":"fatal: pathspec '/home/ubuntu/web/3.pybo/PowerCat/arhive/1220/pybo/lib64/python3.8/site-packages/__pycache__' is beyond a symbolic link\n","exitCode":128}
2023-02-22 05:17:20.998 [error] {"message":"Git error","stdout":"","stderr":"fatal: pathspec '/home/ubuntu/web/3.pybo/PowerCat/arhive/1220/pybo/lib64/python3.8/site-packages/__pycache__' is beyond a symbolic link\n","exitCode":128}
2023-02-22 05:17:20.998 [error] {"message":"Git error","stdout":"","stderr":"fatal: pathspec '/home/ubuntu/web/3.pybo/PowerCat/arhive/1220/pybo/lib64/python3.8/site-packages/__pycache__' is beyond a symbolic link\n","exitCode":128}
2023-02-22 05:17:20.998 [error] {"message":"Git error","stdout":"","stderr":"fatal: pathspec '/home/ubuntu/web/3.pybo/PowerCat/arhive/1220/pybo/lib64/python3.8/site-packages/__pycache__' is beyond a symbolic link\n","exitCode":128}
2023-02-22 05:17:20.998 [error] {"message":"Git error","stdout":"","stderr":"fatal: pathspec '/home/ubuntu/web/3.pybo/PowerCat/arhive/1220/pybo/lib64/python3.8/site-packages/__pycache__' is beyond a symbolic link\n","exitCode":128}
2023-02-22 05:17:20.998 [error] {"message":"Git error","stdout":"","stderr":"fatal: pathspec '/home/ubuntu/web/3.pybo/PowerCat/arhive/1220/pybo/lib64/python3.8/site-packages/__pycache__' is beyond a symbolic link\n","exitCode":128}
2023-02-22 05:17:20.998 [error] {"message":"Git error","stdout":"","stderr":"fatal: pathspec '/home/ubuntu/web/3.pybo/PowerCat/arhive/1220/pybo/lib64/python3.8/site-packages/__pycache__' is beyond a symbolic link\n","exitCode":128}
2023-02-22 05:17:20.999 [error] {"message":"Git error","stdout":"","stderr":"fatal: pathspec '/home/ubuntu/web/3.pybo/PowerCat/arhive/1220/pybo/lib64/python3.8/site-packages/__pycache__' is beyond a symbolic link\n","exitCode":128}
2023-02-22 05:17:20.999 [error] {"message":"Git error","stdout":"","stderr":"fatal: pathspec '/home/ubuntu/web/3.pybo/PowerCat/arhive/1220/pybo/lib64/python3.8/site-packages/__pycache__' is beyond a symbolic link\n","exitCode":128}
2023-02-22 05:17:20.999 [error] {"message":"Git error","stdout":"","stderr":"fatal: pathspec '/home/ubuntu/web/3.pybo/PowerCat/arhive/1220/pybo/lib64/python3.8/site-packages/__pycache__' is beyond a symbolic link\n","exitCode":128}
2023-02-22 05:17:20.999 [error] {"message":"Git error","stdout":"","stderr":"fatal: pathspec '/home/ubuntu/web/3.pybo/PowerCat/arhive/1220/pybo/lib64/python3.8/site-packages/__pycache__' is beyond a symbolic link\n","exitCode":128}
2023-02-22 05:17:20.999 [error] {"message":"Git error","stdout":"","stderr":"fatal: pathspec '/home/ubuntu/web/3.pybo/PowerCat/arhive/1220/pybo/lib64/python3.8/site-packages/__pycache__' is beyond a symbolic link\n","exitCode":128}
2023-02-22 05:17:20.999 [error] {"message":"Git error","stdout":"","stderr":"fatal: pathspec '/home/ubuntu/web/3.pybo/PowerCat/arhive/1220/pybo/lib64/python3.8/site-packages/__pycache__' is beyond a symbolic link\n","exitCode":128}
2023-02-22 05:17:20.999 [error] {"message":"Git error","stdout":"","stderr":"fatal: pathspec '/home/ubuntu/web/3.pybo/PowerCat/arhive/1220/pybo/lib64/python3.8/site-packages/__pycache__' is beyond a symbolic link\n","exitCode":128}
2023-02-22 05:17:20.999 [error] {"message":"Git error","stdout":"","stderr":"fatal: pathspec '/home/ubuntu/web/3.pybo/PowerCat/arhive/1220/pybo/lib64/python3.8/site-packages/__pycache__' is beyond a symbolic link\n","exitCode":128}
2023-02-22 05:17:20.999 [error] {"message":"Git error","stdout":"","stderr":"fatal: pathspec '/home/ubuntu/web/3.pybo/PowerCat/arhive/1220/pybo/lib64/python3.8/site-packages/__pycache__' is beyond a symbolic link\n","exitCode":128}
2023-02-22 05:17:20.999 [error] {"message":"Git error","stdout":"","stderr":"fatal: pathspec '/home/ubuntu/web/3.pybo/PowerCat/arhive/1220/pybo/lib64/python3.8/site-packages/__pycache__' is beyond a symbolic link\n","exitCode":128}
2023-02-22 05:17:20.999 [error] {"message":"Git error","stdout":"","stderr":"fatal: pathspec '/home/ubuntu/web/3.pybo/PowerCat/arhive/1220/pybo/lib64/python3.8/site-packages/__pycache__' is beyond a symbolic link\n","exitCode":128}
2023-02-22 05:17:21.001 [error] {"message":"Git error","stdout":"","stderr":"fatal: pathspec '/home/ubuntu/web/3.pybo/PowerCat/arhive/1220/pybo/lib64/python3.8/site-packages/__pycache__' is beyond a symbolic link\n","exitCode":128}
2023-02-22 05:17:21.001 [error] {"message":"Git error","stdout":"","stderr":"fatal: pathspec '/home/ubuntu/web/3.pybo/PowerCat/arhive/1220/pybo/lib64/python3.8/site-packages/__pycache__' is beyond a symbolic link\n","exitCode":128}
2023-02-22 05:17:21.001 [error] {"message":"Git error","stdout":"","stderr":"fatal: pathspec '/home/ubuntu/web/3.pybo/PowerCat/arhive/1220/pybo/lib64/python3.8/site-packages/__pycache__' is beyond a symbolic link\n","exitCode":128}
2023-02-22 05:17:21.001 [error] {"message":"Git error","stdout":"","stderr":"fatal: pathspec '/home/ubuntu/web/3.pybo/PowerCat/arhive/1220/pybo/lib64/python3.8/site-packages/__pycache__' is beyond a symbolic link\n","exitCode":128}
2023-02-22 05:17:21.001 [error] {"message":"Git error","stdout":"","stderr":"fatal: pathspec '/home/ubuntu/web/3.pybo/PowerCat/arhive/1220/pybo/lib64/python3.8/site-packages/__pycache__' is beyond a symbolic link\n","exitCode":128}
2023-02-22 05:17:21.001 [error] {"message":"Git error","stdout":"","stderr":"fatal: pathspec '/home/ubuntu/web/3.pybo/PowerCat/arhive/1220/pybo/lib64/python3.8/site-packages/__pycache__' is beyond a symbolic link\n","exitCode":128}
2023-02-22 05:17:21.001 [error] {"message":"Git error","stdout":"","stderr":"fatal: pathspec '/home/ubuntu/web/3.pybo/PowerCat/arhive/1220/pybo/lib64/python3.8/site-packages/__pycache__' is beyond a symbolic link\n","exitCode":128}
2023-02-22 05:17:21.002 [error] {"message":"Git error","stdout":"","stderr":"fatal: pathspec '/home/ubuntu/web/3.pybo/PowerCat/arhive/1220/pybo/lib64/python3.8/site-packages/__pycache__' is beyond a symbolic link\n","exitCode":128}
2023-02-22 05:17:21.002 [error] {"message":"Git error","stdout":"","stderr":"fatal: pathspec '/home/ubuntu/web/3.pybo/PowerCat/arhive/1220/pybo/lib64/python3.8/site-packages/__pycache__' is beyond a symbolic link\n","exitCode":128}
2023-02-22 05:17:21.002 [error] {"message":"Git error","stdout":"","stderr":"fatal: pathspec '/home/ubuntu/web/3.pybo/PowerCat/arhive/1220/pybo/lib64/python3.8/site-packages/__pycache__' is beyond a symbolic link\n","exitCode":128}
2023-02-22 05:17:21.002 [error] {"message":"Git error","stdout":"","stderr":"fatal: pathspec '/home/ubuntu/web/3.pybo/PowerCat/arhive/1220/pybo/lib64/python3.8/site-packages/__pycache__' is beyond a symbolic link\n","exitCode":128}
2023-02-22 05:17:21.002 [error] {"message":"Git error","stdout":"","stderr":"fatal: pathspec '/home/ubuntu/web/3.pybo/PowerCat/arhive/1220/pybo/lib64/python3.8/site-packages/__pycache__' is beyond a symbolic link\n","exitCode":128}
2023-02-22 05:17:21.002 [error] {"message":"Git error","stdout":"","stderr":"fatal: pathspec '/home/ubuntu/web/3.pybo/PowerCat/arhive/1220/pybo/lib64/python3.8/site-packages/__pycache__' is beyond a symbolic link\n","exitCode":128}
2023-02-22 05:17:21.002 [error] {"message":"Git error","stdout":"","stderr":"fatal: pathspec '/home/ubuntu/web/3.pybo/PowerCat/arhive/1220/pybo/lib64/python3.8/site-packages/__pycache__' is beyond a symbolic link\n","exitCode":128}
2023-02-22 05:17:21.002 [error] {"message":"Git error","stdout":"","stderr":"fatal: pathspec '/home/ubuntu/web/3.pybo/PowerCat/arhive/1220/pybo/lib64/python3.8/site-packages/__pycache__' is beyond a symbolic link\n","exitCode":128}
2023-02-22 05:17:21.002 [error] {"message":"Git error","stdout":"","stderr":"fatal: pathspec '/home/ubuntu/web/3.pybo/PowerCat/arhive/1220/pybo/lib64/python3.8/site-packages/__pycache__' is beyond a symbolic link\n","exitCode":128}
2023-02-22 05:17:21.002 [error] {"message":"Git error","stdout":"","stderr":"fatal: pathspec '/home/ubuntu/web/3.pybo/PowerCat/arhive/1220/pybo/lib64/python3.8/site-packages/__pycache__' is beyond a symbolic link\n","exitCode":128}
2023-02-22 05:17:21.003 [error] {"message":"Git error","stdout":"","stderr":"fatal: pathspec '/home/ubuntu/web/3.pybo/PowerCat/arhive/1220/pybo/lib64/python3.8/site-packages/__pycache__' is beyond a symbolic link\n","exitCode":128}
2023-02-22 05:17:21.003 [error] {"message":"Git error","stdout":"","stderr":"fatal: pathspec '/home/ubuntu/web/3.pybo/PowerCat/arhive/1220/pybo/lib64/python3.8/site-packages/__pycache__' is beyond a symbolic link\n","exitCode":128}
2023-02-22 05:17:21.003 [error] {"message":"Git error","stdout":"","stderr":"fatal: pathspec '/home/ubuntu/web/3.pybo/PowerCat/arhive/1220/pybo/lib64/python3.8/site-packages/__pycache__' is beyond a symbolic link\n","exitCode":128}
2023-02-22 05:17:21.003 [error] {"message":"Git error","stdout":"","stderr":"fatal: pathspec '/home/ubuntu/web/3.pybo/PowerCat/arhive/1220/pybo/lib64/python3.8/site-packages/__pycache__' is beyond a symbolic link\n","exitCode":128}
2023-02-22 05:17:21.003 [error] {"message":"Git error","stdout":"","stderr":"fatal: pathspec '/home/ubuntu/web/3.pybo/PowerCat/arhive/1220/pybo/lib64/python3.8/site-packages/__pycache__' is beyond a symbolic link\n","exitCode":128}
2023-02-22 05:17:21.003 [error] {"message":"Git error","stdout":"","stderr":"fatal: pathspec '/home/ubuntu/web/3.pybo/PowerCat/arhive/1220/pybo/lib64/python3.8/site-packages/__pycache__' is beyond a symbolic link\n","exitCode":128}
2023-02-22 05:17:21.003 [error] {"message":"Git error","stdout":"","stderr":"fatal: pathspec '/home/ubuntu/web/3.pybo/PowerCat/arhive/1220/pybo/lib64/python3.8/site-packages/__pycache__' is beyond a symbolic link\n","exitCode":128}
2023-02-22 05:17:21.003 [error] {"message":"Git error","stdout":"","stderr":"fatal: pathspec '/home/ubuntu/web/3.pybo/PowerCat/arhive/1220/pybo/lib64/python3.8/site-packages/__pycache__' is beyond a symbolic link\n","exitCode":128}
2023-02-22 05:17:21.004 [error] {"message":"Git error","stdout":"","stderr":"fatal: pathspec '/home/ubuntu/web/3.pybo/PowerCat/arhive/1220/pybo/lib64/python3.8/site-packages/__pycache__' is beyond a symbolic link\n","exitCode":128}
2023-02-22 05:17:21.004 [error] {"message":"Git error","stdout":"","stderr":"fatal: pathspec '/home/ubuntu/web/3.pybo/PowerCat/arhive/1220/pybo/lib64/python3.8/site-packages/__pycache__' is beyond a symbolic link\n","exitCode":128}
2023-02-22 05:17:21.004 [error] {"message":"Git error","stdout":"","stderr":"fatal: pathspec '/home/ubuntu/web/3.pybo/PowerCat/arhive/1220/pybo/lib64/python3.8/site-packages/__pycache__' is beyond a symbolic link\n","exitCode":128}
2023-02-22 05:17:21.004 [error] {"message":"Git error","stdout":"","stderr":"fatal: pathspec '/home/ubuntu/web/3.pybo/PowerCat/arhive/1220/pybo/lib64/python3.8/site-packages/__pycache__' is beyond a symbolic link\n","exitCode":128}
2023-02-22 05:17:21.004 [error] {"message":"Git error","stdout":"","stderr":"fatal: pathspec '/home/ubuntu/web/3.pybo/PowerCat/arhive/1220/pybo/lib64/python3.8/site-packages/__pycache__' is beyond a symbolic link\n","exitCode":128}
2023-02-22 05:17:21.004 [error] {"message":"Git error","stdout":"","stderr":"fatal: pathspec '/home/ubuntu/web/3.pybo/PowerCat/arhive/1220/pybo/lib64/python3.8/site-packages/__pycache__' is beyond a symbolic link\n","exitCode":128}
2023-02-22 05:17:21.004 [error] {"message":"Git error","stdout":"","stderr":"fatal: pathspec '/home/ubuntu/web/3.pybo/PowerCat/arhive/1220/pybo/lib64/python3.8/site-packages/__pycache__' is beyond a symbolic link\n","exitCode":128}
2023-02-22 05:17:21.004 [error] {"message":"Git error","stdout":"","stderr":"fatal: pathspec '/home/ubuntu/web/3.pybo/PowerCat/arhive/1220/pybo/lib64/python3.8/site-packages/__pycache__' is beyond a symbolic link\n","exitCode":128}
2023-02-22 05:17:21.004 [error] {"message":"Git error","stdout":"","stderr":"fatal: pathspec '/home/ubuntu/web/3.pybo/PowerCat/arhive/1220/pybo/lib64/python3.8/site-packages/__pycache__' is beyond a symbolic link\n","exitCode":128}
2023-02-22 05:17:21.004 [error] {"message":"Git error","stdout":"","stderr":"fatal: pathspec '/home/ubuntu/web/3.pybo/PowerCat/arhive/1220/pybo/lib64/python3.8/site-packages/__pycache__' is beyond a symbolic link\n","exitCode":128}
2023-02-22 05:17:21.004 [error] {"message":"Git error","stdout":"","stderr":"fatal: pathspec '/home/ubuntu/web/3.pybo/PowerCat/arhive/1220/pybo/lib64/python3.8/site-packages/__pycache__' is beyond a symbolic link\n","exitCode":128}
2023-02-22 05:17:21.005 [error] {"message":"Git error","stdout":"","stderr":"fatal: pathspec '/home/ubuntu/web/3.pybo/PowerCat/arhive/1220/pybo/lib64/python3.8/site-packages/__pycache__' is beyond a symbolic link\n","exitCode":128}
2023-02-22 05:17:21.005 [error] {"message":"Git error","stdout":"","stderr":"fatal: pathspec '/home/ubuntu/web/3.pybo/PowerCat/arhive/1220/pybo/lib64/python3.8/site-packages/__pycache__' is beyond a symbolic link\n","exitCode":128}
2023-02-22 05:17:21.005 [error] {"message":"Git error","stdout":"","stderr":"fatal: pathspec '/home/ubuntu/web/3.pybo/PowerCat/arhive/1220/pybo/lib64/python3.8/site-packages/__pycache__' is beyond a symbolic link\n","exitCode":128}
2023-02-22 05:17:21.006 [error] {"message":"Git error","stdout":"","stderr":"fatal: pathspec '/home/ubuntu/web/3.pybo/PowerCat/arhive/1220/pybo/lib64/python3.8/site-packages/__pycache__' is beyond a symbolic link\n","exitCode":128}
2023-02-22 05:17:21.006 [error] {"message":"Git error","stdout":"","stderr":"fatal: pathspec '/home/ubuntu/web/3.pybo/PowerCat/arhive/1220/pybo/lib64/python3.8/site-packages/__pycache__' is beyond a symbolic link\n","exitCode":128}
2023-02-22 05:17:21.006 [error] {"message":"Git error","stdout":"","stderr":"fatal: pathspec '/home/ubuntu/web/3.pybo/PowerCat/arhive/1220/pybo/lib64/python3.8/site-packages/__pycache__' is beyond a symbolic link\n","exitCode":128}
2023-02-22 05:17:21.006 [error] {"message":"Git error","stdout":"","stderr":"fatal: pathspec '/home/ubuntu/web/3.pybo/PowerCat/arhive/1220/pybo/lib64/python3.8/site-packages/__pycache__' is beyond a symbolic link\n","exitCode":128}
2023-02-22 05:17:21.006 [error] {"message":"Git error","stdout":"","stderr":"fatal: pathspec '/home/ubuntu/web/3.pybo/PowerCat/arhive/1220/pybo/lib64/python3.8/site-packages/__pycache__' is beyond a symbolic link\n","exitCode":128}
2023-02-22 05:17:21.006 [error] {"message":"Git error","stdout":"","stderr":"fatal: pathspec '/home/ubuntu/web/3.pybo/PowerCat/arhive/1220/pybo/lib64/python3.8/site-packages/__pycache__' is beyond a symbolic link\n","exitCode":128}
2023-02-22 05:17:21.006 [error] {"message":"Git error","stdout":"","stderr":"fatal: pathspec '/home/ubuntu/web/3.pybo/PowerCat/arhive/1220/pybo/lib64/python3.8/site-packages/__pycache__' is beyond a symbolic link\n","exitCode":128}
2023-02-22 05:17:21.006 [error] {"message":"Git error","stdout":"","stderr":"fatal: pathspec '/home/ubuntu/web/3.pybo/PowerCat/arhive/1220/pybo/lib64/python3.8/site-packages/__pycache__' is beyond a symbolic link\n","exitCode":128}
2023-02-22 05:17:21.006 [error] {"message":"Git error","stdout":"","stderr":"fatal: pathspec '/home/ubuntu/web/3.pybo/PowerCat/arhive/1220/pybo/lib64/python3.8/site-packages/__pycache__' is beyond a symbolic link\n","exitCode":128}
2023-02-22 05:17:21.008 [error] {"message":"Git error","stdout":"","stderr":"fatal: pathspec '/home/ubuntu/web/3.pybo/PowerCat/arhive/1220/pybo/lib64/python3.8/site-packages/__pycache__' is beyond a symbolic link\n","exitCode":128}
2023-02-22 05:17:21.008 [error] {"message":"Git error","stdout":"","stderr":"fatal: pathspec '/home/ubuntu/web/3.pybo/PowerCat/arhive/1220/pybo/lib64/python3.8/site-packages/__pycache__' is beyond a symbolic link\n","exitCode":128}
2023-02-22 05:17:21.008 [error] {"message":"Git error","stdout":"","stderr":"fatal: pathspec '/home/ubuntu/web/3.pybo/PowerCat/arhive/1220/pybo/lib64/python3.8/site-packages/__pycache__' is beyond a symbolic link\n","exitCode":128}
2023-02-22 05:17:21.008 [error] {"message":"Git error","stdout":"","stderr":"fatal: pathspec '/home/ubuntu/web/3.pybo/PowerCat/arhive/1220/pybo/lib64/python3.8/site-packages/__pycache__' is beyond a symbolic link\n","exitCode":128}
2023-02-22 05:17:21.008 [error] {"message":"Git error","stdout":"","stderr":"fatal: pathspec '/home/ubuntu/web/3.pybo/PowerCat/arhive/1220/pybo/lib64/python3.8/site-packages/__pycache__' is beyond a symbolic link\n","exitCode":128}
2023-02-22 05:17:21.008 [error] {"message":"Git error","stdout":"","stderr":"fatal: pathspec '/home/ubuntu/web/3.pybo/PowerCat/arhive/1220/pybo/lib64/python3.8/site-packages/__pycache__' is beyond a symbolic link\n","exitCode":128}
2023-02-22 05:17:21.008 [error] {"message":"Git error","stdout":"","stderr":"fatal: pathspec '/home/ubuntu/web/3.pybo/PowerCat/arhive/1220/pybo/lib64/python3.8/site-packages/__pycache__' is beyond a symbolic link\n","exitCode":128}
2023-02-22 05:17:21.008 [error] {"message":"Git error","stdout":"","stderr":"fatal: pathspec '/home/ubuntu/web/3.pybo/PowerCat/arhive/1220/pybo/lib64/python3.8/site-packages/__pycache__' is beyond a symbolic link\n","exitCode":128}
2023-02-22 05:17:21.008 [error] {"message":"Git error","stdout":"","stderr":"fatal: pathspec '/home/ubuntu/web/3.pybo/PowerCat/arhive/1220/pybo/lib64/python3.8/site-packages/__pycache__' is beyond a symbolic link\n","exitCode":128}
2023-02-22 05:17:26.673 [error] {"message":"Git error","stdout":"","stderr":"fatal: pathspec '/home/ubuntu/web/3.pybo/PowerCat/arhive/1220/pybo/lib64/python3.8/site-packages/django/contrib/admin/templates/admin/popup_response.html' is beyond a symbolic link\n","exitCode":128}
2023-02-22 05:17:26.673 [error] {"message":"Git error","stdout":"","stderr":"fatal: pathspec '/home/ubuntu/web/3.pybo/PowerCat/arhive/1220/pybo/lib64/python3.8/site-packages/django/contrib/admin/templates/admin/popup_response.html' is beyond a symbolic link\n","exitCode":128}
2023-02-22 05:17:26.673 [error] {"message":"Git error","stdout":"","stderr":"fatal: pathspec '/home/ubuntu/web/3.pybo/PowerCat/arhive/1220/pybo/lib64/python3.8/site-packages/django/contrib/admin/templates/admin/popup_response.html' is beyond a symbolic link\n","exitCode":128}
2023-02-22 05:17:26.673 [error] {"message":"Git error","stdout":"","stderr":"fatal: pathspec '/home/ubuntu/web/3.pybo/PowerCat/arhive/1220/pybo/lib64/python3.8/site-packages/django/contrib/admin/templates/admin/popup_response.html' is beyond a symbolic link\n","exitCode":128}
2023-02-22 05:17:27.675 [error] {"message":"Git error","stdout":"","stderr":"fatal: pathspec '/home/ubuntu/web/3.pybo/PowerCat/arhive/1220/pybo/lib64/python3.8/site-packages/django/contrib/admin/templates/admin/popup_response.html' is beyond a symbolic link\n","exitCode":128}
2023-02-22 05:17:27.675 [error] {"message":"Git error","stdout":"","stderr":"fatal: pathspec '/home/ubuntu/web/3.pybo/PowerCat/arhive/1220/pybo/lib64/python3.8/site-packages/django/contrib/admin/templates/admin/popup_response.html' is beyond a symbolic link\n","exitCode":128}
2023-02-22 05:17:27.675 [error] {"message":"Git error","stdout":"","stderr":"fatal: pathspec '/home/ubuntu/web/3.pybo/PowerCat/arhive/1220/pybo/lib64/python3.8/site-packages/django/contrib/admin/templates/admin/popup_response.html' is beyond a symbolic link\n","exitCode":128}
2023-02-22 05:17:27.675 [error] {"message":"Git error","stdout":"","stderr":"fatal: pathspec '/home/ubuntu/web/3.pybo/PowerCat/arhive/1220/pybo/lib64/python3.8/site-packages/django/contrib/admin/templates/admin/popup_response.html' is beyond a symbolic link\n","exitCode":128}
2023-02-22 05:48:15.605 [info] ExtensionService#_doActivateExtension ms-azuretools.vscode-docker, startup: false, activationEvent: 'onLanguage:dockerfile'
2023-02-22 05:49:54.684 [info] ExtensionService#_doActivateExtension vscode.npm, startup: false, activationEvent: 'onLanguage:properties'
2023-02-22 05:50:13.124 [info] ExtensionService#_doActivateExtension vscode.typescript-language-features, startup: false, activationEvent: 'onLanguage:javascript'
2023-02-22 07:14:38.212 [error] {"message":"Git error","stdout":"","stderr":"fatal: pathspec '/home/ubuntu/ddadangku/ddadangku/pybo/lib64/python3.8/site-packages' is beyond a symbolic link\n","exitCode":128}
2023-02-22 07:14:38.212 [error] {"message":"Git error","stdout":"","stderr":"fatal: pathspec '/home/ubuntu/ddadangku/ddadangku/pybo/lib64/python3.8/site-packages' is beyond a symbolic link\n","exitCode":128}
2023-02-22 07:14:38.212 [error] {"message":"Git error","stdout":"","stderr":"fatal: pathspec '/home/ubuntu/ddadangku/ddadangku/pybo/lib64/python3.8/site-packages' is beyond a symbolic link\n","exitCode":128}
2023-02-22 07:14:38.212 [error] {"message":"Git error","stdout":"","stderr":"fatal: pathspec '/home/ubuntu/ddadangku/ddadangku/pybo/lib64/python3.8/site-packages' is beyond a symbolic link\n","exitCode":128}
2023-02-22 07:14:38.212 [error] {"message":"Git error","stdout":"","stderr":"fatal: pathspec '/home/ubuntu/ddadangku/ddadangku/pybo/lib64/python3.8/site-packages' is beyond a symbolic link\n","exitCode":128}
2023-02-22 07:14:38.212 [error] {"message":"Git error","stdout":"","stderr":"fatal: pathspec '/home/ubuntu/ddadangku/ddadangku/pybo/lib64/python3.8/site-packages' is beyond a symbolic link\n","exitCode":128}
2023-02-22 07:14:38.212 [error] {"message":"Git error","stdout":"","stderr":"fatal: pathspec '/home/ubuntu/ddadangku/ddadangku/pybo/lib64/python3.8/site-packages' is beyond a symbolic link\n","exitCode":128}
2023-02-22 07:14:38.212 [error] {"message":"Git error","stdout":"","stderr":"fatal: pathspec '/home/ubuntu/ddadangku/ddadangku/pybo/lib64/python3.8/site-packages' is beyond a symbolic link\n","exitCode":128}
2023-02-22 07:14:38.212 [error] {"message":"Git error","stdout":"","stderr":"fatal: pathspec '/home/ubuntu/ddadangku/ddadangku/pybo/lib64/python3.8/site-packages' is beyond a symbolic link\n","exitCode":128}
2023-02-22 07:14:38.212 [error] {"message":"Git error","stdout":"","stderr":"fatal: pathspec '/home/ubuntu/ddadangku/ddadangku/pybo/lib64/python3.8/site-packages' is beyond a symbolic link\n","exitCode":128}
2023-02-22 07:14:38.212 [error] {"message":"Git error","stdout":"","stderr":"fatal: pathspec '/home/ubuntu/ddadangku/ddadangku/pybo/lib64/python3.8/site-packages' is beyond a symbolic link\n","exitCode":128}
2023-02-22 07:14:38.212 [error] {"message":"Git error","stdout":"","stderr":"fatal: pathspec '/home/ubuntu/ddadangku/ddadangku/pybo/lib64/python3.8/site-packages' is beyond a symbolic link\n","exitCode":128}
2023-02-22 07:14:38.212 [error] {"message":"Git error","stdout":"","stderr":"fatal: pathspec '/home/ubuntu/ddadangku/ddadangku/pybo/lib64/python3.8/site-packages' is beyond a symbolic link\n","exitCode":128}
2023-02-22 07:14:38.212 [error] {"message":"Git error","stdout":"","stderr":"fatal: pathspec '/home/ubuntu/ddadangku/ddadangku/pybo/lib64/python3.8/site-packages' is beyond a symbolic link\n","exitCode":128}
2023-02-22 07:14:38.212 [error] {"message":"Git error","stdout":"","stderr":"fatal: pathspec '/home/ubuntu/ddadangku/ddadangku/pybo/lib64/python3.8/site-packages' is beyond a symbolic link\n","exitCode":128}
2023-02-22 07:14:39.213 [error] {"message":"Git error","stdout":"","stderr":"fatal: pathspec '/home/ubuntu/ddadangku/ddadangku/pybo/lib64/python3.8/site-packages' is beyond a symbolic link\n","exitCode":128}
2023-02-22 07:14:39.213 [error] {"message":"Git error","stdout":"","stderr":"fatal: pathspec '/home/ubuntu/ddadangku/ddadangku/pybo/lib64/python3.8/site-packages' is beyond a symbolic link\n","exitCode":128}
2023-02-22 07:14:39.213 [error] {"message":"Git error","stdout":"","stderr":"fatal: pathspec '/home/ubuntu/ddadangku/ddadangku/pybo/lib64/python3.8/site-packages' is beyond a symbolic link\n","exitCode":128}
2023-02-22 07:14:39.214 [error] {"message":"Git error","stdout":"","stderr":"fatal: pathspec '/home/ubuntu/ddadangku/ddadangku/pybo/lib64/python3.8/site-packages' is beyond a symbolic link\n","exitCode":128}
2023-02-22 07:14:39.214 [error] {"message":"Git error","stdout":"","stderr":"fatal: pathspec '/home/ubuntu/ddadangku/ddadangku/pybo/lib64/python3.8/site-packages' is beyond a symbolic link\n","exitCode":128}
2023-02-22 07:14:39.214 [error] {"message":"Git error","stdout":"","stderr":"fatal: pathspec '/home/ubuntu/ddadangku/ddadangku/pybo/lib64/python3.8/site-packages' is beyond a symbolic link\n","exitCode":128}
2023-02-22 07:14:39.214 [error] {"message":"Git error","stdout":"","stderr":"fatal: pathspec '/home/ubuntu/ddadangku/ddadangku/pybo/lib64/python3.8/site-packages' is beyond a symbolic link\n","exitCode":128}
2023-02-22 07:14:39.214 [error] {"message":"Git error","stdout":"","stderr":"fatal: pathspec '/home/ubuntu/ddadangku/ddadangku/pybo/lib64/python3.8/site-packages' is beyond a symbolic link\n","exitCode":128}
2023-02-22 07:14:39.214 [error] {"message":"Git error","stdout":"","stderr":"fatal: pathspec '/home/ubuntu/ddadangku/ddadangku/pybo/lib64/python3.8/site-packages' is beyond a symbolic link\n","exitCode":128}
2023-02-22 07:14:39.214 [error] {"message":"Git error","stdout":"","stderr":"fatal: pathspec '/home/ubuntu/ddadangku/ddadangku/pybo/lib64/python3.8/site-packages' is beyond a symbolic link\n","exitCode":128}
2023-02-22 07:14:39.214 [error] {"message":"Git error","stdout":"","stderr":"fatal: pathspec '/home/ubuntu/ddadangku/ddadangku/pybo/lib64/python3.8/site-packages' is beyond a symbolic link\n","exitCode":128}
2023-02-22 07:14:39.215 [error] {"message":"Git error","stdout":"","stderr":"fatal: pathspec '/home/ubuntu/ddadangku/ddadangku/pybo/lib64/python3.8/site-packages' is beyond a symbolic link\n","exitCode":128}
2023-02-22 07:14:39.215 [error] {"message":"Git error","stdout":"","stderr":"fatal: pathspec '/home/ubuntu/ddadangku/ddadangku/pybo/lib64/python3.8/site-packages' is beyond a symbolic link\n","exitCode":128}
2023-02-22 07:14:39.215 [error] {"message":"Git error","stdout":"","stderr":"fatal: pathspec '/home/ubuntu/ddadangku/ddadangku/pybo/lib64/python3.8/site-packages' is beyond a symbolic link\n","exitCode":128}
2023-02-22 07:14:39.215 [error] {"message":"Git error","stdout":"","stderr":"fatal: pathspec '/home/ubuntu/ddadangku/ddadangku/pybo/lib64/python3.8/site-packages' is beyond a symbolic link\n","exitCode":128}
