2023-01-27 07:51:35.922 [info] 로그 수준: Info
2023-01-27 07:51:35.922 [info] "git"에서 찾은 git 유효성을 검사하는 중
2023-01-27 07:51:35.922 [info] "2.25.1"에서 git "git"을(를) 사용하는 중
2023-01-27 07:51:35.922 [info] > git rev-parse --show-toplevel [6ms]
2023-01-27 07:51:35.922 [info] fatal: not a git repository (or any of the parent directories): .git
2023-01-27 07:51:35.922 [info] > git rev-parse --show-toplevel [5ms]
2023-01-27 07:51:35.922 [info] fatal: not a git repository (or any of the parent directories): .git
2023-01-27 07:51:35.922 [info] > git rev-parse --show-toplevel [2ms]
2023-01-27 07:51:35.922 [info] fatal: not a git repository (or any of the parent directories): .git
2023-01-27 07:51:35.922 [info] > git rev-parse --show-toplevel [1ms]
2023-01-27 07:51:35.922 [info] fatal: not a git repository (or any of the parent directories): .git
2023-01-27 07:51:35.923 [info] > git rev-parse --show-toplevel [1ms]
2023-01-27 07:51:35.923 [info] fatal: not a git repository (or any of the parent directories): .git
2023-01-27 07:51:35.923 [info] > git rev-parse --show-toplevel [0ms]
2023-01-27 07:51:35.923 [info] fatal: not a git repository (or any of the parent directories): .git
2023-01-27 07:51:35.923 [info] > git rev-parse --show-toplevel [1ms]
2023-01-27 07:51:35.923 [info] fatal: not a git repository (or any of the parent directories): .git
2023-01-27 07:51:35.923 [info] > git rev-parse --show-toplevel [0ms]
2023-01-27 07:51:35.923 [info] fatal: not a git repository (or any of the parent directories): .git
2023-01-27 07:51:35.923 [info] > git rev-parse --show-toplevel [1ms]
2023-01-27 07:51:35.923 [info] > git rev-parse --git-dir --git-common-dir [4ms]
2023-01-27 07:51:35.923 [info] Open repository: /home/ubuntu/kubespray
2023-01-27 07:51:35.923 [info] > git rev-parse --show-toplevel [4ms]
2023-01-27 07:51:35.923 [info] fatal: not a git repository (or any of the parent directories): .git
2023-01-27 07:51:35.923 [info] > git config --get commit.template [4ms]
2023-01-27 07:51:35.923 [info] > git rev-parse --show-toplevel [12ms]
2023-01-27 07:51:35.923 [info] > git for-each-ref --sort -committerdate --format %(refname) %(objectname) %(*objectname) [8ms]
2023-01-27 07:51:35.923 [info] > git rev-parse --git-dir --git-common-dir [3ms]
2023-01-27 07:51:35.923 [info] Open repository: /home/ubuntu/nfs-subdir-external-provisioner
2023-01-27 07:51:35.923 [info] > git rev-parse --show-toplevel [3ms]
2023-01-27 07:51:35.923 [info] fatal: not a git repository (or any of the parent directories): .git
2023-01-27 07:51:35.923 [info] > git config --get commit.template [4ms]
2023-01-27 07:51:35.923 [info] > git for-each-ref --format=%(refname)%00%(upstream:short)%00%(objectname)%00%(upstream:track)%00%(upstream:remotename)%00%(upstream:remoteref) refs/heads/master refs/remotes/master [0ms]
2023-01-27 07:51:35.923 [info] > git status -z -uall [40ms]
2023-01-27 07:51:35.923 [info] > git for-each-ref --sort -committerdate --format %(refname) %(objectname) %(*objectname) [11ms]
2023-01-27 07:51:35.923 [info] > git config --get commit.template [1ms]
2023-01-27 07:51:35.923 [info] > git for-each-ref --sort -committerdate --format %(refname) %(objectname) %(*objectname) [6ms]
2023-01-27 07:51:35.923 [info] > git status -z -uall [93ms]
2023-01-27 07:51:35.923 [info] > git rev-parse --show-toplevel [0ms]
2023-01-27 07:51:35.923 [info] fatal: not a git repository (or any of the parent directories): .git
2023-01-27 07:51:35.923 [info] > git rev-parse --show-toplevel [1ms]
2023-01-27 07:51:35.923 [info] fatal: not a git repository (or any of the parent directories): .git
2023-01-27 07:51:35.923 [info] > git status -z -uall [153ms]
2023-01-27 07:51:35.923 [info] > git rev-parse --show-toplevel [5ms]
2023-01-27 07:51:35.923 [info] fatal: not a git repository (or any of the parent directories): .git
2023-01-27 07:51:35.923 [info] > git config --get commit.template [5ms]
2023-01-27 07:51:35.923 [info] > git for-each-ref --format=%(refname)%00%(upstream:short)%00%(objectname)%00%(upstream:track)%00%(upstream:remotename)%00%(upstream:remoteref) refs/heads/master refs/remotes/master [1ms]
2023-01-27 07:51:35.923 [info] > git for-each-ref --sort -committerdate --format %(refname) %(objectname) %(*objectname) [3ms]
2023-01-27 07:51:36.024 [info] > git status -z -uall [138ms]
2023-01-27 07:51:36.232 [info] > git check-ignore -v -z --stdin [6ms]
2023-01-27 07:51:36.234 [info] > git check-ignore -v -z --stdin [3ms]
2023-01-27 07:52:31.554 [info] > git rev-parse --show-toplevel [1ms]
2023-01-27 07:52:31.554 [info] fatal: not a git repository (or any of the parent directories): .git
2023-01-27 07:55:18.437 [info] > git rev-parse --show-toplevel [0ms]
2023-01-27 07:55:18.437 [info] fatal: not a git repository (or any of the parent directories): .git
2023-01-27 07:56:59.315 [info] > git rev-parse --show-toplevel [1ms]
2023-01-27 07:56:59.315 [info] fatal: not a git repository (or any of the parent directories): .git
2023-01-27 07:57:02.383 [info] > git rev-parse --show-toplevel [0ms]
2023-01-27 07:57:02.383 [info] fatal: not a git repository (or any of the parent directories): .git
2023-01-27 07:59:40.927 [info] > git rev-parse --show-toplevel [1ms]
2023-01-27 07:59:40.927 [info] fatal: not a git repository (or any of the parent directories): .git
2023-01-27 08:01:16.314 [info] > git rev-parse --show-toplevel [1ms]
2023-01-27 08:01:16.314 [info] fatal: not a git repository (or any of the parent directories): .git
2023-01-27 08:01:18.428 [info] > git rev-parse --show-toplevel [1ms]
2023-01-27 08:01:18.428 [info] fatal: not a git repository (or any of the parent directories): .git
2023-01-27 08:01:53.275 [info] > git rev-parse --show-toplevel [0ms]
2023-01-27 08:01:53.275 [info] fatal: not a git repository (or any of the parent directories): .git
2023-01-27 08:01:53.892 [info] > git rev-parse --show-toplevel [3ms]
2023-01-27 08:01:53.892 [info] fatal: not a git repository (or any of the parent directories): .git
2023-01-27 08:01:56.550 [info] > git rev-parse --show-toplevel [3ms]
2023-01-27 08:01:56.550 [info] fatal: not a git repository (or any of the parent directories): .git
2023-01-27 08:13:49.736 [info] > git rev-parse --show-toplevel [1ms]
2023-01-27 08:13:49.736 [info] fatal: not a git repository (or any of the parent directories): .git
2023-01-27 08:13:50.374 [info] > git rev-parse --show-toplevel [1ms]
2023-01-27 08:13:50.374 [info] fatal: not a git repository (or any of the parent directories): .git
2023-01-27 08:13:50.920 [info] > git rev-parse --show-toplevel [1ms]
2023-01-27 08:13:50.920 [info] fatal: not a git repository (or any of the parent directories): .git
2023-01-27 08:13:51.333 [info] > git rev-parse --show-toplevel [0ms]
2023-01-27 08:13:51.333 [info] fatal: not a git repository (or any of the parent directories): .git
2023-01-27 08:13:55.774 [info] > git rev-parse --show-toplevel [1ms]
2023-01-27 08:13:55.774 [info] fatal: not a git repository (or any of the parent directories): .git
2023-01-27 08:14:11.545 [info] > git rev-parse --show-toplevel [1ms]
2023-01-27 08:14:11.546 [info] fatal: not a git repository (or any of the parent directories): .git
2023-01-27 08:14:15.442 [info] > git rev-parse --show-toplevel [1ms]
2023-01-27 08:14:15.442 [info] fatal: not a git repository (or any of the parent directories): .git
2023-01-27 08:14:28.543 [info] > git rev-parse --show-toplevel [1ms]
2023-01-27 08:14:28.543 [info] fatal: not a git repository (or any of the parent directories): .git
2023-01-27 08:14:30.371 [info] > git rev-parse --show-toplevel [1ms]
2023-01-27 08:14:30.371 [info] fatal: not a git repository (or any of the parent directories): .git
2023-01-27 08:15:31.172 [info] > git rev-parse --show-toplevel [1ms]
2023-01-27 08:15:31.172 [info] fatal: not a git repository (or any of the parent directories): .git
2023-01-27 08:15:41.512 [info] > git rev-parse --show-toplevel [1ms]
2023-01-27 08:15:41.512 [info] fatal: not a git repository (or any of the parent directories): .git
2023-01-27 08:15:47.959 [info] > git rev-parse --show-toplevel [3ms]
2023-01-27 08:15:47.959 [info] fatal: not a git repository (or any of the parent directories): .git
