2023-02-06 04:27:55.453 [info] Extension host with pid 2494430 started
2023-02-06 04:27:55.466 [info] Lock '/home/ubuntu/.vscode-server/data/User/workspaceStorage/3e23ce5bcb104025f2c3f395e703fecc/vscode.lock': Lock acquired.
2023-02-06 04:27:55.601 [info] ExtensionService#_doActivateExtension vscode.emmet, startup: false, activationEvent: 'onLanguage'
2023-02-06 04:27:55.602 [info] ExtensionService#_doActivateExtension vscode.html-language-features, startup: false, activationEvent: 'onLanguage:html'
2023-02-06 04:27:55.603 [info] ExtensionService#_doActivateExtension vscode.git-base, startup: true, activationEvent: '*', root cause: vscode.git
2023-02-06 04:27:56.191 [warning] Using default string since no string found in i18n bundle that has the key: HTML Language Server
2023-02-06 04:27:56.292 [info] ExtensionService#_doActivateExtension vscode.git, startup: true, activationEvent: '*'
2023-02-06 04:27:56.292 [info] ExtensionService#_doActivateExtension vscode.github, startup: true, activationEvent: '*'
2023-02-06 04:27:56.527 [info] ExtensionService#_doActivateExtension vscode.debug-auto-launch, startup: false, activationEvent: 'onStartupFinished'
2023-02-06 04:27:56.528 [info] ExtensionService#_doActivateExtension vscode.merge-conflict, startup: false, activationEvent: 'onStartupFinished'
2023-02-06 04:27:56.528 [info] Eager extensions activated
2023-02-06 04:27:56.692 [warning] Using default string since no string found in i18n bundle that has the key: Checkout Branch/Tag...
2023-02-06 04:27:56.695 [warning] Using default string since no string found in i18n bundle that has the key: Checkout Branch/Tag...
2023-02-06 04:27:56.695 [warning] Using default string since no string found in i18n bundle that has the key: Checkout Branch/Tag...
2023-02-06 04:27:56.744 [warning] Using default string since no string found in i18n bundle that has the key: Checkout Branch/Tag...
2023-02-06 04:27:56.744 [warning] Using default string since no string found in i18n bundle that has the key: Checkout Branch/Tag...
2023-02-06 04:27:56.752 [warning] Using default string since no string found in i18n bundle that has the key: Checkout Branch/Tag...
2023-02-06 04:27:56.753 [warning] Using default string since no string found in i18n bundle that has the key: Checkout Branch/Tag...
2023-02-06 04:27:56.753 [warning] Using default string since no string found in i18n bundle that has the key: Checkout Branch/Tag...
2023-02-06 04:27:56.765 [warning] Using default string since no string found in i18n bundle that has the key: Checkout Branch/Tag...
2023-02-06 04:27:56.765 [warning] Using default string since no string found in i18n bundle that has the key: Checkout Branch/Tag...
2023-02-06 04:27:56.784 [warning] Using default string since no string found in i18n bundle that has the key: Checkout Branch/Tag...
2023-02-06 04:27:56.785 [warning] Using default string since no string found in i18n bundle that has the key: Checkout Branch/Tag...
2023-02-06 04:27:56.786 [warning] Using default string since no string found in i18n bundle that has the key: Commit Changes on "{0}"
2023-02-06 04:27:56.786 [warning] Using default string since no string found in i18n bundle that has the key: Commit Changes on "{0}"
2023-02-06 04:27:56.787 [warning] Using default string since no string found in i18n bundle that has the key: Commit Changes on "{0}"
2023-02-06 04:27:56.788 [warning] Using default string since no string found in i18n bundle that has the key: Checkout Branch/Tag...
2023-02-06 04:27:56.788 [warning] Using default string since no string found in i18n bundle that has the key: Checkout Branch/Tag...
2023-02-06 04:27:56.788 [warning] Using default string since no string found in i18n bundle that has the key: Checkout Branch/Tag...
2023-02-06 04:27:56.788 [warning] Using default string since no string found in i18n bundle that has the key: Checkout Branch/Tag...
2023-02-06 04:27:56.799 [warning] Using default string since no string found in i18n bundle that has the key: Checkout Branch/Tag...
2023-02-06 04:27:56.799 [warning] Using default string since no string found in i18n bundle that has the key: Checkout Branch/Tag...
2023-02-06 04:27:56.805 [warning] Using default string since no string found in i18n bundle that has the key: Checkout Branch/Tag...
2023-02-06 04:27:56.805 [warning] Using default string since no string found in i18n bundle that has the key: Checkout Branch/Tag...
2023-02-06 04:27:56.815 [warning] Using default string since no string found in i18n bundle that has the key: Checkout Branch/Tag...
2023-02-06 04:27:56.815 [warning] Using default string since no string found in i18n bundle that has the key: Checkout Branch/Tag...
2023-02-06 04:27:56.822 [warning] Using default string since no string found in i18n bundle that has the key: Checkout Branch/Tag...
2023-02-06 04:27:56.822 [warning] Using default string since no string found in i18n bundle that has the key: Checkout Branch/Tag...
2023-02-06 04:27:56.844 [warning] Using default string since no string found in i18n bundle that has the key: Checkout Branch/Tag...
2023-02-06 04:27:56.844 [warning] Using default string since no string found in i18n bundle that has the key: Checkout Branch/Tag...
2023-02-06 04:27:56.844 [warning] Using default string since no string found in i18n bundle that has the key: Checkout Branch/Tag...
2023-02-06 04:27:56.844 [warning] Using default string since no string found in i18n bundle that has the key: Checkout Branch/Tag...
2023-02-06 04:27:56.966 [warning] Using default string since no string found in i18n bundle that has the key: Checkout Branch/Tag...
2023-02-06 04:27:56.966 [warning] Using default string since no string found in i18n bundle that has the key: Checkout Branch/Tag...
2023-02-06 04:27:56.967 [warning] Using default string since no string found in i18n bundle that has the key: Commit Changes on "{0}"
2023-02-06 04:27:56.968 [warning] Using default string since no string found in i18n bundle that has the key: Commit Changes on "{0}"
2023-02-06 04:27:56.968 [warning] Using default string since no string found in i18n bundle that has the key: Commit Changes on "{0}"
2023-02-06 04:27:56.968 [warning] Using default string since no string found in i18n bundle that has the key: Checkout Branch/Tag...
2023-02-06 04:27:56.968 [warning] Using default string since no string found in i18n bundle that has the key: Checkout Branch/Tag...
2023-02-06 04:27:56.969 [warning] Using default string since no string found in i18n bundle that has the key: Checkout Branch/Tag...
2023-02-06 04:27:56.969 [warning] Using default string since no string found in i18n bundle that has the key: Checkout Branch/Tag...
2023-02-06 04:27:56.982 [warning] Using default string since no string found in i18n bundle that has the key: Checkout Branch/Tag...
2023-02-06 04:27:56.982 [warning] Using default string since no string found in i18n bundle that has the key: Checkout Branch/Tag...
2023-02-06 04:27:56.989 [warning] Using default string since no string found in i18n bundle that has the key: Checkout Branch/Tag...
2023-02-06 04:27:56.989 [warning] Using default string since no string found in i18n bundle that has the key: Checkout Branch/Tag...
2023-02-06 04:27:57.119 [warning] Using default string since no string found in i18n bundle that has the key: Checkout Branch/Tag...
2023-02-06 04:27:57.119 [warning] Using default string since no string found in i18n bundle that has the key: Checkout Branch/Tag...
2023-02-06 04:27:57.119 [warning] Using default string since no string found in i18n bundle that has the key: Checkout Branch/Tag...
2023-02-06 04:27:57.119 [warning] Using default string since no string found in i18n bundle that has the key: Checkout Branch/Tag...
2023-02-06 04:27:57.311 [warning] Using default string since no string found in i18n bundle that has the key: Checkout Branch/Tag...
2023-02-06 04:27:57.311 [warning] Using default string since no string found in i18n bundle that has the key: Checkout Branch/Tag...
2023-02-06 04:27:57.320 [warning] Using default string since no string found in i18n bundle that has the key: Checkout Branch/Tag...
2023-02-06 04:27:57.320 [warning] Using default string since no string found in i18n bundle that has the key: Checkout Branch/Tag...
2023-02-06 04:27:57.327 [warning] Using default string since no string found in i18n bundle that has the key: Checkout Branch/Tag...
2023-02-06 04:27:57.327 [warning] Using default string since no string found in i18n bundle that has the key: Checkout Branch/Tag...
2023-02-06 04:27:57.328 [warning] Using default string since no string found in i18n bundle that has the key: Checkout Branch/Tag...
2023-02-06 04:27:57.328 [warning] Using default string since no string found in i18n bundle that has the key: Checkout Branch/Tag...
2023-02-06 08:28:24.907 [info] Extension host terminating: received terminate message from renderer
2023-02-06 08:28:24.908 [info] Lock '/home/ubuntu/.vscode-server/data/User/workspaceStorage/3e23ce5bcb104025f2c3f395e703fecc/vscode.lock': Marking the lockfile as scheduled to be released in 6000 ms.
2023-02-06 08:28:24.922 [error] Canceled: Canceled
	at new u (/home/ubuntu/.vscode-server/bin/e2816fe719a4026ffa1ee0189dc89bdfdbafb164/out/vs/workbench/api/node/extensionHostProcess.js:96:88070)
	at l.O (/home/ubuntu/.vscode-server/bin/e2816fe719a4026ffa1ee0189dc89bdfdbafb164/out/vs/workbench/api/node/extensionHostProcess.js:106:11276)
	at Proxy.V.<computed>.M.charCodeAt.V.<computed> (/home/ubuntu/.vscode-server/bin/e2816fe719a4026ffa1ee0189dc89bdfdbafb164/out/vs/workbench/api/node/extensionHostProcess.js:106:8557)
	at s.g (/home/ubuntu/.vscode-server/bin/e2816fe719a4026ffa1ee0189dc89bdfdbafb164/out/vs/workbench/api/node/extensionHostProcess.js:96:107430)
	at s.executeCommand (/home/ubuntu/.vscode-server/bin/e2816fe719a4026ffa1ee0189dc89bdfdbafb164/out/vs/workbench/api/node/extensionHostProcess.js:96:106806)
	at w.registerCommand.description (/home/ubuntu/.vscode-server/bin/e2816fe719a4026ffa1ee0189dc89bdfdbafb164/out/vs/workbench/api/node/extensionHostProcess.js:96:106099)
	at s.h (/home/ubuntu/.vscode-server/bin/e2816fe719a4026ffa1ee0189dc89bdfdbafb164/out/vs/workbench/api/node/extensionHostProcess.js:96:108016)
	at s.g (/home/ubuntu/.vscode-server/bin/e2816fe719a4026ffa1ee0189dc89bdfdbafb164/out/vs/workbench/api/node/extensionHostProcess.js:96:106906)
	at s.executeCommand (/home/ubuntu/.vscode-server/bin/e2816fe719a4026ffa1ee0189dc89bdfdbafb164/out/vs/workbench/api/node/extensionHostProcess.js:96:106806)
	at Object.executeCommand (/home/ubuntu/.vscode-server/bin/e2816fe719a4026ffa1ee0189dc89bdfdbafb164/out/vs/workbench/api/node/extensionHostProcess.js:117:30778)
	at D (/home/ubuntu/.vscode-server/bin/e2816fe719a4026ffa1ee0189dc89bdfdbafb164/extensions/git/dist/main.js:2:2055373)
	at f.invoke (/home/ubuntu/.vscode-server/bin/e2816fe719a4026ffa1ee0189dc89bdfdbafb164/out/vs/workbench/api/node/extensionHostProcess.js:63:145)
	at g.deliver (/home/ubuntu/.vscode-server/bin/e2816fe719a4026ffa1ee0189dc89bdfdbafb164/out/vs/workbench/api/node/extensionHostProcess.js:63:2029)
	at d.fire (/home/ubuntu/.vscode-server/bin/e2816fe719a4026ffa1ee0189dc89bdfdbafb164/out/vs/workbench/api/node/extensionHostProcess.js:63:1667)
	at Object.h [as dispose] (/home/ubuntu/.vscode-server/bin/e2816fe719a4026ffa1ee0189dc89bdfdbafb164/extensions/git/dist/main.js:2:2070210)
	at /home/ubuntu/.vscode-server/bin/e2816fe719a4026ffa1ee0189dc89bdfdbafb164/extensions/git/dist/main.js:2:2074183
	at Array.forEach (<anonymous>)
	at g.dispose (/home/ubuntu/.vscode-server/bin/e2816fe719a4026ffa1ee0189dc89bdfdbafb164/extensions/git/dist/main.js:2:2074169)
	at C.<anonymous> (/home/ubuntu/.vscode-server/bin/e2816fe719a4026ffa1ee0189dc89bdfdbafb164/out/vs/workbench/api/node/extensionHostProcess.js:94:12431)
	at C.dispose (/home/ubuntu/.vscode-server/bin/e2816fe719a4026ffa1ee0189dc89bdfdbafb164/out/vs/workbench/api/node/extensionHostProcess.js:94:12566)
	at C.<anonymous> (/home/ubuntu/.vscode-server/bin/e2816fe719a4026ffa1ee0189dc89bdfdbafb164/extensions/git/dist/main.js:2:2057503)
	at C.dispose (/home/ubuntu/.vscode-server/bin/e2816fe719a4026ffa1ee0189dc89bdfdbafb164/out/vs/workbench/api/node/extensionHostProcess.js:94:12566)
	at T (/home/ubuntu/.vscode-server/bin/e2816fe719a4026ffa1ee0189dc89bdfdbafb164/out/vs/workbench/api/node/extensionHostProcess.js:10:12072)
	at f.X (/home/ubuntu/.vscode-server/bin/e2816fe719a4026ffa1ee0189dc89bdfdbafb164/out/vs/workbench/api/node/extensionHostProcess.js:108:11242)
	at /home/ubuntu/.vscode-server/bin/e2816fe719a4026ffa1ee0189dc89bdfdbafb164/out/vs/workbench/api/node/extensionHostProcess.js:108:9037
	at Array.map (<anonymous>)
	at f.Q (/home/ubuntu/.vscode-server/bin/e2816fe719a4026ffa1ee0189dc89bdfdbafb164/out/vs/workbench/api/node/extensionHostProcess.js:108:9024)
	at f.terminate (/home/ubuntu/.vscode-server/bin/e2816fe719a4026ffa1ee0189dc89bdfdbafb164/out/vs/workbench/api/node/extensionHostProcess.js:108:9298)
	at h.terminate (/home/ubuntu/.vscode-server/bin/e2816fe719a4026ffa1ee0189dc89bdfdbafb164/out/vs/workbench/api/node/extensionHostProcess.js:112:1397)
	at p (/home/ubuntu/.vscode-server/bin/e2816fe719a4026ffa1ee0189dc89bdfdbafb164/out/vs/workbench/api/node/extensionHostProcess.js:122:17851)
	at /home/ubuntu/.vscode-server/bin/e2816fe719a4026ffa1ee0189dc89bdfdbafb164/out/vs/workbench/api/node/extensionHostProcess.js:122:15761
	at f.invoke (/home/ubuntu/.vscode-server/bin/e2816fe719a4026ffa1ee0189dc89bdfdbafb164/out/vs/workbench/api/node/extensionHostProcess.js:63:145)
	at g.deliver (/home/ubuntu/.vscode-server/bin/e2816fe719a4026ffa1ee0189dc89bdfdbafb164/out/vs/workbench/api/node/extensionHostProcess.js:63:2029)
	at d.fire (/home/ubuntu/.vscode-server/bin/e2816fe719a4026ffa1ee0189dc89bdfdbafb164/out/vs/workbench/api/node/extensionHostProcess.js:63:1667)
	at p.fire (/home/ubuntu/.vscode-server/bin/e2816fe719a4026ffa1ee0189dc89bdfdbafb164/out/vs/workbench/api/node/extensionHostProcess.js:72:14861)
	at t.E (/home/ubuntu/.vscode-server/bin/e2816fe719a4026ffa1ee0189dc89bdfdbafb164/out/vs/workbench/api/node/extensionHostProcess.js:72:18927)
	at /home/ubuntu/.vscode-server/bin/e2816fe719a4026ffa1ee0189dc89bdfdbafb164/out/vs/workbench/api/node/extensionHostProcess.js:72:16915
	at f.invoke (/home/ubuntu/.vscode-server/bin/e2816fe719a4026ffa1ee0189dc89bdfdbafb164/out/vs/workbench/api/node/extensionHostProcess.js:63:145)
	at g.deliver (/home/ubuntu/.vscode-server/bin/e2816fe719a4026ffa1ee0189dc89bdfdbafb164/out/vs/workbench/api/node/extensionHostProcess.js:63:2029)
	at d.fire (/home/ubuntu/.vscode-server/bin/e2816fe719a4026ffa1ee0189dc89bdfdbafb164/out/vs/workbench/api/node/extensionHostProcess.js:63:1667)
	at h.acceptChunk (/home/ubuntu/.vscode-server/bin/e2816fe719a4026ffa1ee0189dc89bdfdbafb164/out/vs/workbench/api/node/extensionHostProcess.js:72:12592)
	at /home/ubuntu/.vscode-server/bin/e2816fe719a4026ffa1ee0189dc89bdfdbafb164/out/vs/workbench/api/node/extensionHostProcess.js:72:11879
	at f.invoke (/home/ubuntu/.vscode-server/bin/e2816fe719a4026ffa1ee0189dc89bdfdbafb164/out/vs/workbench/api/node/extensionHostProcess.js:63:145)
	at g.deliver (/home/ubuntu/.vscode-server/bin/e2816fe719a4026ffa1ee0189dc89bdfdbafb164/out/vs/workbench/api/node/extensionHostProcess.js:63:2029)
	at d.fire (/home/ubuntu/.vscode-server/bin/e2816fe719a4026ffa1ee0189dc89bdfdbafb164/out/vs/workbench/api/node/extensionHostProcess.js:63:1667)
	at d.t (/home/ubuntu/.vscode-server/bin/e2816fe719a4026ffa1ee0189dc89bdfdbafb164/out/vs/workbench/api/node/extensionHostProcess.js:72:28518) setContext undefined
2023-02-06 08:28:24.922 [error] Canceled: Canceled
	at new u (/home/ubuntu/.vscode-server/bin/e2816fe719a4026ffa1ee0189dc89bdfdbafb164/out/vs/workbench/api/node/extensionHostProcess.js:96:88070)
	at l.O (/home/ubuntu/.vscode-server/bin/e2816fe719a4026ffa1ee0189dc89bdfdbafb164/out/vs/workbench/api/node/extensionHostProcess.js:106:11276)
	at Proxy.V.<computed>.M.charCodeAt.V.<computed> (/home/ubuntu/.vscode-server/bin/e2816fe719a4026ffa1ee0189dc89bdfdbafb164/out/vs/workbench/api/node/extensionHostProcess.js:106:8557)
	at s.g (/home/ubuntu/.vscode-server/bin/e2816fe719a4026ffa1ee0189dc89bdfdbafb164/out/vs/workbench/api/node/extensionHostProcess.js:96:107430)
	at s.executeCommand (/home/ubuntu/.vscode-server/bin/e2816fe719a4026ffa1ee0189dc89bdfdbafb164/out/vs/workbench/api/node/extensionHostProcess.js:96:106806)
	at w.registerCommand.description (/home/ubuntu/.vscode-server/bin/e2816fe719a4026ffa1ee0189dc89bdfdbafb164/out/vs/workbench/api/node/extensionHostProcess.js:96:106099)
	at s.h (/home/ubuntu/.vscode-server/bin/e2816fe719a4026ffa1ee0189dc89bdfdbafb164/out/vs/workbench/api/node/extensionHostProcess.js:96:108016)
	at s.g (/home/ubuntu/.vscode-server/bin/e2816fe719a4026ffa1ee0189dc89bdfdbafb164/out/vs/workbench/api/node/extensionHostProcess.js:96:106906)
	at s.executeCommand (/home/ubuntu/.vscode-server/bin/e2816fe719a4026ffa1ee0189dc89bdfdbafb164/out/vs/workbench/api/node/extensionHostProcess.js:96:106806)
	at Object.executeCommand (/home/ubuntu/.vscode-server/bin/e2816fe719a4026ffa1ee0189dc89bdfdbafb164/out/vs/workbench/api/node/extensionHostProcess.js:117:30778)
	at D (/home/ubuntu/.vscode-server/bin/e2816fe719a4026ffa1ee0189dc89bdfdbafb164/extensions/git/dist/main.js:2:2055373)
	at f.invoke (/home/ubuntu/.vscode-server/bin/e2816fe719a4026ffa1ee0189dc89bdfdbafb164/out/vs/workbench/api/node/extensionHostProcess.js:63:145)
	at g.deliver (/home/ubuntu/.vscode-server/bin/e2816fe719a4026ffa1ee0189dc89bdfdbafb164/out/vs/workbench/api/node/extensionHostProcess.js:63:2029)
	at d.fire (/home/ubuntu/.vscode-server/bin/e2816fe719a4026ffa1ee0189dc89bdfdbafb164/out/vs/workbench/api/node/extensionHostProcess.js:63:1667)
	at Object.h [as dispose] (/home/ubuntu/.vscode-server/bin/e2816fe719a4026ffa1ee0189dc89bdfdbafb164/extensions/git/dist/main.js:2:2070210)
	at /home/ubuntu/.vscode-server/bin/e2816fe719a4026ffa1ee0189dc89bdfdbafb164/extensions/git/dist/main.js:2:2074183
	at Array.forEach (<anonymous>)
	at g.dispose (/home/ubuntu/.vscode-server/bin/e2816fe719a4026ffa1ee0189dc89bdfdbafb164/extensions/git/dist/main.js:2:2074169)
	at C.<anonymous> (/home/ubuntu/.vscode-server/bin/e2816fe719a4026ffa1ee0189dc89bdfdbafb164/out/vs/workbench/api/node/extensionHostProcess.js:94:12431)
	at C.dispose (/home/ubuntu/.vscode-server/bin/e2816fe719a4026ffa1ee0189dc89bdfdbafb164/out/vs/workbench/api/node/extensionHostProcess.js:94:12566)
	at C.<anonymous> (/home/ubuntu/.vscode-server/bin/e2816fe719a4026ffa1ee0189dc89bdfdbafb164/extensions/git/dist/main.js:2:2057503)
	at C.dispose (/home/ubuntu/.vscode-server/bin/e2816fe719a4026ffa1ee0189dc89bdfdbafb164/out/vs/workbench/api/node/extensionHostProcess.js:94:12566)
	at T (/home/ubuntu/.vscode-server/bin/e2816fe719a4026ffa1ee0189dc89bdfdbafb164/out/vs/workbench/api/node/extensionHostProcess.js:10:12072)
	at f.X (/home/ubuntu/.vscode-server/bin/e2816fe719a4026ffa1ee0189dc89bdfdbafb164/out/vs/workbench/api/node/extensionHostProcess.js:108:11242)
	at /home/ubuntu/.vscode-server/bin/e2816fe719a4026ffa1ee0189dc89bdfdbafb164/out/vs/workbench/api/node/extensionHostProcess.js:108:9037
	at Array.map (<anonymous>)
	at f.Q (/home/ubuntu/.vscode-server/bin/e2816fe719a4026ffa1ee0189dc89bdfdbafb164/out/vs/workbench/api/node/extensionHostProcess.js:108:9024)
	at f.terminate (/home/ubuntu/.vscode-server/bin/e2816fe719a4026ffa1ee0189dc89bdfdbafb164/out/vs/workbench/api/node/extensionHostProcess.js:108:9298)
	at h.terminate (/home/ubuntu/.vscode-server/bin/e2816fe719a4026ffa1ee0189dc89bdfdbafb164/out/vs/workbench/api/node/extensionHostProcess.js:112:1397)
	at p (/home/ubuntu/.vscode-server/bin/e2816fe719a4026ffa1ee0189dc89bdfdbafb164/out/vs/workbench/api/node/extensionHostProcess.js:122:17851)
	at /home/ubuntu/.vscode-server/bin/e2816fe719a4026ffa1ee0189dc89bdfdbafb164/out/vs/workbench/api/node/extensionHostProcess.js:122:15761
	at f.invoke (/home/ubuntu/.vscode-server/bin/e2816fe719a4026ffa1ee0189dc89bdfdbafb164/out/vs/workbench/api/node/extensionHostProcess.js:63:145)
	at g.deliver (/home/ubuntu/.vscode-server/bin/e2816fe719a4026ffa1ee0189dc89bdfdbafb164/out/vs/workbench/api/node/extensionHostProcess.js:63:2029)
	at d.fire (/home/ubuntu/.vscode-server/bin/e2816fe719a4026ffa1ee0189dc89bdfdbafb164/out/vs/workbench/api/node/extensionHostProcess.js:63:1667)
	at p.fire (/home/ubuntu/.vscode-server/bin/e2816fe719a4026ffa1ee0189dc89bdfdbafb164/out/vs/workbench/api/node/extensionHostProcess.js:72:14861)
	at t.E (/home/ubuntu/.vscode-server/bin/e2816fe719a4026ffa1ee0189dc89bdfdbafb164/out/vs/workbench/api/node/extensionHostProcess.js:72:18927)
	at /home/ubuntu/.vscode-server/bin/e2816fe719a4026ffa1ee0189dc89bdfdbafb164/out/vs/workbench/api/node/extensionHostProcess.js:72:16915
	at f.invoke (/home/ubuntu/.vscode-server/bin/e2816fe719a4026ffa1ee0189dc89bdfdbafb164/out/vs/workbench/api/node/extensionHostProcess.js:63:145)
	at g.deliver (/home/ubuntu/.vscode-server/bin/e2816fe719a4026ffa1ee0189dc89bdfdbafb164/out/vs/workbench/api/node/extensionHostProcess.js:63:2029)
	at d.fire (/home/ubuntu/.vscode-server/bin/e2816fe719a4026ffa1ee0189dc89bdfdbafb164/out/vs/workbench/api/node/extensionHostProcess.js:63:1667)
	at h.acceptChunk (/home/ubuntu/.vscode-server/bin/e2816fe719a4026ffa1ee0189dc89bdfdbafb164/out/vs/workbench/api/node/extensionHostProcess.js:72:12592)
	at /home/ubuntu/.vscode-server/bin/e2816fe719a4026ffa1ee0189dc89bdfdbafb164/out/vs/workbench/api/node/extensionHostProcess.js:72:11879
	at f.invoke (/home/ubuntu/.vscode-server/bin/e2816fe719a4026ffa1ee0189dc89bdfdbafb164/out/vs/workbench/api/node/extensionHostProcess.js:63:145)
	at g.deliver (/home/ubuntu/.vscode-server/bin/e2816fe719a4026ffa1ee0189dc89bdfdbafb164/out/vs/workbench/api/node/extensionHostProcess.js:63:2029)
	at d.fire (/home/ubuntu/.vscode-server/bin/e2816fe719a4026ffa1ee0189dc89bdfdbafb164/out/vs/workbench/api/node/extensionHostProcess.js:63:1667)
	at d.t (/home/ubuntu/.vscode-server/bin/e2816fe719a4026ffa1ee0189dc89bdfdbafb164/out/vs/workbench/api/node/extensionHostProcess.js:72:28518) setContext undefined
2023-02-06 08:28:24.928 [info] Extension host with pid 2494430 exiting with code 0
