2023-02-15 07:08:36.144 [info] 로그 수준: Info
2023-02-15 07:08:36.145 [info] "git"에서 찾은 git 유효성을 검사하는 중
2023-02-15 07:08:36.145 [info] "2.25.1"에서 git "git"을(를) 사용하는 중
2023-02-15 07:08:36.145 [info] > git rev-parse --show-toplevel [2ms]
2023-02-15 07:08:36.145 [info] > git rev-parse --git-dir --git-common-dir [16ms]
2023-02-15 07:08:36.145 [info] Open repository: /home/ubuntu
2023-02-15 07:08:36.145 [info] > git config --get commit.template [1ms]
2023-02-15 07:08:36.145 [info] > git rev-parse --show-toplevel [7ms]
2023-02-15 07:08:36.145 [info] > git rev-parse --show-toplevel [4ms]
2023-02-15 07:08:36.145 [info] > git for-each-ref --format=%(refname)%00%(upstream:short)%00%(objectname)%00%(upstream:track)%00%(upstream:remotename)%00%(upstream:remoteref) refs/heads/main refs/remotes/main [16ms]
2023-02-15 07:08:36.145 [info] > git rev-parse --show-toplevel [22ms]
2023-02-15 07:08:36.145 [info] > git for-each-ref --sort -committerdate --format %(refname) %(objectname) %(*objectname) [5ms]
2023-02-15 07:08:36.145 [info] > git rev-parse --show-toplevel [2ms]
2023-02-15 07:08:36.146 [info] > git rev-parse --show-toplevel [1ms]
2023-02-15 07:08:36.146 [info] > git rev-parse --show-toplevel [2ms]
2023-02-15 07:08:36.146 [info] > git rev-parse --show-toplevel [1ms]
2023-02-15 07:08:36.146 [info] > git rev-parse --show-toplevel [4ms]
2023-02-15 07:08:36.146 [info] > git rev-parse --show-toplevel [5ms]
2023-02-15 07:08:36.146 [info] > git rev-parse --show-toplevel [1ms]
2023-02-15 07:08:36.146 [info] > git rev-parse --show-toplevel [1ms]
2023-02-15 07:08:36.146 [info] > git status -z -uall [52ms]
2023-02-15 07:08:36.146 [info] > git rev-parse --show-toplevel [25ms]
2023-02-15 07:08:36.146 [info] > git config --get commit.template [3ms]
2023-02-15 07:08:36.146 [info] > git rev-parse --show-toplevel [1ms]
2023-02-15 07:08:36.146 [info] > git rev-parse --git-dir --git-common-dir [3ms]
2023-02-15 07:08:36.146 [info] Open repository: /home/ubuntu/kubespray
2023-02-15 07:08:36.147 [info] > git for-each-ref --format=%(refname)%00%(upstream:short)%00%(objectname)%00%(upstream:track)%00%(upstream:remotename)%00%(upstream:remoteref) refs/heads/main refs/remotes/main [13ms]
2023-02-15 07:08:36.147 [info] > git config --get commit.template [9ms]
2023-02-15 07:08:36.147 [info] > git rev-parse --show-toplevel [14ms]
2023-02-15 07:08:36.147 [info] > git for-each-ref --sort -committerdate --format %(refname) %(objectname) %(*objectname) [5ms]
2023-02-15 07:08:36.147 [info] > git rev-parse --show-toplevel [5ms]
2023-02-15 07:08:36.147 [info] > git for-each-ref --format %(refname) %(objectname) %(*objectname) refs/tags [4ms]
2023-02-15 07:08:36.147 [info] > git rev-parse --git-dir --git-common-dir [9ms]
2023-02-15 07:08:36.147 [info] Open repository: /home/ubuntu/nfs-subdir-external-provisioner
2023-02-15 07:08:36.147 [info] > git status -z -uall [20ms]
2023-02-15 07:08:36.147 [info] > git for-each-ref --sort -committerdate --format %(refname) %(objectname) %(*objectname) [17ms]
2023-02-15 07:08:36.147 [info] > git status -z -uall [45ms]
2023-02-15 07:08:36.147 [info] > git config --get commit.template [5ms]
2023-02-15 07:08:36.148 [info] > git rev-parse --show-toplevel [10ms]
2023-02-15 07:08:36.148 [info] > git for-each-ref --format=%(refname)%00%(upstream:short)%00%(objectname)%00%(upstream:track)%00%(upstream:remotename)%00%(upstream:remoteref) refs/heads/master refs/remotes/master [4ms]
2023-02-15 07:08:36.148 [info] > git for-each-ref --sort -committerdate --format %(refname) %(objectname) %(*objectname) [5ms]
2023-02-15 07:08:36.148 [info] > git status -z -uall [59ms]
2023-02-15 07:08:36.400 [info] > git show --textconv :db/mydb-cm-mysql.yaml [4ms]
2023-02-15 07:08:36.402 [info] > git ls-files --stage -- /home/ubuntu/db/mydb-cm-mysql.yaml [3ms]
2023-02-15 07:08:36.406 [info] > git cat-file -s 272cb53cf45bf32ef567ebad7a9741a2664011e6 [1ms]
2023-02-15 07:08:36.675 [info] > git check-ignore -v -z --stdin [16ms]
2023-02-15 07:08:36.677 [info] > git check-ignore -v -z --stdin [10ms]
2023-02-15 07:08:36.677 [info] > git check-ignore -v -z --stdin [4ms]
2023-02-15 07:10:08.421 [info] > git show --textconv :Jenkinsfile [5ms]
2023-02-15 07:10:08.423 [info] > git ls-files --stage -- /home/ubuntu/Jenkinsfile [2ms]
2023-02-15 07:10:08.427 [info] > git cat-file -s f0a58b15378cee13d8a2645a330d228fd54df974 [1ms]
2023-02-15 07:10:15.718 [info] > git check-ignore -v -z --stdin [5ms]
2023-02-15 07:10:15.719 [info] > git check-ignore -v -z --stdin [2ms]
2023-02-15 07:10:54.955 [info] > git check-ignore -v -z --stdin [3ms]
2023-02-15 07:10:56.929 [info] > git check-ignore -v -z --stdin [3ms]
2023-02-15 07:10:57.870 [info] > git check-ignore -v -z --stdin [3ms]
2023-02-15 07:49:05.391 [info] > git config --get commit.template [3ms]
2023-02-15 07:49:05.400 [info] > git for-each-ref --format=%(refname)%00%(upstream:short)%00%(objectname)%00%(upstream:track)%00%(upstream:remotename)%00%(upstream:remoteref) refs/heads/main refs/remotes/main [1ms]
2023-02-15 07:49:05.411 [info] > git for-each-ref --sort -committerdate --format %(refname) %(objectname) %(*objectname) [1ms]
2023-02-15 07:49:05.454 [info] > git status -z -uall [50ms]
2023-02-15 07:50:01.353 [info] > git config --get commit.template [9ms]
2023-02-15 07:50:01.355 [info] > git for-each-ref --format=%(refname)%00%(upstream:short)%00%(objectname)%00%(upstream:track)%00%(upstream:remotename)%00%(upstream:remoteref) refs/heads/main refs/remotes/main [3ms]
2023-02-15 07:50:01.368 [info] > git for-each-ref --sort -committerdate --format %(refname) %(objectname) %(*objectname) [1ms]
2023-02-15 07:50:01.405 [info] > git status -z -uall [45ms]
2023-02-15 07:50:06.414 [info] > git config --get commit.template [0ms]
2023-02-15 07:50:06.418 [info] > git for-each-ref --format=%(refname)%00%(upstream:short)%00%(objectname)%00%(upstream:track)%00%(upstream:remotename)%00%(upstream:remoteref) refs/heads/main refs/remotes/main [1ms]
2023-02-15 07:50:06.428 [info] > git for-each-ref --sort -committerdate --format %(refname) %(objectname) %(*objectname) [1ms]
2023-02-15 07:50:06.465 [info] > git status -z -uall [43ms]
2023-02-15 07:50:11.484 [info] > git config --get commit.template [7ms]
2023-02-15 07:50:11.485 [info] > git for-each-ref --format=%(refname)%00%(upstream:short)%00%(objectname)%00%(upstream:track)%00%(upstream:remotename)%00%(upstream:remoteref) refs/heads/main refs/remotes/main [3ms]
2023-02-15 07:50:11.502 [info] > git for-each-ref --sort -committerdate --format %(refname) %(objectname) %(*objectname) [1ms]
2023-02-15 07:50:11.541 [info] > git status -z -uall [49ms]
2023-02-15 07:50:16.558 [info] > git config --get commit.template [5ms]
2023-02-15 07:50:16.559 [info] > git for-each-ref --format=%(refname)%00%(upstream:short)%00%(objectname)%00%(upstream:track)%00%(upstream:remotename)%00%(upstream:remoteref) refs/heads/main refs/remotes/main [2ms]
2023-02-15 07:50:16.568 [info] > git for-each-ref --sort -committerdate --format %(refname) %(objectname) %(*objectname) [1ms]
2023-02-15 07:50:16.605 [info] > git status -z -uall [42ms]
2023-02-15 07:50:21.619 [info] > git config --get commit.template [6ms]
2023-02-15 07:50:21.619 [info] > git for-each-ref --format=%(refname)%00%(upstream:short)%00%(objectname)%00%(upstream:track)%00%(upstream:remotename)%00%(upstream:remoteref) refs/heads/main refs/remotes/main [1ms]
2023-02-15 07:50:21.632 [info] > git for-each-ref --sort -committerdate --format %(refname) %(objectname) %(*objectname) [1ms]
2023-02-15 07:50:21.673 [info] > git status -z -uall [49ms]
2023-02-15 07:50:26.686 [info] > git config --get commit.template [3ms]
2023-02-15 07:50:26.687 [info] > git for-each-ref --format=%(refname)%00%(upstream:short)%00%(objectname)%00%(upstream:track)%00%(upstream:remotename)%00%(upstream:remoteref) refs/heads/main refs/remotes/main [1ms]
2023-02-15 07:50:26.694 [info] > git for-each-ref --sort -committerdate --format %(refname) %(objectname) %(*objectname) [1ms]
2023-02-15 07:50:26.732 [info] > git status -z -uall [42ms]
2023-02-15 07:50:31.746 [info] > git config --get commit.template [5ms]
2023-02-15 07:50:31.746 [info] > git for-each-ref --format=%(refname)%00%(upstream:short)%00%(objectname)%00%(upstream:track)%00%(upstream:remotename)%00%(upstream:remoteref) refs/heads/main refs/remotes/main [1ms]
2023-02-15 07:50:31.758 [info] > git for-each-ref --sort -committerdate --format %(refname) %(objectname) %(*objectname) [2ms]
2023-02-15 07:50:31.799 [info] > git status -z -uall [49ms]
2023-02-15 07:50:36.812 [info] > git config --get commit.template [4ms]
2023-02-15 07:50:36.813 [info] > git for-each-ref --format=%(refname)%00%(upstream:short)%00%(objectname)%00%(upstream:track)%00%(upstream:remotename)%00%(upstream:remoteref) refs/heads/main refs/remotes/main [2ms]
2023-02-15 07:50:36.820 [info] > git for-each-ref --sort -committerdate --format %(refname) %(objectname) %(*objectname) [1ms]
2023-02-15 07:50:36.859 [info] > git status -z -uall [43ms]
2023-02-15 07:50:41.879 [info] > git config --get commit.template [8ms]
2023-02-15 07:50:41.880 [info] > git for-each-ref --format=%(refname)%00%(upstream:short)%00%(objectname)%00%(upstream:track)%00%(upstream:remotename)%00%(upstream:remoteref) refs/heads/main refs/remotes/main [2ms]
2023-02-15 07:50:41.893 [info] > git for-each-ref --sort -committerdate --format %(refname) %(objectname) %(*objectname) [1ms]
2023-02-15 07:50:41.930 [info] > git status -z -uall [45ms]
2023-02-15 07:50:46.949 [info] > git config --get commit.template [7ms]
2023-02-15 07:50:46.949 [info] > git for-each-ref --format=%(refname)%00%(upstream:short)%00%(objectname)%00%(upstream:track)%00%(upstream:remotename)%00%(upstream:remoteref) refs/heads/main refs/remotes/main [2ms]
2023-02-15 07:50:46.961 [info] > git for-each-ref --sort -committerdate --format %(refname) %(objectname) %(*objectname) [1ms]
2023-02-15 07:50:47.003 [info] > git status -z -uall [48ms]
2023-02-15 07:50:52.017 [info] > git config --get commit.template [4ms]
2023-02-15 07:50:52.017 [info] > git for-each-ref --format=%(refname)%00%(upstream:short)%00%(objectname)%00%(upstream:track)%00%(upstream:remotename)%00%(upstream:remoteref) refs/heads/main refs/remotes/main [1ms]
2023-02-15 07:50:52.055 [info] > git for-each-ref --sort -committerdate --format %(refname) %(objectname) %(*objectname) [28ms]
2023-02-15 07:50:52.101 [info] > git status -z -uall [81ms]
2023-02-15 07:50:57.114 [info] > git config --get commit.template [3ms]
2023-02-15 07:50:57.115 [info] > git for-each-ref --format=%(refname)%00%(upstream:short)%00%(objectname)%00%(upstream:track)%00%(upstream:remotename)%00%(upstream:remoteref) refs/heads/main refs/remotes/main [1ms]
2023-02-15 07:50:57.122 [info] > git for-each-ref --sort -committerdate --format %(refname) %(objectname) %(*objectname) [1ms]
2023-02-15 07:50:57.163 [info] > git status -z -uall [45ms]
2023-02-15 07:51:02.180 [info] > git config --get commit.template [5ms]
2023-02-15 07:51:02.181 [info] > git for-each-ref --format=%(refname)%00%(upstream:short)%00%(objectname)%00%(upstream:track)%00%(upstream:remotename)%00%(upstream:remoteref) refs/heads/main refs/remotes/main [1ms]
2023-02-15 07:51:02.193 [info] > git for-each-ref --sort -committerdate --format %(refname) %(objectname) %(*objectname) [4ms]
2023-02-15 07:51:02.234 [info] > git status -z -uall [48ms]
2023-02-15 07:51:07.244 [info] > git config --get commit.template [3ms]
2023-02-15 07:51:07.245 [info] > git for-each-ref --format=%(refname)%00%(upstream:short)%00%(objectname)%00%(upstream:track)%00%(upstream:remotename)%00%(upstream:remoteref) refs/heads/main refs/remotes/main [1ms]
2023-02-15 07:51:07.252 [info] > git for-each-ref --sort -committerdate --format %(refname) %(objectname) %(*objectname) [1ms]
2023-02-15 07:51:07.296 [info] > git status -z -uall [48ms]
2023-02-15 07:51:12.308 [info] > git config --get commit.template [4ms]
2023-02-15 07:51:12.309 [info] > git for-each-ref --format=%(refname)%00%(upstream:short)%00%(objectname)%00%(upstream:track)%00%(upstream:remotename)%00%(upstream:remoteref) refs/heads/main refs/remotes/main [2ms]
2023-02-15 07:51:12.319 [info] > git for-each-ref --sort -committerdate --format %(refname) %(objectname) %(*objectname) [1ms]
2023-02-15 07:51:12.356 [info] > git status -z -uall [44ms]
2023-02-15 07:51:17.366 [info] > git config --get commit.template [3ms]
2023-02-15 07:51:17.368 [info] > git for-each-ref --format=%(refname)%00%(upstream:short)%00%(objectname)%00%(upstream:track)%00%(upstream:remotename)%00%(upstream:remoteref) refs/heads/main refs/remotes/main [1ms]
2023-02-15 07:51:17.379 [info] > git for-each-ref --sort -committerdate --format %(refname) %(objectname) %(*objectname) [1ms]
2023-02-15 07:51:17.414 [info] > git status -z -uall [43ms]
2023-02-15 07:51:22.426 [info] > git config --get commit.template [3ms]
2023-02-15 07:51:22.426 [info] > git for-each-ref --format=%(refname)%00%(upstream:short)%00%(objectname)%00%(upstream:track)%00%(upstream:remotename)%00%(upstream:remoteref) refs/heads/main refs/remotes/main [1ms]
2023-02-15 07:51:22.433 [info] > git for-each-ref --sort -committerdate --format %(refname) %(objectname) %(*objectname) [1ms]
2023-02-15 07:51:22.472 [info] > git status -z -uall [43ms]
2023-02-15 07:51:27.484 [info] > git config --get commit.template [2ms]
2023-02-15 07:51:27.488 [info] > git for-each-ref --format=%(refname)%00%(upstream:short)%00%(objectname)%00%(upstream:track)%00%(upstream:remotename)%00%(upstream:remoteref) refs/heads/main refs/remotes/main [1ms]
2023-02-15 07:51:27.497 [info] > git for-each-ref --sort -committerdate --format %(refname) %(objectname) %(*objectname) [3ms]
2023-02-15 07:51:27.533 [info] > git status -z -uall [42ms]
2023-02-15 07:51:32.544 [info] > git config --get commit.template [3ms]
2023-02-15 07:51:32.544 [info] > git for-each-ref --format=%(refname)%00%(upstream:short)%00%(objectname)%00%(upstream:track)%00%(upstream:remotename)%00%(upstream:remoteref) refs/heads/main refs/remotes/main [1ms]
2023-02-15 07:51:32.555 [info] > git for-each-ref --sort -committerdate --format %(refname) %(objectname) %(*objectname) [1ms]
2023-02-15 07:51:32.590 [info] > git status -z -uall [43ms]
2023-02-15 07:51:37.600 [info] > git config --get commit.template [3ms]
2023-02-15 07:51:37.601 [info] > git for-each-ref --format=%(refname)%00%(upstream:short)%00%(objectname)%00%(upstream:track)%00%(upstream:remotename)%00%(upstream:remoteref) refs/heads/main refs/remotes/main [1ms]
2023-02-15 07:51:37.610 [info] > git for-each-ref --sort -committerdate --format %(refname) %(objectname) %(*objectname) [1ms]
2023-02-15 07:51:37.649 [info] > git status -z -uall [45ms]
2023-02-15 07:51:42.660 [info] > git config --get commit.template [4ms]
2023-02-15 07:51:42.661 [info] > git for-each-ref --format=%(refname)%00%(upstream:short)%00%(objectname)%00%(upstream:track)%00%(upstream:remotename)%00%(upstream:remoteref) refs/heads/main refs/remotes/main [1ms]
2023-02-15 07:51:42.668 [info] > git for-each-ref --sort -committerdate --format %(refname) %(objectname) %(*objectname) [1ms]
2023-02-15 07:51:42.713 [info] > git status -z -uall [49ms]
2023-02-15 07:51:47.723 [info] > git config --get commit.template [3ms]
2023-02-15 07:51:47.729 [info] > git for-each-ref --format=%(refname)%00%(upstream:short)%00%(objectname)%00%(upstream:track)%00%(upstream:remotename)%00%(upstream:remoteref) refs/heads/main refs/remotes/main [1ms]
2023-02-15 07:51:47.738 [info] > git for-each-ref --sort -committerdate --format %(refname) %(objectname) %(*objectname) [1ms]
2023-02-15 07:51:47.779 [info] > git status -z -uall [46ms]
2023-02-15 07:51:52.790 [info] > git config --get commit.template [3ms]
2023-02-15 07:51:52.791 [info] > git for-each-ref --format=%(refname)%00%(upstream:short)%00%(objectname)%00%(upstream:track)%00%(upstream:remotename)%00%(upstream:remoteref) refs/heads/main refs/remotes/main [1ms]
2023-02-15 07:51:52.800 [info] > git for-each-ref --sort -committerdate --format %(refname) %(objectname) %(*objectname) [1ms]
2023-02-15 07:51:52.835 [info] > git status -z -uall [42ms]
2023-02-15 07:51:57.849 [info] > git config --get commit.template [5ms]
2023-02-15 07:51:57.850 [info] > git for-each-ref --format=%(refname)%00%(upstream:short)%00%(objectname)%00%(upstream:track)%00%(upstream:remotename)%00%(upstream:remoteref) refs/heads/main refs/remotes/main [2ms]
2023-02-15 07:51:57.863 [info] > git for-each-ref --sort -committerdate --format %(refname) %(objectname) %(*objectname) [1ms]
2023-02-15 07:51:57.900 [info] > git status -z -uall [45ms]
2023-02-15 07:52:02.917 [info] > git config --get commit.template [7ms]
2023-02-15 07:52:02.918 [info] > git for-each-ref --format=%(refname)%00%(upstream:short)%00%(objectname)%00%(upstream:track)%00%(upstream:remotename)%00%(upstream:remoteref) refs/heads/main refs/remotes/main [2ms]
2023-02-15 07:52:02.933 [info] > git for-each-ref --sort -committerdate --format %(refname) %(objectname) %(*objectname) [1ms]
2023-02-15 07:52:02.970 [info] > git status -z -uall [46ms]
2023-02-15 07:52:07.982 [info] > git config --get commit.template [3ms]
2023-02-15 07:52:07.989 [info] > git for-each-ref --format=%(refname)%00%(upstream:short)%00%(objectname)%00%(upstream:track)%00%(upstream:remotename)%00%(upstream:remoteref) refs/heads/main refs/remotes/main [2ms]
2023-02-15 07:52:08.007 [info] > git for-each-ref --sort -committerdate --format %(refname) %(objectname) %(*objectname) [1ms]
2023-02-15 07:52:08.050 [info] > git status -z -uall [55ms]
2023-02-15 07:52:13.065 [info] > git config --get commit.template [6ms]
2023-02-15 07:52:13.066 [info] > git for-each-ref --format=%(refname)%00%(upstream:short)%00%(objectname)%00%(upstream:track)%00%(upstream:remotename)%00%(upstream:remoteref) refs/heads/main refs/remotes/main [2ms]
2023-02-15 07:52:13.078 [info] > git for-each-ref --sort -committerdate --format %(refname) %(objectname) %(*objectname) [0ms]
2023-02-15 07:52:13.112 [info] > git status -z -uall [42ms]
2023-02-15 07:52:18.129 [info] > git config --get commit.template [7ms]
2023-02-15 07:52:18.130 [info] > git for-each-ref --format=%(refname)%00%(upstream:short)%00%(objectname)%00%(upstream:track)%00%(upstream:remotename)%00%(upstream:remoteref) refs/heads/main refs/remotes/main [2ms]
2023-02-15 07:52:18.145 [info] > git for-each-ref --sort -committerdate --format %(refname) %(objectname) %(*objectname) [1ms]
2023-02-15 07:52:18.182 [info] > git status -z -uall [46ms]
2023-02-15 07:52:23.195 [info] > git config --get commit.template [4ms]
2023-02-15 07:52:23.196 [info] > git for-each-ref --format=%(refname)%00%(upstream:short)%00%(objectname)%00%(upstream:track)%00%(upstream:remotename)%00%(upstream:remoteref) refs/heads/main refs/remotes/main [1ms]
2023-02-15 07:52:23.205 [info] > git for-each-ref --sort -committerdate --format %(refname) %(objectname) %(*objectname) [1ms]
2023-02-15 07:52:23.241 [info] > git status -z -uall [41ms]
2023-02-15 07:52:28.255 [info] > git config --get commit.template [4ms]
2023-02-15 07:52:28.256 [info] > git for-each-ref --format=%(refname)%00%(upstream:short)%00%(objectname)%00%(upstream:track)%00%(upstream:remotename)%00%(upstream:remoteref) refs/heads/main refs/remotes/main [1ms]
2023-02-15 07:52:28.265 [info] > git for-each-ref --sort -committerdate --format %(refname) %(objectname) %(*objectname) [1ms]
2023-02-15 07:52:28.305 [info] > git status -z -uall [46ms]
2023-02-15 07:52:33.318 [info] > git config --get commit.template [4ms]
2023-02-15 07:52:33.318 [info] > git for-each-ref --format=%(refname)%00%(upstream:short)%00%(objectname)%00%(upstream:track)%00%(upstream:remotename)%00%(upstream:remoteref) refs/heads/main refs/remotes/main [1ms]
2023-02-15 07:52:33.327 [info] > git for-each-ref --sort -committerdate --format %(refname) %(objectname) %(*objectname) [1ms]
2023-02-15 07:52:33.364 [info] > git status -z -uall [43ms]
2023-02-15 07:52:38.381 [info] > git config --get commit.template [7ms]
2023-02-15 07:52:38.382 [info] > git for-each-ref --format=%(refname)%00%(upstream:short)%00%(objectname)%00%(upstream:track)%00%(upstream:remotename)%00%(upstream:remoteref) refs/heads/main refs/remotes/main [2ms]
2023-02-15 07:52:38.394 [info] > git for-each-ref --sort -committerdate --format %(refname) %(objectname) %(*objectname) [2ms]
2023-02-15 07:52:38.431 [info] > git status -z -uall [44ms]
2023-02-15 07:52:43.444 [info] > git config --get commit.template [4ms]
2023-02-15 07:52:43.445 [info] > git for-each-ref --format=%(refname)%00%(upstream:short)%00%(objectname)%00%(upstream:track)%00%(upstream:remotename)%00%(upstream:remoteref) refs/heads/main refs/remotes/main [1ms]
2023-02-15 07:52:43.453 [info] > git for-each-ref --sort -committerdate --format %(refname) %(objectname) %(*objectname) [1ms]
2023-02-15 07:52:43.488 [info] > git status -z -uall [41ms]
2023-02-15 07:52:48.499 [info] > git config --get commit.template [4ms]
2023-02-15 07:52:48.500 [info] > git for-each-ref --format=%(refname)%00%(upstream:short)%00%(objectname)%00%(upstream:track)%00%(upstream:remotename)%00%(upstream:remoteref) refs/heads/main refs/remotes/main [1ms]
2023-02-15 07:52:48.510 [info] > git for-each-ref --sort -committerdate --format %(refname) %(objectname) %(*objectname) [2ms]
2023-02-15 07:52:48.563 [info] > git status -z -uall [60ms]
2023-02-15 07:52:53.578 [info] > git for-each-ref --format=%(refname)%00%(upstream:short)%00%(objectname)%00%(upstream:track)%00%(upstream:remotename)%00%(upstream:remoteref) refs/heads/main refs/remotes/main [1ms]
2023-02-15 07:52:53.578 [info] > git config --get commit.template [6ms]
2023-02-15 07:52:53.590 [info] > git for-each-ref --sort -committerdate --format %(refname) %(objectname) %(*objectname) [1ms]
2023-02-15 07:52:53.626 [info] > git status -z -uall [43ms]
2023-02-15 07:55:05.638 [info] > git config --get commit.template [6ms]
2023-02-15 07:55:05.639 [info] > git for-each-ref --format=%(refname)%00%(upstream:short)%00%(objectname)%00%(upstream:track)%00%(upstream:remotename)%00%(upstream:remoteref) refs/heads/main refs/remotes/main [2ms]
2023-02-15 07:55:05.651 [info] > git for-each-ref --sort -committerdate --format %(refname) %(objectname) %(*objectname) [2ms]
2023-02-15 07:55:05.686 [info] > git status -z -uall [43ms]
