2023-02-15 05:08:38.405 [info] Extension host with pid 3145902 started
2023-02-15 05:08:38.419 [info] Lock '/home/ubuntu/.vscode-server/data/User/workspaceStorage/3e23ce5bcb104025f2c3f395e703fecc/vscode.lock': Lock acquired.
2023-02-15 05:08:38.495 [info] ExtensionService#_doActivateExtension vscode.emmet, startup: false, activationEvent: 'onLanguage'
2023-02-15 05:08:38.497 [info] ExtensionService#_doActivateExtension vscode.git-base, startup: true, activationEvent: '*', root cause: vscode.git
2023-02-15 05:08:38.771 [info] ExtensionService#_doActivateExtension vscode.git, startup: true, activationEvent: '*'
2023-02-15 05:08:38.772 [info] ExtensionService#_doActivateExtension vscode.github, startup: true, activationEvent: '*'
2023-02-15 05:08:39.036 [info] ExtensionService#_doActivateExtension vscode.debug-auto-launch, startup: false, activationEvent: 'onStartupFinished'
2023-02-15 05:08:39.036 [info] ExtensionService#_doActivateExtension vscode.merge-conflict, startup: false, activationEvent: 'onStartupFinished'
2023-02-15 05:08:39.036 [info] Eager extensions activated
2023-02-15 05:08:39.192 [warning] [Decorations] CAPPING events from decorations provider vscode.git 1828
2023-02-15 05:08:39.559 [warning] [Decorations] CAPPING events from decorations provider vscode.git 1828
2023-02-15 05:09:55.865 [warning] [Decorations] CAPPING events from decorations provider vscode.git 1933
2023-02-15 05:10:00.954 [warning] [Decorations] CAPPING events from decorations provider vscode.git 1933
2023-02-15 05:10:06.045 [warning] [Decorations] CAPPING events from decorations provider vscode.git 1933
2023-02-15 05:10:11.135 [warning] [Decorations] CAPPING events from decorations provider vscode.git 1933
2023-02-15 05:18:42.472 [warning] [Decorations] CAPPING events from decorations provider vscode.git 1934
2023-02-15 10:16:01.811 [info] Extension host terminating: renderer disconnected for too long (1)
2023-02-15 10:16:01.812 [info] Lock '/home/ubuntu/.vscode-server/data/User/workspaceStorage/3e23ce5bcb104025f2c3f395e703fecc/vscode.lock': Marking the lockfile as scheduled to be released in 6000 ms.
2023-02-15 10:16:01.831 [error] Canceled: Canceled
	at new u (/home/ubuntu/.vscode-server/bin/441438abd1ac652551dbe4d408dfcec8a499b8bf/out/vs/workbench/api/node/extensionHostProcess.js:96:88070)
	at l.O (/home/ubuntu/.vscode-server/bin/441438abd1ac652551dbe4d408dfcec8a499b8bf/out/vs/workbench/api/node/extensionHostProcess.js:106:11276)
	at Proxy.V.<computed>.M.charCodeAt.V.<computed> (/home/ubuntu/.vscode-server/bin/441438abd1ac652551dbe4d408dfcec8a499b8bf/out/vs/workbench/api/node/extensionHostProcess.js:106:8557)
	at s.g (/home/ubuntu/.vscode-server/bin/441438abd1ac652551dbe4d408dfcec8a499b8bf/out/vs/workbench/api/node/extensionHostProcess.js:96:107430)
	at s.executeCommand (/home/ubuntu/.vscode-server/bin/441438abd1ac652551dbe4d408dfcec8a499b8bf/out/vs/workbench/api/node/extensionHostProcess.js:96:106806)
	at w.registerCommand.description (/home/ubuntu/.vscode-server/bin/441438abd1ac652551dbe4d408dfcec8a499b8bf/out/vs/workbench/api/node/extensionHostProcess.js:96:106099)
	at s.h (/home/ubuntu/.vscode-server/bin/441438abd1ac652551dbe4d408dfcec8a499b8bf/out/vs/workbench/api/node/extensionHostProcess.js:96:108016)
	at s.g (/home/ubuntu/.vscode-server/bin/441438abd1ac652551dbe4d408dfcec8a499b8bf/out/vs/workbench/api/node/extensionHostProcess.js:96:106906)
	at s.executeCommand (/home/ubuntu/.vscode-server/bin/441438abd1ac652551dbe4d408dfcec8a499b8bf/out/vs/workbench/api/node/extensionHostProcess.js:96:106806)
	at Object.executeCommand (/home/ubuntu/.vscode-server/bin/441438abd1ac652551dbe4d408dfcec8a499b8bf/out/vs/workbench/api/node/extensionHostProcess.js:117:30778)
	at D (/home/ubuntu/.vscode-server/bin/441438abd1ac652551dbe4d408dfcec8a499b8bf/extensions/git/dist/main.js:2:2055373)
	at f.invoke (/home/ubuntu/.vscode-server/bin/441438abd1ac652551dbe4d408dfcec8a499b8bf/out/vs/workbench/api/node/extensionHostProcess.js:63:145)
	at g.deliver (/home/ubuntu/.vscode-server/bin/441438abd1ac652551dbe4d408dfcec8a499b8bf/out/vs/workbench/api/node/extensionHostProcess.js:63:2029)
	at d.fire (/home/ubuntu/.vscode-server/bin/441438abd1ac652551dbe4d408dfcec8a499b8bf/out/vs/workbench/api/node/extensionHostProcess.js:63:1667)
	at Object.h [as dispose] (/home/ubuntu/.vscode-server/bin/441438abd1ac652551dbe4d408dfcec8a499b8bf/extensions/git/dist/main.js:2:2070210)
	at /home/ubuntu/.vscode-server/bin/441438abd1ac652551dbe4d408dfcec8a499b8bf/extensions/git/dist/main.js:2:2074277
	at Array.forEach (<anonymous>)
	at g.dispose (/home/ubuntu/.vscode-server/bin/441438abd1ac652551dbe4d408dfcec8a499b8bf/extensions/git/dist/main.js:2:2074263)
	at C.<anonymous> (/home/ubuntu/.vscode-server/bin/441438abd1ac652551dbe4d408dfcec8a499b8bf/out/vs/workbench/api/node/extensionHostProcess.js:94:12431)
	at C.dispose (/home/ubuntu/.vscode-server/bin/441438abd1ac652551dbe4d408dfcec8a499b8bf/out/vs/workbench/api/node/extensionHostProcess.js:94:12566)
	at C.<anonymous> (/home/ubuntu/.vscode-server/bin/441438abd1ac652551dbe4d408dfcec8a499b8bf/extensions/git/dist/main.js:2:2057503)
	at C.dispose (/home/ubuntu/.vscode-server/bin/441438abd1ac652551dbe4d408dfcec8a499b8bf/out/vs/workbench/api/node/extensionHostProcess.js:94:12566)
	at T (/home/ubuntu/.vscode-server/bin/441438abd1ac652551dbe4d408dfcec8a499b8bf/out/vs/workbench/api/node/extensionHostProcess.js:10:12072)
	at f.X (/home/ubuntu/.vscode-server/bin/441438abd1ac652551dbe4d408dfcec8a499b8bf/out/vs/workbench/api/node/extensionHostProcess.js:108:11242)
	at /home/ubuntu/.vscode-server/bin/441438abd1ac652551dbe4d408dfcec8a499b8bf/out/vs/workbench/api/node/extensionHostProcess.js:108:9037
	at Array.map (<anonymous>)
	at f.Q (/home/ubuntu/.vscode-server/bin/441438abd1ac652551dbe4d408dfcec8a499b8bf/out/vs/workbench/api/node/extensionHostProcess.js:108:9024)
	at f.terminate (/home/ubuntu/.vscode-server/bin/441438abd1ac652551dbe4d408dfcec8a499b8bf/out/vs/workbench/api/node/extensionHostProcess.js:108:9298)
	at h.terminate (/home/ubuntu/.vscode-server/bin/441438abd1ac652551dbe4d408dfcec8a499b8bf/out/vs/workbench/api/node/extensionHostProcess.js:112:1397)
	at p (/home/ubuntu/.vscode-server/bin/441438abd1ac652551dbe4d408dfcec8a499b8bf/out/vs/workbench/api/node/extensionHostProcess.js:122:17851)
	at M.a (/home/ubuntu/.vscode-server/bin/441438abd1ac652551dbe4d408dfcec8a499b8bf/out/vs/workbench/api/node/extensionHostProcess.js:122:14319)
	at M.h (/home/ubuntu/.vscode-server/bin/441438abd1ac652551dbe4d408dfcec8a499b8bf/out/vs/workbench/api/node/extensionHostProcess.js:66:46705)
	at listOnTimeout (node:internal/timers:559:17)
	at processTimers (node:internal/timers:502:7) setContext undefined
2023-02-15 10:16:01.831 [error] Canceled: Canceled
	at new u (/home/ubuntu/.vscode-server/bin/441438abd1ac652551dbe4d408dfcec8a499b8bf/out/vs/workbench/api/node/extensionHostProcess.js:96:88070)
	at l.O (/home/ubuntu/.vscode-server/bin/441438abd1ac652551dbe4d408dfcec8a499b8bf/out/vs/workbench/api/node/extensionHostProcess.js:106:11276)
	at Proxy.V.<computed>.M.charCodeAt.V.<computed> (/home/ubuntu/.vscode-server/bin/441438abd1ac652551dbe4d408dfcec8a499b8bf/out/vs/workbench/api/node/extensionHostProcess.js:106:8557)
	at s.g (/home/ubuntu/.vscode-server/bin/441438abd1ac652551dbe4d408dfcec8a499b8bf/out/vs/workbench/api/node/extensionHostProcess.js:96:107430)
	at s.executeCommand (/home/ubuntu/.vscode-server/bin/441438abd1ac652551dbe4d408dfcec8a499b8bf/out/vs/workbench/api/node/extensionHostProcess.js:96:106806)
	at w.registerCommand.description (/home/ubuntu/.vscode-server/bin/441438abd1ac652551dbe4d408dfcec8a499b8bf/out/vs/workbench/api/node/extensionHostProcess.js:96:106099)
	at s.h (/home/ubuntu/.vscode-server/bin/441438abd1ac652551dbe4d408dfcec8a499b8bf/out/vs/workbench/api/node/extensionHostProcess.js:96:108016)
	at s.g (/home/ubuntu/.vscode-server/bin/441438abd1ac652551dbe4d408dfcec8a499b8bf/out/vs/workbench/api/node/extensionHostProcess.js:96:106906)
	at s.executeCommand (/home/ubuntu/.vscode-server/bin/441438abd1ac652551dbe4d408dfcec8a499b8bf/out/vs/workbench/api/node/extensionHostProcess.js:96:106806)
	at Object.executeCommand (/home/ubuntu/.vscode-server/bin/441438abd1ac652551dbe4d408dfcec8a499b8bf/out/vs/workbench/api/node/extensionHostProcess.js:117:30778)
	at D (/home/ubuntu/.vscode-server/bin/441438abd1ac652551dbe4d408dfcec8a499b8bf/extensions/git/dist/main.js:2:2055373)
	at f.invoke (/home/ubuntu/.vscode-server/bin/441438abd1ac652551dbe4d408dfcec8a499b8bf/out/vs/workbench/api/node/extensionHostProcess.js:63:145)
	at g.deliver (/home/ubuntu/.vscode-server/bin/441438abd1ac652551dbe4d408dfcec8a499b8bf/out/vs/workbench/api/node/extensionHostProcess.js:63:2029)
	at d.fire (/home/ubuntu/.vscode-server/bin/441438abd1ac652551dbe4d408dfcec8a499b8bf/out/vs/workbench/api/node/extensionHostProcess.js:63:1667)
	at Object.h [as dispose] (/home/ubuntu/.vscode-server/bin/441438abd1ac652551dbe4d408dfcec8a499b8bf/extensions/git/dist/main.js:2:2070210)
	at /home/ubuntu/.vscode-server/bin/441438abd1ac652551dbe4d408dfcec8a499b8bf/extensions/git/dist/main.js:2:2074277
	at Array.forEach (<anonymous>)
	at g.dispose (/home/ubuntu/.vscode-server/bin/441438abd1ac652551dbe4d408dfcec8a499b8bf/extensions/git/dist/main.js:2:2074263)
	at C.<anonymous> (/home/ubuntu/.vscode-server/bin/441438abd1ac652551dbe4d408dfcec8a499b8bf/out/vs/workbench/api/node/extensionHostProcess.js:94:12431)
	at C.dispose (/home/ubuntu/.vscode-server/bin/441438abd1ac652551dbe4d408dfcec8a499b8bf/out/vs/workbench/api/node/extensionHostProcess.js:94:12566)
	at C.<anonymous> (/home/ubuntu/.vscode-server/bin/441438abd1ac652551dbe4d408dfcec8a499b8bf/extensions/git/dist/main.js:2:2057503)
	at C.dispose (/home/ubuntu/.vscode-server/bin/441438abd1ac652551dbe4d408dfcec8a499b8bf/out/vs/workbench/api/node/extensionHostProcess.js:94:12566)
	at T (/home/ubuntu/.vscode-server/bin/441438abd1ac652551dbe4d408dfcec8a499b8bf/out/vs/workbench/api/node/extensionHostProcess.js:10:12072)
	at f.X (/home/ubuntu/.vscode-server/bin/441438abd1ac652551dbe4d408dfcec8a499b8bf/out/vs/workbench/api/node/extensionHostProcess.js:108:11242)
	at /home/ubuntu/.vscode-server/bin/441438abd1ac652551dbe4d408dfcec8a499b8bf/out/vs/workbench/api/node/extensionHostProcess.js:108:9037
	at Array.map (<anonymous>)
	at f.Q (/home/ubuntu/.vscode-server/bin/441438abd1ac652551dbe4d408dfcec8a499b8bf/out/vs/workbench/api/node/extensionHostProcess.js:108:9024)
	at f.terminate (/home/ubuntu/.vscode-server/bin/441438abd1ac652551dbe4d408dfcec8a499b8bf/out/vs/workbench/api/node/extensionHostProcess.js:108:9298)
	at h.terminate (/home/ubuntu/.vscode-server/bin/441438abd1ac652551dbe4d408dfcec8a499b8bf/out/vs/workbench/api/node/extensionHostProcess.js:112:1397)
	at p (/home/ubuntu/.vscode-server/bin/441438abd1ac652551dbe4d408dfcec8a499b8bf/out/vs/workbench/api/node/extensionHostProcess.js:122:17851)
	at M.a (/home/ubuntu/.vscode-server/bin/441438abd1ac652551dbe4d408dfcec8a499b8bf/out/vs/workbench/api/node/extensionHostProcess.js:122:14319)
	at M.h (/home/ubuntu/.vscode-server/bin/441438abd1ac652551dbe4d408dfcec8a499b8bf/out/vs/workbench/api/node/extensionHostProcess.js:66:46705)
	at listOnTimeout (node:internal/timers:559:17)
	at processTimers (node:internal/timers:502:7) setContext undefined
2023-02-15 10:16:01.831 [error] Canceled: Canceled
	at new u (/home/ubuntu/.vscode-server/bin/441438abd1ac652551dbe4d408dfcec8a499b8bf/out/vs/workbench/api/node/extensionHostProcess.js:96:88070)
	at l.O (/home/ubuntu/.vscode-server/bin/441438abd1ac652551dbe4d408dfcec8a499b8bf/out/vs/workbench/api/node/extensionHostProcess.js:106:11276)
	at Proxy.V.<computed>.M.charCodeAt.V.<computed> (/home/ubuntu/.vscode-server/bin/441438abd1ac652551dbe4d408dfcec8a499b8bf/out/vs/workbench/api/node/extensionHostProcess.js:106:8557)
	at s.g (/home/ubuntu/.vscode-server/bin/441438abd1ac652551dbe4d408dfcec8a499b8bf/out/vs/workbench/api/node/extensionHostProcess.js:96:107430)
	at s.executeCommand (/home/ubuntu/.vscode-server/bin/441438abd1ac652551dbe4d408dfcec8a499b8bf/out/vs/workbench/api/node/extensionHostProcess.js:96:106806)
	at w.registerCommand.description (/home/ubuntu/.vscode-server/bin/441438abd1ac652551dbe4d408dfcec8a499b8bf/out/vs/workbench/api/node/extensionHostProcess.js:96:106099)
	at s.h (/home/ubuntu/.vscode-server/bin/441438abd1ac652551dbe4d408dfcec8a499b8bf/out/vs/workbench/api/node/extensionHostProcess.js:96:108016)
	at s.g (/home/ubuntu/.vscode-server/bin/441438abd1ac652551dbe4d408dfcec8a499b8bf/out/vs/workbench/api/node/extensionHostProcess.js:96:106906)
	at s.executeCommand (/home/ubuntu/.vscode-server/bin/441438abd1ac652551dbe4d408dfcec8a499b8bf/out/vs/workbench/api/node/extensionHostProcess.js:96:106806)
	at Object.executeCommand (/home/ubuntu/.vscode-server/bin/441438abd1ac652551dbe4d408dfcec8a499b8bf/out/vs/workbench/api/node/extensionHostProcess.js:117:30778)
	at D (/home/ubuntu/.vscode-server/bin/441438abd1ac652551dbe4d408dfcec8a499b8bf/extensions/git/dist/main.js:2:2055373)
	at f.invoke (/home/ubuntu/.vscode-server/bin/441438abd1ac652551dbe4d408dfcec8a499b8bf/out/vs/workbench/api/node/extensionHostProcess.js:63:145)
	at g.deliver (/home/ubuntu/.vscode-server/bin/441438abd1ac652551dbe4d408dfcec8a499b8bf/out/vs/workbench/api/node/extensionHostProcess.js:63:2029)
	at d.fire (/home/ubuntu/.vscode-server/bin/441438abd1ac652551dbe4d408dfcec8a499b8bf/out/vs/workbench/api/node/extensionHostProcess.js:63:1667)
	at Object.h [as dispose] (/home/ubuntu/.vscode-server/bin/441438abd1ac652551dbe4d408dfcec8a499b8bf/extensions/git/dist/main.js:2:2070210)
	at /home/ubuntu/.vscode-server/bin/441438abd1ac652551dbe4d408dfcec8a499b8bf/extensions/git/dist/main.js:2:2074277
	at Array.forEach (<anonymous>)
	at g.dispose (/home/ubuntu/.vscode-server/bin/441438abd1ac652551dbe4d408dfcec8a499b8bf/extensions/git/dist/main.js:2:2074263)
	at C.<anonymous> (/home/ubuntu/.vscode-server/bin/441438abd1ac652551dbe4d408dfcec8a499b8bf/out/vs/workbench/api/node/extensionHostProcess.js:94:12431)
	at C.dispose (/home/ubuntu/.vscode-server/bin/441438abd1ac652551dbe4d408dfcec8a499b8bf/out/vs/workbench/api/node/extensionHostProcess.js:94:12566)
	at C.<anonymous> (/home/ubuntu/.vscode-server/bin/441438abd1ac652551dbe4d408dfcec8a499b8bf/extensions/git/dist/main.js:2:2057503)
	at C.dispose (/home/ubuntu/.vscode-server/bin/441438abd1ac652551dbe4d408dfcec8a499b8bf/out/vs/workbench/api/node/extensionHostProcess.js:94:12566)
	at T (/home/ubuntu/.vscode-server/bin/441438abd1ac652551dbe4d408dfcec8a499b8bf/out/vs/workbench/api/node/extensionHostProcess.js:10:12072)
	at f.X (/home/ubuntu/.vscode-server/bin/441438abd1ac652551dbe4d408dfcec8a499b8bf/out/vs/workbench/api/node/extensionHostProcess.js:108:11242)
	at /home/ubuntu/.vscode-server/bin/441438abd1ac652551dbe4d408dfcec8a499b8bf/out/vs/workbench/api/node/extensionHostProcess.js:108:9037
	at Array.map (<anonymous>)
	at f.Q (/home/ubuntu/.vscode-server/bin/441438abd1ac652551dbe4d408dfcec8a499b8bf/out/vs/workbench/api/node/extensionHostProcess.js:108:9024)
	at f.terminate (/home/ubuntu/.vscode-server/bin/441438abd1ac652551dbe4d408dfcec8a499b8bf/out/vs/workbench/api/node/extensionHostProcess.js:108:9298)
	at h.terminate (/home/ubuntu/.vscode-server/bin/441438abd1ac652551dbe4d408dfcec8a499b8bf/out/vs/workbench/api/node/extensionHostProcess.js:112:1397)
	at p (/home/ubuntu/.vscode-server/bin/441438abd1ac652551dbe4d408dfcec8a499b8bf/out/vs/workbench/api/node/extensionHostProcess.js:122:17851)
	at M.a (/home/ubuntu/.vscode-server/bin/441438abd1ac652551dbe4d408dfcec8a499b8bf/out/vs/workbench/api/node/extensionHostProcess.js:122:14319)
	at M.h (/home/ubuntu/.vscode-server/bin/441438abd1ac652551dbe4d408dfcec8a499b8bf/out/vs/workbench/api/node/extensionHostProcess.js:66:46705)
	at listOnTimeout (node:internal/timers:559:17)
	at processTimers (node:internal/timers:502:7) setContext undefined
2023-02-15 10:16:01.831 [info] Extension host with pid 3145902 exiting with code 0
