2023-02-06 04:27:56.822 [info] 로그 수준: Info
2023-02-06 04:27:56.822 [info] "git"에서 찾은 git 유효성을 검사하는 중
2023-02-06 04:27:56.822 [info] "2.25.1"에서 git "git"을(를) 사용하는 중
2023-02-06 04:27:56.822 [info] > git rev-parse --show-toplevel [7ms]
2023-02-06 04:27:56.822 [info] fatal: not a git repository (or any of the parent directories): .git
2023-02-06 04:27:56.822 [info] > git rev-parse --show-toplevel [27ms]
2023-02-06 04:27:56.822 [info] fatal: not a git repository (or any of the parent directories): .git
2023-02-06 04:27:56.822 [info] > git rev-parse --show-toplevel [5ms]
2023-02-06 04:27:56.822 [info] fatal: not a git repository (or any of the parent directories): .git
2023-02-06 04:27:56.822 [info] > git rev-parse --show-toplevel [1ms]
2023-02-06 04:27:56.822 [info] fatal: not a git repository (or any of the parent directories): .git
2023-02-06 04:27:56.822 [info] > git rev-parse --show-toplevel [14ms]
2023-02-06 04:27:56.822 [info] fatal: not a git repository (or any of the parent directories): .git
2023-02-06 04:27:56.822 [info] > git rev-parse --show-toplevel [3ms]
2023-02-06 04:27:56.822 [info] fatal: not a git repository (or any of the parent directories): .git
2023-02-06 04:27:56.822 [info] > git rev-parse --show-toplevel [1ms]
2023-02-06 04:27:56.822 [info] fatal: not a git repository (or any of the parent directories): .git
2023-02-06 04:27:56.822 [info] > git rev-parse --show-toplevel [2ms]
2023-02-06 04:27:56.822 [info] fatal: not a git repository (or any of the parent directories): .git
2023-02-06 04:27:56.822 [info] > git rev-parse --show-toplevel [2ms]
2023-02-06 04:27:56.822 [info] > git rev-parse --git-dir --git-common-dir [51ms]
2023-02-06 04:27:56.822 [info] Open repository: /home/ubuntu/kubespray
2023-02-06 04:27:56.822 [info] > git config --get commit.template [15ms]
2023-02-06 04:27:56.822 [info] > git rev-parse --show-toplevel [20ms]
2023-02-06 04:27:56.822 [info] fatal: not a git repository (or any of the parent directories): .git
2023-02-06 04:27:56.822 [info] > git rev-parse --show-toplevel [7ms]
2023-02-06 04:27:56.822 [info] > git for-each-ref --format %(refname) %(objectname) %(*objectname) refs/tags [7ms]
2023-02-06 04:27:56.822 [info] > git rev-parse --git-dir --git-common-dir [13ms]
2023-02-06 04:27:56.822 [info] Open repository: /home/ubuntu/nfs-subdir-external-provisioner
2023-02-06 04:27:56.822 [info] > git for-each-ref --sort -committerdate --format %(refname) %(objectname) %(*objectname) [16ms]
2023-02-06 04:27:56.822 [info] > git config --get commit.template [4ms]
2023-02-06 04:27:56.822 [info] > git rev-parse --show-toplevel [7ms]
2023-02-06 04:27:56.822 [info] fatal: not a git repository (or any of the parent directories): .git
2023-02-06 04:27:56.822 [info] > git rev-parse --show-toplevel [5ms]
2023-02-06 04:27:56.822 [info] fatal: not a git repository (or any of the parent directories): .git
2023-02-06 04:27:56.822 [info] > git status -z -uall [40ms]
2023-02-06 04:27:56.822 [info] > git for-each-ref --format=%(refname)%00%(upstream:short)%00%(objectname)%00%(upstream:track)%00%(upstream:remotename)%00%(upstream:remoteref) refs/heads/master refs/remotes/master [13ms]
2023-02-06 04:27:56.822 [info] > git rev-parse --show-toplevel [25ms]
2023-02-06 04:27:56.822 [info] fatal: not a git repository (or any of the parent directories): .git
2023-02-06 04:27:56.822 [info] > git config --get commit.template [9ms]
2023-02-06 04:27:56.822 [info] > git for-each-ref --sort -committerdate --format %(refname) %(objectname) %(*objectname) [3ms]
2023-02-06 04:27:56.822 [info] > git for-each-ref --format %(refname) %(objectname) %(*objectname) refs/tags [3ms]
2023-02-06 04:27:56.822 [info] > git for-each-ref --sort -committerdate --format %(refname) %(objectname) %(*objectname) [2ms]
2023-02-06 04:27:56.843 [info] > git status -z -uall [28ms]
2023-02-06 04:27:56.965 [info] > git status -z -uall [167ms]
2023-02-06 04:27:56.978 [info] > git config --get commit.template [4ms]
2023-02-06 04:27:56.979 [info] > git for-each-ref --format=%(refname)%00%(upstream:short)%00%(objectname)%00%(upstream:track)%00%(upstream:remotename)%00%(upstream:remoteref) refs/heads/master refs/remotes/master [1ms]
2023-02-06 04:27:56.988 [info] > git for-each-ref --sort -committerdate --format %(refname) %(objectname) %(*objectname) [2ms]
2023-02-06 04:27:57.118 [info] > git status -z -uall [135ms]
2023-02-06 04:27:57.327 [info] > git check-ignore -v -z --stdin [7ms]
2023-02-06 04:27:57.328 [info] > git check-ignore -v -z --stdin [2ms]
2023-02-06 04:29:45.416 [info] > git rev-parse --show-toplevel [2ms]
2023-02-06 04:29:45.416 [info] fatal: not a git repository (or any of the parent directories): .git
