2023-02-18 12:17:58.862 [info] 로그 수준: Info
2023-02-18 12:17:58.862 [info] "git"에서 찾은 git 유효성을 검사하는 중
2023-02-18 12:17:58.862 [info] "2.25.1"에서 git "git"을(를) 사용하는 중
2023-02-18 12:17:58.862 [info] > git rev-parse --show-toplevel [23ms]
2023-02-18 12:17:58.862 [info] > git rev-parse --git-dir --git-common-dir [2ms]
2023-02-18 12:17:58.862 [info] Open repository: /home/ubuntu
2023-02-18 12:17:58.862 [info] > git rev-parse --show-toplevel [6ms]
2023-02-18 12:17:58.862 [info] > git config --get commit.template [6ms]
2023-02-18 12:17:58.862 [info] > git rev-parse --show-toplevel [7ms]
2023-02-18 12:17:58.862 [info] > git for-each-ref --format=%(refname)%00%(upstream:short)%00%(objectname)%00%(upstream:track)%00%(upstream:remotename)%00%(upstream:remoteref) refs/heads/main refs/remotes/main [6ms]
2023-02-18 12:17:58.862 [info] > git rev-parse --show-toplevel [14ms]
2023-02-18 12:17:58.862 [info] > git rev-parse --show-toplevel [1ms]
2023-02-18 12:17:58.862 [info] > git for-each-ref --sort -committerdate --format %(refname) %(objectname) %(*objectname) [17ms]
2023-02-18 12:17:58.862 [info] > git rev-parse --show-toplevel [2ms]
2023-02-18 12:17:58.862 [info] > git rev-parse --show-toplevel [2ms]
2023-02-18 12:17:58.862 [info] > git rev-parse --show-toplevel [2ms]
2023-02-18 12:17:58.862 [info] > git rev-parse --show-toplevel [0ms]
2023-02-18 12:17:58.862 [info] > git rev-parse --show-toplevel [2ms]
2023-02-18 12:17:58.862 [info] > git rev-parse --show-toplevel [1ms]
2023-02-18 12:17:58.862 [info] > git rev-parse --show-toplevel [11ms]
2023-02-18 12:17:58.862 [info] > git status -z -uall [90ms]
2023-02-18 12:17:58.862 [info] > git rev-parse --show-toplevel [22ms]
2023-02-18 12:17:58.862 [info] > git config --get commit.template [6ms]
2023-02-18 12:17:58.862 [info] > git rev-parse --show-toplevel [2ms]
2023-02-18 12:17:58.862 [info] > git rev-parse --git-dir --git-common-dir [9ms]
2023-02-18 12:17:58.862 [info] Open repository: /home/ubuntu/kubespray
2023-02-18 12:17:58.862 [info] > git for-each-ref --format=%(refname)%00%(upstream:short)%00%(objectname)%00%(upstream:track)%00%(upstream:remotename)%00%(upstream:remoteref) refs/heads/main refs/remotes/main [21ms]
2023-02-18 12:17:58.862 [info] > git config --get commit.template [10ms]
2023-02-18 12:17:58.862 [info] > git rev-parse --show-toplevel [16ms]
2023-02-18 12:17:58.862 [info] > git for-each-ref --sort -committerdate --format %(refname) %(objectname) %(*objectname) [7ms]
2023-02-18 12:17:58.862 [info] > git rev-parse --show-toplevel [10ms]
2023-02-18 12:17:58.862 [info] > git for-each-ref --format %(refname) %(objectname) %(*objectname) refs/tags [6ms]
2023-02-18 12:17:58.862 [info] > git rev-parse --git-dir --git-common-dir [12ms]
2023-02-18 12:17:58.862 [info] Open repository: /home/ubuntu/nfs-subdir-external-provisioner
2023-02-18 12:17:58.862 [info] > git status -z -uall [103ms]
2023-02-18 12:17:58.862 [info] > git status -z -uall [70ms]
2023-02-18 12:17:58.862 [info] > git rev-parse --show-toplevel [56ms]
2023-02-18 12:17:58.862 [info] > git for-each-ref --sort -committerdate --format %(refname) %(objectname) %(*objectname) [78ms]
2023-02-18 12:17:58.862 [info] > git rev-parse --show-toplevel [18ms]
2023-02-18 12:17:58.862 [info] > git config --get commit.template [29ms]
2023-02-18 12:17:58.862 [info] > git for-each-ref --format=%(refname)%00%(upstream:short)%00%(objectname)%00%(upstream:track)%00%(upstream:remotename)%00%(upstream:remoteref) refs/heads/master refs/remotes/master [2ms]
2023-02-18 12:17:58.862 [info] > git for-each-ref --sort -committerdate --format %(refname) %(objectname) %(*objectname) [2ms]
2023-02-18 12:17:58.862 [info] > git status -z -uall [12ms]
2023-02-18 12:17:59.217 [info] > git show --textconv :wordpress/wordpress-deployment.yaml [7ms]
2023-02-18 12:17:59.219 [info] > git ls-files --stage -- /home/ubuntu/wordpress/wordpress-deployment.yaml [3ms]
2023-02-18 12:17:59.336 [info] > git check-ignore -v -z --stdin [13ms]
2023-02-18 12:17:59.337 [info] > git check-ignore -v -z --stdin [8ms]
2023-02-18 12:17:59.337 [info] > git check-ignore -v -z --stdin [3ms]
2023-02-18 12:18:58.425 [info] > git config --get commit.template [2ms]
2023-02-18 12:18:58.430 [info] > git for-each-ref --format=%(refname)%00%(upstream:short)%00%(objectname)%00%(upstream:track)%00%(upstream:remotename)%00%(upstream:remoteref) refs/heads/main refs/remotes/main [1ms]
2023-02-18 12:18:58.443 [info] > git for-each-ref --sort -committerdate --format %(refname) %(objectname) %(*objectname) [2ms]
2023-02-18 12:18:58.496 [info] > git status -z -uall [61ms]
2023-02-18 12:19:03.521 [info] > git config --get commit.template [8ms]
2023-02-18 12:19:03.521 [info] > git for-each-ref --format=%(refname)%00%(upstream:short)%00%(objectname)%00%(upstream:track)%00%(upstream:remotename)%00%(upstream:remoteref) refs/heads/main refs/remotes/main [2ms]
2023-02-18 12:19:03.535 [info] > git for-each-ref --sort -committerdate --format %(refname) %(objectname) %(*objectname) [1ms]
2023-02-18 12:19:03.594 [info] > git status -z -uall [67ms]
2023-02-18 12:19:08.615 [info] > git config --get commit.template [8ms]
2023-02-18 12:19:08.616 [info] > git for-each-ref --format=%(refname)%00%(upstream:short)%00%(objectname)%00%(upstream:track)%00%(upstream:remotename)%00%(upstream:remoteref) refs/heads/main refs/remotes/main [2ms]
2023-02-18 12:19:08.634 [info] > git for-each-ref --sort -committerdate --format %(refname) %(objectname) %(*objectname) [2ms]
2023-02-18 12:19:08.687 [info] > git status -z -uall [64ms]
2023-02-18 12:19:13.703 [info] > git config --get commit.template [2ms]
2023-02-18 12:19:13.713 [info] > git for-each-ref --format=%(refname)%00%(upstream:short)%00%(objectname)%00%(upstream:track)%00%(upstream:remotename)%00%(upstream:remoteref) refs/heads/main refs/remotes/main [2ms]
2023-02-18 12:19:13.725 [info] > git for-each-ref --sort -committerdate --format %(refname) %(objectname) %(*objectname) [2ms]
2023-02-18 12:19:13.775 [info] > git status -z -uall [57ms]
2023-02-18 12:19:18.790 [info] > git config --get commit.template [5ms]
2023-02-18 12:19:18.790 [info] > git for-each-ref --format=%(refname)%00%(upstream:short)%00%(objectname)%00%(upstream:track)%00%(upstream:remotename)%00%(upstream:remoteref) refs/heads/main refs/remotes/main [1ms]
2023-02-18 12:19:18.804 [info] > git for-each-ref --sort -committerdate --format %(refname) %(objectname) %(*objectname) [2ms]
2023-02-18 12:19:18.855 [info] > git status -z -uall [60ms]
2023-02-18 12:19:23.880 [info] > git config --get commit.template [9ms]
2023-02-18 12:19:23.880 [info] > git for-each-ref --format=%(refname)%00%(upstream:short)%00%(objectname)%00%(upstream:track)%00%(upstream:remotename)%00%(upstream:remoteref) refs/heads/main refs/remotes/main [2ms]
2023-02-18 12:19:23.899 [info] > git for-each-ref --sort -committerdate --format %(refname) %(objectname) %(*objectname) [2ms]
2023-02-18 12:19:23.948 [info] > git status -z -uall [60ms]
2023-02-18 12:19:28.961 [info] > git config --get commit.template [4ms]
2023-02-18 12:19:28.962 [info] > git for-each-ref --format=%(refname)%00%(upstream:short)%00%(objectname)%00%(upstream:track)%00%(upstream:remotename)%00%(upstream:remoteref) refs/heads/main refs/remotes/main [1ms]
2023-02-18 12:19:28.977 [info] > git for-each-ref --sort -committerdate --format %(refname) %(objectname) %(*objectname) [2ms]
2023-02-18 12:19:29.021 [info] > git status -z -uall [56ms]
2023-02-18 12:19:34.042 [info] > git config --get commit.template [5ms]
2023-02-18 12:19:34.042 [info] > git for-each-ref --format=%(refname)%00%(upstream:short)%00%(objectname)%00%(upstream:track)%00%(upstream:remotename)%00%(upstream:remoteref) refs/heads/main refs/remotes/main [1ms]
2023-02-18 12:19:34.056 [info] > git for-each-ref --sort -committerdate --format %(refname) %(objectname) %(*objectname) [1ms]
2023-02-18 12:19:34.109 [info] > git status -z -uall [60ms]
2023-02-18 12:19:39.132 [info] > git config --get commit.template [9ms]
2023-02-18 12:19:39.133 [info] > git for-each-ref --format=%(refname)%00%(upstream:short)%00%(objectname)%00%(upstream:track)%00%(upstream:remotename)%00%(upstream:remoteref) refs/heads/main refs/remotes/main [2ms]
2023-02-18 12:19:39.149 [info] > git for-each-ref --sort -committerdate --format %(refname) %(objectname) %(*objectname) [1ms]
2023-02-18 12:19:39.203 [info] > git status -z -uall [63ms]
2023-02-18 12:19:44.214 [info] > git config --get commit.template [1ms]
2023-02-18 12:19:44.220 [info] > git for-each-ref --format=%(refname)%00%(upstream:short)%00%(objectname)%00%(upstream:track)%00%(upstream:remotename)%00%(upstream:remoteref) refs/heads/main refs/remotes/main [1ms]
2023-02-18 12:19:44.233 [info] > git for-each-ref --sort -committerdate --format %(refname) %(objectname) %(*objectname) [1ms]
2023-02-18 12:19:44.288 [info] > git status -z -uall [63ms]
2023-02-18 12:19:49.312 [info] > git config --get commit.template [9ms]
2023-02-18 12:19:49.313 [info] > git for-each-ref --format=%(refname)%00%(upstream:short)%00%(objectname)%00%(upstream:track)%00%(upstream:remotename)%00%(upstream:remoteref) refs/heads/main refs/remotes/main [2ms]
2023-02-18 12:19:49.327 [info] > git for-each-ref --sort -committerdate --format %(refname) %(objectname) %(*objectname) [1ms]
2023-02-18 12:19:49.377 [info] > git status -z -uall [58ms]
2023-02-18 12:19:54.392 [info] > git config --get commit.template [5ms]
2023-02-18 12:19:54.392 [info] > git for-each-ref --format=%(refname)%00%(upstream:short)%00%(objectname)%00%(upstream:track)%00%(upstream:remotename)%00%(upstream:remoteref) refs/heads/main refs/remotes/main [1ms]
2023-02-18 12:19:54.403 [info] > git for-each-ref --sort -committerdate --format %(refname) %(objectname) %(*objectname) [1ms]
2023-02-18 12:19:54.456 [info] > git status -z -uall [60ms]
2023-02-18 12:19:59.473 [info] > git config --get commit.template [6ms]
2023-02-18 12:19:59.474 [info] > git for-each-ref --format=%(refname)%00%(upstream:short)%00%(objectname)%00%(upstream:track)%00%(upstream:remotename)%00%(upstream:remoteref) refs/heads/main refs/remotes/main [1ms]
2023-02-18 12:19:59.487 [info] > git for-each-ref --sort -committerdate --format %(refname) %(objectname) %(*objectname) [1ms]
2023-02-18 12:19:59.534 [info] > git status -z -uall [56ms]
2023-02-18 12:20:04.553 [info] > git config --get commit.template [6ms]
2023-02-18 12:20:04.553 [info] > git for-each-ref --format=%(refname)%00%(upstream:short)%00%(objectname)%00%(upstream:track)%00%(upstream:remotename)%00%(upstream:remoteref) refs/heads/main refs/remotes/main [1ms]
2023-02-18 12:20:04.566 [info] > git for-each-ref --sort -committerdate --format %(refname) %(objectname) %(*objectname) [1ms]
2023-02-18 12:20:04.614 [info] > git status -z -uall [56ms]
2023-02-18 12:20:09.630 [info] > git config --get commit.template [4ms]
2023-02-18 12:20:09.631 [info] > git for-each-ref --format=%(refname)%00%(upstream:short)%00%(objectname)%00%(upstream:track)%00%(upstream:remotename)%00%(upstream:remoteref) refs/heads/main refs/remotes/main [1ms]
2023-02-18 12:20:09.641 [info] > git for-each-ref --sort -committerdate --format %(refname) %(objectname) %(*objectname) [1ms]
2023-02-18 12:20:09.689 [info] > git status -z -uall [55ms]
2023-02-18 12:20:14.707 [info] > git config --get commit.template [5ms]
2023-02-18 12:20:14.707 [info] > git for-each-ref --format=%(refname)%00%(upstream:short)%00%(objectname)%00%(upstream:track)%00%(upstream:remotename)%00%(upstream:remoteref) refs/heads/main refs/remotes/main [1ms]
2023-02-18 12:20:14.718 [info] > git for-each-ref --sort -committerdate --format %(refname) %(objectname) %(*objectname) [1ms]
2023-02-18 12:20:14.771 [info] > git status -z -uall [59ms]
2023-02-18 12:20:19.786 [info] > git config --get commit.template [5ms]
2023-02-18 12:20:19.787 [info] > git for-each-ref --format=%(refname)%00%(upstream:short)%00%(objectname)%00%(upstream:track)%00%(upstream:remotename)%00%(upstream:remoteref) refs/heads/main refs/remotes/main [1ms]
2023-02-18 12:20:19.800 [info] > git for-each-ref --sort -committerdate --format %(refname) %(objectname) %(*objectname) [1ms]
2023-02-18 12:20:19.853 [info] > git status -z -uall [60ms]
2023-02-18 12:20:24.868 [info] > git config --get commit.template [4ms]
2023-02-18 12:20:24.869 [info] > git for-each-ref --format=%(refname)%00%(upstream:short)%00%(objectname)%00%(upstream:track)%00%(upstream:remotename)%00%(upstream:remoteref) refs/heads/main refs/remotes/main [1ms]
2023-02-18 12:20:24.879 [info] > git for-each-ref --sort -committerdate --format %(refname) %(objectname) %(*objectname) [3ms]
2023-02-18 12:20:24.928 [info] > git status -z -uall [56ms]
2023-02-18 12:20:29.950 [info] > git config --get commit.template [8ms]
2023-02-18 12:20:29.951 [info] > git for-each-ref --format=%(refname)%00%(upstream:short)%00%(objectname)%00%(upstream:track)%00%(upstream:remotename)%00%(upstream:remoteref) refs/heads/main refs/remotes/main [2ms]
2023-02-18 12:20:29.968 [info] > git for-each-ref --sort -committerdate --format %(refname) %(objectname) %(*objectname) [1ms]
2023-02-18 12:20:30.025 [info] > git status -z -uall [68ms]
2023-02-18 12:20:35.167 [info] > git config --get commit.template [4ms]
2023-02-18 12:20:35.168 [info] > git for-each-ref --format=%(refname)%00%(upstream:short)%00%(objectname)%00%(upstream:track)%00%(upstream:remotename)%00%(upstream:remoteref) refs/heads/main refs/remotes/main [1ms]
2023-02-18 12:20:35.180 [info] > git for-each-ref --sort -committerdate --format %(refname) %(objectname) %(*objectname) [2ms]
2023-02-18 12:20:35.235 [info] > git status -z -uall [63ms]
2023-02-18 12:20:40.439 [info] > git config --get commit.template [4ms]
2023-02-18 12:20:40.440 [info] > git for-each-ref --format=%(refname)%00%(upstream:short)%00%(objectname)%00%(upstream:track)%00%(upstream:remotename)%00%(upstream:remoteref) refs/heads/main refs/remotes/main [1ms]
2023-02-18 12:20:40.453 [info] > git for-each-ref --sort -committerdate --format %(refname) %(objectname) %(*objectname) [1ms]
2023-02-18 12:20:40.502 [info] > git status -z -uall [57ms]
2023-02-18 12:20:45.519 [info] > git config --get commit.template [5ms]
2023-02-18 12:20:45.519 [info] > git for-each-ref --format=%(refname)%00%(upstream:short)%00%(objectname)%00%(upstream:track)%00%(upstream:remotename)%00%(upstream:remoteref) refs/heads/main refs/remotes/main [1ms]
2023-02-18 12:20:45.530 [info] > git for-each-ref --sort -committerdate --format %(refname) %(objectname) %(*objectname) [0ms]
2023-02-18 12:20:45.578 [info] > git status -z -uall [55ms]
2023-02-18 12:20:50.594 [info] > git config --get commit.template [6ms]
2023-02-18 12:20:50.595 [info] > git for-each-ref --format=%(refname)%00%(upstream:short)%00%(objectname)%00%(upstream:track)%00%(upstream:remotename)%00%(upstream:remoteref) refs/heads/main refs/remotes/main [1ms]
2023-02-18 12:20:50.628 [info] > git for-each-ref --sort -committerdate --format %(refname) %(objectname) %(*objectname) [1ms]
2023-02-18 12:20:50.712 [info] > git status -z -uall [109ms]
2023-02-18 12:20:55.728 [info] > git config --get commit.template [5ms]
2023-02-18 12:20:55.728 [info] > git for-each-ref --format=%(refname)%00%(upstream:short)%00%(objectname)%00%(upstream:track)%00%(upstream:remotename)%00%(upstream:remoteref) refs/heads/main refs/remotes/main [1ms]
2023-02-18 12:20:55.740 [info] > git for-each-ref --sort -committerdate --format %(refname) %(objectname) %(*objectname) [2ms]
2023-02-18 12:20:55.790 [info] > git status -z -uall [58ms]
2023-02-18 12:21:00.806 [info] > git config --get commit.template [5ms]
2023-02-18 12:21:00.807 [info] > git for-each-ref --format=%(refname)%00%(upstream:short)%00%(objectname)%00%(upstream:track)%00%(upstream:remotename)%00%(upstream:remoteref) refs/heads/main refs/remotes/main [1ms]
2023-02-18 12:21:00.821 [info] > git for-each-ref --sort -committerdate --format %(refname) %(objectname) %(*objectname) [1ms]
2023-02-18 12:21:00.873 [info] > git status -z -uall [59ms]
2023-02-18 12:21:05.895 [info] > git config --get commit.template [8ms]
2023-02-18 12:21:05.896 [info] > git for-each-ref --format=%(refname)%00%(upstream:short)%00%(objectname)%00%(upstream:track)%00%(upstream:remotename)%00%(upstream:remoteref) refs/heads/main refs/remotes/main [2ms]
2023-02-18 12:21:05.910 [info] > git for-each-ref --sort -committerdate --format %(refname) %(objectname) %(*objectname) [1ms]
2023-02-18 12:21:05.960 [info] > git status -z -uall [59ms]
2023-02-18 12:21:10.976 [info] > git config --get commit.template [5ms]
2023-02-18 12:21:10.976 [info] > git for-each-ref --format=%(refname)%00%(upstream:short)%00%(objectname)%00%(upstream:track)%00%(upstream:remotename)%00%(upstream:remoteref) refs/heads/main refs/remotes/main [2ms]
2023-02-18 12:21:10.987 [info] > git for-each-ref --sort -committerdate --format %(refname) %(objectname) %(*objectname) [1ms]
2023-02-18 12:21:11.046 [info] > git status -z -uall [66ms]
2023-02-18 12:21:16.061 [info] > git config --get commit.template [5ms]
2023-02-18 12:21:16.061 [info] > git for-each-ref --format=%(refname)%00%(upstream:short)%00%(objectname)%00%(upstream:track)%00%(upstream:remotename)%00%(upstream:remoteref) refs/heads/main refs/remotes/main [1ms]
2023-02-18 12:21:16.077 [info] > git for-each-ref --sort -committerdate --format %(refname) %(objectname) %(*objectname) [3ms]
2023-02-18 12:21:16.130 [info] > git status -z -uall [64ms]
2023-02-18 12:21:21.150 [info] > git config --get commit.template [8ms]
2023-02-18 12:21:21.151 [info] > git for-each-ref --format=%(refname)%00%(upstream:short)%00%(objectname)%00%(upstream:track)%00%(upstream:remotename)%00%(upstream:remoteref) refs/heads/main refs/remotes/main [3ms]
2023-02-18 12:21:21.165 [info] > git for-each-ref --sort -committerdate --format %(refname) %(objectname) %(*objectname) [1ms]
2023-02-18 12:21:21.230 [info] > git status -z -uall [74ms]
2023-02-18 12:21:26.244 [info] > git config --get commit.template [5ms]
2023-02-18 12:21:26.245 [info] > git for-each-ref --format=%(refname)%00%(upstream:short)%00%(objectname)%00%(upstream:track)%00%(upstream:remotename)%00%(upstream:remoteref) refs/heads/main refs/remotes/main [2ms]
2023-02-18 12:21:26.264 [info] > git for-each-ref --sort -committerdate --format %(refname) %(objectname) %(*objectname) [7ms]
2023-02-18 12:21:26.322 [info] > git status -z -uall [73ms]
2023-02-18 12:21:31.336 [info] > git config --get commit.template [5ms]
2023-02-18 12:21:31.336 [info] > git for-each-ref --format=%(refname)%00%(upstream:short)%00%(objectname)%00%(upstream:track)%00%(upstream:remotename)%00%(upstream:remoteref) refs/heads/main refs/remotes/main [1ms]
2023-02-18 12:21:31.347 [info] > git for-each-ref --sort -committerdate --format %(refname) %(objectname) %(*objectname) [1ms]
2023-02-18 12:21:31.399 [info] > git status -z -uall [59ms]
2023-02-18 12:21:36.409 [info] > git config --get commit.template [1ms]
2023-02-18 12:21:36.415 [info] > git for-each-ref --format=%(refname)%00%(upstream:short)%00%(objectname)%00%(upstream:track)%00%(upstream:remotename)%00%(upstream:remoteref) refs/heads/main refs/remotes/main [1ms]
2023-02-18 12:21:36.426 [info] > git for-each-ref --sort -committerdate --format %(refname) %(objectname) %(*objectname) [1ms]
2023-02-18 12:21:36.476 [info] > git status -z -uall [57ms]
2023-02-18 12:21:41.491 [info] > git config --get commit.template [4ms]
2023-02-18 12:21:41.492 [info] > git for-each-ref --format=%(refname)%00%(upstream:short)%00%(objectname)%00%(upstream:track)%00%(upstream:remotename)%00%(upstream:remoteref) refs/heads/main refs/remotes/main [1ms]
2023-02-18 12:21:41.502 [info] > git for-each-ref --sort -committerdate --format %(refname) %(objectname) %(*objectname) [1ms]
2023-02-18 12:21:41.552 [info] > git status -z -uall [57ms]
2023-02-18 12:21:46.578 [info] > git config --get commit.template [16ms]
2023-02-18 12:21:46.578 [info] > git for-each-ref --format=%(refname)%00%(upstream:short)%00%(objectname)%00%(upstream:track)%00%(upstream:remotename)%00%(upstream:remoteref) refs/heads/main refs/remotes/main [10ms]
2023-02-18 12:21:46.599 [info] > git for-each-ref --sort -committerdate --format %(refname) %(objectname) %(*objectname) [9ms]
2023-02-18 12:21:46.644 [info] > git status -z -uall [60ms]
2023-02-18 12:21:51.660 [info] > git config --get commit.template [6ms]
2023-02-18 12:21:51.660 [info] > git for-each-ref --format=%(refname)%00%(upstream:short)%00%(objectname)%00%(upstream:track)%00%(upstream:remotename)%00%(upstream:remoteref) refs/heads/main refs/remotes/main [1ms]
2023-02-18 12:21:51.674 [info] > git for-each-ref --sort -committerdate --format %(refname) %(objectname) %(*objectname) [1ms]
2023-02-18 12:21:51.733 [info] > git status -z -uall [68ms]
2023-02-18 12:21:57.151 [info] > git for-each-ref --format=%(refname)%00%(upstream:short)%00%(objectname)%00%(upstream:track)%00%(upstream:remotename)%00%(upstream:remoteref) refs/heads/main refs/remotes/main [84ms]
2023-02-18 12:21:57.152 [info] > git config --get commit.template [280ms]
2023-02-18 12:21:57.283 [info] > git for-each-ref --sort -committerdate --format %(refname) %(objectname) %(*objectname) [35ms]
2023-02-18 12:21:57.604 [info] > git status -z -uall [428ms]
2023-02-18 12:22:20.348 [info] > git config --get commit.template [3ms]
2023-02-18 12:22:20.348 [info] > git for-each-ref --format=%(refname)%00%(upstream:short)%00%(objectname)%00%(upstream:track)%00%(upstream:remotename)%00%(upstream:remoteref) refs/heads/main refs/remotes/main [1ms]
2023-02-18 12:22:20.361 [info] > git for-each-ref --sort -committerdate --format %(refname) %(objectname) %(*objectname) [1ms]
2023-02-18 12:22:20.412 [info] > git status -z -uall [61ms]
2023-02-18 12:22:25.434 [info] > git config --get commit.template [8ms]
2023-02-18 12:22:25.435 [info] > git for-each-ref --format=%(refname)%00%(upstream:short)%00%(objectname)%00%(upstream:track)%00%(upstream:remotename)%00%(upstream:remoteref) refs/heads/main refs/remotes/main [2ms]
2023-02-18 12:22:25.450 [info] > git for-each-ref --sort -committerdate --format %(refname) %(objectname) %(*objectname) [1ms]
2023-02-18 12:22:25.501 [info] > git status -z -uall [60ms]
2023-02-18 12:22:30.516 [info] > git config --get commit.template [4ms]
2023-02-18 12:22:30.516 [info] > git for-each-ref --format=%(refname)%00%(upstream:short)%00%(objectname)%00%(upstream:track)%00%(upstream:remotename)%00%(upstream:remoteref) refs/heads/main refs/remotes/main [1ms]
2023-02-18 12:22:30.526 [info] > git for-each-ref --sort -committerdate --format %(refname) %(objectname) %(*objectname) [1ms]
2023-02-18 12:22:30.579 [info] > git status -z -uall [58ms]
2023-02-18 12:22:35.600 [info] > git config --get commit.template [8ms]
2023-02-18 12:22:35.601 [info] > git for-each-ref --format=%(refname)%00%(upstream:short)%00%(objectname)%00%(upstream:track)%00%(upstream:remotename)%00%(upstream:remoteref) refs/heads/main refs/remotes/main [2ms]
2023-02-18 12:22:35.615 [info] > git for-each-ref --sort -committerdate --format %(refname) %(objectname) %(*objectname) [1ms]
2023-02-18 12:22:35.665 [info] > git status -z -uall [58ms]
2023-02-18 12:27:27.901 [info] > git config --get commit.template [6ms]
2023-02-18 12:27:27.902 [info] > git for-each-ref --format=%(refname)%00%(upstream:short)%00%(objectname)%00%(upstream:track)%00%(upstream:remotename)%00%(upstream:remoteref) refs/heads/main refs/remotes/main [2ms]
2023-02-18 12:27:27.913 [info] > git for-each-ref --sort -committerdate --format %(refname) %(objectname) %(*objectname) [1ms]
2023-02-18 12:27:28.062 [info] > git status -z -uall [156ms]
2023-02-18 12:27:33.082 [info] > git config --get commit.template [5ms]
2023-02-18 12:27:33.082 [info] > git for-each-ref --format=%(refname)%00%(upstream:short)%00%(objectname)%00%(upstream:track)%00%(upstream:remotename)%00%(upstream:remoteref) refs/heads/main refs/remotes/main [1ms]
2023-02-18 12:27:33.093 [info] > git for-each-ref --sort -committerdate --format %(refname) %(objectname) %(*objectname) [2ms]
2023-02-18 12:27:33.142 [info] > git status -z -uall [56ms]
2023-02-18 12:27:38.164 [info] > git config --get commit.template [8ms]
2023-02-18 12:27:38.166 [info] > git for-each-ref --format=%(refname)%00%(upstream:short)%00%(objectname)%00%(upstream:track)%00%(upstream:remotename)%00%(upstream:remoteref) refs/heads/main refs/remotes/main [3ms]
2023-02-18 12:27:38.181 [info] > git for-each-ref --sort -committerdate --format %(refname) %(objectname) %(*objectname) [1ms]
2023-02-18 12:27:38.233 [info] > git status -z -uall [61ms]
2023-02-18 12:27:43.249 [info] > git config --get commit.template [5ms]
2023-02-18 12:27:43.250 [info] > git for-each-ref --format=%(refname)%00%(upstream:short)%00%(objectname)%00%(upstream:track)%00%(upstream:remotename)%00%(upstream:remoteref) refs/heads/main refs/remotes/main [1ms]
2023-02-18 12:27:43.262 [info] > git for-each-ref --sort -committerdate --format %(refname) %(objectname) %(*objectname) [0ms]
2023-02-18 12:27:43.309 [info] > git status -z -uall [55ms]
2023-02-18 12:27:48.323 [info] > git config --get commit.template [1ms]
2023-02-18 12:27:48.342 [info] > git for-each-ref --format=%(refname)%00%(upstream:short)%00%(objectname)%00%(upstream:track)%00%(upstream:remotename)%00%(upstream:remoteref) refs/heads/main refs/remotes/main [4ms]
2023-02-18 12:27:48.353 [info] > git for-each-ref --sort -committerdate --format %(refname) %(objectname) %(*objectname) [2ms]
2023-02-18 12:27:48.407 [info] > git status -z -uall [60ms]
2023-02-18 12:28:13.182 [info] > git config --get commit.template [4ms]
2023-02-18 12:28:13.183 [info] > git for-each-ref --format=%(refname)%00%(upstream:short)%00%(objectname)%00%(upstream:track)%00%(upstream:remotename)%00%(upstream:remoteref) refs/heads/main refs/remotes/main [1ms]
2023-02-18 12:28:13.195 [info] > git for-each-ref --sort -committerdate --format %(refname) %(objectname) %(*objectname) [1ms]
2023-02-18 12:28:13.244 [info] > git status -z -uall [56ms]
2023-02-18 12:28:18.259 [info] > git config --get commit.template [4ms]
2023-02-18 12:28:18.259 [info] > git for-each-ref --format=%(refname)%00%(upstream:short)%00%(objectname)%00%(upstream:track)%00%(upstream:remotename)%00%(upstream:remoteref) refs/heads/main refs/remotes/main [1ms]
2023-02-18 12:28:18.270 [info] > git for-each-ref --sort -committerdate --format %(refname) %(objectname) %(*objectname) [2ms]
2023-02-18 12:28:18.323 [info] > git status -z -uall [60ms]
2023-02-18 12:28:23.339 [info] > git config --get commit.template [4ms]
2023-02-18 12:28:23.340 [info] > git for-each-ref --format=%(refname)%00%(upstream:short)%00%(objectname)%00%(upstream:track)%00%(upstream:remotename)%00%(upstream:remoteref) refs/heads/main refs/remotes/main [1ms]
2023-02-18 12:28:23.351 [info] > git for-each-ref --sort -committerdate --format %(refname) %(objectname) %(*objectname) [1ms]
2023-02-18 12:28:23.399 [info] > git status -z -uall [56ms]
2023-02-18 12:28:28.415 [info] > git config --get commit.template [2ms]
2023-02-18 12:28:28.426 [info] > git for-each-ref --format=%(refname)%00%(upstream:short)%00%(objectname)%00%(upstream:track)%00%(upstream:remotename)%00%(upstream:remoteref) refs/heads/main refs/remotes/main [2ms]
2023-02-18 12:28:28.438 [info] > git for-each-ref --sort -committerdate --format %(refname) %(objectname) %(*objectname) [1ms]
2023-02-18 12:28:28.493 [info] > git status -z -uall [62ms]
2023-02-18 12:28:40.313 [info] > git config --get commit.template [8ms]
2023-02-18 12:28:40.314 [info] > git for-each-ref --format=%(refname)%00%(upstream:short)%00%(objectname)%00%(upstream:track)%00%(upstream:remotename)%00%(upstream:remoteref) refs/heads/main refs/remotes/main [2ms]
2023-02-18 12:28:40.332 [info] > git for-each-ref --sort -committerdate --format %(refname) %(objectname) %(*objectname) [1ms]
2023-02-18 12:28:40.386 [info] > git status -z -uall [65ms]
2023-02-18 12:28:47.410 [info] > git config --get commit.template [4ms]
2023-02-18 12:28:47.410 [info] > git for-each-ref --format=%(refname)%00%(upstream:short)%00%(objectname)%00%(upstream:track)%00%(upstream:remotename)%00%(upstream:remoteref) refs/heads/main refs/remotes/main [1ms]
2023-02-18 12:28:47.420 [info] > git for-each-ref --sort -committerdate --format %(refname) %(objectname) %(*objectname) [0ms]
2023-02-18 12:28:47.474 [info] > git status -z -uall [60ms]
2023-02-18 12:28:52.490 [info] > git config --get commit.template [5ms]
2023-02-18 12:28:52.490 [info] > git for-each-ref --format=%(refname)%00%(upstream:short)%00%(objectname)%00%(upstream:track)%00%(upstream:remotename)%00%(upstream:remoteref) refs/heads/main refs/remotes/main [1ms]
2023-02-18 12:28:52.501 [info] > git for-each-ref --sort -committerdate --format %(refname) %(objectname) %(*objectname) [2ms]
2023-02-18 12:28:52.551 [info] > git status -z -uall [57ms]
2023-02-18 12:28:57.566 [info] > git config --get commit.template [5ms]
2023-02-18 12:28:57.566 [info] > git for-each-ref --format=%(refname)%00%(upstream:short)%00%(objectname)%00%(upstream:track)%00%(upstream:remotename)%00%(upstream:remoteref) refs/heads/main refs/remotes/main [1ms]
2023-02-18 12:28:57.576 [info] > git for-each-ref --sort -committerdate --format %(refname) %(objectname) %(*objectname) [1ms]
2023-02-18 12:28:57.627 [info] > git status -z -uall [57ms]
2023-02-18 12:29:02.640 [info] > git config --get commit.template [4ms]
2023-02-18 12:29:02.641 [info] > git for-each-ref --format=%(refname)%00%(upstream:short)%00%(objectname)%00%(upstream:track)%00%(upstream:remotename)%00%(upstream:remoteref) refs/heads/main refs/remotes/main [1ms]
2023-02-18 12:29:02.652 [info] > git for-each-ref --sort -committerdate --format %(refname) %(objectname) %(*objectname) [1ms]
2023-02-18 12:29:02.705 [info] > git status -z -uall [60ms]
2023-02-18 12:29:33.613 [info] > git config --get commit.template [4ms]
2023-02-18 12:29:33.613 [info] > git for-each-ref --format=%(refname)%00%(upstream:short)%00%(objectname)%00%(upstream:track)%00%(upstream:remotename)%00%(upstream:remoteref) refs/heads/main refs/remotes/main [1ms]
2023-02-18 12:29:33.624 [info] > git for-each-ref --sort -committerdate --format %(refname) %(objectname) %(*objectname) [0ms]
2023-02-18 12:29:33.674 [info] > git status -z -uall [56ms]
2023-02-18 12:29:38.692 [info] > git config --get commit.template [6ms]
2023-02-18 12:29:38.693 [info] > git for-each-ref --format=%(refname)%00%(upstream:short)%00%(objectname)%00%(upstream:track)%00%(upstream:remotename)%00%(upstream:remoteref) refs/heads/main refs/remotes/main [1ms]
2023-02-18 12:29:38.705 [info] > git for-each-ref --sort -committerdate --format %(refname) %(objectname) %(*objectname) [2ms]
2023-02-18 12:29:38.759 [info] > git status -z -uall [62ms]
2023-02-18 12:29:43.776 [info] > git config --get commit.template [7ms]
2023-02-18 12:29:43.776 [info] > git for-each-ref --format=%(refname)%00%(upstream:short)%00%(objectname)%00%(upstream:track)%00%(upstream:remotename)%00%(upstream:remoteref) refs/heads/main refs/remotes/main [1ms]
2023-02-18 12:29:43.793 [info] > git for-each-ref --sort -committerdate --format %(refname) %(objectname) %(*objectname) [2ms]
2023-02-18 12:29:43.846 [info] > git status -z -uall [63ms]
2023-02-18 12:29:48.864 [info] > git config --get commit.template [8ms]
2023-02-18 12:29:48.864 [info] > git for-each-ref --format=%(refname)%00%(upstream:short)%00%(objectname)%00%(upstream:track)%00%(upstream:remotename)%00%(upstream:remoteref) refs/heads/main refs/remotes/main [2ms]
2023-02-18 12:29:48.881 [info] > git for-each-ref --sort -committerdate --format %(refname) %(objectname) %(*objectname) [1ms]
2023-02-18 12:29:48.934 [info] > git status -z -uall [64ms]
2023-02-18 12:29:53.950 [info] > git config --get commit.template [5ms]
2023-02-18 12:29:53.951 [info] > git for-each-ref --format=%(refname)%00%(upstream:short)%00%(objectname)%00%(upstream:track)%00%(upstream:remotename)%00%(upstream:remoteref) refs/heads/main refs/remotes/main [1ms]
2023-02-18 12:29:53.961 [info] > git for-each-ref --sort -committerdate --format %(refname) %(objectname) %(*objectname) [1ms]
2023-02-18 12:29:54.009 [info] > git status -z -uall [55ms]
2023-02-18 12:29:59.033 [info] > git config --get commit.template [9ms]
2023-02-18 12:29:59.034 [info] > git for-each-ref --format=%(refname)%00%(upstream:short)%00%(objectname)%00%(upstream:track)%00%(upstream:remotename)%00%(upstream:remoteref) refs/heads/main refs/remotes/main [2ms]
2023-02-18 12:29:59.052 [info] > git for-each-ref --sort -committerdate --format %(refname) %(objectname) %(*objectname) [1ms]
2023-02-18 12:29:59.101 [info] > git status -z -uall [60ms]
2023-02-18 12:30:04.119 [info] > git config --get commit.template [7ms]
2023-02-18 12:30:04.119 [info] > git for-each-ref --format=%(refname)%00%(upstream:short)%00%(objectname)%00%(upstream:track)%00%(upstream:remotename)%00%(upstream:remoteref) refs/heads/main refs/remotes/main [1ms]
2023-02-18 12:30:04.137 [info] > git for-each-ref --sort -committerdate --format %(refname) %(objectname) %(*objectname) [1ms]
2023-02-18 12:30:04.218 [info] > git status -z -uall [92ms]
2023-02-18 12:30:09.235 [info] > git config --get commit.template [6ms]
2023-02-18 12:30:09.235 [info] > git for-each-ref --format=%(refname)%00%(upstream:short)%00%(objectname)%00%(upstream:track)%00%(upstream:remotename)%00%(upstream:remoteref) refs/heads/main refs/remotes/main [1ms]
2023-02-18 12:30:09.249 [info] > git for-each-ref --sort -committerdate --format %(refname) %(objectname) %(*objectname) [2ms]
2023-02-18 12:30:09.299 [info] > git status -z -uall [60ms]
2023-02-18 12:31:28.702 [info] > git config --get commit.template [5ms]
2023-02-18 12:31:28.702 [info] > git for-each-ref --format=%(refname)%00%(upstream:short)%00%(objectname)%00%(upstream:track)%00%(upstream:remotename)%00%(upstream:remoteref) refs/heads/main refs/remotes/main [1ms]
2023-02-18 12:31:28.713 [info] > git for-each-ref --sort -committerdate --format %(refname) %(objectname) %(*objectname) [1ms]
2023-02-18 12:31:28.763 [info] > git status -z -uall [57ms]
2023-02-18 12:32:41.364 [info] > git config --get commit.template [4ms]
2023-02-18 12:32:41.365 [info] > git for-each-ref --format=%(refname)%00%(upstream:short)%00%(objectname)%00%(upstream:track)%00%(upstream:remotename)%00%(upstream:remoteref) refs/heads/main refs/remotes/main [1ms]
2023-02-18 12:32:41.376 [info] > git for-each-ref --sort -committerdate --format %(refname) %(objectname) %(*objectname) [1ms]
2023-02-18 12:32:41.429 [info] > git status -z -uall [59ms]
2023-02-18 12:32:46.446 [info] > git config --get commit.template [5ms]
2023-02-18 12:32:46.446 [info] > git for-each-ref --format=%(refname)%00%(upstream:short)%00%(objectname)%00%(upstream:track)%00%(upstream:remotename)%00%(upstream:remoteref) refs/heads/main refs/remotes/main [1ms]
2023-02-18 12:32:46.457 [info] > git for-each-ref --sort -committerdate --format %(refname) %(objectname) %(*objectname) [1ms]
2023-02-18 12:32:46.506 [info] > git status -z -uall [56ms]
2023-02-18 12:32:51.528 [info] > git config --get commit.template [8ms]
2023-02-18 12:32:51.530 [info] > git for-each-ref --format=%(refname)%00%(upstream:short)%00%(objectname)%00%(upstream:track)%00%(upstream:remotename)%00%(upstream:remoteref) refs/heads/main refs/remotes/main [1ms]
2023-02-18 12:32:51.545 [info] > git for-each-ref --sort -committerdate --format %(refname) %(objectname) %(*objectname) [2ms]
2023-02-18 12:32:51.596 [info] > git status -z -uall [61ms]
2023-02-18 12:32:56.611 [info] > git config --get commit.template [5ms]
2023-02-18 12:32:56.611 [info] > git for-each-ref --format=%(refname)%00%(upstream:short)%00%(objectname)%00%(upstream:track)%00%(upstream:remotename)%00%(upstream:remoteref) refs/heads/main refs/remotes/main [1ms]
2023-02-18 12:32:56.621 [info] > git for-each-ref --sort -committerdate --format %(refname) %(objectname) %(*objectname) [1ms]
2023-02-18 12:32:56.672 [info] > git status -z -uall [57ms]
2023-02-18 12:33:01.688 [info] > git config --get commit.template [4ms]
2023-02-18 12:33:01.688 [info] > git for-each-ref --format=%(refname)%00%(upstream:short)%00%(objectname)%00%(upstream:track)%00%(upstream:remotename)%00%(upstream:remoteref) refs/heads/main refs/remotes/main [1ms]
2023-02-18 12:33:01.700 [info] > git for-each-ref --sort -committerdate --format %(refname) %(objectname) %(*objectname) [1ms]
2023-02-18 12:33:01.749 [info] > git status -z -uall [57ms]
2023-02-18 12:33:06.767 [info] > git config --get commit.template [5ms]
2023-02-18 12:33:06.767 [info] > git for-each-ref --format=%(refname)%00%(upstream:short)%00%(objectname)%00%(upstream:track)%00%(upstream:remotename)%00%(upstream:remoteref) refs/heads/main refs/remotes/main [1ms]
2023-02-18 12:33:06.780 [info] > git for-each-ref --sort -committerdate --format %(refname) %(objectname) %(*objectname) [1ms]
2023-02-18 12:33:06.829 [info] > git status -z -uall [56ms]
2023-02-18 12:33:11.848 [info] > git config --get commit.template [4ms]
2023-02-18 12:33:11.874 [info] > git for-each-ref --format=%(refname)%00%(upstream:short)%00%(objectname)%00%(upstream:track)%00%(upstream:remotename)%00%(upstream:remoteref) refs/heads/main refs/remotes/main [4ms]
2023-02-18 12:33:11.894 [info] > git for-each-ref --sort -committerdate --format %(refname) %(objectname) %(*objectname) [3ms]
2023-02-18 12:33:11.947 [info] > git status -z -uall [63ms]
2023-02-18 12:33:16.967 [info] > git config --get commit.template [6ms]
2023-02-18 12:33:16.968 [info] > git for-each-ref --format=%(refname)%00%(upstream:short)%00%(objectname)%00%(upstream:track)%00%(upstream:remotename)%00%(upstream:remoteref) refs/heads/main refs/remotes/main [1ms]
2023-02-18 12:33:16.978 [info] > git for-each-ref --sort -committerdate --format %(refname) %(objectname) %(*objectname) [1ms]
2023-02-18 12:33:17.028 [info] > git status -z -uall [57ms]
2023-02-18 12:33:22.054 [info] > git config --get commit.template [14ms]
2023-02-18 12:33:22.055 [info] > git for-each-ref --format=%(refname)%00%(upstream:short)%00%(objectname)%00%(upstream:track)%00%(upstream:remotename)%00%(upstream:remoteref) refs/heads/main refs/remotes/main [1ms]
2023-02-18 12:33:22.074 [info] > git for-each-ref --sort -committerdate --format %(refname) %(objectname) %(*objectname) [1ms]
2023-02-18 12:33:22.124 [info] > git status -z -uall [64ms]
2023-02-18 12:33:27.142 [info] > git config --get commit.template [5ms]
2023-02-18 12:33:27.143 [info] > git for-each-ref --format=%(refname)%00%(upstream:short)%00%(objectname)%00%(upstream:track)%00%(upstream:remotename)%00%(upstream:remoteref) refs/heads/main refs/remotes/main [1ms]
2023-02-18 12:33:27.155 [info] > git for-each-ref --sort -committerdate --format %(refname) %(objectname) %(*objectname) [1ms]
2023-02-18 12:33:27.205 [info] > git status -z -uall [58ms]
2023-02-18 12:33:32.219 [info] > git config --get commit.template [5ms]
2023-02-18 12:33:32.219 [info] > git for-each-ref --format=%(refname)%00%(upstream:short)%00%(objectname)%00%(upstream:track)%00%(upstream:remotename)%00%(upstream:remoteref) refs/heads/main refs/remotes/main [1ms]
2023-02-18 12:33:32.230 [info] > git for-each-ref --sort -committerdate --format %(refname) %(objectname) %(*objectname) [1ms]
2023-02-18 12:33:32.280 [info] > git status -z -uall [57ms]
2023-02-18 12:33:37.294 [info] > git config --get commit.template [4ms]
2023-02-18 12:33:37.294 [info] > git for-each-ref --format=%(refname)%00%(upstream:short)%00%(objectname)%00%(upstream:track)%00%(upstream:remotename)%00%(upstream:remoteref) refs/heads/main refs/remotes/main [0ms]
2023-02-18 12:33:37.304 [info] > git for-each-ref --sort -committerdate --format %(refname) %(objectname) %(*objectname) [1ms]
2023-02-18 12:33:37.355 [info] > git status -z -uall [57ms]
2023-02-18 12:33:42.369 [info] > git config --get commit.template [5ms]
2023-02-18 12:33:42.369 [info] > git for-each-ref --format=%(refname)%00%(upstream:short)%00%(objectname)%00%(upstream:track)%00%(upstream:remotename)%00%(upstream:remoteref) refs/heads/main refs/remotes/main [1ms]
2023-02-18 12:33:42.380 [info] > git for-each-ref --sort -committerdate --format %(refname) %(objectname) %(*objectname) [1ms]
2023-02-18 12:33:42.430 [info] > git status -z -uall [57ms]
2023-02-18 12:33:47.445 [info] > git config --get commit.template [4ms]
2023-02-18 12:33:47.446 [info] > git for-each-ref --format=%(refname)%00%(upstream:short)%00%(objectname)%00%(upstream:track)%00%(upstream:remotename)%00%(upstream:remoteref) refs/heads/main refs/remotes/main [0ms]
2023-02-18 12:33:47.456 [info] > git for-each-ref --sort -committerdate --format %(refname) %(objectname) %(*objectname) [1ms]
2023-02-18 12:33:47.506 [info] > git status -z -uall [57ms]
2023-02-18 12:33:52.529 [info] > git config --get commit.template [9ms]
2023-02-18 12:33:52.530 [info] > git for-each-ref --format=%(refname)%00%(upstream:short)%00%(objectname)%00%(upstream:track)%00%(upstream:remotename)%00%(upstream:remoteref) refs/heads/main refs/remotes/main [2ms]
2023-02-18 12:33:52.545 [info] > git for-each-ref --sort -committerdate --format %(refname) %(objectname) %(*objectname) [1ms]
2023-02-18 12:33:52.598 [info] > git status -z -uall [60ms]
2023-02-18 12:33:57.621 [info] > git config --get commit.template [8ms]
2023-02-18 12:33:57.622 [info] > git for-each-ref --format=%(refname)%00%(upstream:short)%00%(objectname)%00%(upstream:track)%00%(upstream:remotename)%00%(upstream:remoteref) refs/heads/main refs/remotes/main [2ms]
2023-02-18 12:33:57.638 [info] > git for-each-ref --sort -committerdate --format %(refname) %(objectname) %(*objectname) [1ms]
2023-02-18 12:33:57.688 [info] > git status -z -uall [59ms]
2023-02-18 12:34:02.708 [info] > git config --get commit.template [5ms]
2023-02-18 12:34:02.708 [info] > git for-each-ref --format=%(refname)%00%(upstream:short)%00%(objectname)%00%(upstream:track)%00%(upstream:remotename)%00%(upstream:remoteref) refs/heads/main refs/remotes/main [1ms]
2023-02-18 12:34:02.718 [info] > git for-each-ref --sort -committerdate --format %(refname) %(objectname) %(*objectname) [1ms]
2023-02-18 12:34:02.769 [info] > git status -z -uall [57ms]
2023-02-18 12:34:07.789 [info] > git config --get commit.template [7ms]
2023-02-18 12:34:07.790 [info] > git for-each-ref --format=%(refname)%00%(upstream:short)%00%(objectname)%00%(upstream:track)%00%(upstream:remotename)%00%(upstream:remoteref) refs/heads/main refs/remotes/main [3ms]
2023-02-18 12:34:07.807 [info] > git for-each-ref --sort -committerdate --format %(refname) %(objectname) %(*objectname) [1ms]
2023-02-18 12:34:07.860 [info] > git status -z -uall [59ms]
2023-02-18 12:34:09.103 [info] > git check-ignore -v -z --stdin [2ms]
2023-02-18 12:34:12.265 [info] > git show --textconv :wordpress/db/wordpress-mydb-sts-mysql.yaml [4ms]
2023-02-18 12:34:12.267 [info] > git ls-files --stage -- /home/ubuntu/wordpress/db/wordpress-mydb-sts-mysql.yaml [2ms]
2023-02-18 12:34:12.874 [info] > git config --get commit.template [5ms]
2023-02-18 12:34:12.875 [info] > git for-each-ref --format=%(refname)%00%(upstream:short)%00%(objectname)%00%(upstream:track)%00%(upstream:remotename)%00%(upstream:remoteref) refs/heads/main refs/remotes/main [1ms]
2023-02-18 12:34:12.885 [info] > git for-each-ref --sort -committerdate --format %(refname) %(objectname) %(*objectname) [2ms]
2023-02-18 12:34:12.934 [info] > git status -z -uall [56ms]
2023-02-18 12:34:17.954 [info] > git config --get commit.template [5ms]
2023-02-18 12:34:17.955 [info] > git for-each-ref --format=%(refname)%00%(upstream:short)%00%(objectname)%00%(upstream:track)%00%(upstream:remotename)%00%(upstream:remoteref) refs/heads/main refs/remotes/main [0ms]
2023-02-18 12:34:17.967 [info] > git for-each-ref --sort -committerdate --format %(refname) %(objectname) %(*objectname) [2ms]
2023-02-18 12:34:18.014 [info] > git status -z -uall [56ms]
2023-02-18 12:34:23.030 [info] > git config --get commit.template [4ms]
2023-02-18 12:34:23.031 [info] > git for-each-ref --format=%(refname)%00%(upstream:short)%00%(objectname)%00%(upstream:track)%00%(upstream:remotename)%00%(upstream:remoteref) refs/heads/main refs/remotes/main [1ms]
2023-02-18 12:34:23.041 [info] > git for-each-ref --sort -committerdate --format %(refname) %(objectname) %(*objectname) [1ms]
2023-02-18 12:34:23.096 [info] > git status -z -uall [62ms]
2023-02-18 12:34:28.113 [info] > git config --get commit.template [5ms]
2023-02-18 12:34:28.113 [info] > git for-each-ref --format=%(refname)%00%(upstream:short)%00%(objectname)%00%(upstream:track)%00%(upstream:remotename)%00%(upstream:remoteref) refs/heads/main refs/remotes/main [1ms]
2023-02-18 12:34:28.124 [info] > git for-each-ref --sort -committerdate --format %(refname) %(objectname) %(*objectname) [1ms]
2023-02-18 12:34:28.185 [info] > git status -z -uall [67ms]
2023-02-18 12:34:33.202 [info] > git config --get commit.template [4ms]
2023-02-18 12:34:33.202 [info] > git for-each-ref --format=%(refname)%00%(upstream:short)%00%(objectname)%00%(upstream:track)%00%(upstream:remotename)%00%(upstream:remoteref) refs/heads/main refs/remotes/main [1ms]
2023-02-18 12:34:33.213 [info] > git for-each-ref --sort -committerdate --format %(refname) %(objectname) %(*objectname) [1ms]
2023-02-18 12:34:33.262 [info] > git status -z -uall [56ms]
2023-02-18 12:34:38.279 [info] > git for-each-ref --format=%(refname)%00%(upstream:short)%00%(objectname)%00%(upstream:track)%00%(upstream:remotename)%00%(upstream:remoteref) refs/heads/main refs/remotes/main [2ms]
2023-02-18 12:34:38.279 [info] > git config --get commit.template [6ms]
2023-02-18 12:34:38.289 [info] > git for-each-ref --sort -committerdate --format %(refname) %(objectname) %(*objectname) [1ms]
2023-02-18 12:34:38.339 [info] > git status -z -uall [57ms]
2023-02-18 12:34:43.354 [info] > git config --get commit.template [4ms]
2023-02-18 12:34:43.354 [info] > git for-each-ref --format=%(refname)%00%(upstream:short)%00%(objectname)%00%(upstream:track)%00%(upstream:remotename)%00%(upstream:remoteref) refs/heads/main refs/remotes/main [0ms]
2023-02-18 12:34:43.366 [info] > git for-each-ref --sort -committerdate --format %(refname) %(objectname) %(*objectname) [1ms]
2023-02-18 12:34:43.415 [info] > git status -z -uall [57ms]
2023-02-18 12:34:48.430 [info] > git config --get commit.template [6ms]
2023-02-18 12:34:48.430 [info] > git for-each-ref --format=%(refname)%00%(upstream:short)%00%(objectname)%00%(upstream:track)%00%(upstream:remotename)%00%(upstream:remoteref) refs/heads/main refs/remotes/main [1ms]
2023-02-18 12:34:48.444 [info] > git for-each-ref --sort -committerdate --format %(refname) %(objectname) %(*objectname) [1ms]
2023-02-18 12:34:48.505 [info] > git status -z -uall [68ms]
2023-02-18 12:34:53.521 [info] > git config --get commit.template [5ms]
2023-02-18 12:34:53.521 [info] > git for-each-ref --format=%(refname)%00%(upstream:short)%00%(objectname)%00%(upstream:track)%00%(upstream:remotename)%00%(upstream:remoteref) refs/heads/main refs/remotes/main [1ms]
2023-02-18 12:34:53.532 [info] > git for-each-ref --sort -committerdate --format %(refname) %(objectname) %(*objectname) [1ms]
2023-02-18 12:34:53.582 [info] > git status -z -uall [57ms]
2023-02-18 12:34:58.607 [info] > git config --get commit.template [10ms]
2023-02-18 12:34:58.608 [info] > git for-each-ref --format=%(refname)%00%(upstream:short)%00%(objectname)%00%(upstream:track)%00%(upstream:remotename)%00%(upstream:remoteref) refs/heads/main refs/remotes/main [2ms]
2023-02-18 12:34:58.623 [info] > git for-each-ref --sort -committerdate --format %(refname) %(objectname) %(*objectname) [2ms]
2023-02-18 12:34:58.682 [info] > git status -z -uall [67ms]
2023-02-18 12:35:03.695 [info] > git config --get commit.template [1ms]
2023-02-18 12:35:03.701 [info] > git for-each-ref --format=%(refname)%00%(upstream:short)%00%(objectname)%00%(upstream:track)%00%(upstream:remotename)%00%(upstream:remoteref) refs/heads/main refs/remotes/main [1ms]
2023-02-18 12:35:03.711 [info] > git for-each-ref --sort -committerdate --format %(refname) %(objectname) %(*objectname) [1ms]
2023-02-18 12:35:03.762 [info] > git status -z -uall [58ms]
2023-02-18 12:35:08.785 [info] > git config --get commit.template [8ms]
2023-02-18 12:35:08.786 [info] > git for-each-ref --format=%(refname)%00%(upstream:short)%00%(objectname)%00%(upstream:track)%00%(upstream:remotename)%00%(upstream:remoteref) refs/heads/main refs/remotes/main [1ms]
2023-02-18 12:35:08.816 [info] > git for-each-ref --sort -committerdate --format %(refname) %(objectname) %(*objectname) [2ms]
2023-02-18 12:35:08.886 [info] > git status -z -uall [92ms]
2023-02-18 12:35:13.902 [info] > git config --get commit.template [4ms]
2023-02-18 12:35:13.902 [info] > git for-each-ref --format=%(refname)%00%(upstream:short)%00%(objectname)%00%(upstream:track)%00%(upstream:remotename)%00%(upstream:remoteref) refs/heads/main refs/remotes/main [1ms]
2023-02-18 12:35:13.913 [info] > git for-each-ref --sort -committerdate --format %(refname) %(objectname) %(*objectname) [1ms]
2023-02-18 12:35:13.962 [info] > git status -z -uall [56ms]
2023-02-18 12:35:18.978 [info] > git config --get commit.template [5ms]
2023-02-18 12:35:18.978 [info] > git for-each-ref --format=%(refname)%00%(upstream:short)%00%(objectname)%00%(upstream:track)%00%(upstream:remotename)%00%(upstream:remoteref) refs/heads/main refs/remotes/main [1ms]
2023-02-18 12:35:18.995 [info] > git for-each-ref --sort -committerdate --format %(refname) %(objectname) %(*objectname) [3ms]
2023-02-18 12:35:19.043 [info] > git status -z -uall [59ms]
2023-02-18 12:35:24.059 [info] > git config --get commit.template [5ms]
2023-02-18 12:35:24.060 [info] > git for-each-ref --format=%(refname)%00%(upstream:short)%00%(objectname)%00%(upstream:track)%00%(upstream:remotename)%00%(upstream:remoteref) refs/heads/main refs/remotes/main [1ms]
2023-02-18 12:35:24.071 [info] > git for-each-ref --sort -committerdate --format %(refname) %(objectname) %(*objectname) [1ms]
2023-02-18 12:35:24.124 [info] > git status -z -uall [61ms]
2023-02-18 12:35:29.148 [info] > git config --get commit.template [8ms]
2023-02-18 12:35:29.149 [info] > git for-each-ref --format=%(refname)%00%(upstream:short)%00%(objectname)%00%(upstream:track)%00%(upstream:remotename)%00%(upstream:remoteref) refs/heads/main refs/remotes/main [2ms]
2023-02-18 12:35:29.165 [info] > git for-each-ref --sort -committerdate --format %(refname) %(objectname) %(*objectname) [2ms]
2023-02-18 12:35:29.216 [info] > git status -z -uall [59ms]
2023-02-18 12:35:34.232 [info] > git config --get commit.template [5ms]
2023-02-18 12:35:34.232 [info] > git for-each-ref --format=%(refname)%00%(upstream:short)%00%(objectname)%00%(upstream:track)%00%(upstream:remotename)%00%(upstream:remoteref) refs/heads/main refs/remotes/main [1ms]
2023-02-18 12:35:34.246 [info] > git for-each-ref --sort -committerdate --format %(refname) %(objectname) %(*objectname) [2ms]
2023-02-18 12:35:34.302 [info] > git status -z -uall [63ms]
2023-02-18 12:36:05.721 [info] > git config --get commit.template [5ms]
2023-02-18 12:36:05.721 [info] > git for-each-ref --format=%(refname)%00%(upstream:short)%00%(objectname)%00%(upstream:track)%00%(upstream:remotename)%00%(upstream:remoteref) refs/heads/main refs/remotes/main [1ms]
2023-02-18 12:36:05.730 [info] > git for-each-ref --sort -committerdate --format %(refname) %(objectname) %(*objectname) [1ms]
2023-02-18 12:36:05.787 [info] > git status -z -uall [62ms]
2023-02-18 12:36:10.806 [info] > git config --get commit.template [5ms]
2023-02-18 12:36:10.806 [info] > git for-each-ref --format=%(refname)%00%(upstream:short)%00%(objectname)%00%(upstream:track)%00%(upstream:remotename)%00%(upstream:remoteref) refs/heads/main refs/remotes/main [1ms]
2023-02-18 12:36:10.817 [info] > git for-each-ref --sort -committerdate --format %(refname) %(objectname) %(*objectname) [1ms]
2023-02-18 12:36:10.865 [info] > git status -z -uall [55ms]
2023-02-18 12:36:15.882 [info] > git config --get commit.template [4ms]
2023-02-18 12:36:15.882 [info] > git for-each-ref --format=%(refname)%00%(upstream:short)%00%(objectname)%00%(upstream:track)%00%(upstream:remotename)%00%(upstream:remoteref) refs/heads/main refs/remotes/main [1ms]
2023-02-18 12:36:15.893 [info] > git for-each-ref --sort -committerdate --format %(refname) %(objectname) %(*objectname) [1ms]
2023-02-18 12:36:15.943 [info] > git status -z -uall [57ms]
2023-02-18 12:36:20.966 [info] > git config --get commit.template [8ms]
2023-02-18 12:36:20.967 [info] > git for-each-ref --format=%(refname)%00%(upstream:short)%00%(objectname)%00%(upstream:track)%00%(upstream:remotename)%00%(upstream:remoteref) refs/heads/main refs/remotes/main [1ms]
2023-02-18 12:36:20.985 [info] > git for-each-ref --sort -committerdate --format %(refname) %(objectname) %(*objectname) [1ms]
2023-02-18 12:36:21.033 [info] > git status -z -uall [59ms]
2023-02-18 12:36:26.048 [info] > git config --get commit.template [1ms]
2023-02-18 12:36:26.054 [info] > git for-each-ref --format=%(refname)%00%(upstream:short)%00%(objectname)%00%(upstream:track)%00%(upstream:remotename)%00%(upstream:remoteref) refs/heads/main refs/remotes/main [1ms]
2023-02-18 12:36:26.066 [info] > git for-each-ref --sort -committerdate --format %(refname) %(objectname) %(*objectname) [1ms]
2023-02-18 12:36:26.121 [info] > git status -z -uall [63ms]
2023-02-18 12:36:31.144 [info] > git config --get commit.template [8ms]
2023-02-18 12:36:31.144 [info] > git for-each-ref --format=%(refname)%00%(upstream:short)%00%(objectname)%00%(upstream:track)%00%(upstream:remotename)%00%(upstream:remoteref) refs/heads/main refs/remotes/main [1ms]
2023-02-18 12:36:31.161 [info] > git for-each-ref --sort -committerdate --format %(refname) %(objectname) %(*objectname) [2ms]
2023-02-18 12:36:31.212 [info] > git status -z -uall [59ms]
2023-02-18 12:36:36.227 [info] > git config --get commit.template [5ms]
2023-02-18 12:36:36.228 [info] > git for-each-ref --format=%(refname)%00%(upstream:short)%00%(objectname)%00%(upstream:track)%00%(upstream:remotename)%00%(upstream:remoteref) refs/heads/main refs/remotes/main [2ms]
2023-02-18 12:36:36.238 [info] > git for-each-ref --sort -committerdate --format %(refname) %(objectname) %(*objectname) [2ms]
2023-02-18 12:36:36.290 [info] > git status -z -uall [58ms]
2023-02-18 12:36:41.306 [info] > git config --get commit.template [4ms]
2023-02-18 12:36:41.307 [info] > git for-each-ref --format=%(refname)%00%(upstream:short)%00%(objectname)%00%(upstream:track)%00%(upstream:remotename)%00%(upstream:remoteref) refs/heads/main refs/remotes/main [1ms]
2023-02-18 12:36:41.324 [info] > git for-each-ref --sort -committerdate --format %(refname) %(objectname) %(*objectname) [1ms]
2023-02-18 12:36:41.366 [info] > git status -z -uall [56ms]
2023-02-18 12:36:46.381 [info] > git config --get commit.template [5ms]
2023-02-18 12:36:46.381 [info] > git for-each-ref --format=%(refname)%00%(upstream:short)%00%(objectname)%00%(upstream:track)%00%(upstream:remotename)%00%(upstream:remoteref) refs/heads/main refs/remotes/main [1ms]
2023-02-18 12:36:46.392 [info] > git for-each-ref --sort -committerdate --format %(refname) %(objectname) %(*objectname) [1ms]
2023-02-18 12:36:46.445 [info] > git status -z -uall [60ms]
2023-02-18 12:36:51.459 [info] > git config --get commit.template [5ms]
2023-02-18 12:36:51.459 [info] > git for-each-ref --format=%(refname)%00%(upstream:short)%00%(objectname)%00%(upstream:track)%00%(upstream:remotename)%00%(upstream:remoteref) refs/heads/main refs/remotes/main [1ms]
2023-02-18 12:36:51.469 [info] > git for-each-ref --sort -committerdate --format %(refname) %(objectname) %(*objectname) [1ms]
2023-02-18 12:36:51.516 [info] > git status -z -uall [53ms]
2023-02-18 12:36:56.533 [info] > git config --get commit.template [4ms]
2023-02-18 12:36:56.534 [info] > git for-each-ref --format=%(refname)%00%(upstream:short)%00%(objectname)%00%(upstream:track)%00%(upstream:remotename)%00%(upstream:remoteref) refs/heads/main refs/remotes/main [2ms]
2023-02-18 12:36:56.545 [info] > git for-each-ref --sort -committerdate --format %(refname) %(objectname) %(*objectname) [1ms]
2023-02-18 12:36:56.594 [info] > git status -z -uall [57ms]
2023-02-18 12:37:01.616 [info] > git config --get commit.template [8ms]
2023-02-18 12:37:01.616 [info] > git for-each-ref --format=%(refname)%00%(upstream:short)%00%(objectname)%00%(upstream:track)%00%(upstream:remotename)%00%(upstream:remoteref) refs/heads/main refs/remotes/main [1ms]
2023-02-18 12:37:01.635 [info] > git for-each-ref --sort -committerdate --format %(refname) %(objectname) %(*objectname) [1ms]
2023-02-18 12:37:01.685 [info] > git status -z -uall [61ms]
2023-02-18 12:37:06.704 [info] > git config --get commit.template [5ms]
2023-02-18 12:37:06.705 [info] > git for-each-ref --format=%(refname)%00%(upstream:short)%00%(objectname)%00%(upstream:track)%00%(upstream:remotename)%00%(upstream:remoteref) refs/heads/main refs/remotes/main [1ms]
2023-02-18 12:37:06.717 [info] > git for-each-ref --sort -committerdate --format %(refname) %(objectname) %(*objectname) [1ms]
2023-02-18 12:37:06.766 [info] > git status -z -uall [57ms]
2023-02-18 12:37:11.780 [info] > git config --get commit.template [4ms]
2023-02-18 12:37:11.781 [info] > git for-each-ref --format=%(refname)%00%(upstream:short)%00%(objectname)%00%(upstream:track)%00%(upstream:remotename)%00%(upstream:remoteref) refs/heads/main refs/remotes/main [1ms]
2023-02-18 12:37:11.792 [info] > git for-each-ref --sort -committerdate --format %(refname) %(objectname) %(*objectname) [0ms]
2023-02-18 12:37:11.845 [info] > git status -z -uall [60ms]
2023-02-18 12:37:37.145 [info] > git config --get commit.template [4ms]
2023-02-18 12:37:37.146 [info] > git for-each-ref --format=%(refname)%00%(upstream:short)%00%(objectname)%00%(upstream:track)%00%(upstream:remotename)%00%(upstream:remoteref) refs/heads/main refs/remotes/main [1ms]
2023-02-18 12:37:37.157 [info] > git for-each-ref --sort -committerdate --format %(refname) %(objectname) %(*objectname) [1ms]
2023-02-18 12:37:37.209 [info] > git status -z -uall [59ms]
2023-02-18 12:37:42.224 [info] > git config --get commit.template [5ms]
2023-02-18 12:37:42.224 [info] > git for-each-ref --format=%(refname)%00%(upstream:short)%00%(objectname)%00%(upstream:track)%00%(upstream:remotename)%00%(upstream:remoteref) refs/heads/main refs/remotes/main [1ms]
2023-02-18 12:37:42.234 [info] > git for-each-ref --sort -committerdate --format %(refname) %(objectname) %(*objectname) [1ms]
2023-02-18 12:37:42.286 [info] > git status -z -uall [58ms]
2023-02-18 12:37:47.301 [info] > git config --get commit.template [4ms]
2023-02-18 12:37:47.301 [info] > git for-each-ref --format=%(refname)%00%(upstream:short)%00%(objectname)%00%(upstream:track)%00%(upstream:remotename)%00%(upstream:remoteref) refs/heads/main refs/remotes/main [1ms]
2023-02-18 12:37:47.311 [info] > git for-each-ref --sort -committerdate --format %(refname) %(objectname) %(*objectname) [1ms]
2023-02-18 12:37:47.363 [info] > git status -z -uall [57ms]
2023-02-18 12:37:52.377 [info] > git config --get commit.template [5ms]
2023-02-18 12:37:52.378 [info] > git for-each-ref --format=%(refname)%00%(upstream:short)%00%(objectname)%00%(upstream:track)%00%(upstream:remotename)%00%(upstream:remoteref) refs/heads/main refs/remotes/main [0ms]
2023-02-18 12:37:52.389 [info] > git for-each-ref --sort -committerdate --format %(refname) %(objectname) %(*objectname) [2ms]
2023-02-18 12:37:52.436 [info] > git status -z -uall [55ms]
2023-02-18 12:37:57.453 [info] > git config --get commit.template [5ms]
2023-02-18 12:37:57.453 [info] > git for-each-ref --format=%(refname)%00%(upstream:short)%00%(objectname)%00%(upstream:track)%00%(upstream:remotename)%00%(upstream:remoteref) refs/heads/main refs/remotes/main [1ms]
2023-02-18 12:37:57.465 [info] > git for-each-ref --sort -committerdate --format %(refname) %(objectname) %(*objectname) [1ms]
2023-02-18 12:37:57.513 [info] > git status -z -uall [56ms]
2023-02-18 12:38:02.530 [info] > git config --get commit.template [7ms]
2023-02-18 12:38:02.531 [info] > git for-each-ref --format=%(refname)%00%(upstream:short)%00%(objectname)%00%(upstream:track)%00%(upstream:remotename)%00%(upstream:remoteref) refs/heads/main refs/remotes/main [2ms]
2023-02-18 12:38:02.550 [info] > git for-each-ref --sort -committerdate --format %(refname) %(objectname) %(*objectname) [2ms]
2023-02-18 12:38:02.657 [info] > git status -z -uall [119ms]
2023-02-18 12:38:07.675 [info] > git config --get commit.template [4ms]
2023-02-18 12:38:07.675 [info] > git for-each-ref --format=%(refname)%00%(upstream:short)%00%(objectname)%00%(upstream:track)%00%(upstream:remotename)%00%(upstream:remoteref) refs/heads/main refs/remotes/main [1ms]
2023-02-18 12:38:07.685 [info] > git for-each-ref --sort -committerdate --format %(refname) %(objectname) %(*objectname) [1ms]
2023-02-18 12:38:07.737 [info] > git status -z -uall [59ms]
2023-02-18 12:38:12.756 [info] > git config --get commit.template [6ms]
2023-02-18 12:38:12.757 [info] > git for-each-ref --format=%(refname)%00%(upstream:short)%00%(objectname)%00%(upstream:track)%00%(upstream:remotename)%00%(upstream:remoteref) refs/heads/main refs/remotes/main [1ms]
2023-02-18 12:38:12.770 [info] > git for-each-ref --sort -committerdate --format %(refname) %(objectname) %(*objectname) [1ms]
2023-02-18 12:38:12.824 [info] > git status -z -uall [62ms]
2023-02-18 12:38:14.264 [info] > git show --textconv :wordpress/db/wordpress-mydb-svc-read.yaml [5ms]
2023-02-18 12:38:14.267 [info] > git ls-files --stage -- /home/ubuntu/wordpress/db/wordpress-mydb-svc-read.yaml [2ms]
2023-02-18 12:38:17.843 [info] > git config --get commit.template [5ms]
2023-02-18 12:38:17.843 [info] > git for-each-ref --format=%(refname)%00%(upstream:short)%00%(objectname)%00%(upstream:track)%00%(upstream:remotename)%00%(upstream:remoteref) refs/heads/main refs/remotes/main [1ms]
2023-02-18 12:38:17.855 [info] > git for-each-ref --sort -committerdate --format %(refname) %(objectname) %(*objectname) [2ms]
2023-02-18 12:38:17.908 [info] > git status -z -uall [61ms]
2023-02-18 12:38:22.924 [info] > git config --get commit.template [5ms]
2023-02-18 12:38:22.924 [info] > git for-each-ref --format=%(refname)%00%(upstream:short)%00%(objectname)%00%(upstream:track)%00%(upstream:remotename)%00%(upstream:remoteref) refs/heads/main refs/remotes/main [1ms]
2023-02-18 12:38:22.936 [info] > git for-each-ref --sort -committerdate --format %(refname) %(objectname) %(*objectname) [1ms]
2023-02-18 12:38:22.987 [info] > git status -z -uall [59ms]
2023-02-18 12:38:28.006 [info] > git config --get commit.template [5ms]
2023-02-18 12:38:28.007 [info] > git for-each-ref --format=%(refname)%00%(upstream:short)%00%(objectname)%00%(upstream:track)%00%(upstream:remotename)%00%(upstream:remoteref) refs/heads/main refs/remotes/main [1ms]
2023-02-18 12:38:28.016 [info] > git for-each-ref --sort -committerdate --format %(refname) %(objectname) %(*objectname) [1ms]
2023-02-18 12:38:28.071 [info] > git status -z -uall [61ms]
2023-02-18 12:38:33.087 [info] > git config --get commit.template [4ms]
2023-02-18 12:38:33.088 [info] > git for-each-ref --format=%(refname)%00%(upstream:short)%00%(objectname)%00%(upstream:track)%00%(upstream:remotename)%00%(upstream:remoteref) refs/heads/main refs/remotes/main [1ms]
2023-02-18 12:38:33.098 [info] > git for-each-ref --sort -committerdate --format %(refname) %(objectname) %(*objectname) [1ms]
2023-02-18 12:38:33.146 [info] > git status -z -uall [55ms]
2023-02-18 12:38:38.163 [info] > git config --get commit.template [5ms]
2023-02-18 12:38:38.163 [info] > git for-each-ref --format=%(refname)%00%(upstream:short)%00%(objectname)%00%(upstream:track)%00%(upstream:remotename)%00%(upstream:remoteref) refs/heads/main refs/remotes/main [1ms]
2023-02-18 12:38:38.175 [info] > git for-each-ref --sort -committerdate --format %(refname) %(objectname) %(*objectname) [1ms]
2023-02-18 12:38:38.229 [info] > git status -z -uall [61ms]
2023-02-18 12:38:43.247 [info] > git config --get commit.template [7ms]
2023-02-18 12:38:43.248 [info] > git for-each-ref --format=%(refname)%00%(upstream:short)%00%(objectname)%00%(upstream:track)%00%(upstream:remotename)%00%(upstream:remoteref) refs/heads/main refs/remotes/main [2ms]
2023-02-18 12:38:43.262 [info] > git for-each-ref --sort -committerdate --format %(refname) %(objectname) %(*objectname) [2ms]
2023-02-18 12:38:43.314 [info] > git status -z -uall [60ms]
2023-02-18 12:38:48.335 [info] > git config --get commit.template [8ms]
2023-02-18 12:38:48.336 [info] > git for-each-ref --format=%(refname)%00%(upstream:short)%00%(objectname)%00%(upstream:track)%00%(upstream:remotename)%00%(upstream:remoteref) refs/heads/main refs/remotes/main [2ms]
2023-02-18 12:38:48.354 [info] > git for-each-ref --sort -committerdate --format %(refname) %(objectname) %(*objectname) [1ms]
2023-02-18 12:38:48.405 [info] > git status -z -uall [62ms]
2023-02-18 12:38:53.420 [info] > git config --get commit.template [5ms]
2023-02-18 12:38:53.420 [info] > git for-each-ref --format=%(refname)%00%(upstream:short)%00%(objectname)%00%(upstream:track)%00%(upstream:remotename)%00%(upstream:remoteref) refs/heads/main refs/remotes/main [1ms]
2023-02-18 12:38:53.430 [info] > git for-each-ref --sort -committerdate --format %(refname) %(objectname) %(*objectname) [1ms]
2023-02-18 12:38:53.480 [info] > git status -z -uall [56ms]
2023-02-18 12:38:58.493 [info] > git config --get commit.template [5ms]
2023-02-18 12:38:58.493 [info] > git for-each-ref --format=%(refname)%00%(upstream:short)%00%(objectname)%00%(upstream:track)%00%(upstream:remotename)%00%(upstream:remoteref) refs/heads/main refs/remotes/main [1ms]
2023-02-18 12:38:58.505 [info] > git for-each-ref --sort -committerdate --format %(refname) %(objectname) %(*objectname) [1ms]
2023-02-18 12:38:58.554 [info] > git status -z -uall [56ms]
2023-02-18 12:39:03.564 [info] > git config --get commit.template [1ms]
2023-02-18 12:39:03.570 [info] > git for-each-ref --format=%(refname)%00%(upstream:short)%00%(objectname)%00%(upstream:track)%00%(upstream:remotename)%00%(upstream:remoteref) refs/heads/main refs/remotes/main [1ms]
2023-02-18 12:39:03.581 [info] > git for-each-ref --sort -committerdate --format %(refname) %(objectname) %(*objectname) [1ms]
2023-02-18 12:39:03.631 [info] > git status -z -uall [57ms]
2023-02-18 12:39:08.642 [info] > git config --get commit.template [1ms]
2023-02-18 12:39:08.649 [info] > git for-each-ref --format=%(refname)%00%(upstream:short)%00%(objectname)%00%(upstream:track)%00%(upstream:remotename)%00%(upstream:remoteref) refs/heads/main refs/remotes/main [1ms]
2023-02-18 12:39:08.660 [info] > git for-each-ref --sort -committerdate --format %(refname) %(objectname) %(*objectname) [1ms]
2023-02-18 12:39:08.715 [info] > git status -z -uall [62ms]
2023-02-18 12:39:13.725 [info] > git config --get commit.template [1ms]
2023-02-18 12:39:13.732 [info] > git for-each-ref --format=%(refname)%00%(upstream:short)%00%(objectname)%00%(upstream:track)%00%(upstream:remotename)%00%(upstream:remoteref) refs/heads/main refs/remotes/main [3ms]
2023-02-18 12:39:13.743 [info] > git for-each-ref --sort -committerdate --format %(refname) %(objectname) %(*objectname) [2ms]
2023-02-18 12:39:13.792 [info] > git status -z -uall [56ms]
2023-02-18 12:39:18.803 [info] > git config --get commit.template [1ms]
2023-02-18 12:39:18.812 [info] > git for-each-ref --format=%(refname)%00%(upstream:short)%00%(objectname)%00%(upstream:track)%00%(upstream:remotename)%00%(upstream:remoteref) refs/heads/main refs/remotes/main [1ms]
2023-02-18 12:39:18.827 [info] > git for-each-ref --sort -committerdate --format %(refname) %(objectname) %(*objectname) [1ms]
2023-02-18 12:39:18.880 [info] > git status -z -uall [61ms]
2023-02-18 12:39:23.900 [info] > git config --get commit.template [7ms]
2023-02-18 12:39:23.901 [info] > git for-each-ref --format=%(refname)%00%(upstream:short)%00%(objectname)%00%(upstream:track)%00%(upstream:remotename)%00%(upstream:remoteref) refs/heads/main refs/remotes/main [2ms]
2023-02-18 12:39:23.917 [info] > git for-each-ref --sort -committerdate --format %(refname) %(objectname) %(*objectname) [2ms]
2023-02-18 12:39:23.966 [info] > git status -z -uall [58ms]
2023-02-18 12:39:28.982 [info] > git config --get commit.template [5ms]
2023-02-18 12:39:28.982 [info] > git for-each-ref --format=%(refname)%00%(upstream:short)%00%(objectname)%00%(upstream:track)%00%(upstream:remotename)%00%(upstream:remoteref) refs/heads/main refs/remotes/main [1ms]
2023-02-18 12:39:28.994 [info] > git for-each-ref --sort -committerdate --format %(refname) %(objectname) %(*objectname) [1ms]
2023-02-18 12:39:29.041 [info] > git status -z -uall [55ms]
2023-02-18 12:39:34.055 [info] > git config --get commit.template [5ms]
2023-02-18 12:39:34.056 [info] > git for-each-ref --format=%(refname)%00%(upstream:short)%00%(objectname)%00%(upstream:track)%00%(upstream:remotename)%00%(upstream:remoteref) refs/heads/main refs/remotes/main [1ms]
2023-02-18 12:39:34.068 [info] > git for-each-ref --sort -committerdate --format %(refname) %(objectname) %(*objectname) [2ms]
2023-02-18 12:39:34.122 [info] > git status -z -uall [62ms]
2023-02-18 12:39:39.139 [info] > git config --get commit.template [5ms]
2023-02-18 12:39:39.139 [info] > git for-each-ref --format=%(refname)%00%(upstream:short)%00%(objectname)%00%(upstream:track)%00%(upstream:remotename)%00%(upstream:remoteref) refs/heads/main refs/remotes/main [1ms]
2023-02-18 12:39:39.150 [info] > git for-each-ref --sort -committerdate --format %(refname) %(objectname) %(*objectname) [1ms]
2023-02-18 12:39:39.200 [info] > git status -z -uall [57ms]
2023-02-18 12:39:44.213 [info] > git config --get commit.template [4ms]
2023-02-18 12:39:44.213 [info] > git for-each-ref --format=%(refname)%00%(upstream:short)%00%(objectname)%00%(upstream:track)%00%(upstream:remotename)%00%(upstream:remoteref) refs/heads/main refs/remotes/main [1ms]
2023-02-18 12:39:44.223 [info] > git for-each-ref --sort -committerdate --format %(refname) %(objectname) %(*objectname) [2ms]
2023-02-18 12:39:44.274 [info] > git status -z -uall [58ms]
2023-02-18 12:39:49.293 [info] > git config --get commit.template [8ms]
2023-02-18 12:39:49.293 [info] > git for-each-ref --format=%(refname)%00%(upstream:short)%00%(objectname)%00%(upstream:track)%00%(upstream:remotename)%00%(upstream:remoteref) refs/heads/main refs/remotes/main [1ms]
2023-02-18 12:39:49.308 [info] > git for-each-ref --sort -committerdate --format %(refname) %(objectname) %(*objectname) [2ms]
2023-02-18 12:39:49.358 [info] > git status -z -uall [59ms]
2023-02-18 12:39:54.368 [info] > git config --get commit.template [0ms]
2023-02-18 12:39:54.374 [info] > git for-each-ref --format=%(refname)%00%(upstream:short)%00%(objectname)%00%(upstream:track)%00%(upstream:remotename)%00%(upstream:remoteref) refs/heads/main refs/remotes/main [1ms]
2023-02-18 12:39:54.385 [info] > git for-each-ref --sort -committerdate --format %(refname) %(objectname) %(*objectname) [1ms]
2023-02-18 12:39:54.434 [info] > git status -z -uall [57ms]
2023-02-18 12:39:59.449 [info] > git config --get commit.template [6ms]
2023-02-18 12:39:59.449 [info] > git for-each-ref --format=%(refname)%00%(upstream:short)%00%(objectname)%00%(upstream:track)%00%(upstream:remotename)%00%(upstream:remoteref) refs/heads/main refs/remotes/main [1ms]
2023-02-18 12:39:59.467 [info] > git for-each-ref --sort -committerdate --format %(refname) %(objectname) %(*objectname) [2ms]
2023-02-18 12:39:59.519 [info] > git status -z -uall [62ms]
2023-02-18 12:40:04.533 [info] > git config --get commit.template [5ms]
2023-02-18 12:40:04.533 [info] > git for-each-ref --format=%(refname)%00%(upstream:short)%00%(objectname)%00%(upstream:track)%00%(upstream:remotename)%00%(upstream:remoteref) refs/heads/main refs/remotes/main [1ms]
2023-02-18 12:40:04.544 [info] > git for-each-ref --sort -committerdate --format %(refname) %(objectname) %(*objectname) [1ms]
2023-02-18 12:40:04.593 [info] > git status -z -uall [56ms]
2023-02-18 12:40:19.174 [info] > git config --get commit.template [4ms]
2023-02-18 12:40:19.175 [info] > git for-each-ref --format=%(refname)%00%(upstream:short)%00%(objectname)%00%(upstream:track)%00%(upstream:remotename)%00%(upstream:remoteref) refs/heads/main refs/remotes/main [1ms]
2023-02-18 12:40:19.185 [info] > git for-each-ref --sort -committerdate --format %(refname) %(objectname) %(*objectname) [2ms]
2023-02-18 12:40:19.236 [info] > git status -z -uall [58ms]
2023-02-18 12:40:24.258 [info] > git config --get commit.template [7ms]
2023-02-18 12:40:24.258 [info] > git for-each-ref --format=%(refname)%00%(upstream:short)%00%(objectname)%00%(upstream:track)%00%(upstream:remotename)%00%(upstream:remoteref) refs/heads/main refs/remotes/main [2ms]
2023-02-18 12:40:24.269 [info] > git for-each-ref --sort -committerdate --format %(refname) %(objectname) %(*objectname) [1ms]
2023-02-18 12:40:24.325 [info] > git status -z -uall [62ms]
2023-02-18 12:40:29.339 [info] > git config --get commit.template [4ms]
2023-02-18 12:40:29.340 [info] > git for-each-ref --format=%(refname)%00%(upstream:short)%00%(objectname)%00%(upstream:track)%00%(upstream:remotename)%00%(upstream:remoteref) refs/heads/main refs/remotes/main [1ms]
2023-02-18 12:40:29.353 [info] > git for-each-ref --sort -committerdate --format %(refname) %(objectname) %(*objectname) [3ms]
2023-02-18 12:40:29.404 [info] > git status -z -uall [60ms]
2023-02-18 12:40:34.424 [info] > git config --get commit.template [6ms]
2023-02-18 12:40:34.424 [info] > git for-each-ref --format=%(refname)%00%(upstream:short)%00%(objectname)%00%(upstream:track)%00%(upstream:remotename)%00%(upstream:remoteref) refs/heads/main refs/remotes/main [1ms]
2023-02-18 12:40:34.439 [info] > git for-each-ref --sort -committerdate --format %(refname) %(objectname) %(*objectname) [3ms]
2023-02-18 12:40:34.502 [info] > git status -z -uall [73ms]
2023-02-18 12:40:39.513 [info] > git config --get commit.template [1ms]
2023-02-18 12:40:39.522 [info] > git for-each-ref --format=%(refname)%00%(upstream:short)%00%(objectname)%00%(upstream:track)%00%(upstream:remotename)%00%(upstream:remoteref) refs/heads/main refs/remotes/main [1ms]
2023-02-18 12:40:39.539 [info] > git for-each-ref --sort -committerdate --format %(refname) %(objectname) %(*objectname) [2ms]
2023-02-18 12:40:39.595 [info] > git status -z -uall [66ms]
2023-02-18 12:41:01.413 [info] > git config --get commit.template [4ms]
2023-02-18 12:41:01.413 [info] > git for-each-ref --format=%(refname)%00%(upstream:short)%00%(objectname)%00%(upstream:track)%00%(upstream:remotename)%00%(upstream:remoteref) refs/heads/main refs/remotes/main [0ms]
2023-02-18 12:41:01.426 [info] > git for-each-ref --sort -committerdate --format %(refname) %(objectname) %(*objectname) [2ms]
2023-02-18 12:41:01.473 [info] > git status -z -uall [55ms]
