2023-02-16 06:47:21.480 [info] 로그 수준: Info
2023-02-16 06:47:21.480 [info] "git"에서 찾은 git 유효성을 검사하는 중
2023-02-16 06:47:21.480 [info] "2.25.1"에서 git "git"을(를) 사용하는 중
2023-02-16 06:47:21.480 [info] > git rev-parse --show-toplevel [6ms]
2023-02-16 06:47:21.480 [info] > git rev-parse --git-dir --git-common-dir [3ms]
2023-02-16 06:47:21.480 [info] Open repository: /home/ubuntu
2023-02-16 06:47:21.480 [info] > git rev-parse --show-toplevel [8ms]
2023-02-16 06:47:21.480 [info] > git config --get commit.template [6ms]
2023-02-16 06:47:21.480 [info] > git rev-parse --show-toplevel [2ms]
2023-02-16 06:47:21.480 [info] > git for-each-ref --format=%(refname)%00%(upstream:short)%00%(objectname)%00%(upstream:track)%00%(upstream:remotename)%00%(upstream:remoteref) refs/heads/main refs/remotes/main [3ms]
2023-02-16 06:47:21.480 [info] > git rev-parse --show-toplevel [23ms]
2023-02-16 06:47:21.480 [info] > git for-each-ref --sort -committerdate --format %(refname) %(objectname) %(*objectname) [7ms]
2023-02-16 06:47:21.480 [info] > git rev-parse --show-toplevel [8ms]
2023-02-16 06:47:21.480 [info] > git rev-parse --show-toplevel [1ms]
2023-02-16 06:47:21.480 [info] > git rev-parse --show-toplevel [9ms]
2023-02-16 06:47:21.480 [info] > git rev-parse --show-toplevel [1ms]
2023-02-16 06:47:21.480 [info] > git rev-parse --show-toplevel [2ms]
2023-02-16 06:47:21.480 [info] > git rev-parse --show-toplevel [11ms]
2023-02-16 06:47:21.480 [info] > git rev-parse --show-toplevel [4ms]
2023-02-16 06:47:21.480 [info] > git rev-parse --show-toplevel [2ms]
2023-02-16 06:47:21.480 [info] > git rev-parse --show-toplevel [2ms]
2023-02-16 06:47:21.480 [info] > git rev-parse --git-dir --git-common-dir [4ms]
2023-02-16 06:47:21.480 [info] Open repository: /home/ubuntu/kubespray
2023-02-16 06:47:21.480 [info] > git rev-parse --show-toplevel [8ms]
2023-02-16 06:47:21.480 [info] > git config --get commit.template [7ms]
2023-02-16 06:47:21.480 [info] > git rev-parse --show-toplevel [6ms]
2023-02-16 06:47:21.480 [info] > git status -z -uall [181ms]
2023-02-16 06:47:21.480 [info] > git for-each-ref --format %(refname) %(objectname) %(*objectname) refs/tags [49ms]
2023-02-16 06:47:21.480 [info] > git rev-parse --git-dir --git-common-dir [68ms]
2023-02-16 06:47:21.480 [info] Open repository: /home/ubuntu/nfs-subdir-external-provisioner
2023-02-16 06:47:21.480 [info] > git status -z -uall [33ms]
2023-02-16 06:47:21.480 [info] > git rev-parse --show-toplevel [8ms]
2023-02-16 06:47:21.480 [info] > git for-each-ref --sort -committerdate --format %(refname) %(objectname) %(*objectname) [31ms]
2023-02-16 06:47:21.480 [info] > git config --get commit.template [15ms]
2023-02-16 06:47:21.480 [info] > git config --get commit.template [18ms]
2023-02-16 06:47:21.487 [info] > git config --get commit.template [9ms]
2023-02-16 06:47:21.491 [info] > git for-each-ref --format=%(refname)%00%(upstream:short)%00%(objectname)%00%(upstream:track)%00%(upstream:remotename)%00%(upstream:remoteref) refs/heads/main refs/remotes/main [8ms]
2023-02-16 06:47:21.502 [info] > git for-each-ref --format %(refname) %(objectname) %(*objectname) refs/tags [10ms]
2023-02-16 06:47:21.509 [info] > git for-each-ref --format=%(refname)%00%(upstream:short)%00%(objectname)%00%(upstream:track)%00%(upstream:remotename)%00%(upstream:remoteref) refs/heads/master refs/remotes/master [22ms]
2023-02-16 06:47:21.520 [info] > git status -z -uall [15ms]
2023-02-16 06:47:21.520 [info] > git for-each-ref --sort -committerdate --format %(refname) %(objectname) %(*objectname) [12ms]
2023-02-16 06:47:21.522 [info] > git for-each-ref --sort -committerdate --format %(refname) %(objectname) %(*objectname) [21ms]
2023-02-16 06:47:21.523 [info] > git for-each-ref --sort -committerdate --format %(refname) %(objectname) %(*objectname) [4ms]
2023-02-16 06:47:21.532 [info] > git status -z -uall [18ms]
2023-02-16 06:47:21.586 [info] > git status -z -uall [91ms]
2023-02-16 06:47:21.988 [info] > git show --textconv :Jenkinsfile [6ms]
2023-02-16 06:47:21.991 [info] > git ls-files --stage -- /home/ubuntu/Jenkinsfile [4ms]
2023-02-16 06:47:21.996 [info] > git cat-file -s f0a58b15378cee13d8a2645a330d228fd54df974 [1ms]
2023-02-16 06:47:22.065 [info] > git check-ignore -v -z --stdin [15ms]
2023-02-16 06:47:22.067 [info] > git check-ignore -v -z --stdin [9ms]
2023-02-16 06:47:22.068 [info] > git check-ignore -v -z --stdin [4ms]
2023-02-16 06:49:17.467 [info] > git config --get commit.template [4ms]
2023-02-16 06:49:17.467 [info] > git for-each-ref --format=%(refname)%00%(upstream:short)%00%(objectname)%00%(upstream:track)%00%(upstream:remotename)%00%(upstream:remoteref) refs/heads/main refs/remotes/main [1ms]
2023-02-16 06:49:17.477 [info] > git for-each-ref --sort -committerdate --format %(refname) %(objectname) %(*objectname) [1ms]
2023-02-16 06:49:17.520 [info] > git status -z -uall [49ms]
2023-02-16 06:49:22.544 [info] > git config --get commit.template [5ms]
2023-02-16 06:49:22.544 [info] > git for-each-ref --format=%(refname)%00%(upstream:short)%00%(objectname)%00%(upstream:track)%00%(upstream:remotename)%00%(upstream:remoteref) refs/heads/main refs/remotes/main [1ms]
2023-02-16 06:49:22.554 [info] > git for-each-ref --sort -committerdate --format %(refname) %(objectname) %(*objectname) [1ms]
2023-02-16 06:49:22.591 [info] > git status -z -uall [43ms]
2023-02-16 06:49:24.252 [info] > git check-ignore -v -z --stdin [4ms]
