2023-02-22 04:40:54.342 [info] 로그 수준: Info
2023-02-22 04:40:54.342 [info] "git"에서 찾은 git 유효성을 검사하는 중
2023-02-22 04:40:54.342 [info] "2.25.1"에서 git "git"을(를) 사용하는 중
2023-02-22 04:40:54.342 [info] > git rev-parse --show-toplevel [6ms]
2023-02-22 04:40:54.342 [info] > git rev-parse --git-dir --git-common-dir [2ms]
2023-02-22 04:40:54.342 [info] Open repository: /home/ubuntu
2023-02-22 04:40:54.342 [info] > git rev-parse --show-toplevel [5ms]
2023-02-22 04:40:54.342 [info] > git config --get commit.template [5ms]
2023-02-22 04:40:54.342 [info] > git rev-parse --show-toplevel [6ms]
2023-02-22 04:40:54.342 [info] > git for-each-ref --format=%(refname)%00%(upstream:short)%00%(objectname)%00%(upstream:track)%00%(upstream:remotename)%00%(upstream:remoteref) refs/heads/main refs/remotes/main [5ms]
2023-02-22 04:40:54.342 [info] > git rev-parse --show-toplevel [10ms]
2023-02-22 04:40:54.342 [info] > git for-each-ref --sort -committerdate --format %(refname) %(objectname) %(*objectname) [6ms]
2023-02-22 04:40:54.342 [info] > git rev-parse --show-toplevel [7ms]
2023-02-22 04:40:54.342 [info] > git rev-parse --show-toplevel [2ms]
2023-02-22 04:40:54.342 [info] > git rev-parse --show-toplevel [6ms]
2023-02-22 04:40:54.342 [info] > git rev-parse --show-toplevel [3ms]
2023-02-22 04:40:54.342 [info] > git rev-parse --show-toplevel [14ms]
2023-02-22 04:40:54.342 [info] > git rev-parse --show-toplevel [1ms]
2023-02-22 04:40:54.342 [info] > git rev-parse --show-toplevel [6ms]
2023-02-22 04:40:54.342 [info] > git rev-parse --show-toplevel [2ms]
2023-02-22 04:40:54.342 [info] > git rev-parse --show-toplevel [1ms]
2023-02-22 04:40:54.342 [info] > git rev-parse --show-toplevel [18ms]
2023-02-22 04:40:54.342 [info] > git rev-parse --git-dir --git-common-dir [1ms]
2023-02-22 04:40:54.342 [info] Open repository: /home/ubuntu/kubespray
2023-02-22 04:40:54.342 [info] > git config --get commit.template [1ms]
2023-02-22 04:40:54.342 [info] > git rev-parse --show-toplevel [16ms]
2023-02-22 04:40:54.342 [info] > git rev-parse --show-toplevel [11ms]
2023-02-22 04:40:54.342 [info] > git rev-parse --git-dir --git-common-dir [5ms]
2023-02-22 04:40:54.342 [info] Open repository: /home/ubuntu/nfs-subdir-external-provisioner
2023-02-22 04:40:54.342 [info] > git rev-parse --show-toplevel [8ms]
2023-02-22 04:40:54.342 [info] > git for-each-ref --format %(refname) %(objectname) %(*objectname) refs/tags [39ms]
2023-02-22 04:40:54.342 [info] > git status -z -uall [89ms]
2023-02-22 04:40:54.342 [info] > git rev-parse --show-toplevel [94ms]
2023-02-22 04:40:54.342 [info] > git config --get commit.template [107ms]
2023-02-22 04:40:54.342 [info] > git for-each-ref --sort -committerdate --format %(refname) %(objectname) %(*objectname) [92ms]
2023-02-22 04:40:54.342 [info] > git for-each-ref --format=%(refname)%00%(upstream:short)%00%(objectname)%00%(upstream:track)%00%(upstream:remotename)%00%(upstream:remoteref) refs/heads/master refs/remotes/master [6ms]
2023-02-22 04:40:54.342 [info] > git rev-parse --show-toplevel [43ms]
2023-02-22 04:40:54.342 [info] > git status -z -uall [24ms]
2023-02-22 04:40:54.342 [info] > git for-each-ref --sort -committerdate --format %(refname) %(objectname) %(*objectname) [8ms]
2023-02-22 04:40:54.342 [info] > git config --get commit.template [38ms]
2023-02-22 04:40:54.342 [info] > git rev-parse --show-toplevel [27ms]
2023-02-22 04:40:54.342 [info] > git config --get commit.template [9ms]
2023-02-22 04:40:54.342 [info] > git for-each-ref --format %(refname) %(objectname) %(*objectname) refs/tags [16ms]
2023-02-22 04:40:54.342 [info] > git status -z -uall [447ms] (cancelled)
2023-02-22 04:40:54.342 [info] > git status -z -uall [16ms]
2023-02-22 04:40:54.342 [info] > git for-each-ref --sort -committerdate --format %(refname) %(objectname) %(*objectname) [12ms]
2023-02-22 04:40:54.342 [info] > git for-each-ref --format=%(refname)%00%(upstream:short)%00%(objectname)%00%(upstream:track)%00%(upstream:remotename)%00%(upstream:remoteref) refs/heads/master refs/remotes/master [11ms]
2023-02-22 04:40:54.342 [info] > git for-each-ref --sort -committerdate --format %(refname) %(objectname) %(*objectname) [12ms]
2023-02-22 04:40:54.342 [info] > git status -z -uall [22ms]
2023-02-22 04:40:54.677 [info] > git show --textconv :sparta/bucket/app.py [6ms]
2023-02-22 04:40:54.682 [info] > git ls-files --stage -- /home/ubuntu/sparta/bucket/app.py [7ms]
2023-02-22 04:40:54.851 [info] > git check-ignore -v -z --stdin [8ms]
2023-02-22 04:40:54.852 [info] > git check-ignore -v -z --stdin [3ms]
2023-02-22 04:40:54.861 [info] > git check-ignore -v -z --stdin [25ms]
2023-02-22 05:00:44.713 [info] > git check-ignore -v -z --stdin [9ms]
2023-02-22 05:01:14.888 [info] > git check-ignore -v -z --stdin [8ms]
2023-02-22 05:01:16.286 [info] > git check-ignore -v -z --stdin [9ms]
2023-02-22 05:01:17.514 [info] > git check-ignore -v -z --stdin [13ms]
2023-02-22 05:01:23.674 [info] > git check-ignore -v -z --stdin [4ms]
2023-02-22 05:04:50.702 [info] > git check-ignore -v -z --stdin [7ms]
2023-02-22 05:04:52.275 [info] > git check-ignore -v -z --stdin [10ms]
2023-02-22 05:04:56.929 [info] > git check-ignore -v -z --stdin [9ms]
2023-02-22 05:05:12.512 [info] > git check-ignore -v -z --stdin [7ms]
2023-02-22 05:05:18.572 [info] > git check-ignore -v -z --stdin [10ms]
2023-02-22 05:05:23.961 [info] > git check-ignore -v -z --stdin [16ms]
2023-02-22 05:05:26.164 [info] > git check-ignore -v -z --stdin [7ms]
2023-02-22 05:05:29.696 [info] > git check-ignore -v -z --stdin [12ms]
2023-02-22 05:05:37.235 [info] > git show --textconv :4,sparta/bucket/app.py [6ms]
2023-02-22 05:05:37.239 [info] > git ls-files --stage -- /home/ubuntu/4,sparta/bucket/app.py [6ms]
2023-02-22 05:05:37.674 [info] > git check-ignore -v -z --stdin [15ms]
2023-02-22 05:05:41.562 [info] > git show --textconv :4.sparta/bucket/app.py [8ms]
2023-02-22 05:05:41.567 [info] > git ls-files --stage -- /home/ubuntu/4.sparta/bucket/app.py [6ms]
2023-02-22 05:05:41.930 [info] > git check-ignore -v -z --stdin [14ms]
2023-02-22 05:05:47.589 [info] > git show --textconv :web/4.sparta/bucket/app.py [9ms]
2023-02-22 05:05:47.590 [info] > git ls-files --stage -- /home/ubuntu/web/4.sparta/bucket/app.py [6ms]
2023-02-22 05:05:48.042 [info] > git check-ignore -v -z --stdin [14ms]
2023-02-22 05:06:06.214 [info] > git check-ignore -v -z --stdin [7ms]
2023-02-22 05:12:47.073 [info] > git check-ignore -v -z --stdin [10ms]
2023-02-22 05:12:48.693 [info] > git check-ignore -v -z --stdin [12ms]
2023-02-22 05:12:55.328 [info] > git check-ignore -v -z --stdin [27ms]
2023-02-22 05:13:07.990 [info] > git check-ignore -v -z --stdin [9ms]
2023-02-22 05:13:13.242 [info] > git check-ignore -v -z --stdin [21ms]
2023-02-22 05:13:16.206 [info] > git check-ignore -v -z --stdin [9ms]
2023-02-22 05:13:18.429 [info] > git check-ignore -v -z --stdin [9ms]
2023-02-22 05:13:28.187 [info] > git check-ignore -v -z --stdin [14ms]
2023-02-22 05:13:48.682 [info] > git show --textconv :web/3.pybo/PowerCat/pybo/question_form.html [9ms]
2023-02-22 05:13:48.689 [info] > git ls-files --stage -- /home/ubuntu/web/3.pybo/PowerCat/pybo/question_form.html [9ms]
2023-02-22 05:13:52.356 [info] > git show --textconv :web/3.pybo/PowerCat/pybo/templates/pybo/question_form.html [12ms]
2023-02-22 05:13:52.360 [info] > git ls-files --stage -- /home/ubuntu/web/3.pybo/PowerCat/pybo/templates/pybo/question_form.html [6ms]
2023-02-22 05:13:57.689 [info] > git show --textconv :web/3.pybo/PowerCat/pybo/question_form.html [6ms]
2023-02-22 05:13:57.693 [info] > git ls-files --stage -- /home/ubuntu/web/3.pybo/PowerCat/pybo/question_form.html [6ms]
2023-02-22 05:14:02.248 [info] > git check-ignore -v -z --stdin [11ms]
2023-02-22 05:14:06.121 [info] > git check-ignore -v -z --stdin [16ms]
2023-02-22 05:14:08.939 [info] > git check-ignore -v -z --stdin [11ms]
2023-02-22 05:14:11.687 [info] > git check-ignore -v -z --stdin [10ms]
2023-02-22 05:14:19.909 [info] > git show --textconv :web/3.pybo/PowerCat/shell.sh [7ms]
2023-02-22 05:14:19.912 [info] > git ls-files --stage -- /home/ubuntu/web/3.pybo/PowerCat/shell.sh [6ms]
2023-02-22 05:14:38.349 [info] > git show --textconv :web/3.pybo/PowerCat/pybo/templates/base.html [6ms]
2023-02-22 05:14:38.352 [info] > git ls-files --stage -- /home/ubuntu/web/3.pybo/PowerCat/pybo/templates/base.html [5ms]
2023-02-22 05:15:10.104 [info] > git check-ignore -v -z --stdin [13ms]
2023-02-22 05:15:31.306 [info] > git show --textconv :web/3.pybo/PowerCat/pybo/templates/pybo/answer_form.html [6ms]
2023-02-22 05:15:31.310 [info] > git ls-files --stage -- /home/ubuntu/web/3.pybo/PowerCat/pybo/templates/pybo/answer_form.html [6ms]
2023-02-22 05:15:39.525 [info] > git check-ignore -v -z --stdin [11ms]
2023-02-22 05:15:41.044 [info] > git show --textconv :web/3.pybo/PowerCat/pybo/templates/common/login.html [6ms]
2023-02-22 05:15:41.049 [info] > git ls-files --stage -- /home/ubuntu/web/3.pybo/PowerCat/pybo/templates/common/login.html [6ms]
2023-02-22 05:15:56.315 [info] > git check-ignore -v -z --stdin [10ms]
2023-02-22 05:15:57.980 [info] > git check-ignore -v -z --stdin [13ms]
2023-02-22 05:16:05.148 [info] > git check-ignore -v -z --stdin [17ms]
2023-02-22 05:16:05.832 [info] > git check-ignore -v -z --stdin [5ms]
2023-02-22 05:16:57.184 [info] > git check-ignore -v -z --stdin [5ms]
2023-02-22 05:17:08.048 [info] > git show --textconv :web/3.pybo/PowerCat/arhive/1220/pybo/lib64/python3.8/site-packages/django/contrib/admin/templates/admin/app_index.html [7ms]
2023-02-22 05:17:08.052 [info] > git ls-files --stage -- /home/ubuntu/web/3.pybo/PowerCat/arhive/1220/pybo/lib64/python3.8/site-packages/django/contrib/admin/templates/admin/app_index.html [5ms]
2023-02-22 05:17:08.278 [info] > git check-ignore -v -z --stdin [8ms]
2023-02-22 05:17:13.585 [info] > git check-ignore -v -z --stdin [6ms]
2023-02-22 05:17:19.992 [info] > git check-ignore -v -z --stdin [16ms]
2023-02-22 05:17:26.673 [info] > git check-ignore -v -z --stdin [6ms]
2023-02-22 05:18:27.397 [info] > git check-ignore -v -z --stdin [13ms]
2023-02-22 05:18:35.115 [info] > git show --textconv :web/3.pybo/PowerCat/pybo/templates/base.html [6ms]
2023-02-22 05:18:35.121 [info] > git ls-files --stage -- /home/ubuntu/web/3.pybo/PowerCat/pybo/templates/base.html [6ms]
2023-02-22 05:18:56.427 [info] > git show --textconv :web/3.pybo/PowerCat/pybo/templates/form_errors.html [6ms]
2023-02-22 05:18:56.432 [info] > git ls-files --stage -- /home/ubuntu/web/3.pybo/PowerCat/pybo/templates/form_errors.html [7ms]
2023-02-22 05:18:56.886 [info] > git show --textconv :web/3.pybo/PowerCat/pybo/templates/base.html [6ms]
2023-02-22 05:18:56.890 [info] > git ls-files --stage -- /home/ubuntu/web/3.pybo/PowerCat/pybo/templates/base.html [5ms]
2023-02-22 05:20:55.078 [info] > git show --textconv :web/3.pybo/PowerCat/pybo/templates/form_errors.html [13ms]
2023-02-22 05:20:55.084 [info] > git ls-files --stage -- /home/ubuntu/web/3.pybo/PowerCat/pybo/templates/form_errors.html [7ms]
2023-02-22 05:20:56.110 [info] > git show --textconv :web/3.pybo/PowerCat/pybo/templates/navbar.html [6ms]
2023-02-22 05:20:56.117 [info] > git ls-files --stage -- /home/ubuntu/web/3.pybo/PowerCat/pybo/templates/navbar.html [8ms]
2023-02-22 05:21:01.511 [info] > git show --textconv :web/3.pybo/PowerCat/pybo/templates/form_errors.html [6ms]
2023-02-22 05:21:01.515 [info] > git ls-files --stage -- /home/ubuntu/web/3.pybo/PowerCat/pybo/templates/form_errors.html [5ms]
2023-02-22 05:21:02.018 [info] > git show --textconv :web/3.pybo/PowerCat/pybo/templates/navbar.html [6ms]
2023-02-22 05:21:02.040 [info] > git ls-files --stage -- /home/ubuntu/web/3.pybo/PowerCat/pybo/templates/navbar.html [22ms]
2023-02-22 05:21:49.185 [info] > git show --textconv :web/3.pybo/PowerCat/pybo/templates/base.html [7ms]
2023-02-22 05:21:49.189 [info] > git ls-files --stage -- /home/ubuntu/web/3.pybo/PowerCat/pybo/templates/base.html [5ms]
2023-02-22 05:45:23.910 [info] > git check-ignore -v -z --stdin [24ms]
2023-02-22 05:45:50.361 [info] > git check-ignore -v -z --stdin [12ms]
2023-02-22 05:45:57.270 [info] > git check-ignore -v -z --stdin [12ms]
2023-02-22 05:46:06.961 [info] > git check-ignore -v -z --stdin [12ms]
2023-02-22 05:46:08.501 [info] > git check-ignore -v -z --stdin [7ms]
2023-02-22 05:46:09.745 [info] > git check-ignore -v -z --stdin [8ms]
2023-02-22 05:46:11.815 [info] > git show --textconv :ddadangku/test/pybo-pvc.yaml [6ms]
2023-02-22 05:46:11.820 [info] > git ls-files --stage -- /home/ubuntu/ddadangku/test/pybo-pvc.yaml [6ms]
2023-02-22 05:46:16.955 [info] > git show --textconv :ddadangku/pybo-deployment.yaml [11ms]
2023-02-22 05:46:16.962 [info] > git ls-files --stage -- /home/ubuntu/ddadangku/pybo-deployment.yaml [9ms]
2023-02-22 05:46:21.091 [info] > git show --textconv :ddadangku/ddadangku-deployment.yaml [6ms]
2023-02-22 05:46:21.095 [info] > git ls-files --stage -- /home/ubuntu/ddadangku/ddadangku-deployment.yaml [5ms]
2023-02-22 05:46:21.359 [info] > git check-ignore -v -z --stdin [7ms]
2023-02-22 05:46:21.604 [info] > git show --textconv :ddadangku/pybo-ingress.yaml [6ms]
2023-02-22 05:46:21.608 [info] > git ls-files --stage -- /home/ubuntu/ddadangku/pybo-ingress.yaml [5ms]
2023-02-22 05:46:24.232 [info] > git show --textconv :ddadangku/ddadangku-ingress.yaml [5ms]
2023-02-22 05:46:24.237 [info] > git ls-files --stage -- /home/ubuntu/ddadangku/ddadangku-ingress.yaml [5ms]
2023-02-22 05:46:24.490 [info] > git check-ignore -v -z --stdin [10ms]
2023-02-22 05:46:24.667 [info] > git show --textconv :ddadangku/pybo-service.yaml [6ms]
2023-02-22 05:46:24.671 [info] > git ls-files --stage -- /home/ubuntu/ddadangku/pybo-service.yaml [5ms]
2023-02-22 05:46:28.348 [info] > git show --textconv :ddadangku/ddadangku-service.yaml [7ms]
2023-02-22 05:46:28.351 [info] > git ls-files --stage -- /home/ubuntu/ddadangku/ddadangku-service.yaml [5ms]
2023-02-22 05:46:28.611 [info] > git check-ignore -v -z --stdin [12ms]
2023-02-22 05:46:34.885 [info] > git show --textconv :ddadangku/ddadangku-ingress.yaml [6ms]
2023-02-22 05:46:34.890 [info] > git ls-files --stage -- /home/ubuntu/ddadangku/ddadangku-ingress.yaml [5ms]
2023-02-22 05:46:46.110 [info] > git show --textconv :ddadangku/ddadangku-deployment.yaml [6ms]
2023-02-22 05:46:46.114 [info] > git ls-files --stage -- /home/ubuntu/ddadangku/ddadangku-deployment.yaml [6ms]
2023-02-22 05:47:14.743 [info] > git check-ignore -v -z --stdin [20ms]
2023-02-22 05:47:26.944 [info] > git check-ignore -v -z --stdin [8ms]
2023-02-22 05:47:28.118 [info] > git check-ignore -v -z --stdin [16ms]
2023-02-22 05:47:44.353 [info] > git check-ignore -v -z --stdin [13ms]
2023-02-22 05:47:46.316 [info] > git show --textconv :ddadangku/ddadangku/jenkins/jenkins-values.yaml [6ms]
2023-02-22 05:47:46.321 [info] > git ls-files --stage -- /home/ubuntu/ddadangku/ddadangku/jenkins/jenkins-values.yaml [6ms]
2023-02-22 05:48:02.041 [info] > git check-ignore -v -z --stdin [8ms]
2023-02-22 05:48:05.681 [info] > git check-ignore -v -z --stdin [8ms]
2023-02-22 05:48:07.760 [info] > git check-ignore -v -z --stdin [6ms]
2023-02-22 05:48:09.687 [info] > git check-ignore -v -z --stdin [12ms]
2023-02-22 05:48:12.159 [info] > git check-ignore -v -z --stdin [17ms]
2023-02-22 05:48:16.017 [info] > git show --textconv :ddadangku/ddadangku/Dockerfile [119ms]
2023-02-22 05:48:16.017 [info] > git ls-files --stage -- /home/ubuntu/ddadangku/ddadangku/Dockerfile [109ms]
2023-02-22 05:48:27.206 [info] > git show --textconv :ddadangku/ddadangku/pybo/views (copy).py [8ms]
2023-02-22 05:48:27.213 [info] > git ls-files --stage -- /home/ubuntu/ddadangku/ddadangku/pybo/views (copy).py [7ms]
2023-02-22 05:48:39.561 [info] > git show --textconv :ddadangku/ddadangku/pybo/question_form.html [13ms]
2023-02-22 05:48:39.563 [info] > git ls-files --stage -- /home/ubuntu/ddadangku/ddadangku/pybo/question_form.html [5ms]
2023-02-22 05:48:44.071 [info] > git show --textconv :ddadangku/ddadangku/pybo/centos-django.txt [14ms]
2023-02-22 05:48:44.074 [info] > git ls-files --stage -- /home/ubuntu/ddadangku/ddadangku/pybo/centos-django.txt [6ms]
2023-02-22 05:49:10.384 [info] > git check-ignore -v -z --stdin [16ms]
2023-02-22 05:49:12.922 [info] > git check-ignore -v -z --stdin [7ms]
2023-02-22 05:49:14.585 [info] > git check-ignore -v -z --stdin [9ms]
2023-02-22 05:49:54.924 [info] > git show --textconv :ddadangku/ddadangku/.gitmodules [15ms]
2023-02-22 05:49:54.935 [info] > git ls-files --stage -- /home/ubuntu/ddadangku/ddadangku/.gitmodules [13ms]
2023-02-22 05:50:04.607 [info] > git check-ignore -v -z --stdin [8ms]
2023-02-22 05:50:13.514 [info] > git show --textconv :ddadangku/ddadangku/pybo/static/bootstrap.min.js [12ms]
2023-02-22 05:50:13.520 [info] > git ls-files --stage -- /home/ubuntu/ddadangku/ddadangku/pybo/static/bootstrap.min.js [8ms]
2023-02-22 05:50:14.247 [info] > git check-ignore -v -z --stdin [10ms]
2023-02-22 05:50:27.961 [info] > git show --textconv :ddadangku/ddadangku/pybo/templates/base.html [8ms]
2023-02-22 05:50:27.966 [info] > git ls-files --stage -- /home/ubuntu/ddadangku/ddadangku/pybo/templates/base.html [6ms]
2023-02-22 05:53:41.802 [info] > git show --textconv :ddadangku/ddadangku/pybo/templates/form_errors.html [13ms]
2023-02-22 05:53:41.808 [info] > git ls-files --stage -- /home/ubuntu/ddadangku/ddadangku/pybo/templates/form_errors.html [7ms]
2023-02-22 05:53:42.902 [info] > git show --textconv :ddadangku/ddadangku/pybo/templates/navbar.html [8ms]
2023-02-22 05:53:42.907 [info] > git ls-files --stage -- /home/ubuntu/ddadangku/ddadangku/pybo/templates/navbar.html [6ms]
2023-02-22 05:57:47.737 [info] > git check-ignore -v -z --stdin [8ms]
2023-02-22 05:57:52.264 [info] > git show --textconv :ddadangku/db/pybo-mydb-svc-write.yaml [13ms]
2023-02-22 05:57:52.269 [info] > git ls-files --stage -- /home/ubuntu/ddadangku/db/pybo-mydb-svc-write.yaml [6ms]
2023-02-22 05:58:00.843 [info] > git show --textconv :ddadangku/db/ddadangku-mydb-svc-write.yaml [8ms]
2023-02-22 05:58:00.849 [info] > git ls-files --stage -- /home/ubuntu/ddadangku/db/ddadangku-mydb-svc-write.yaml [5ms]
2023-02-22 05:58:01.113 [info] > git check-ignore -v -z --stdin [6ms]
2023-02-22 05:58:01.706 [info] > git show --textconv :ddadangku/db/pybo-mydb-cm-mysql.yaml [10ms]
2023-02-22 05:58:01.712 [info] > git ls-files --stage -- /home/ubuntu/ddadangku/db/pybo-mydb-cm-mysql.yaml [5ms]
2023-02-22 05:58:04.526 [info] > git show --textconv :ddadangku/db/ddadangku-mydb-cm-mysql.yaml [11ms]
2023-02-22 05:58:04.531 [info] > git ls-files --stage -- /home/ubuntu/ddadangku/db/ddadangku-mydb-cm-mysql.yaml [6ms]
2023-02-22 05:58:04.793 [info] > git check-ignore -v -z --stdin [6ms]
2023-02-22 05:58:05.413 [info] > git show --textconv :ddadangku/db/pybo-mydb-sts-mysql.yaml [7ms]
2023-02-22 05:58:05.417 [info] > git ls-files --stage -- /home/ubuntu/ddadangku/db/pybo-mydb-sts-mysql.yaml [5ms]
2023-02-22 05:58:07.443 [info] > git show --textconv :ddadangku/db/ddadangku-mydb-sts-mysql.yaml [19ms]
2023-02-22 05:58:07.445 [info] > git ls-files --stage -- /home/ubuntu/ddadangku/db/ddadangku-mydb-sts-mysql.yaml [10ms]
2023-02-22 05:58:07.694 [info] > git check-ignore -v -z --stdin [6ms]
2023-02-22 05:58:08.221 [info] > git show --textconv :ddadangku/db/pybo-mydb-svc-read.yaml [10ms]
2023-02-22 05:58:08.227 [info] > git ls-files --stage -- /home/ubuntu/ddadangku/db/pybo-mydb-svc-read.yaml [7ms]
2023-02-22 05:58:09.908 [info] > git show --textconv :ddadangku/db/ddadangkumydb-svc-read.yaml [7ms]
2023-02-22 05:58:09.913 [info] > git ls-files --stage -- /home/ubuntu/ddadangku/db/ddadangkumydb-svc-read.yaml [6ms]
2023-02-22 05:58:10.163 [info] > git check-ignore -v -z --stdin [6ms]
2023-02-22 05:58:14.982 [info] > git show --textconv :ddadangku/db/ddadangku-mydb-svc-read.yaml [8ms]
2023-02-22 05:58:14.987 [info] > git ls-files --stage -- /home/ubuntu/ddadangku/db/ddadangku-mydb-svc-read.yaml [6ms]
2023-02-22 05:58:15.242 [info] > git check-ignore -v -z --stdin [8ms]
2023-02-22 05:58:21.922 [info] > git show --textconv :ddadangku/db/ddadangku-mydb-svc-write.yaml [10ms]
2023-02-22 05:58:21.927 [info] > git ls-files --stage -- /home/ubuntu/ddadangku/db/ddadangku-mydb-svc-write.yaml [7ms]
2023-02-22 05:58:27.782 [info] > git show --textconv :ddadangku/db/ddadangku-mydb-sts-mysql.yaml [7ms]
2023-02-22 05:58:27.787 [info] > git ls-files --stage -- /home/ubuntu/ddadangku/db/ddadangku-mydb-sts-mysql.yaml [5ms]
2023-02-22 05:58:32.233 [info] > git show --textconv :ddadangku/db/ddadangku-mydb-cm-mysql.yaml [13ms]
2023-02-22 05:58:32.238 [info] > git ls-files --stage -- /home/ubuntu/ddadangku/db/ddadangku-mydb-cm-mysql.yaml [6ms]
2023-02-22 06:03:37.174 [info] > git show --textconv :ddadangku/ddadangku/pybo/templates/form_errors.html [11ms]
2023-02-22 06:03:37.179 [info] > git ls-files --stage -- /home/ubuntu/ddadangku/ddadangku/pybo/templates/form_errors.html [6ms]
2023-02-22 06:07:00.108 [info] > git show --textconv :web/3.pybo/PowerCat/pybo/pyvenv.cfg [10ms]
2023-02-22 06:07:00.113 [info] > git ls-files --stage -- /home/ubuntu/web/3.pybo/PowerCat/pybo/pyvenv.cfg [6ms]
2023-02-22 06:07:02.968 [info] > git show --textconv :web/3.pybo/PowerCat/pybo/paging.py [7ms]
2023-02-22 06:07:02.973 [info] > git ls-files --stage -- /home/ubuntu/web/3.pybo/PowerCat/pybo/paging.py [6ms]
2023-02-22 06:07:06.910 [info] > git show --textconv :web/3.pybo/PowerCat/pybo/manage.py [9ms]
2023-02-22 06:07:06.915 [info] > git ls-files --stage -- /home/ubuntu/web/3.pybo/PowerCat/pybo/manage.py [5ms]
2023-02-22 06:07:10.995 [info] > git show --textconv :web/3.pybo/PowerCat/pybo/question_form.html [7ms]
2023-02-22 06:07:11.000 [info] > git ls-files --stage -- /home/ubuntu/web/3.pybo/PowerCat/pybo/question_form.html [6ms]
2023-02-22 06:07:15.519 [info] > git show --textconv :web/3.pybo/PowerCat/pybo/templates/navbar.html [7ms]
2023-02-22 06:07:15.525 [info] > git ls-files --stage -- /home/ubuntu/web/3.pybo/PowerCat/pybo/templates/navbar.html [5ms]
2023-02-22 06:08:44.089 [info] > git show --textconv :web/3.pybo/PowerCat/Dockerfile [11ms]
2023-02-22 06:08:44.094 [info] > git ls-files --stage -- /home/ubuntu/web/3.pybo/PowerCat/Dockerfile [6ms]
2023-02-22 06:09:08.651 [info] > git check-ignore -v -z --stdin [14ms]
2023-02-22 06:09:09.848 [info] > git check-ignore -v -z --stdin [13ms]
2023-02-22 06:09:19.261 [info] > git check-ignore -v -z --stdin [9ms]
2023-02-22 06:09:20.921 [info] > git check-ignore -v -z --stdin [15ms]
2023-02-22 06:09:30.699 [info] > git check-ignore -v -z --stdin [14ms]
2023-02-22 06:09:31.527 [info] > git check-ignore -v -z --stdin [8ms]
2023-02-22 06:09:33.851 [info] > git check-ignore -v -z --stdin [11ms]
2023-02-22 06:09:34.373 [info] > git check-ignore -v -z --stdin [12ms]
2023-02-22 06:09:37.261 [info] > git check-ignore -v -z --stdin [16ms]
2023-02-22 06:10:03.109 [info] > git check-ignore -v -z --stdin [7ms]
2023-02-22 06:10:07.301 [info] > git show --textconv :web/5.testpage/pybo/static/bootstrap.min.js [10ms]
2023-02-22 06:10:07.306 [info] > git ls-files --stage -- /home/ubuntu/web/5.testpage/pybo/static/bootstrap.min.js [6ms]
2023-02-22 06:10:11.419 [info] > git check-ignore -v -z --stdin [9ms]
2023-02-22 06:10:12.630 [info] > git show --textconv :web/5.testpage/pybo/templates/base.html [19ms]
2023-02-22 06:10:12.643 [info] > git ls-files --stage -- /home/ubuntu/web/5.testpage/pybo/templates/base.html [14ms]
2023-02-22 06:18:39.955 [info] > git check-ignore -v -z --stdin [9ms]
2023-02-22 06:18:42.201 [info] > git check-ignore -v -z --stdin [15ms]
2023-02-22 06:18:43.214 [info] > git show --textconv :web/3.pybo/pybo-deployment.yaml [12ms]
2023-02-22 06:18:43.221 [info] > git ls-files --stage -- /home/ubuntu/web/3.pybo/pybo-deployment.yaml [8ms]
2023-02-22 06:38:48.118 [info] > git show --textconv :ddadangku/ddadangku-service.yaml [19ms]
2023-02-22 06:38:48.131 [info] > git ls-files --stage -- /home/ubuntu/ddadangku/ddadangku-service.yaml [13ms]
2023-02-22 06:38:52.869 [info] > git show --textconv :ddadangku/db/ddadangku-mydb-cm-mysql.yaml [9ms]
2023-02-22 06:38:52.874 [info] > git ls-files --stage -- /home/ubuntu/ddadangku/db/ddadangku-mydb-cm-mysql.yaml [6ms]
2023-02-22 06:38:57.464 [info] > git show --textconv :ddadangku/db/ddadangku-mydb-sts-mysql.yaml [13ms]
2023-02-22 06:38:57.470 [info] > git ls-files --stage -- /home/ubuntu/ddadangku/db/ddadangku-mydb-sts-mysql.yaml [6ms]
2023-02-22 06:39:05.683 [info] > git show --textconv :ddadangku/db/ddadangku-mydb-svc-read.yaml [13ms]
2023-02-22 06:39:05.690 [info] > git ls-files --stage -- /home/ubuntu/ddadangku/db/ddadangku-mydb-svc-read.yaml [10ms]
2023-02-22 06:39:09.118 [info] > git show --textconv :ddadangku/db/ddadangku-mydb-svc-write.yaml [9ms]
2023-02-22 06:39:09.123 [info] > git ls-files --stage -- /home/ubuntu/ddadangku/db/ddadangku-mydb-svc-write.yaml [6ms]
2023-02-22 06:43:06.026 [info] > git show --textconv :ddadangku/ddadangku-deployment.yaml [6ms]
2023-02-22 06:43:06.031 [info] > git ls-files --stage -- /home/ubuntu/ddadangku/ddadangku-deployment.yaml [5ms]
2023-02-22 06:43:16.670 [info] > git show --textconv :ddadangku/ddadangku-ingress.yaml [7ms]
2023-02-22 06:43:16.675 [info] > git ls-files --stage -- /home/ubuntu/ddadangku/ddadangku-ingress.yaml [5ms]
2023-02-22 06:43:32.729 [info] > git show --textconv :ddadangku/ddadangku-service.yaml [8ms]
2023-02-22 06:43:32.734 [info] > git ls-files --stage -- /home/ubuntu/ddadangku/ddadangku-service.yaml [6ms]
2023-02-22 06:43:46.832 [info] > git show --textconv :ddadangku/ddadangku-ingress.yaml [17ms]
2023-02-22 06:43:46.835 [info] > git ls-files --stage -- /home/ubuntu/ddadangku/ddadangku-ingress.yaml [4ms]
2023-02-22 06:43:48.650 [info] > git show --textconv :ddadangku/ddadangku-deployment.yaml [13ms]
2023-02-22 06:43:48.655 [info] > git ls-files --stage -- /home/ubuntu/ddadangku/ddadangku-deployment.yaml [6ms]
2023-02-22 06:43:50.656 [info] > git show --textconv :ddadangku/db/ddadangku-mydb-cm-mysql.yaml [12ms]
2023-02-22 06:43:50.661 [info] > git ls-files --stage -- /home/ubuntu/ddadangku/db/ddadangku-mydb-cm-mysql.yaml [6ms]
2023-02-22 06:44:01.197 [info] > git show --textconv :ddadangku/db/ddadangku-mydb-sts-mysql.yaml [9ms]
2023-02-22 06:44:01.203 [info] > git ls-files --stage -- /home/ubuntu/ddadangku/db/ddadangku-mydb-sts-mysql.yaml [6ms]
2023-02-22 06:44:35.933 [info] > git show --textconv :ddadangku/db/ddadangku-mydb-svc-read.yaml [8ms]
2023-02-22 06:44:35.937 [info] > git ls-files --stage -- /home/ubuntu/ddadangku/db/ddadangku-mydb-svc-read.yaml [6ms]
2023-02-22 06:44:45.660 [info] > git show --textconv :ddadangku/db/ddadangku-mydb-svc-write.yaml [7ms]
2023-02-22 06:44:45.665 [info] > git ls-files --stage -- /home/ubuntu/ddadangku/db/ddadangku-mydb-svc-write.yaml [6ms]
2023-02-22 06:45:18.954 [info] > git show --textconv :ddadangku/ddadangku-deployment.yaml [9ms]
2023-02-22 06:45:18.958 [info] > git ls-files --stage -- /home/ubuntu/ddadangku/ddadangku-deployment.yaml [5ms]
2023-02-22 06:45:31.457 [info] > git show --textconv :web/3.pybo/pybo-deployment.yaml [8ms]
2023-02-22 06:45:31.462 [info] > git ls-files --stage -- /home/ubuntu/web/3.pybo/pybo-deployment.yaml [6ms]
2023-02-22 06:45:38.447 [info] > git show --textconv :ddadangku/pybo-deployment.yaml [8ms]
2023-02-22 06:45:38.452 [info] > git ls-files --stage -- /home/ubuntu/ddadangku/pybo-deployment.yaml [5ms]
2023-02-22 06:45:47.677 [info] > git show --textconv :ddadangku/ddadangku-deployment.yaml [7ms]
2023-02-22 06:45:47.682 [info] > git ls-files --stage -- /home/ubuntu/ddadangku/ddadangku-deployment.yaml [5ms]
2023-02-22 06:45:49.094 [info] > git show --textconv :ddadangku/pybo-ingress.yaml [10ms]
2023-02-22 06:45:49.099 [info] > git ls-files --stage -- /home/ubuntu/ddadangku/pybo-ingress.yaml [5ms]
2023-02-22 06:45:51.386 [info] > git show --textconv :ddadangku/ddadangku-ingress.yaml [11ms]
2023-02-22 06:45:51.391 [info] > git ls-files --stage -- /home/ubuntu/ddadangku/ddadangku-ingress.yaml [6ms]
2023-02-22 06:45:52.234 [info] > git show --textconv :ddadangku/pybo-service.yaml [8ms]
2023-02-22 06:45:52.240 [info] > git ls-files --stage -- /home/ubuntu/ddadangku/pybo-service.yaml [5ms]
2023-02-22 06:45:55.215 [info] > git show --textconv :ddadangku/ddadangku-service.yaml [9ms]
2023-02-22 06:45:55.219 [info] > git ls-files --stage -- /home/ubuntu/ddadangku/ddadangku-service.yaml [5ms]
2023-02-22 06:46:04.180 [info] > git check-ignore -v -z --stdin [13ms]
2023-02-22 06:46:18.338 [info] > git show --textconv :ddadangku/ddadangku-ingress.yaml [13ms]
2023-02-22 06:46:18.343 [info] > git ls-files --stage -- /home/ubuntu/ddadangku/ddadangku-ingress.yaml [5ms]
2023-02-22 06:46:25.753 [info] > git show --textconv :ddadangku/ddadangku-deployment.yaml [12ms]
2023-02-22 06:46:25.758 [info] > git ls-files --stage -- /home/ubuntu/ddadangku/ddadangku-deployment.yaml [5ms]
2023-02-22 06:46:41.597 [info] > git show --textconv :ddadangku/db/pybo-mydb-cm-mysql.yaml [7ms]
2023-02-22 06:46:41.602 [info] > git ls-files --stage -- /home/ubuntu/ddadangku/db/pybo-mydb-cm-mysql.yaml [6ms]
2023-02-22 06:46:53.104 [info] > git show --textconv :ddadangku/db/-mydb-cm-mysql.yaml [6ms]
2023-02-22 06:46:53.109 [info] > git ls-files --stage -- /home/ubuntu/ddadangku/db/-mydb-cm-mysql.yaml [5ms]
2023-02-22 06:46:53.373 [info] > git check-ignore -v -z --stdin [9ms]
2023-02-22 06:46:59.144 [info] > git show --textconv :ddadangku/db/ddadangku-mydb-cm-mysql.yaml [7ms]
2023-02-22 06:46:59.149 [info] > git ls-files --stage -- /home/ubuntu/ddadangku/db/ddadangku-mydb-cm-mysql.yaml [6ms]
2023-02-22 06:47:00.214 [info] > git show --textconv :ddadangku/db/pybo-mydb-sts-mysql.yaml [26ms]
2023-02-22 06:47:00.218 [info] > git ls-files --stage -- /home/ubuntu/ddadangku/db/pybo-mydb-sts-mysql.yaml [5ms]
2023-02-22 06:47:02.513 [info] > git show --textconv :ddadangku/db/ddadangku-mydb-sts-mysql.yaml [7ms]
2023-02-22 06:47:02.518 [info] > git ls-files --stage -- /home/ubuntu/ddadangku/db/ddadangku-mydb-sts-mysql.yaml [5ms]
2023-02-22 06:47:02.938 [info] > git show --textconv :ddadangku/db/pybo-mydb-svc-read.yaml [17ms]
2023-02-22 06:47:02.946 [info] > git ls-files --stage -- /home/ubuntu/ddadangku/db/pybo-mydb-svc-read.yaml [10ms]
2023-02-22 06:47:04.666 [info] > git show --textconv :ddadangku/db/ddadangku-mydb-svc-read.yaml [9ms]
2023-02-22 06:47:04.672 [info] > git ls-files --stage -- /home/ubuntu/ddadangku/db/ddadangku-mydb-svc-read.yaml [6ms]
2023-02-22 06:47:05.269 [info] > git show --textconv :ddadangku/db/pybo-mydb-svc-write.yaml [8ms]
2023-02-22 06:47:05.274 [info] > git ls-files --stage -- /home/ubuntu/ddadangku/db/pybo-mydb-svc-write.yaml [6ms]
2023-02-22 06:47:07.598 [info] > git show --textconv :ddadangku/db/ddadangku-mydb-svc-write.yaml [12ms]
2023-02-22 06:47:07.605 [info] > git ls-files --stage -- /home/ubuntu/ddadangku/db/ddadangku-mydb-svc-write.yaml [7ms]
2023-02-22 06:47:14.848 [info] > git show --textconv :ddadangku/db/ddadangku-mydb-svc-read.yaml [9ms]
2023-02-22 06:47:14.853 [info] > git ls-files --stage -- /home/ubuntu/ddadangku/db/ddadangku-mydb-svc-read.yaml [5ms]
2023-02-22 06:47:18.944 [info] > git show --textconv :ddadangku/db/ddadangku-mydb-sts-mysql.yaml [13ms]
2023-02-22 06:47:18.963 [info] > git ls-files --stage -- /home/ubuntu/ddadangku/db/ddadangku-mydb-sts-mysql.yaml [20ms]
2023-02-22 06:47:36.965 [info] > git show --textconv :ddadangku/db/ddadangku-mydb-cm-mysql.yaml [8ms]
2023-02-22 06:47:36.970 [info] > git ls-files --stage -- /home/ubuntu/ddadangku/db/ddadangku-mydb-cm-mysql.yaml [6ms]
2023-02-22 06:51:32.294 [info] > git show --textconv :web/3.pybo/db/pybo-mydb-cm-mysql.yaml [12ms]
2023-02-22 06:51:32.299 [info] > git ls-files --stage -- /home/ubuntu/web/3.pybo/db/pybo-mydb-cm-mysql.yaml [6ms]
2023-02-22 06:51:36.652 [info] > git show --textconv :web/3.pybo/db/pybo-mydb-sts-mysql.yaml [17ms]
2023-02-22 06:51:36.659 [info] > git ls-files --stage -- /home/ubuntu/web/3.pybo/db/pybo-mydb-sts-mysql.yaml [8ms]
2023-02-22 06:52:39.372 [info] > git show --textconv :web/3.pybo/db/pybo-mydb-svc-read.yaml [10ms]
2023-02-22 06:52:39.377 [info] > git ls-files --stage -- /home/ubuntu/web/3.pybo/db/pybo-mydb-svc-read.yaml [6ms]
2023-02-22 06:52:47.805 [info] > git show --textconv :web/3.pybo/db/pybo-mydb-svc-write.yaml [16ms]
2023-02-22 06:52:47.811 [info] > git ls-files --stage -- /home/ubuntu/web/3.pybo/db/pybo-mydb-svc-write.yaml [7ms]
2023-02-22 06:52:51.133 [info] > git show --textconv :web/3.pybo/pybo-deployment.yaml [9ms]
2023-02-22 06:52:51.141 [info] > git ls-files --stage -- /home/ubuntu/web/3.pybo/pybo-deployment.yaml [9ms]
2023-02-22 06:52:58.439 [info] > git show --textconv :web/3.pybo/pybo-ingress.yaml [20ms]
2023-02-22 06:52:58.448 [info] > git ls-files --stage -- /home/ubuntu/web/3.pybo/pybo-ingress.yaml [10ms]
2023-02-22 06:53:06.139 [info] > git show --textconv :web/3.pybo/pybo-service.yaml [11ms]
2023-02-22 06:53:06.143 [info] > git ls-files --stage -- /home/ubuntu/web/3.pybo/pybo-service.yaml [6ms]
2023-02-22 06:54:41.455 [info] > git check-ignore -v -z --stdin [12ms]
2023-02-22 06:54:44.415 [info] > git check-ignore -v -z --stdin [8ms]
2023-02-22 06:54:44.995 [info] > git show --textconv :ddadangku/ddadangku/db/pybo-mydb-cm-mysql.yaml [11ms]
2023-02-22 06:54:45.000 [info] > git ls-files --stage -- /home/ubuntu/ddadangku/ddadangku/db/pybo-mydb-cm-mysql.yaml [5ms]
2023-02-22 06:55:01.489 [info] > git show --textconv :ddadangku/ddadangku/db/ddadangku-mydb-cm-mysql.yaml [8ms]
2023-02-22 06:55:01.493 [info] > git ls-files --stage -- /home/ubuntu/ddadangku/ddadangku/db/ddadangku-mydb-cm-mysql.yaml [5ms]
2023-02-22 06:55:01.755 [info] > git check-ignore -v -z --stdin [6ms]
2023-02-22 06:55:02.715 [info] > git show --textconv :ddadangku/ddadangku/db/pybo-mydb-sts-mysql.yaml [7ms]
2023-02-22 06:55:02.720 [info] > git ls-files --stage -- /home/ubuntu/ddadangku/ddadangku/db/pybo-mydb-sts-mysql.yaml [5ms]
2023-02-22 06:55:04.708 [info] > git show --textconv :ddadangku/ddadangku/db/ddadangku-mydb-sts-mysql.yaml [11ms]
2023-02-22 06:55:04.713 [info] > git ls-files --stage -- /home/ubuntu/ddadangku/ddadangku/db/ddadangku-mydb-sts-mysql.yaml [7ms]
2023-02-22 06:55:04.973 [info] > git check-ignore -v -z --stdin [9ms]
2023-02-22 06:55:05.629 [info] > git show --textconv :ddadangku/ddadangku/db/pybo-mydb-svc-read.yaml [8ms]
2023-02-22 06:55:05.634 [info] > git ls-files --stage -- /home/ubuntu/ddadangku/ddadangku/db/pybo-mydb-svc-read.yaml [5ms]
2023-02-22 06:55:08.127 [info] > git show --textconv :ddadangku/ddadangku/db/ddadangku-mydb-svc-read.yaml [8ms]
2023-02-22 06:55:08.131 [info] > git ls-files --stage -- /home/ubuntu/ddadangku/ddadangku/db/ddadangku-mydb-svc-read.yaml [6ms]
2023-02-22 06:55:08.394 [info] > git check-ignore -v -z --stdin [8ms]
2023-02-22 06:55:08.851 [info] > git show --textconv :ddadangku/ddadangku/db/pybo-mydb-svc-write.yaml [11ms]
2023-02-22 06:55:08.856 [info] > git ls-files --stage -- /home/ubuntu/ddadangku/ddadangku/db/pybo-mydb-svc-write.yaml [6ms]
2023-02-22 06:55:10.691 [info] > git show --textconv :ddadangku/ddadangku/db/ddadangku-mydb-svc-write.yaml [7ms]
2023-02-22 06:55:10.696 [info] > git ls-files --stage -- /home/ubuntu/ddadangku/ddadangku/db/ddadangku-mydb-svc-write.yaml [6ms]
2023-02-22 06:55:10.974 [info] > git check-ignore -v -z --stdin [6ms]
2023-02-22 06:55:15.286 [info] > git show --textconv :ddadangku/ddadangku/db/ddadangku-mydb-svc-read.yaml [15ms]
2023-02-22 06:55:15.290 [info] > git ls-files --stage -- /home/ubuntu/ddadangku/ddadangku/db/ddadangku-mydb-svc-read.yaml [6ms]
2023-02-22 06:55:21.040 [info] > git show --textconv :ddadangku/ddadangku/db/ddadangku-mydb-sts-mysql.yaml [7ms]
2023-02-22 06:55:21.045 [info] > git ls-files --stage -- /home/ubuntu/ddadangku/ddadangku/db/ddadangku-mydb-sts-mysql.yaml [6ms]
2023-02-22 06:55:24.551 [info] > git show --textconv :ddadangku/ddadangku/db/ddadangku-mydb-cm-mysql.yaml [19ms]
2023-02-22 06:55:24.556 [info] > git ls-files --stage -- /home/ubuntu/ddadangku/ddadangku/db/ddadangku-mydb-cm-mysql.yaml [6ms]
2023-02-22 06:55:57.427 [info] > git show --textconv :ddadangku/db/ddadangku-mydb-cm-mysql.yaml [7ms]
2023-02-22 06:55:57.432 [info] > git ls-files --stage -- /home/ubuntu/ddadangku/db/ddadangku-mydb-cm-mysql.yaml [5ms]
2023-02-22 06:57:59.942 [info] > git show --textconv :web/3.pybo/pybo-deployment.yaml [12ms]
2023-02-22 06:57:59.962 [info] > git ls-files --stage -- /home/ubuntu/web/3.pybo/pybo-deployment.yaml [20ms]
2023-02-22 06:58:12.180 [info] > git show --textconv :ddadangku/pybo-deployment.yaml [9ms]
2023-02-22 06:58:12.185 [info] > git ls-files --stage -- /home/ubuntu/ddadangku/pybo-deployment.yaml [6ms]
2023-02-22 07:02:20.761 [info] > git check-ignore -v -z --stdin [13ms]
2023-02-22 07:02:27.238 [info] > git show --textconv :ddadangku/ddadangku/pybo/templates/base.html [14ms]
2023-02-22 07:02:27.245 [info] > git ls-files --stage -- /home/ubuntu/ddadangku/ddadangku/pybo/templates/base.html [8ms]
2023-02-22 07:04:12.517 [info] > git show --textconv :ddadangku/pybo-deployment.yaml [7ms]
2023-02-22 07:04:12.523 [info] > git ls-files --stage -- /home/ubuntu/ddadangku/pybo-deployment.yaml [5ms]
2023-02-22 07:06:53.027 [info] > git show --textconv :ddadangku/ddadangku/pybo/templates/form_errors.html [7ms]
2023-02-22 07:06:53.032 [info] > git ls-files --stage -- /home/ubuntu/ddadangku/ddadangku/pybo/templates/form_errors.html [5ms]
2023-02-22 07:06:59.692 [info] > git show --textconv :ddadangku/ddadangku/pybo/templates/navbar.html [8ms]
2023-02-22 07:06:59.698 [info] > git ls-files --stage -- /home/ubuntu/ddadangku/ddadangku/pybo/templates/navbar.html [6ms]
2023-02-22 07:07:05.882 [info] > git show --textconv :ddadangku/ddadangku/pybo/templates/pybo/answer_form.html [18ms]
2023-02-22 07:07:05.888 [info] > git ls-files --stage -- /home/ubuntu/ddadangku/ddadangku/pybo/templates/pybo/answer_form.html [6ms]
2023-02-22 07:07:07.816 [info] > git show --textconv :ddadangku/ddadangku/pybo/templates/pybo/comment_form.html [7ms]
2023-02-22 07:07:07.822 [info] > git ls-files --stage -- /home/ubuntu/ddadangku/ddadangku/pybo/templates/pybo/comment_form.html [5ms]
2023-02-22 07:07:09.903 [info] > git show --textconv :ddadangku/ddadangku/pybo/templates/pybo/question_detail.html [19ms]
2023-02-22 07:07:09.910 [info] > git ls-files --stage -- /home/ubuntu/ddadangku/ddadangku/pybo/templates/pybo/question_detail.html [8ms]
2023-02-22 07:07:13.228 [info] > git show --textconv :ddadangku/ddadangku/pybo/templates/pybo/question_form.html [7ms]
2023-02-22 07:07:13.233 [info] > git ls-files --stage -- /home/ubuntu/ddadangku/ddadangku/pybo/templates/pybo/question_form.html [5ms]
2023-02-22 07:07:15.666 [info] > git show --textconv :ddadangku/ddadangku/pybo/templates/pybo/question_detail.html [7ms]
2023-02-22 07:07:15.671 [info] > git ls-files --stage -- /home/ubuntu/ddadangku/ddadangku/pybo/templates/pybo/question_detail.html [6ms]
2023-02-22 07:07:18.992 [info] > git show --textconv :ddadangku/ddadangku/pybo/templates/pybo/question_list.html [10ms]
2023-02-22 07:07:19.000 [info] > git ls-files --stage -- /home/ubuntu/ddadangku/ddadangku/pybo/templates/pybo/question_list.html [8ms]
2023-02-22 07:08:06.456 [info] > git show --textconv :ddadangku/ddadangku/pybo/templates/pybo/question_form.html [14ms]
2023-02-22 07:08:06.462 [info] > git ls-files --stage -- /home/ubuntu/ddadangku/ddadangku/pybo/templates/pybo/question_form.html [5ms]
2023-02-22 07:08:31.625 [info] > git show --textconv :ddadangku/ddadangku/pybo/templates/pybo/question_detail.html [9ms]
2023-02-22 07:08:31.629 [info] > git ls-files --stage -- /home/ubuntu/ddadangku/ddadangku/pybo/templates/pybo/question_detail.html [6ms]
2023-02-22 07:08:45.734 [info] > git show --textconv :ddadangku/ddadangku/pybo/templates/pybo/comment_form.html [16ms]
2023-02-22 07:08:45.745 [info] > git ls-files --stage -- /home/ubuntu/ddadangku/ddadangku/pybo/templates/pybo/comment_form.html [13ms]
2023-02-22 07:08:50.569 [info] > git show --textconv :ddadangku/ddadangku/pybo/templates/pybo/answer_form.html [8ms]
2023-02-22 07:08:50.574 [info] > git ls-files --stage -- /home/ubuntu/ddadangku/ddadangku/pybo/templates/pybo/answer_form.html [5ms]
2023-02-22 07:09:16.453 [info] > git show --textconv :ddadangku/ddadangku/pybo/templates/form_errors.html [13ms]
2023-02-22 07:09:16.465 [info] > git ls-files --stage -- /home/ubuntu/ddadangku/ddadangku/pybo/templates/form_errors.html [13ms]
2023-02-22 07:09:20.966 [info] > git show --textconv :ddadangku/ddadangku/pybo/templates/navbar.html [17ms]
2023-02-22 07:09:20.969 [info] > git ls-files --stage -- /home/ubuntu/ddadangku/ddadangku/pybo/templates/navbar.html [4ms]
2023-02-22 07:10:03.942 [info] > git show --textconv :ddadangku/pybo-deployment.yaml [10ms]
2023-02-22 07:10:03.948 [info] > git ls-files --stage -- /home/ubuntu/ddadangku/pybo-deployment.yaml [5ms]
2023-02-22 07:14:38.211 [info] > git check-ignore -v -z --stdin [8ms]
2023-02-22 07:14:47.464 [info] > git check-ignore -v -z --stdin [9ms]
2023-02-22 07:14:48.476 [info] > git show --textconv :ddadangku/ddadangku/pybo/config/settings.py [9ms]
2023-02-22 07:14:48.482 [info] > git ls-files --stage -- /home/ubuntu/ddadangku/ddadangku/pybo/config/settings.py [7ms]
2023-02-22 07:25:46.134 [info] > git show --textconv :ddadangku/db/pybo-mydb-sts-mysql.yaml [10ms]
2023-02-22 07:25:46.139 [info] > git ls-files --stage -- /home/ubuntu/ddadangku/db/pybo-mydb-sts-mysql.yaml [6ms]
2023-02-22 08:25:17.379 [info] > git check-ignore -v -z --stdin [13ms]
