2023-01-27 04:32:38.984 [info] 로그 수준: Info
2023-01-27 04:32:38.984 [info] "git"에서 찾은 git 유효성을 검사하는 중
2023-01-27 04:32:38.984 [info] "2.25.1"에서 git "git"을(를) 사용하는 중
2023-01-27 04:32:38.984 [info] > git rev-parse --show-toplevel [9ms]
2023-01-27 04:32:38.984 [info] fatal: not a git repository (or any of the parent directories): .git
2023-01-27 04:32:38.984 [info] > git rev-parse --show-toplevel [1ms]
2023-01-27 04:32:38.984 [info] fatal: not a git repository (or any of the parent directories): .git
2023-01-27 04:32:38.984 [info] > git rev-parse --show-toplevel [1ms]
2023-01-27 04:32:38.984 [info] fatal: not a git repository (or any of the parent directories): .git
2023-01-27 04:32:38.984 [info] > git rev-parse --show-toplevel [1ms]
2023-01-27 04:32:38.984 [info] fatal: not a git repository (or any of the parent directories): .git
2023-01-27 04:32:38.984 [info] > git rev-parse --show-toplevel [1ms]
2023-01-27 04:32:38.984 [info] fatal: not a git repository (or any of the parent directories): .git
2023-01-27 04:32:38.984 [info] > git rev-parse --show-toplevel [1ms]
2023-01-27 04:32:38.984 [info] fatal: not a git repository (or any of the parent directories): .git
2023-01-27 04:32:38.984 [info] > git rev-parse --show-toplevel [7ms]
2023-01-27 04:32:38.984 [info] fatal: not a git repository (or any of the parent directories): .git
2023-01-27 04:32:38.984 [info] > git rev-parse --show-toplevel [5ms]
2023-01-27 04:32:38.984 [info] fatal: not a git repository (or any of the parent directories): .git
2023-01-27 04:32:38.985 [info] > git rev-parse --show-toplevel [0ms]
2023-01-27 04:32:38.985 [info] > git rev-parse --git-dir --git-common-dir [1ms]
2023-01-27 04:32:38.985 [info] Open repository: /home/ubuntu/kubespray
2023-01-27 04:32:38.985 [info] > git rev-parse --show-toplevel [4ms]
2023-01-27 04:32:38.985 [info] fatal: not a git repository (or any of the parent directories): .git
2023-01-27 04:32:38.985 [info] > git config --get commit.template [4ms]
2023-01-27 04:32:38.985 [info] > git rev-parse --show-toplevel [10ms]
2023-01-27 04:32:38.985 [info] > git for-each-ref --sort -committerdate --format %(refname) %(objectname) %(*objectname) [4ms]
2023-01-27 04:32:38.985 [info] > git rev-parse --git-dir --git-common-dir [2ms]
2023-01-27 04:32:38.985 [info] Open repository: /home/ubuntu/nfs-subdir-external-provisioner
2023-01-27 04:32:38.985 [info] > git rev-parse --show-toplevel [3ms]
2023-01-27 04:32:38.985 [info] fatal: not a git repository (or any of the parent directories): .git
2023-01-27 04:32:38.985 [info] > git config --get commit.template [6ms]
2023-01-27 04:32:38.985 [info] > git status -z -uall [36ms]
2023-01-27 04:32:38.985 [info] > git for-each-ref --format=%(refname)%00%(upstream:short)%00%(objectname)%00%(upstream:track)%00%(upstream:remotename)%00%(upstream:remoteref) refs/heads/master refs/remotes/master [2ms]
2023-01-27 04:32:38.985 [info] > git for-each-ref --sort -committerdate --format %(refname) %(objectname) %(*objectname) [16ms]
2023-01-27 04:32:38.985 [info] > git config --get commit.template [81ms]
2023-01-27 04:32:38.985 [info] > git for-each-ref --sort -committerdate --format %(refname) %(objectname) %(*objectname) [2ms]
2023-01-27 04:32:38.985 [info] > git rev-parse --show-toplevel [1ms]
2023-01-27 04:32:38.985 [info] fatal: not a git repository (or any of the parent directories): .git
2023-01-27 04:32:38.985 [info] > git status -z -uall [31ms]
2023-01-27 04:32:38.985 [info] > git status -z -uall [144ms]
2023-01-27 04:32:38.985 [info] > git config --get commit.template [4ms]
2023-01-27 04:32:38.985 [info] > git for-each-ref --format=%(refname)%00%(upstream:short)%00%(objectname)%00%(upstream:track)%00%(upstream:remotename)%00%(upstream:remoteref) refs/heads/master refs/remotes/master [1ms]
2023-01-27 04:32:38.985 [info] > git for-each-ref --sort -committerdate --format %(refname) %(objectname) %(*objectname) [1ms]
2023-01-27 04:32:39.064 [info] > git status -z -uall [134ms]
2023-01-27 04:32:39.395 [info] > git check-ignore -v -z --stdin [5ms]
2023-01-27 04:32:39.396 [info] > git check-ignore -v -z --stdin [2ms]
2023-01-27 04:32:42.210 [info] > git rev-parse --show-toplevel [2ms]
2023-01-27 04:32:42.210 [info] fatal: not a git repository (or any of the parent directories): .git
2023-01-27 04:32:44.143 [info] > git rev-parse --show-toplevel [1ms]
2023-01-27 04:32:44.143 [info] fatal: not a git repository (or any of the parent directories): .git
2023-01-27 04:32:49.080 [info] > git rev-parse --show-toplevel [1ms]
2023-01-27 04:32:49.080 [info] fatal: not a git repository (or any of the parent directories): .git
2023-01-27 04:32:54.629 [info] > git rev-parse --show-toplevel [1ms]
2023-01-27 04:32:54.629 [info] fatal: not a git repository (or any of the parent directories): .git
2023-01-27 04:33:11.288 [info] > git rev-parse --show-toplevel [1ms]
2023-01-27 04:33:11.289 [info] fatal: not a git repository (or any of the parent directories): .git
2023-01-27 04:33:14.244 [info] > git rev-parse --show-toplevel [2ms]
2023-01-27 04:33:14.244 [info] fatal: not a git repository (or any of the parent directories): .git
2023-01-27 04:33:27.948 [info] > git rev-parse --show-toplevel [0ms]
2023-01-27 04:33:27.948 [info] fatal: not a git repository (or any of the parent directories): .git
2023-01-27 04:37:42.636 [info] > git rev-parse --show-toplevel [2ms]
2023-01-27 04:37:42.636 [info] fatal: not a git repository (or any of the parent directories): .git
2023-01-27 04:37:43.553 [info] > git rev-parse --show-toplevel [0ms]
2023-01-27 04:37:43.553 [info] fatal: not a git repository (or any of the parent directories): .git
2023-01-27 04:37:44.164 [info] > git rev-parse --show-toplevel [1ms]
2023-01-27 04:37:44.164 [info] fatal: not a git repository (or any of the parent directories): .git
2023-01-27 04:48:44.449 [info] > git rev-parse --show-toplevel [1ms]
2023-01-27 04:48:44.449 [info] fatal: not a git repository (or any of the parent directories): .git
2023-01-27 04:48:45.263 [info] > git rev-parse --show-toplevel [1ms]
2023-01-27 04:48:45.263 [info] fatal: not a git repository (or any of the parent directories): .git
2023-01-27 04:53:36.877 [info] > git rev-parse --show-toplevel [1ms]
2023-01-27 04:53:36.877 [info] fatal: not a git repository (or any of the parent directories): .git
2023-01-27 05:15:51.743 [info] > git rev-parse --show-toplevel [2ms]
2023-01-27 05:15:51.743 [info] fatal: not a git repository (or any of the parent directories): .git
2023-01-27 05:19:12.216 [info] > git rev-parse --show-toplevel [1ms]
2023-01-27 05:19:12.216 [info] fatal: not a git repository (or any of the parent directories): .git
2023-01-27 05:19:15.828 [info] > git rev-parse --show-toplevel [2ms]
2023-01-27 05:19:15.828 [info] fatal: not a git repository (or any of the parent directories): .git
2023-01-27 05:42:59.049 [info] > git rev-parse --show-toplevel [2ms]
2023-01-27 05:42:59.049 [info] fatal: not a git repository (or any of the parent directories): .git
2023-01-27 05:43:00.830 [info] > git rev-parse --show-toplevel [0ms]
2023-01-27 05:43:00.830 [info] fatal: not a git repository (or any of the parent directories): .git
2023-01-27 05:43:01.585 [info] > git rev-parse --show-toplevel [1ms]
2023-01-27 05:43:01.585 [info] fatal: not a git repository (or any of the parent directories): .git
2023-01-27 05:43:02.246 [info] > git rev-parse --show-toplevel [0ms]
2023-01-27 05:43:02.246 [info] fatal: not a git repository (or any of the parent directories): .git
2023-01-27 05:44:08.174 [info] > git rev-parse --show-toplevel [0ms]
2023-01-27 05:44:08.174 [info] fatal: not a git repository (or any of the parent directories): .git
2023-01-27 05:44:09.704 [info] > git rev-parse --show-toplevel [1ms]
2023-01-27 05:44:09.704 [info] fatal: not a git repository (or any of the parent directories): .git
2023-01-27 05:47:27.069 [info] > git rev-parse --show-toplevel [1ms]
2023-01-27 05:47:27.069 [info] fatal: not a git repository (or any of the parent directories): .git
2023-01-27 05:49:11.705 [info] > git rev-parse --show-toplevel [1ms]
2023-01-27 05:49:11.705 [info] fatal: not a git repository (or any of the parent directories): .git
2023-01-27 05:49:12.684 [info] > git rev-parse --show-toplevel [2ms]
2023-01-27 05:49:12.684 [info] fatal: not a git repository (or any of the parent directories): .git
2023-01-27 05:52:09.870 [info] > git rev-parse --show-toplevel [1ms]
2023-01-27 05:52:09.870 [info] fatal: not a git repository (or any of the parent directories): .git
