2023-02-17 05:15:07.356 [info] Extension host with pid 976580 started
2023-02-17 05:15:07.365 [info] Lock '/home/ubuntu/.vscode-server/data/User/workspaceStorage/3e23ce5bcb104025f2c3f395e703fecc/vscode.lock': Lock acquired.
2023-02-17 05:15:07.542 [info] ExtensionService#_doActivateExtension vscode.emmet, startup: false, activationEvent: 'onLanguage'
2023-02-17 05:15:07.544 [info] ExtensionService#_doActivateExtension vscode.git-base, startup: true, activationEvent: '*', root cause: vscode.git
2023-02-17 05:15:07.790 [info] ExtensionService#_doActivateExtension vscode.git, startup: true, activationEvent: '*'
2023-02-17 05:15:07.790 [info] ExtensionService#_doActivateExtension vscode.github, startup: true, activationEvent: '*'
2023-02-17 05:15:07.996 [info] ExtensionService#_doActivateExtension vscode.debug-auto-launch, startup: false, activationEvent: 'onStartupFinished'
2023-02-17 05:15:07.996 [info] ExtensionService#_doActivateExtension vscode.merge-conflict, startup: false, activationEvent: 'onStartupFinished'
2023-02-17 05:15:07.997 [info] Eager extensions activated
2023-02-17 05:15:08.159 [warning] [Decorations] CAPPING events from decorations provider vscode.git 363
2023-02-17 05:15:08.376 [warning] [Decorations] CAPPING events from decorations provider vscode.git 363
2023-02-17 05:15:12.554 [warning] [Decorations] CAPPING events from decorations provider vscode.git 364
2023-02-17 05:15:19.386 [warning] [Decorations] CAPPING events from decorations provider vscode.git 370
2023-02-17 05:16:30.140 [warning] [Decorations] CAPPING events from decorations provider vscode.git 370
2023-02-17 05:16:35.213 [warning] [Decorations] CAPPING events from decorations provider vscode.git 370
2023-02-17 05:16:40.280 [warning] [Decorations] CAPPING events from decorations provider vscode.git 370
2023-02-17 05:16:45.359 [warning] [Decorations] CAPPING events from decorations provider vscode.git 371
2023-02-17 05:16:50.426 [warning] [Decorations] CAPPING events from decorations provider vscode.git 371
2023-02-17 05:16:55.497 [warning] [Decorations] CAPPING events from decorations provider vscode.git 371
2023-02-17 05:17:00.562 [warning] [Decorations] CAPPING events from decorations provider vscode.git 371
2023-02-17 05:17:05.656 [warning] [Decorations] CAPPING events from decorations provider vscode.git 373
