2023-02-21 04:42:38.231 [info] Extension host with pid 913937 started
2023-02-21 04:42:38.242 [info] Lock '/home/ubuntu/.vscode-server/data/User/workspaceStorage/3e23ce5bcb104025f2c3f395e703fecc/vscode.lock': Lock acquired.
2023-02-21 04:42:38.397 [info] ExtensionService#_doActivateExtension vscode.emmet, startup: false, activationEvent: 'onLanguage'
2023-02-21 04:42:38.399 [info] ExtensionService#_doActivateExtension vscode.git-base, startup: true, activationEvent: '*', root cause: vscode.git
2023-02-21 04:42:39.020 [info] ExtensionService#_doActivateExtension vscode.git, startup: true, activationEvent: '*'
2023-02-21 04:42:39.021 [info] ExtensionService#_doActivateExtension vscode.github, startup: true, activationEvent: '*'
2023-02-21 04:42:39.220 [info] ExtensionService#_doActivateExtension vscode.debug-auto-launch, startup: false, activationEvent: 'onStartupFinished'
2023-02-21 04:42:39.221 [info] ExtensionService#_doActivateExtension vscode.merge-conflict, startup: false, activationEvent: 'onStartupFinished'
2023-02-21 04:42:39.221 [info] Eager extensions activated
2023-02-21 05:04:31.792 [warning] [Decorations] CAPPING events from decorations provider vscode.git 251
2023-02-21 05:04:36.869 [warning] [Decorations] CAPPING events from decorations provider vscode.git 251
2023-02-21 05:04:41.947 [warning] [Decorations] CAPPING events from decorations provider vscode.git 251
2023-02-21 05:04:47.022 [warning] [Decorations] CAPPING events from decorations provider vscode.git 251
2023-02-21 05:04:52.147 [warning] [Decorations] CAPPING events from decorations provider vscode.git 251
2023-02-21 05:04:57.237 [warning] [Decorations] CAPPING events from decorations provider vscode.git 251
2023-02-21 05:05:02.326 [warning] [Decorations] CAPPING events from decorations provider vscode.git 251
2023-02-21 05:05:07.406 [warning] [Decorations] CAPPING events from decorations provider vscode.git 251
2023-02-21 05:05:12.485 [warning] [Decorations] CAPPING events from decorations provider vscode.git 252
2023-02-21 05:05:18.139 [warning] [Decorations] CAPPING events from decorations provider vscode.git 252
2023-02-21 05:05:23.215 [warning] [Decorations] CAPPING events from decorations provider vscode.git 252
2023-02-21 05:05:28.292 [warning] [Decorations] CAPPING events from decorations provider vscode.git 252
2023-02-21 05:05:33.373 [warning] [Decorations] CAPPING events from decorations provider vscode.git 252
2023-02-21 05:05:38.455 [warning] [Decorations] CAPPING events from decorations provider vscode.git 252
2023-02-21 05:05:43.533 [warning] [Decorations] CAPPING events from decorations provider vscode.git 252
2023-02-21 05:05:48.623 [warning] [Decorations] CAPPING events from decorations provider vscode.git 252
2023-02-21 05:05:54.128 [warning] [Decorations] CAPPING events from decorations provider vscode.git 256
2023-02-21 05:05:59.204 [warning] [Decorations] CAPPING events from decorations provider vscode.git 258
2023-02-21 05:06:08.140 [warning] [Decorations] CAPPING events from decorations provider vscode.git 262
2023-02-21 05:06:13.220 [warning] [Decorations] CAPPING events from decorations provider vscode.git 256
2023-02-21 05:06:18.295 [warning] [Decorations] CAPPING events from decorations provider vscode.git 256
2023-02-21 05:06:23.375 [warning] [Decorations] CAPPING events from decorations provider vscode.git 256
2023-02-21 05:06:28.449 [warning] [Decorations] CAPPING events from decorations provider vscode.git 256
2023-02-21 05:06:33.523 [warning] [Decorations] CAPPING events from decorations provider vscode.git 256
2023-02-21 05:06:38.597 [warning] [Decorations] CAPPING events from decorations provider vscode.git 256
2023-02-21 05:06:43.677 [warning] [Decorations] CAPPING events from decorations provider vscode.git 256
2023-02-21 05:06:48.750 [warning] [Decorations] CAPPING events from decorations provider vscode.git 256
2023-02-21 05:06:53.828 [warning] [Decorations] CAPPING events from decorations provider vscode.git 256
2023-02-21 05:06:58.917 [warning] [Decorations] CAPPING events from decorations provider vscode.git 256
2023-02-21 05:07:04.194 [warning] [Decorations] CAPPING events from decorations provider vscode.git 256
2023-02-21 05:07:09.274 [warning] [Decorations] CAPPING events from decorations provider vscode.git 256
2023-02-21 05:07:14.349 [warning] [Decorations] CAPPING events from decorations provider vscode.git 256
2023-02-21 05:07:19.424 [warning] [Decorations] CAPPING events from decorations provider vscode.git 256
2023-02-21 05:07:24.511 [warning] [Decorations] CAPPING events from decorations provider vscode.git 256
2023-02-21 05:08:51.272 [warning] [Decorations] CAPPING events from decorations provider vscode.git 256
2023-02-21 05:08:56.358 [warning] [Decorations] CAPPING events from decorations provider vscode.git 256
2023-02-21 05:09:01.435 [warning] [Decorations] CAPPING events from decorations provider vscode.git 256
2023-02-21 05:09:06.511 [warning] [Decorations] CAPPING events from decorations provider vscode.git 256
2023-02-21 05:09:11.587 [warning] [Decorations] CAPPING events from decorations provider vscode.git 256
2023-02-21 05:09:16.663 [warning] [Decorations] CAPPING events from decorations provider vscode.git 256
2023-02-21 05:09:21.752 [warning] [Decorations] CAPPING events from decorations provider vscode.git 257
2023-02-21 05:09:26.827 [warning] [Decorations] CAPPING events from decorations provider vscode.git 257
2023-02-21 05:09:31.915 [warning] [Decorations] CAPPING events from decorations provider vscode.git 257
2023-02-21 05:09:36.992 [warning] [Decorations] CAPPING events from decorations provider vscode.git 257
2023-02-21 05:11:13.461 [warning] [Decorations] CAPPING events from decorations provider vscode.git 257
2023-02-21 05:11:36.770 [warning] [Decorations] CAPPING events from decorations provider vscode.git 257
2023-02-21 05:11:41.849 [warning] [Decorations] CAPPING events from decorations provider vscode.git 257
2023-02-21 05:11:46.934 [warning] [Decorations] CAPPING events from decorations provider vscode.git 257
2023-02-21 05:14:12.556 [warning] [Decorations] CAPPING events from decorations provider vscode.git 257
2023-02-21 05:14:17.639 [warning] [Decorations] CAPPING events from decorations provider vscode.git 257
2023-02-21 05:14:22.716 [warning] [Decorations] CAPPING events from decorations provider vscode.git 257
2023-02-21 05:14:27.792 [warning] [Decorations] CAPPING events from decorations provider vscode.git 257
2023-02-21 05:14:29.763 [info] ExtensionService#_doActivateExtension ms-azuretools.vscode-docker, startup: false, activationEvent: 'onLanguage:dockerfile'
2023-02-21 05:14:32.877 [warning] [Decorations] CAPPING events from decorations provider vscode.git 258
2023-02-21 05:14:37.970 [warning] [Decorations] CAPPING events from decorations provider vscode.git 258
2023-02-21 05:14:43.057 [warning] [Decorations] CAPPING events from decorations provider vscode.git 258
2023-02-21 05:14:48.143 [warning] [Decorations] CAPPING events from decorations provider vscode.git 258
2023-02-21 05:14:53.420 [warning] [Decorations] CAPPING events from decorations provider vscode.git 258
2023-02-21 05:14:58.505 [warning] [Decorations] CAPPING events from decorations provider vscode.git 258
2023-02-21 05:15:03.587 [warning] [Decorations] CAPPING events from decorations provider vscode.git 258
2023-02-21 05:15:08.678 [warning] [Decorations] CAPPING events from decorations provider vscode.git 258
2023-02-21 05:15:13.764 [warning] [Decorations] CAPPING events from decorations provider vscode.git 258
2023-02-21 05:15:18.853 [warning] [Decorations] CAPPING events from decorations provider vscode.git 258
2023-02-21 05:15:28.165 [warning] [Decorations] CAPPING events from decorations provider vscode.git 258
2023-02-21 05:15:33.249 [warning] [Decorations] CAPPING events from decorations provider vscode.git 258
2023-02-21 05:15:38.334 [warning] [Decorations] CAPPING events from decorations provider vscode.git 258
2023-02-21 05:15:43.426 [warning] [Decorations] CAPPING events from decorations provider vscode.git 258
2023-02-21 05:15:48.511 [warning] [Decorations] CAPPING events from decorations provider vscode.git 258
2023-02-21 05:15:53.597 [warning] [Decorations] CAPPING events from decorations provider vscode.git 258
2023-02-21 05:15:58.689 [warning] [Decorations] CAPPING events from decorations provider vscode.git 258
2023-02-21 05:16:03.774 [warning] [Decorations] CAPPING events from decorations provider vscode.git 258
2023-02-21 05:16:08.867 [warning] [Decorations] CAPPING events from decorations provider vscode.git 258
2023-02-21 05:16:13.962 [warning] [Decorations] CAPPING events from decorations provider vscode.git 258
2023-02-21 05:16:19.044 [warning] [Decorations] CAPPING events from decorations provider vscode.git 258
2023-02-21 05:16:24.452 [warning] [Decorations] CAPPING events from decorations provider vscode.git 258
2023-02-21 05:16:29.535 [warning] [Decorations] CAPPING events from decorations provider vscode.git 258
2023-02-21 05:16:34.619 [warning] [Decorations] CAPPING events from decorations provider vscode.git 258
2023-02-21 05:16:39.704 [warning] [Decorations] CAPPING events from decorations provider vscode.git 258
2023-02-21 05:16:44.789 [warning] [Decorations] CAPPING events from decorations provider vscode.git 258
2023-02-21 05:16:49.873 [warning] [Decorations] CAPPING events from decorations provider vscode.git 258
2023-02-21 05:16:54.959 [warning] [Decorations] CAPPING events from decorations provider vscode.git 258
2023-02-21 05:17:00.044 [warning] [Decorations] CAPPING events from decorations provider vscode.git 258
2023-02-21 05:17:05.126 [warning] [Decorations] CAPPING events from decorations provider vscode.git 258
2023-02-21 05:17:10.209 [warning] [Decorations] CAPPING events from decorations provider vscode.git 258
2023-02-21 05:17:15.293 [warning] [Decorations] CAPPING events from decorations provider vscode.git 258
2023-02-21 05:17:20.381 [warning] [Decorations] CAPPING events from decorations provider vscode.git 258
2023-02-21 05:17:25.478 [warning] [Decorations] CAPPING events from decorations provider vscode.git 258
2023-02-21 05:17:30.563 [warning] [Decorations] CAPPING events from decorations provider vscode.git 258
2023-02-21 05:17:35.645 [warning] [Decorations] CAPPING events from decorations provider vscode.git 258
2023-02-21 05:17:40.723 [warning] [Decorations] CAPPING events from decorations provider vscode.git 258
2023-02-21 05:17:45.804 [warning] [Decorations] CAPPING events from decorations provider vscode.git 258
2023-02-21 05:17:51.488 [warning] [Decorations] CAPPING events from decorations provider vscode.git 258
2023-02-21 05:17:56.568 [warning] [Decorations] CAPPING events from decorations provider vscode.git 258
2023-02-21 05:18:01.648 [warning] [Decorations] CAPPING events from decorations provider vscode.git 258
2023-02-21 05:18:06.734 [warning] [Decorations] CAPPING events from decorations provider vscode.git 258
2023-02-21 05:19:23.420 [warning] [Decorations] CAPPING events from decorations provider vscode.git 260
2023-02-21 05:19:28.504 [warning] [Decorations] CAPPING events from decorations provider vscode.git 260
2023-02-21 05:19:33.589 [warning] [Decorations] CAPPING events from decorations provider vscode.git 260
2023-02-21 05:19:38.677 [warning] [Decorations] CAPPING events from decorations provider vscode.git 260
2023-02-21 05:19:43.760 [warning] [Decorations] CAPPING events from decorations provider vscode.git 260
2023-02-21 05:19:48.847 [warning] [Decorations] CAPPING events from decorations provider vscode.git 261
2023-02-21 05:19:53.947 [warning] [Decorations] CAPPING events from decorations provider vscode.git 261
2023-02-21 05:19:59.029 [warning] [Decorations] CAPPING events from decorations provider vscode.git 261
2023-02-21 05:20:04.117 [warning] [Decorations] CAPPING events from decorations provider vscode.git 261
2023-02-21 05:21:01.595 [warning] [Decorations] CAPPING events from decorations provider vscode.git 261
2023-02-21 05:21:06.679 [warning] [Decorations] CAPPING events from decorations provider vscode.git 262
2023-02-21 05:21:11.772 [warning] [Decorations] CAPPING events from decorations provider vscode.git 262
2023-02-21 05:21:16.867 [warning] [Decorations] CAPPING events from decorations provider vscode.git 262
2023-02-21 05:21:21.956 [warning] [Decorations] CAPPING events from decorations provider vscode.git 262
2023-02-21 05:21:27.037 [warning] [Decorations] CAPPING events from decorations provider vscode.git 262
2023-02-21 05:22:04.188 [warning] [Decorations] CAPPING events from decorations provider vscode.git 262
2023-02-21 05:22:09.272 [warning] [Decorations] CAPPING events from decorations provider vscode.git 262
2023-02-21 05:22:14.622 [warning] [Decorations] CAPPING events from decorations provider vscode.git 262
2023-02-21 05:22:19.706 [warning] [Decorations] CAPPING events from decorations provider vscode.git 262
2023-02-21 05:22:24.805 [warning] [Decorations] CAPPING events from decorations provider vscode.git 262
2023-02-21 05:22:31.496 [warning] [Decorations] CAPPING events from decorations provider vscode.git 262
2023-02-21 05:26:42.260 [warning] [Decorations] CAPPING events from decorations provider vscode.git 262
2023-02-21 05:26:47.343 [warning] [Decorations] CAPPING events from decorations provider vscode.git 262
2023-02-21 05:26:52.426 [warning] [Decorations] CAPPING events from decorations provider vscode.git 262
2023-02-21 05:26:57.508 [warning] [Decorations] CAPPING events from decorations provider vscode.git 262
2023-02-21 05:27:02.592 [warning] [Decorations] CAPPING events from decorations provider vscode.git 262
2023-02-21 05:27:07.676 [warning] [Decorations] CAPPING events from decorations provider vscode.git 264
2023-02-21 05:27:12.757 [warning] [Decorations] CAPPING events from decorations provider vscode.git 264
2023-02-21 05:27:17.847 [warning] [Decorations] CAPPING events from decorations provider vscode.git 264
2023-02-21 05:27:22.935 [warning] [Decorations] CAPPING events from decorations provider vscode.git 264
2023-02-21 05:27:28.015 [warning] [Decorations] CAPPING events from decorations provider vscode.git 264
2023-02-21 05:27:33.113 [warning] [Decorations] CAPPING events from decorations provider vscode.git 264
2023-02-21 05:27:38.202 [warning] [Decorations] CAPPING events from decorations provider vscode.git 264
2023-02-21 05:27:43.285 [warning] [Decorations] CAPPING events from decorations provider vscode.git 264
2023-02-21 05:28:17.280 [warning] [Decorations] CAPPING events from decorations provider vscode.git 264
2023-02-21 05:28:29.526 [warning] [Decorations] CAPPING events from decorations provider vscode.git 264
2023-02-21 05:28:34.617 [warning] [Decorations] CAPPING events from decorations provider vscode.git 264
2023-02-21 05:28:39.701 [warning] [Decorations] CAPPING events from decorations provider vscode.git 264
2023-02-21 05:28:44.808 [warning] [Decorations] CAPPING events from decorations provider vscode.git 264
2023-02-21 05:28:49.893 [warning] [Decorations] CAPPING events from decorations provider vscode.git 264
2023-02-21 05:28:54.989 [warning] [Decorations] CAPPING events from decorations provider vscode.git 264
2023-02-21 05:29:00.329 [warning] [Decorations] CAPPING events from decorations provider vscode.git 264
2023-02-21 05:29:05.456 [warning] [Decorations] CAPPING events from decorations provider vscode.git 264
2023-02-21 05:30:42.021 [warning] [Decorations] CAPPING events from decorations provider vscode.git 264
2023-02-21 05:30:47.104 [warning] [Decorations] CAPPING events from decorations provider vscode.git 264
2023-02-21 05:30:52.198 [warning] [Decorations] CAPPING events from decorations provider vscode.git 264
2023-02-21 05:30:57.301 [warning] [Decorations] CAPPING events from decorations provider vscode.git 264
2023-02-21 05:31:02.385 [warning] [Decorations] CAPPING events from decorations provider vscode.git 264
2023-02-21 05:31:07.476 [warning] [Decorations] CAPPING events from decorations provider vscode.git 264
2023-02-21 05:32:47.238 [warning] [Decorations] CAPPING events from decorations provider vscode.git 264
2023-02-21 05:32:52.334 [warning] [Decorations] CAPPING events from decorations provider vscode.git 264
2023-02-21 05:32:57.422 [warning] [Decorations] CAPPING events from decorations provider vscode.git 264
2023-02-21 05:33:02.504 [warning] [Decorations] CAPPING events from decorations provider vscode.git 264
2023-02-21 05:33:07.588 [warning] [Decorations] CAPPING events from decorations provider vscode.git 264
2023-02-21 05:33:12.672 [warning] [Decorations] CAPPING events from decorations provider vscode.git 265
2023-02-21 05:33:17.752 [warning] [Decorations] CAPPING events from decorations provider vscode.git 265
2023-02-21 05:33:22.834 [warning] [Decorations] CAPPING events from decorations provider vscode.git 265
2023-02-21 05:33:27.939 [warning] [Decorations] CAPPING events from decorations provider vscode.git 265
2023-02-21 05:33:33.034 [warning] [Decorations] CAPPING events from decorations provider vscode.git 265
2023-02-21 05:33:38.137 [warning] [Decorations] CAPPING events from decorations provider vscode.git 265
2023-02-21 05:34:29.116 [warning] [Decorations] CAPPING events from decorations provider vscode.git 265
2023-02-21 05:34:34.233 [warning] [Decorations] CAPPING events from decorations provider vscode.git 265
2023-02-21 05:34:39.323 [warning] [Decorations] CAPPING events from decorations provider vscode.git 265
2023-02-21 05:35:14.475 [warning] [Decorations] CAPPING events from decorations provider vscode.git 265
2023-02-21 05:35:19.563 [warning] [Decorations] CAPPING events from decorations provider vscode.git 265
2023-02-21 05:35:34.077 [warning] [Decorations] CAPPING events from decorations provider vscode.git 265
2023-02-21 05:35:39.174 [warning] [Decorations] CAPPING events from decorations provider vscode.git 265
2023-02-21 05:35:44.271 [warning] [Decorations] CAPPING events from decorations provider vscode.git 265
2023-02-21 05:35:49.357 [warning] [Decorations] CAPPING events from decorations provider vscode.git 265
2023-02-21 05:35:54.440 [warning] [Decorations] CAPPING events from decorations provider vscode.git 265
2023-02-21 05:35:59.521 [warning] [Decorations] CAPPING events from decorations provider vscode.git 265
2023-02-21 05:36:04.611 [warning] [Decorations] CAPPING events from decorations provider vscode.git 265
2023-02-21 05:36:09.699 [warning] [Decorations] CAPPING events from decorations provider vscode.git 265
2023-02-21 05:36:14.789 [warning] [Decorations] CAPPING events from decorations provider vscode.git 265
2023-02-21 05:36:19.873 [warning] [Decorations] CAPPING events from decorations provider vscode.git 265
2023-02-21 05:36:24.960 [warning] [Decorations] CAPPING events from decorations provider vscode.git 265
2023-02-21 05:36:30.042 [warning] [Decorations] CAPPING events from decorations provider vscode.git 265
2023-02-21 05:36:35.130 [warning] [Decorations] CAPPING events from decorations provider vscode.git 265
2023-02-21 05:36:40.214 [warning] [Decorations] CAPPING events from decorations provider vscode.git 265
2023-02-21 05:36:45.303 [warning] [Decorations] CAPPING events from decorations provider vscode.git 265
2023-02-21 05:36:50.383 [warning] [Decorations] CAPPING events from decorations provider vscode.git 265
2023-02-21 05:36:55.469 [warning] [Decorations] CAPPING events from decorations provider vscode.git 265
2023-02-21 05:37:00.565 [warning] [Decorations] CAPPING events from decorations provider vscode.git 265
2023-02-21 05:37:05.649 [warning] [Decorations] CAPPING events from decorations provider vscode.git 265
2023-02-21 05:37:10.731 [warning] [Decorations] CAPPING events from decorations provider vscode.git 265
2023-02-21 05:37:15.822 [warning] [Decorations] CAPPING events from decorations provider vscode.git 265
2023-02-21 05:37:20.903 [warning] [Decorations] CAPPING events from decorations provider vscode.git 265
2023-02-21 05:38:39.997 [warning] [Decorations] CAPPING events from decorations provider vscode.git 265
2023-02-21 05:38:45.080 [warning] [Decorations] CAPPING events from decorations provider vscode.git 265
2023-02-21 05:38:50.176 [warning] [Decorations] CAPPING events from decorations provider vscode.git 265
2023-02-21 05:38:53.936 [info] ExtensionService#_doActivateExtension vscode.html-language-features, startup: false, activationEvent: 'onLanguage:html'
2023-02-21 05:38:55.264 [warning] [Decorations] CAPPING events from decorations provider vscode.git 266
2023-02-21 05:39:00.357 [warning] [Decorations] CAPPING events from decorations provider vscode.git 266
2023-02-21 05:39:05.460 [warning] [Decorations] CAPPING events from decorations provider vscode.git 266
2023-02-21 05:39:10.542 [warning] [Decorations] CAPPING events from decorations provider vscode.git 266
2023-02-21 05:39:15.624 [warning] [Decorations] CAPPING events from decorations provider vscode.git 266
2023-02-21 05:39:20.717 [warning] [Decorations] CAPPING events from decorations provider vscode.git 266
2023-02-21 05:39:25.806 [warning] [Decorations] CAPPING events from decorations provider vscode.git 266
2023-02-21 05:39:30.890 [warning] [Decorations] CAPPING events from decorations provider vscode.git 266
2023-02-21 05:39:35.985 [warning] [Decorations] CAPPING events from decorations provider vscode.git 266
2023-02-21 05:39:41.071 [warning] [Decorations] CAPPING events from decorations provider vscode.git 266
2023-02-21 05:39:46.160 [warning] [Decorations] CAPPING events from decorations provider vscode.git 266
2023-02-21 05:39:51.253 [warning] [Decorations] CAPPING events from decorations provider vscode.git 266
2023-02-21 05:39:56.345 [warning] [Decorations] CAPPING events from decorations provider vscode.git 266
2023-02-21 05:40:01.436 [warning] [Decorations] CAPPING events from decorations provider vscode.git 266
2023-02-21 05:40:02.160 [error] {"message":"Git error","stdout":"","stderr":"fatal: pathspec '/home/ubuntu/pybo/PowerCat/pybo/lib64/python3.8/site-packages' is beyond a symbolic link\n","exitCode":128}
2023-02-21 05:40:02.160 [error] {"message":"Git error","stdout":"","stderr":"fatal: pathspec '/home/ubuntu/pybo/PowerCat/pybo/lib64/python3.8/site-packages' is beyond a symbolic link\n","exitCode":128}
2023-02-21 05:40:02.160 [error] {"message":"Git error","stdout":"","stderr":"fatal: pathspec '/home/ubuntu/pybo/PowerCat/pybo/lib64/python3.8/site-packages' is beyond a symbolic link\n","exitCode":128}
2023-02-21 05:40:02.160 [error] {"message":"Git error","stdout":"","stderr":"fatal: pathspec '/home/ubuntu/pybo/PowerCat/pybo/lib64/python3.8/site-packages' is beyond a symbolic link\n","exitCode":128}
2023-02-21 05:40:02.160 [error] {"message":"Git error","stdout":"","stderr":"fatal: pathspec '/home/ubuntu/pybo/PowerCat/pybo/lib64/python3.8/site-packages' is beyond a symbolic link\n","exitCode":128}
2023-02-21 05:40:02.160 [error] {"message":"Git error","stdout":"","stderr":"fatal: pathspec '/home/ubuntu/pybo/PowerCat/pybo/lib64/python3.8/site-packages' is beyond a symbolic link\n","exitCode":128}
2023-02-21 05:40:02.160 [error] {"message":"Git error","stdout":"","stderr":"fatal: pathspec '/home/ubuntu/pybo/PowerCat/pybo/lib64/python3.8/site-packages' is beyond a symbolic link\n","exitCode":128}
2023-02-21 05:40:02.160 [error] {"message":"Git error","stdout":"","stderr":"fatal: pathspec '/home/ubuntu/pybo/PowerCat/pybo/lib64/python3.8/site-packages' is beyond a symbolic link\n","exitCode":128}
2023-02-21 05:40:02.160 [error] {"message":"Git error","stdout":"","stderr":"fatal: pathspec '/home/ubuntu/pybo/PowerCat/pybo/lib64/python3.8/site-packages' is beyond a symbolic link\n","exitCode":128}
2023-02-21 05:40:02.160 [error] {"message":"Git error","stdout":"","stderr":"fatal: pathspec '/home/ubuntu/pybo/PowerCat/pybo/lib64/python3.8/site-packages' is beyond a symbolic link\n","exitCode":128}
2023-02-21 05:40:02.160 [error] {"message":"Git error","stdout":"","stderr":"fatal: pathspec '/home/ubuntu/pybo/PowerCat/pybo/lib64/python3.8/site-packages' is beyond a symbolic link\n","exitCode":128}
2023-02-21 05:40:02.160 [error] {"message":"Git error","stdout":"","stderr":"fatal: pathspec '/home/ubuntu/pybo/PowerCat/pybo/lib64/python3.8/site-packages' is beyond a symbolic link\n","exitCode":128}
2023-02-21 05:40:02.160 [error] {"message":"Git error","stdout":"","stderr":"fatal: pathspec '/home/ubuntu/pybo/PowerCat/pybo/lib64/python3.8/site-packages' is beyond a symbolic link\n","exitCode":128}
2023-02-21 05:40:02.160 [error] {"message":"Git error","stdout":"","stderr":"fatal: pathspec '/home/ubuntu/pybo/PowerCat/pybo/lib64/python3.8/site-packages' is beyond a symbolic link\n","exitCode":128}
2023-02-21 05:40:02.160 [error] {"message":"Git error","stdout":"","stderr":"fatal: pathspec '/home/ubuntu/pybo/PowerCat/pybo/lib64/python3.8/site-packages' is beyond a symbolic link\n","exitCode":128}
2023-02-21 05:40:02.160 [error] {"message":"Git error","stdout":"","stderr":"fatal: pathspec '/home/ubuntu/pybo/PowerCat/pybo/lib64/python3.8/site-packages' is beyond a symbolic link\n","exitCode":128}
2023-02-21 05:40:02.160 [error] {"message":"Git error","stdout":"","stderr":"fatal: pathspec '/home/ubuntu/pybo/PowerCat/pybo/lib64/python3.8/site-packages' is beyond a symbolic link\n","exitCode":128}
2023-02-21 05:40:02.160 [error] {"message":"Git error","stdout":"","stderr":"fatal: pathspec '/home/ubuntu/pybo/PowerCat/pybo/lib64/python3.8/site-packages' is beyond a symbolic link\n","exitCode":128}
2023-02-21 05:40:02.160 [error] {"message":"Git error","stdout":"","stderr":"fatal: pathspec '/home/ubuntu/pybo/PowerCat/pybo/lib64/python3.8/site-packages' is beyond a symbolic link\n","exitCode":128}
2023-02-21 05:40:02.160 [error] {"message":"Git error","stdout":"","stderr":"fatal: pathspec '/home/ubuntu/pybo/PowerCat/pybo/lib64/python3.8/site-packages' is beyond a symbolic link\n","exitCode":128}
2023-02-21 05:40:02.160 [error] {"message":"Git error","stdout":"","stderr":"fatal: pathspec '/home/ubuntu/pybo/PowerCat/pybo/lib64/python3.8/site-packages' is beyond a symbolic link\n","exitCode":128}
2023-02-21 05:40:02.160 [error] {"message":"Git error","stdout":"","stderr":"fatal: pathspec '/home/ubuntu/pybo/PowerCat/pybo/lib64/python3.8/site-packages' is beyond a symbolic link\n","exitCode":128}
2023-02-21 05:40:02.160 [error] {"message":"Git error","stdout":"","stderr":"fatal: pathspec '/home/ubuntu/pybo/PowerCat/pybo/lib64/python3.8/site-packages' is beyond a symbolic link\n","exitCode":128}
2023-02-21 05:40:03.162 [error] {"message":"Git error","stdout":"","stderr":"fatal: pathspec '/home/ubuntu/pybo/PowerCat/pybo/lib64/python3.8/site-packages' is beyond a symbolic link\n","exitCode":128}
2023-02-21 05:40:03.162 [error] {"message":"Git error","stdout":"","stderr":"fatal: pathspec '/home/ubuntu/pybo/PowerCat/pybo/lib64/python3.8/site-packages' is beyond a symbolic link\n","exitCode":128}
2023-02-21 05:40:03.162 [error] {"message":"Git error","stdout":"","stderr":"fatal: pathspec '/home/ubuntu/pybo/PowerCat/pybo/lib64/python3.8/site-packages' is beyond a symbolic link\n","exitCode":128}
2023-02-21 05:40:03.163 [error] {"message":"Git error","stdout":"","stderr":"fatal: pathspec '/home/ubuntu/pybo/PowerCat/pybo/lib64/python3.8/site-packages' is beyond a symbolic link\n","exitCode":128}
2023-02-21 05:40:03.163 [error] {"message":"Git error","stdout":"","stderr":"fatal: pathspec '/home/ubuntu/pybo/PowerCat/pybo/lib64/python3.8/site-packages' is beyond a symbolic link\n","exitCode":128}
2023-02-21 05:40:03.163 [error] {"message":"Git error","stdout":"","stderr":"fatal: pathspec '/home/ubuntu/pybo/PowerCat/pybo/lib64/python3.8/site-packages' is beyond a symbolic link\n","exitCode":128}
2023-02-21 05:40:03.163 [error] {"message":"Git error","stdout":"","stderr":"fatal: pathspec '/home/ubuntu/pybo/PowerCat/pybo/lib64/python3.8/site-packages' is beyond a symbolic link\n","exitCode":128}
2023-02-21 05:40:03.163 [error] {"message":"Git error","stdout":"","stderr":"fatal: pathspec '/home/ubuntu/pybo/PowerCat/pybo/lib64/python3.8/site-packages' is beyond a symbolic link\n","exitCode":128}
2023-02-21 05:40:03.164 [error] {"message":"Git error","stdout":"","stderr":"fatal: pathspec '/home/ubuntu/pybo/PowerCat/pybo/lib64/python3.8/site-packages' is beyond a symbolic link\n","exitCode":128}
2023-02-21 05:40:03.164 [error] {"message":"Git error","stdout":"","stderr":"fatal: pathspec '/home/ubuntu/pybo/PowerCat/pybo/lib64/python3.8/site-packages' is beyond a symbolic link\n","exitCode":128}
2023-02-21 05:40:03.164 [error] {"message":"Git error","stdout":"","stderr":"fatal: pathspec '/home/ubuntu/pybo/PowerCat/pybo/lib64/python3.8/site-packages' is beyond a symbolic link\n","exitCode":128}
2023-02-21 05:40:03.165 [error] {"message":"Git error","stdout":"","stderr":"fatal: pathspec '/home/ubuntu/pybo/PowerCat/pybo/lib64/python3.8/site-packages' is beyond a symbolic link\n","exitCode":128}
2023-02-21 05:40:03.165 [error] {"message":"Git error","stdout":"","stderr":"fatal: pathspec '/home/ubuntu/pybo/PowerCat/pybo/lib64/python3.8/site-packages' is beyond a symbolic link\n","exitCode":128}
2023-02-21 05:40:03.165 [error] {"message":"Git error","stdout":"","stderr":"fatal: pathspec '/home/ubuntu/pybo/PowerCat/pybo/lib64/python3.8/site-packages' is beyond a symbolic link\n","exitCode":128}
2023-02-21 05:40:03.165 [error] {"message":"Git error","stdout":"","stderr":"fatal: pathspec '/home/ubuntu/pybo/PowerCat/pybo/lib64/python3.8/site-packages' is beyond a symbolic link\n","exitCode":128}
2023-02-21 05:40:03.165 [error] {"message":"Git error","stdout":"","stderr":"fatal: pathspec '/home/ubuntu/pybo/PowerCat/pybo/lib64/python3.8/site-packages' is beyond a symbolic link\n","exitCode":128}
2023-02-21 05:40:03.166 [error] {"message":"Git error","stdout":"","stderr":"fatal: pathspec '/home/ubuntu/pybo/PowerCat/pybo/lib64/python3.8/site-packages' is beyond a symbolic link\n","exitCode":128}
2023-02-21 05:40:03.166 [error] {"message":"Git error","stdout":"","stderr":"fatal: pathspec '/home/ubuntu/pybo/PowerCat/pybo/lib64/python3.8/site-packages' is beyond a symbolic link\n","exitCode":128}
2023-02-21 05:40:03.166 [error] {"message":"Git error","stdout":"","stderr":"fatal: pathspec '/home/ubuntu/pybo/PowerCat/pybo/lib64/python3.8/site-packages' is beyond a symbolic link\n","exitCode":128}
2023-02-21 05:40:03.166 [error] {"message":"Git error","stdout":"","stderr":"fatal: pathspec '/home/ubuntu/pybo/PowerCat/pybo/lib64/python3.8/site-packages' is beyond a symbolic link\n","exitCode":128}
2023-02-21 05:40:03.166 [error] {"message":"Git error","stdout":"","stderr":"fatal: pathspec '/home/ubuntu/pybo/PowerCat/pybo/lib64/python3.8/site-packages' is beyond a symbolic link\n","exitCode":128}
2023-02-21 05:40:03.166 [error] {"message":"Git error","stdout":"","stderr":"fatal: pathspec '/home/ubuntu/pybo/PowerCat/pybo/lib64/python3.8/site-packages' is beyond a symbolic link\n","exitCode":128}
2023-02-21 05:40:03.166 [error] {"message":"Git error","stdout":"","stderr":"fatal: pathspec '/home/ubuntu/pybo/PowerCat/pybo/lib64/python3.8/site-packages' is beyond a symbolic link\n","exitCode":128}
2023-02-21 05:40:05.256 [error] {"message":"Git error","stdout":"","stderr":"fatal: pathspec '/home/ubuntu/pybo/PowerCat/pybo/lib64/python3.8/site-packages/pkg_resources-0.0.0.dist-info' is beyond a symbolic link\n","exitCode":128}
2023-02-21 05:40:05.256 [error] {"message":"Git error","stdout":"","stderr":"fatal: pathspec '/home/ubuntu/pybo/PowerCat/pybo/lib64/python3.8/site-packages/pkg_resources-0.0.0.dist-info' is beyond a symbolic link\n","exitCode":128}
2023-02-21 05:40:05.256 [error] {"message":"Git error","stdout":"","stderr":"fatal: pathspec '/home/ubuntu/pybo/PowerCat/pybo/lib64/python3.8/site-packages/pkg_resources-0.0.0.dist-info' is beyond a symbolic link\n","exitCode":128}
2023-02-21 05:40:05.257 [error] {"message":"Git error","stdout":"","stderr":"fatal: pathspec '/home/ubuntu/pybo/PowerCat/pybo/lib64/python3.8/site-packages/pkg_resources-0.0.0.dist-info' is beyond a symbolic link\n","exitCode":128}
2023-02-21 05:40:05.257 [error] {"message":"Git error","stdout":"","stderr":"fatal: pathspec '/home/ubuntu/pybo/PowerCat/pybo/lib64/python3.8/site-packages/pkg_resources-0.0.0.dist-info' is beyond a symbolic link\n","exitCode":128}
2023-02-21 05:40:06.257 [error] {"message":"Git error","stdout":"","stderr":"fatal: pathspec '/home/ubuntu/pybo/PowerCat/pybo/lib64/python3.8/site-packages/pkg_resources-0.0.0.dist-info' is beyond a symbolic link\n","exitCode":128}
2023-02-21 05:40:06.258 [error] {"message":"Git error","stdout":"","stderr":"fatal: pathspec '/home/ubuntu/pybo/PowerCat/pybo/lib64/python3.8/site-packages/pkg_resources-0.0.0.dist-info' is beyond a symbolic link\n","exitCode":128}
2023-02-21 05:40:06.258 [error] {"message":"Git error","stdout":"","stderr":"fatal: pathspec '/home/ubuntu/pybo/PowerCat/pybo/lib64/python3.8/site-packages/pkg_resources-0.0.0.dist-info' is beyond a symbolic link\n","exitCode":128}
2023-02-21 05:40:06.258 [error] {"message":"Git error","stdout":"","stderr":"fatal: pathspec '/home/ubuntu/pybo/PowerCat/pybo/lib64/python3.8/site-packages/pkg_resources-0.0.0.dist-info' is beyond a symbolic link\n","exitCode":128}
2023-02-21 05:40:06.259 [error] {"message":"Git error","stdout":"","stderr":"fatal: pathspec '/home/ubuntu/pybo/PowerCat/pybo/lib64/python3.8/site-packages/pkg_resources-0.0.0.dist-info' is beyond a symbolic link\n","exitCode":128}
2023-02-21 05:40:06.520 [warning] [Decorations] CAPPING events from decorations provider vscode.git 266
2023-02-21 05:40:11.607 [warning] [Decorations] CAPPING events from decorations provider vscode.git 266
2023-02-21 05:40:16.691 [warning] [Decorations] CAPPING events from decorations provider vscode.git 266
2023-02-21 05:40:21.774 [warning] [Decorations] CAPPING events from decorations provider vscode.git 266
2023-02-21 05:40:26.862 [warning] [Decorations] CAPPING events from decorations provider vscode.git 266
2023-02-21 05:40:31.949 [warning] [Decorations] CAPPING events from decorations provider vscode.git 266
2023-02-21 05:40:37.059 [warning] [Decorations] CAPPING events from decorations provider vscode.git 266
2023-02-21 05:40:42.150 [warning] [Decorations] CAPPING events from decorations provider vscode.git 266
2023-02-21 05:40:47.243 [warning] [Decorations] CAPPING events from decorations provider vscode.git 266
2023-02-21 05:40:52.323 [warning] [Decorations] CAPPING events from decorations provider vscode.git 266
2023-02-21 05:40:57.407 [warning] [Decorations] CAPPING events from decorations provider vscode.git 266
2023-02-21 05:41:02.492 [warning] [Decorations] CAPPING events from decorations provider vscode.git 266
2023-02-21 05:41:07.576 [warning] [Decorations] CAPPING events from decorations provider vscode.git 266
2023-02-21 05:41:12.659 [warning] [Decorations] CAPPING events from decorations provider vscode.git 266
2023-02-21 05:41:17.741 [warning] [Decorations] CAPPING events from decorations provider vscode.git 266
2023-02-21 05:42:26.434 [warning] [Decorations] CAPPING events from decorations provider vscode.git 266
2023-02-21 05:42:31.516 [warning] [Decorations] CAPPING events from decorations provider vscode.git 266
2023-02-21 05:42:36.603 [warning] [Decorations] CAPPING events from decorations provider vscode.git 266
2023-02-21 05:42:41.697 [warning] [Decorations] CAPPING events from decorations provider vscode.git 266
2023-02-21 05:42:46.799 [warning] [Decorations] CAPPING events from decorations provider vscode.git 266
2023-02-21 05:42:51.898 [warning] [Decorations] CAPPING events from decorations provider vscode.git 266
2023-02-21 05:42:56.985 [warning] [Decorations] CAPPING events from decorations provider vscode.git 266
2023-02-21 05:43:02.097 [warning] [Decorations] CAPPING events from decorations provider vscode.git 266
2023-02-21 05:43:07.179 [warning] [Decorations] CAPPING events from decorations provider vscode.git 266
2023-02-21 05:43:12.261 [warning] [Decorations] CAPPING events from decorations provider vscode.git 266
2023-02-21 05:43:17.350 [warning] [Decorations] CAPPING events from decorations provider vscode.git 266
2023-02-21 05:43:22.433 [warning] [Decorations] CAPPING events from decorations provider vscode.git 266
2023-02-21 05:43:27.515 [warning] [Decorations] CAPPING events from decorations provider vscode.git 266
2023-02-21 05:43:32.607 [warning] [Decorations] CAPPING events from decorations provider vscode.git 266
2023-02-21 05:43:37.697 [warning] [Decorations] CAPPING events from decorations provider vscode.git 266
2023-02-21 05:43:42.780 [warning] [Decorations] CAPPING events from decorations provider vscode.git 266
2023-02-21 05:43:47.878 [warning] [Decorations] CAPPING events from decorations provider vscode.git 266
2023-02-21 05:43:52.961 [warning] [Decorations] CAPPING events from decorations provider vscode.git 266
2023-02-21 05:43:58.046 [warning] [Decorations] CAPPING events from decorations provider vscode.git 266
2023-02-21 05:44:03.129 [warning] [Decorations] CAPPING events from decorations provider vscode.git 266
2023-02-21 05:44:08.212 [warning] [Decorations] CAPPING events from decorations provider vscode.git 266
2023-02-21 05:44:11.124 [info] ExtensionService#_doActivateExtension vscode.extension-editing, startup: false, activationEvent: 'onLanguage:markdown'
2023-02-21 05:44:11.124 [info] ExtensionService#_doActivateExtension vscode.markdown-language-features, startup: false, activationEvent: 'onLanguage:markdown'
2023-02-21 05:44:11.609 [info] ExtensionService#_doActivateExtension vscode.markdown-math, startup: false, activationEvent: 'api', root cause: vscode.markdown-language-features
2023-02-21 05:44:13.299 [warning] [Decorations] CAPPING events from decorations provider vscode.git 267
2023-02-21 05:45:38.712 [warning] [Decorations] CAPPING events from decorations provider vscode.git 267
2023-02-21 05:45:43.800 [warning] [Decorations] CAPPING events from decorations provider vscode.git 267
2023-02-21 05:45:48.903 [warning] [Decorations] CAPPING events from decorations provider vscode.git 267
2023-02-21 05:45:53.998 [warning] [Decorations] CAPPING events from decorations provider vscode.git 267
2023-02-21 05:45:59.084 [warning] [Decorations] CAPPING events from decorations provider vscode.git 267
2023-02-21 05:46:04.208 [warning] [Decorations] CAPPING events from decorations provider vscode.git 267
2023-02-21 05:46:09.300 [warning] [Decorations] CAPPING events from decorations provider vscode.git 267
2023-02-21 05:46:14.395 [warning] [Decorations] CAPPING events from decorations provider vscode.git 267
2023-02-21 05:46:19.483 [warning] [Decorations] CAPPING events from decorations provider vscode.git 267
2023-02-21 05:46:24.567 [warning] [Decorations] CAPPING events from decorations provider vscode.git 267
2023-02-21 05:46:29.652 [warning] [Decorations] CAPPING events from decorations provider vscode.git 267
2023-02-21 05:46:34.738 [warning] [Decorations] CAPPING events from decorations provider vscode.git 267
2023-02-21 05:46:39.830 [warning] [Decorations] CAPPING events from decorations provider vscode.git 267
2023-02-21 05:46:44.920 [warning] [Decorations] CAPPING events from decorations provider vscode.git 267
2023-02-21 05:46:50.011 [warning] [Decorations] CAPPING events from decorations provider vscode.git 267
2023-02-21 05:46:55.095 [warning] [Decorations] CAPPING events from decorations provider vscode.git 267
2023-02-21 05:47:00.193 [warning] [Decorations] CAPPING events from decorations provider vscode.git 267
2023-02-21 05:47:05.280 [warning] [Decorations] CAPPING events from decorations provider vscode.git 267
2023-02-21 05:47:10.369 [warning] [Decorations] CAPPING events from decorations provider vscode.git 267
2023-02-21 05:47:15.457 [warning] [Decorations] CAPPING events from decorations provider vscode.git 267
2023-02-21 05:47:20.547 [warning] [Decorations] CAPPING events from decorations provider vscode.git 267
2023-02-21 05:47:25.633 [warning] [Decorations] CAPPING events from decorations provider vscode.git 267
2023-02-21 05:47:30.720 [warning] [Decorations] CAPPING events from decorations provider vscode.git 267
2023-02-21 05:47:35.810 [warning] [Decorations] CAPPING events from decorations provider vscode.git 267
2023-02-21 05:57:33.782 [warning] [Decorations] CAPPING events from decorations provider vscode.git 267
2023-02-21 05:57:38.887 [warning] [Decorations] CAPPING events from decorations provider vscode.git 267
2023-02-21 05:57:43.977 [warning] [Decorations] CAPPING events from decorations provider vscode.git 267
2023-02-21 06:01:32.324 [warning] [Decorations] CAPPING events from decorations provider vscode.git 267
2023-02-21 06:01:37.962 [warning] [Decorations] CAPPING events from decorations provider vscode.git 267
2023-02-21 06:01:44.343 [warning] [Decorations] CAPPING events from decorations provider vscode.git 267
2023-02-21 06:01:49.429 [warning] [Decorations] CAPPING events from decorations provider vscode.git 267
2023-02-21 06:01:54.516 [warning] [Decorations] CAPPING events from decorations provider vscode.git 267
2023-02-21 06:01:59.608 [warning] [Decorations] CAPPING events from decorations provider vscode.git 267
2023-02-21 06:02:04.696 [warning] [Decorations] CAPPING events from decorations provider vscode.git 267
2023-02-21 06:02:09.787 [warning] [Decorations] CAPPING events from decorations provider vscode.git 267
2023-02-21 06:02:14.875 [warning] [Decorations] CAPPING events from decorations provider vscode.git 267
2023-02-21 06:02:19.968 [warning] [Decorations] CAPPING events from decorations provider vscode.git 267
2023-02-21 06:02:25.059 [warning] [Decorations] CAPPING events from decorations provider vscode.git 267
2023-02-21 06:02:30.169 [warning] [Decorations] CAPPING events from decorations provider vscode.git 267
2023-02-21 06:02:35.258 [warning] [Decorations] CAPPING events from decorations provider vscode.git 267
2023-02-21 06:02:40.347 [warning] [Decorations] CAPPING events from decorations provider vscode.git 267
2023-02-21 06:02:45.441 [warning] [Decorations] CAPPING events from decorations provider vscode.git 267
2023-02-21 06:02:50.531 [warning] [Decorations] CAPPING events from decorations provider vscode.git 267
2023-02-21 06:02:55.617 [warning] [Decorations] CAPPING events from decorations provider vscode.git 267
2023-02-21 06:03:00.707 [warning] [Decorations] CAPPING events from decorations provider vscode.git 267
2023-02-21 06:03:05.795 [warning] [Decorations] CAPPING events from decorations provider vscode.git 267
2023-02-21 06:03:10.901 [warning] [Decorations] CAPPING events from decorations provider vscode.git 267
2023-02-21 06:03:16.001 [warning] [Decorations] CAPPING events from decorations provider vscode.git 267
2023-02-21 06:03:21.085 [warning] [Decorations] CAPPING events from decorations provider vscode.git 267
2023-02-21 06:03:26.180 [warning] [Decorations] CAPPING events from decorations provider vscode.git 267
2023-02-21 06:03:31.265 [warning] [Decorations] CAPPING events from decorations provider vscode.git 267
2023-02-21 06:03:36.357 [warning] [Decorations] CAPPING events from decorations provider vscode.git 267
2023-02-21 06:03:41.448 [warning] [Decorations] CAPPING events from decorations provider vscode.git 267
2023-02-21 06:03:46.535 [warning] [Decorations] CAPPING events from decorations provider vscode.git 267
2023-02-21 06:03:51.633 [warning] [Decorations] CAPPING events from decorations provider vscode.git 267
2023-02-21 06:03:56.715 [warning] [Decorations] CAPPING events from decorations provider vscode.git 267
2023-02-21 06:04:01.815 [warning] [Decorations] CAPPING events from decorations provider vscode.git 267
2023-02-21 06:18:51.694 [warning] [Decorations] CAPPING events from decorations provider vscode.git 267
2023-02-21 06:18:56.785 [warning] [Decorations] CAPPING events from decorations provider vscode.git 267
2023-02-21 06:19:01.878 [warning] [Decorations] CAPPING events from decorations provider vscode.git 267
2023-02-21 06:19:06.966 [warning] [Decorations] CAPPING events from decorations provider vscode.git 267
2023-02-21 06:19:12.079 [warning] [Decorations] CAPPING events from decorations provider vscode.git 267
2023-02-21 06:19:17.171 [warning] [Decorations] CAPPING events from decorations provider vscode.git 267
2023-02-21 06:19:22.256 [warning] [Decorations] CAPPING events from decorations provider vscode.git 267
2023-02-21 07:02:23.524 [warning] [Decorations] CAPPING events from decorations provider vscode.git 267
2023-02-21 07:02:28.609 [warning] [Decorations] CAPPING events from decorations provider vscode.git 267
2023-02-21 07:02:33.694 [warning] [Decorations] CAPPING events from decorations provider vscode.git 267
2023-02-21 07:02:38.779 [warning] [Decorations] CAPPING events from decorations provider vscode.git 267
2023-02-21 07:02:43.874 [warning] [Decorations] CAPPING events from decorations provider vscode.git 267
2023-02-21 07:02:49.313 [warning] [Decorations] CAPPING events from decorations provider vscode.git 268
2023-02-21 07:02:54.587 [warning] [Decorations] CAPPING events from decorations provider vscode.git 268
2023-02-21 07:03:15.700 [warning] [Decorations] CAPPING events from decorations provider vscode.git 268
2023-02-21 07:03:20.951 [warning] [Decorations] CAPPING events from decorations provider vscode.git 268
2023-02-21 07:03:26.217 [warning] [Decorations] CAPPING events from decorations provider vscode.git 268
2023-02-21 07:03:31.460 [warning] [Decorations] CAPPING events from decorations provider vscode.git 268
2023-02-21 07:04:10.738 [warning] [Decorations] CAPPING events from decorations provider vscode.git 268
2023-02-21 07:04:15.845 [warning] [Decorations] CAPPING events from decorations provider vscode.git 268
2023-02-21 07:04:28.885 [warning] [Decorations] CAPPING events from decorations provider vscode.git 268
2023-02-21 07:04:33.994 [warning] [Decorations] CAPPING events from decorations provider vscode.git 268
2023-02-21 07:04:39.113 [warning] [Decorations] CAPPING events from decorations provider vscode.git 268
2023-02-21 07:04:44.697 [warning] [Decorations] CAPPING events from decorations provider vscode.git 268
2023-02-21 07:04:49.801 [warning] [Decorations] CAPPING events from decorations provider vscode.git 268
2023-02-21 07:04:54.903 [warning] [Decorations] CAPPING events from decorations provider vscode.git 268
2023-02-21 07:05:00.025 [warning] [Decorations] CAPPING events from decorations provider vscode.git 268
2023-02-21 07:05:05.144 [warning] [Decorations] CAPPING events from decorations provider vscode.git 268
2023-02-21 07:05:10.254 [warning] [Decorations] CAPPING events from decorations provider vscode.git 268
2023-02-21 07:05:15.362 [warning] [Decorations] CAPPING events from decorations provider vscode.git 268
2023-02-21 07:05:20.469 [warning] [Decorations] CAPPING events from decorations provider vscode.git 268
2023-02-21 07:05:25.594 [warning] [Decorations] CAPPING events from decorations provider vscode.git 268
2023-02-21 07:05:30.700 [warning] [Decorations] CAPPING events from decorations provider vscode.git 268
2023-02-21 07:05:35.805 [warning] [Decorations] CAPPING events from decorations provider vscode.git 268
2023-02-21 07:05:40.901 [warning] [Decorations] CAPPING events from decorations provider vscode.git 268
2023-02-21 07:05:46.008 [warning] [Decorations] CAPPING events from decorations provider vscode.git 268
2023-02-21 07:05:51.110 [warning] [Decorations] CAPPING events from decorations provider vscode.git 268
2023-02-21 07:05:56.219 [warning] [Decorations] CAPPING events from decorations provider vscode.git 268
2023-02-21 07:06:01.322 [warning] [Decorations] CAPPING events from decorations provider vscode.git 268
2023-02-21 07:06:06.428 [warning] [Decorations] CAPPING events from decorations provider vscode.git 268
2023-02-21 07:06:11.529 [warning] [Decorations] CAPPING events from decorations provider vscode.git 268
2023-02-21 07:06:16.634 [warning] [Decorations] CAPPING events from decorations provider vscode.git 268
2023-02-21 07:06:21.736 [warning] [Decorations] CAPPING events from decorations provider vscode.git 268
2023-02-21 07:06:26.839 [warning] [Decorations] CAPPING events from decorations provider vscode.git 268
2023-02-21 07:06:31.943 [warning] [Decorations] CAPPING events from decorations provider vscode.git 268
2023-02-21 07:06:44.324 [warning] [Decorations] CAPPING events from decorations provider vscode.git 268
2023-02-21 07:06:49.430 [warning] [Decorations] CAPPING events from decorations provider vscode.git 268
2023-02-21 07:06:54.534 [warning] [Decorations] CAPPING events from decorations provider vscode.git 268
2023-02-21 07:06:59.639 [warning] [Decorations] CAPPING events from decorations provider vscode.git 268
2023-02-21 07:07:04.745 [warning] [Decorations] CAPPING events from decorations provider vscode.git 268
2023-02-21 07:07:09.858 [warning] [Decorations] CAPPING events from decorations provider vscode.git 268
2023-02-21 07:07:14.972 [warning] [Decorations] CAPPING events from decorations provider vscode.git 268
2023-02-21 07:07:37.189 [warning] [Decorations] CAPPING events from decorations provider vscode.git 268
2023-02-21 07:07:42.417 [warning] Using default string since no string found in i18n bundle that has the key: Don't Show Again
2023-02-21 08:31:21.838 [info] Extension host terminating: received terminate message from renderer
2023-02-21 08:31:21.840 [info] Lock '/home/ubuntu/.vscode-server/data/User/workspaceStorage/3e23ce5bcb104025f2c3f395e703fecc/vscode.lock': Marking the lockfile as scheduled to be released in 6000 ms.
2023-02-21 08:31:21.867 [error] Canceled: Canceled
	at new u (/home/ubuntu/.vscode-server/bin/441438abd1ac652551dbe4d408dfcec8a499b8bf/out/vs/workbench/api/node/extensionHostProcess.js:96:88070)
	at l.O (/home/ubuntu/.vscode-server/bin/441438abd1ac652551dbe4d408dfcec8a499b8bf/out/vs/workbench/api/node/extensionHostProcess.js:106:11276)
	at Proxy.V.<computed>.M.charCodeAt.V.<computed> (/home/ubuntu/.vscode-server/bin/441438abd1ac652551dbe4d408dfcec8a499b8bf/out/vs/workbench/api/node/extensionHostProcess.js:106:8557)
	at s.g (/home/ubuntu/.vscode-server/bin/441438abd1ac652551dbe4d408dfcec8a499b8bf/out/vs/workbench/api/node/extensionHostProcess.js:96:107430)
	at s.executeCommand (/home/ubuntu/.vscode-server/bin/441438abd1ac652551dbe4d408dfcec8a499b8bf/out/vs/workbench/api/node/extensionHostProcess.js:96:106806)
	at w.registerCommand.description (/home/ubuntu/.vscode-server/bin/441438abd1ac652551dbe4d408dfcec8a499b8bf/out/vs/workbench/api/node/extensionHostProcess.js:96:106099)
	at s.h (/home/ubuntu/.vscode-server/bin/441438abd1ac652551dbe4d408dfcec8a499b8bf/out/vs/workbench/api/node/extensionHostProcess.js:96:108016)
	at s.g (/home/ubuntu/.vscode-server/bin/441438abd1ac652551dbe4d408dfcec8a499b8bf/out/vs/workbench/api/node/extensionHostProcess.js:96:106906)
	at s.executeCommand (/home/ubuntu/.vscode-server/bin/441438abd1ac652551dbe4d408dfcec8a499b8bf/out/vs/workbench/api/node/extensionHostProcess.js:96:106806)
	at Object.executeCommand (/home/ubuntu/.vscode-server/bin/441438abd1ac652551dbe4d408dfcec8a499b8bf/out/vs/workbench/api/node/extensionHostProcess.js:117:30778)
	at D (/home/ubuntu/.vscode-server/bin/441438abd1ac652551dbe4d408dfcec8a499b8bf/extensions/git/dist/main.js:2:2055373)
	at f.invoke (/home/ubuntu/.vscode-server/bin/441438abd1ac652551dbe4d408dfcec8a499b8bf/out/vs/workbench/api/node/extensionHostProcess.js:63:145)
	at g.deliver (/home/ubuntu/.vscode-server/bin/441438abd1ac652551dbe4d408dfcec8a499b8bf/out/vs/workbench/api/node/extensionHostProcess.js:63:2029)
	at d.fire (/home/ubuntu/.vscode-server/bin/441438abd1ac652551dbe4d408dfcec8a499b8bf/out/vs/workbench/api/node/extensionHostProcess.js:63:1667)
	at Object.h [as dispose] (/home/ubuntu/.vscode-server/bin/441438abd1ac652551dbe4d408dfcec8a499b8bf/extensions/git/dist/main.js:2:2070210)
	at /home/ubuntu/.vscode-server/bin/441438abd1ac652551dbe4d408dfcec8a499b8bf/extensions/git/dist/main.js:2:2074277
	at Array.forEach (<anonymous>)
	at g.dispose (/home/ubuntu/.vscode-server/bin/441438abd1ac652551dbe4d408dfcec8a499b8bf/extensions/git/dist/main.js:2:2074263)
	at C.<anonymous> (/home/ubuntu/.vscode-server/bin/441438abd1ac652551dbe4d408dfcec8a499b8bf/out/vs/workbench/api/node/extensionHostProcess.js:94:12431)
	at C.dispose (/home/ubuntu/.vscode-server/bin/441438abd1ac652551dbe4d408dfcec8a499b8bf/out/vs/workbench/api/node/extensionHostProcess.js:94:12566)
	at C.<anonymous> (/home/ubuntu/.vscode-server/bin/441438abd1ac652551dbe4d408dfcec8a499b8bf/extensions/git/dist/main.js:2:2057503)
	at C.dispose (/home/ubuntu/.vscode-server/bin/441438abd1ac652551dbe4d408dfcec8a499b8bf/out/vs/workbench/api/node/extensionHostProcess.js:94:12566)
	at T (/home/ubuntu/.vscode-server/bin/441438abd1ac652551dbe4d408dfcec8a499b8bf/out/vs/workbench/api/node/extensionHostProcess.js:10:12072)
	at f.X (/home/ubuntu/.vscode-server/bin/441438abd1ac652551dbe4d408dfcec8a499b8bf/out/vs/workbench/api/node/extensionHostProcess.js:108:11242)
	at /home/ubuntu/.vscode-server/bin/441438abd1ac652551dbe4d408dfcec8a499b8bf/out/vs/workbench/api/node/extensionHostProcess.js:108:9037
	at Array.map (<anonymous>)
	at f.Q (/home/ubuntu/.vscode-server/bin/441438abd1ac652551dbe4d408dfcec8a499b8bf/out/vs/workbench/api/node/extensionHostProcess.js:108:9024)
	at f.terminate (/home/ubuntu/.vscode-server/bin/441438abd1ac652551dbe4d408dfcec8a499b8bf/out/vs/workbench/api/node/extensionHostProcess.js:108:9298)
	at h.terminate (/home/ubuntu/.vscode-server/bin/441438abd1ac652551dbe4d408dfcec8a499b8bf/out/vs/workbench/api/node/extensionHostProcess.js:112:1397)
	at p (/home/ubuntu/.vscode-server/bin/441438abd1ac652551dbe4d408dfcec8a499b8bf/out/vs/workbench/api/node/extensionHostProcess.js:122:17851)
	at /home/ubuntu/.vscode-server/bin/441438abd1ac652551dbe4d408dfcec8a499b8bf/out/vs/workbench/api/node/extensionHostProcess.js:122:15761
	at f.invoke (/home/ubuntu/.vscode-server/bin/441438abd1ac652551dbe4d408dfcec8a499b8bf/out/vs/workbench/api/node/extensionHostProcess.js:63:145)
	at g.deliver (/home/ubuntu/.vscode-server/bin/441438abd1ac652551dbe4d408dfcec8a499b8bf/out/vs/workbench/api/node/extensionHostProcess.js:63:2029)
	at d.fire (/home/ubuntu/.vscode-server/bin/441438abd1ac652551dbe4d408dfcec8a499b8bf/out/vs/workbench/api/node/extensionHostProcess.js:63:1667)
	at p.fire (/home/ubuntu/.vscode-server/bin/441438abd1ac652551dbe4d408dfcec8a499b8bf/out/vs/workbench/api/node/extensionHostProcess.js:72:14861)
	at t.E (/home/ubuntu/.vscode-server/bin/441438abd1ac652551dbe4d408dfcec8a499b8bf/out/vs/workbench/api/node/extensionHostProcess.js:72:18927)
	at /home/ubuntu/.vscode-server/bin/441438abd1ac652551dbe4d408dfcec8a499b8bf/out/vs/workbench/api/node/extensionHostProcess.js:72:16915
	at f.invoke (/home/ubuntu/.vscode-server/bin/441438abd1ac652551dbe4d408dfcec8a499b8bf/out/vs/workbench/api/node/extensionHostProcess.js:63:145)
	at g.deliver (/home/ubuntu/.vscode-server/bin/441438abd1ac652551dbe4d408dfcec8a499b8bf/out/vs/workbench/api/node/extensionHostProcess.js:63:2029)
	at d.fire (/home/ubuntu/.vscode-server/bin/441438abd1ac652551dbe4d408dfcec8a499b8bf/out/vs/workbench/api/node/extensionHostProcess.js:63:1667)
	at h.acceptChunk (/home/ubuntu/.vscode-server/bin/441438abd1ac652551dbe4d408dfcec8a499b8bf/out/vs/workbench/api/node/extensionHostProcess.js:72:12592)
	at /home/ubuntu/.vscode-server/bin/441438abd1ac652551dbe4d408dfcec8a499b8bf/out/vs/workbench/api/node/extensionHostProcess.js:72:11879
	at f.invoke (/home/ubuntu/.vscode-server/bin/441438abd1ac652551dbe4d408dfcec8a499b8bf/out/vs/workbench/api/node/extensionHostProcess.js:63:145)
	at g.deliver (/home/ubuntu/.vscode-server/bin/441438abd1ac652551dbe4d408dfcec8a499b8bf/out/vs/workbench/api/node/extensionHostProcess.js:63:2029)
	at d.fire (/home/ubuntu/.vscode-server/bin/441438abd1ac652551dbe4d408dfcec8a499b8bf/out/vs/workbench/api/node/extensionHostProcess.js:63:1667)
	at d.t (/home/ubuntu/.vscode-server/bin/441438abd1ac652551dbe4d408dfcec8a499b8bf/out/vs/workbench/api/node/extensionHostProcess.js:72:28518) setContext undefined
2023-02-21 08:31:21.867 [error] Canceled: Canceled
	at new u (/home/ubuntu/.vscode-server/bin/441438abd1ac652551dbe4d408dfcec8a499b8bf/out/vs/workbench/api/node/extensionHostProcess.js:96:88070)
	at l.O (/home/ubuntu/.vscode-server/bin/441438abd1ac652551dbe4d408dfcec8a499b8bf/out/vs/workbench/api/node/extensionHostProcess.js:106:11276)
	at Proxy.V.<computed>.M.charCodeAt.V.<computed> (/home/ubuntu/.vscode-server/bin/441438abd1ac652551dbe4d408dfcec8a499b8bf/out/vs/workbench/api/node/extensionHostProcess.js:106:8557)
	at s.g (/home/ubuntu/.vscode-server/bin/441438abd1ac652551dbe4d408dfcec8a499b8bf/out/vs/workbench/api/node/extensionHostProcess.js:96:107430)
	at s.executeCommand (/home/ubuntu/.vscode-server/bin/441438abd1ac652551dbe4d408dfcec8a499b8bf/out/vs/workbench/api/node/extensionHostProcess.js:96:106806)
	at w.registerCommand.description (/home/ubuntu/.vscode-server/bin/441438abd1ac652551dbe4d408dfcec8a499b8bf/out/vs/workbench/api/node/extensionHostProcess.js:96:106099)
	at s.h (/home/ubuntu/.vscode-server/bin/441438abd1ac652551dbe4d408dfcec8a499b8bf/out/vs/workbench/api/node/extensionHostProcess.js:96:108016)
	at s.g (/home/ubuntu/.vscode-server/bin/441438abd1ac652551dbe4d408dfcec8a499b8bf/out/vs/workbench/api/node/extensionHostProcess.js:96:106906)
	at s.executeCommand (/home/ubuntu/.vscode-server/bin/441438abd1ac652551dbe4d408dfcec8a499b8bf/out/vs/workbench/api/node/extensionHostProcess.js:96:106806)
	at Object.executeCommand (/home/ubuntu/.vscode-server/bin/441438abd1ac652551dbe4d408dfcec8a499b8bf/out/vs/workbench/api/node/extensionHostProcess.js:117:30778)
	at D (/home/ubuntu/.vscode-server/bin/441438abd1ac652551dbe4d408dfcec8a499b8bf/extensions/git/dist/main.js:2:2055373)
	at f.invoke (/home/ubuntu/.vscode-server/bin/441438abd1ac652551dbe4d408dfcec8a499b8bf/out/vs/workbench/api/node/extensionHostProcess.js:63:145)
	at g.deliver (/home/ubuntu/.vscode-server/bin/441438abd1ac652551dbe4d408dfcec8a499b8bf/out/vs/workbench/api/node/extensionHostProcess.js:63:2029)
	at d.fire (/home/ubuntu/.vscode-server/bin/441438abd1ac652551dbe4d408dfcec8a499b8bf/out/vs/workbench/api/node/extensionHostProcess.js:63:1667)
	at Object.h [as dispose] (/home/ubuntu/.vscode-server/bin/441438abd1ac652551dbe4d408dfcec8a499b8bf/extensions/git/dist/main.js:2:2070210)
	at /home/ubuntu/.vscode-server/bin/441438abd1ac652551dbe4d408dfcec8a499b8bf/extensions/git/dist/main.js:2:2074277
	at Array.forEach (<anonymous>)
	at g.dispose (/home/ubuntu/.vscode-server/bin/441438abd1ac652551dbe4d408dfcec8a499b8bf/extensions/git/dist/main.js:2:2074263)
	at C.<anonymous> (/home/ubuntu/.vscode-server/bin/441438abd1ac652551dbe4d408dfcec8a499b8bf/out/vs/workbench/api/node/extensionHostProcess.js:94:12431)
	at C.dispose (/home/ubuntu/.vscode-server/bin/441438abd1ac652551dbe4d408dfcec8a499b8bf/out/vs/workbench/api/node/extensionHostProcess.js:94:12566)
	at C.<anonymous> (/home/ubuntu/.vscode-server/bin/441438abd1ac652551dbe4d408dfcec8a499b8bf/extensions/git/dist/main.js:2:2057503)
	at C.dispose (/home/ubuntu/.vscode-server/bin/441438abd1ac652551dbe4d408dfcec8a499b8bf/out/vs/workbench/api/node/extensionHostProcess.js:94:12566)
	at T (/home/ubuntu/.vscode-server/bin/441438abd1ac652551dbe4d408dfcec8a499b8bf/out/vs/workbench/api/node/extensionHostProcess.js:10:12072)
	at f.X (/home/ubuntu/.vscode-server/bin/441438abd1ac652551dbe4d408dfcec8a499b8bf/out/vs/workbench/api/node/extensionHostProcess.js:108:11242)
	at /home/ubuntu/.vscode-server/bin/441438abd1ac652551dbe4d408dfcec8a499b8bf/out/vs/workbench/api/node/extensionHostProcess.js:108:9037
	at Array.map (<anonymous>)
	at f.Q (/home/ubuntu/.vscode-server/bin/441438abd1ac652551dbe4d408dfcec8a499b8bf/out/vs/workbench/api/node/extensionHostProcess.js:108:9024)
	at f.terminate (/home/ubuntu/.vscode-server/bin/441438abd1ac652551dbe4d408dfcec8a499b8bf/out/vs/workbench/api/node/extensionHostProcess.js:108:9298)
	at h.terminate (/home/ubuntu/.vscode-server/bin/441438abd1ac652551dbe4d408dfcec8a499b8bf/out/vs/workbench/api/node/extensionHostProcess.js:112:1397)
	at p (/home/ubuntu/.vscode-server/bin/441438abd1ac652551dbe4d408dfcec8a499b8bf/out/vs/workbench/api/node/extensionHostProcess.js:122:17851)
	at /home/ubuntu/.vscode-server/bin/441438abd1ac652551dbe4d408dfcec8a499b8bf/out/vs/workbench/api/node/extensionHostProcess.js:122:15761
	at f.invoke (/home/ubuntu/.vscode-server/bin/441438abd1ac652551dbe4d408dfcec8a499b8bf/out/vs/workbench/api/node/extensionHostProcess.js:63:145)
	at g.deliver (/home/ubuntu/.vscode-server/bin/441438abd1ac652551dbe4d408dfcec8a499b8bf/out/vs/workbench/api/node/extensionHostProcess.js:63:2029)
	at d.fire (/home/ubuntu/.vscode-server/bin/441438abd1ac652551dbe4d408dfcec8a499b8bf/out/vs/workbench/api/node/extensionHostProcess.js:63:1667)
	at p.fire (/home/ubuntu/.vscode-server/bin/441438abd1ac652551dbe4d408dfcec8a499b8bf/out/vs/workbench/api/node/extensionHostProcess.js:72:14861)
	at t.E (/home/ubuntu/.vscode-server/bin/441438abd1ac652551dbe4d408dfcec8a499b8bf/out/vs/workbench/api/node/extensionHostProcess.js:72:18927)
	at /home/ubuntu/.vscode-server/bin/441438abd1ac652551dbe4d408dfcec8a499b8bf/out/vs/workbench/api/node/extensionHostProcess.js:72:16915
	at f.invoke (/home/ubuntu/.vscode-server/bin/441438abd1ac652551dbe4d408dfcec8a499b8bf/out/vs/workbench/api/node/extensionHostProcess.js:63:145)
	at g.deliver (/home/ubuntu/.vscode-server/bin/441438abd1ac652551dbe4d408dfcec8a499b8bf/out/vs/workbench/api/node/extensionHostProcess.js:63:2029)
	at d.fire (/home/ubuntu/.vscode-server/bin/441438abd1ac652551dbe4d408dfcec8a499b8bf/out/vs/workbench/api/node/extensionHostProcess.js:63:1667)
	at h.acceptChunk (/home/ubuntu/.vscode-server/bin/441438abd1ac652551dbe4d408dfcec8a499b8bf/out/vs/workbench/api/node/extensionHostProcess.js:72:12592)
	at /home/ubuntu/.vscode-server/bin/441438abd1ac652551dbe4d408dfcec8a499b8bf/out/vs/workbench/api/node/extensionHostProcess.js:72:11879
	at f.invoke (/home/ubuntu/.vscode-server/bin/441438abd1ac652551dbe4d408dfcec8a499b8bf/out/vs/workbench/api/node/extensionHostProcess.js:63:145)
	at g.deliver (/home/ubuntu/.vscode-server/bin/441438abd1ac652551dbe4d408dfcec8a499b8bf/out/vs/workbench/api/node/extensionHostProcess.js:63:2029)
	at d.fire (/home/ubuntu/.vscode-server/bin/441438abd1ac652551dbe4d408dfcec8a499b8bf/out/vs/workbench/api/node/extensionHostProcess.js:63:1667)
	at d.t (/home/ubuntu/.vscode-server/bin/441438abd1ac652551dbe4d408dfcec8a499b8bf/out/vs/workbench/api/node/extensionHostProcess.js:72:28518) setContext undefined
2023-02-21 08:31:21.867 [error] Canceled: Canceled
	at new u (/home/ubuntu/.vscode-server/bin/441438abd1ac652551dbe4d408dfcec8a499b8bf/out/vs/workbench/api/node/extensionHostProcess.js:96:88070)
	at l.O (/home/ubuntu/.vscode-server/bin/441438abd1ac652551dbe4d408dfcec8a499b8bf/out/vs/workbench/api/node/extensionHostProcess.js:106:11276)
	at Proxy.V.<computed>.M.charCodeAt.V.<computed> (/home/ubuntu/.vscode-server/bin/441438abd1ac652551dbe4d408dfcec8a499b8bf/out/vs/workbench/api/node/extensionHostProcess.js:106:8557)
	at s.g (/home/ubuntu/.vscode-server/bin/441438abd1ac652551dbe4d408dfcec8a499b8bf/out/vs/workbench/api/node/extensionHostProcess.js:96:107430)
	at s.executeCommand (/home/ubuntu/.vscode-server/bin/441438abd1ac652551dbe4d408dfcec8a499b8bf/out/vs/workbench/api/node/extensionHostProcess.js:96:106806)
	at w.registerCommand.description (/home/ubuntu/.vscode-server/bin/441438abd1ac652551dbe4d408dfcec8a499b8bf/out/vs/workbench/api/node/extensionHostProcess.js:96:106099)
	at s.h (/home/ubuntu/.vscode-server/bin/441438abd1ac652551dbe4d408dfcec8a499b8bf/out/vs/workbench/api/node/extensionHostProcess.js:96:108016)
	at s.g (/home/ubuntu/.vscode-server/bin/441438abd1ac652551dbe4d408dfcec8a499b8bf/out/vs/workbench/api/node/extensionHostProcess.js:96:106906)
	at s.executeCommand (/home/ubuntu/.vscode-server/bin/441438abd1ac652551dbe4d408dfcec8a499b8bf/out/vs/workbench/api/node/extensionHostProcess.js:96:106806)
	at Object.executeCommand (/home/ubuntu/.vscode-server/bin/441438abd1ac652551dbe4d408dfcec8a499b8bf/out/vs/workbench/api/node/extensionHostProcess.js:117:30778)
	at D (/home/ubuntu/.vscode-server/bin/441438abd1ac652551dbe4d408dfcec8a499b8bf/extensions/git/dist/main.js:2:2055373)
	at f.invoke (/home/ubuntu/.vscode-server/bin/441438abd1ac652551dbe4d408dfcec8a499b8bf/out/vs/workbench/api/node/extensionHostProcess.js:63:145)
	at g.deliver (/home/ubuntu/.vscode-server/bin/441438abd1ac652551dbe4d408dfcec8a499b8bf/out/vs/workbench/api/node/extensionHostProcess.js:63:2029)
	at d.fire (/home/ubuntu/.vscode-server/bin/441438abd1ac652551dbe4d408dfcec8a499b8bf/out/vs/workbench/api/node/extensionHostProcess.js:63:1667)
	at Object.h [as dispose] (/home/ubuntu/.vscode-server/bin/441438abd1ac652551dbe4d408dfcec8a499b8bf/extensions/git/dist/main.js:2:2070210)
	at /home/ubuntu/.vscode-server/bin/441438abd1ac652551dbe4d408dfcec8a499b8bf/extensions/git/dist/main.js:2:2074277
	at Array.forEach (<anonymous>)
	at g.dispose (/home/ubuntu/.vscode-server/bin/441438abd1ac652551dbe4d408dfcec8a499b8bf/extensions/git/dist/main.js:2:2074263)
	at C.<anonymous> (/home/ubuntu/.vscode-server/bin/441438abd1ac652551dbe4d408dfcec8a499b8bf/out/vs/workbench/api/node/extensionHostProcess.js:94:12431)
	at C.dispose (/home/ubuntu/.vscode-server/bin/441438abd1ac652551dbe4d408dfcec8a499b8bf/out/vs/workbench/api/node/extensionHostProcess.js:94:12566)
	at C.<anonymous> (/home/ubuntu/.vscode-server/bin/441438abd1ac652551dbe4d408dfcec8a499b8bf/extensions/git/dist/main.js:2:2057503)
	at C.dispose (/home/ubuntu/.vscode-server/bin/441438abd1ac652551dbe4d408dfcec8a499b8bf/out/vs/workbench/api/node/extensionHostProcess.js:94:12566)
	at T (/home/ubuntu/.vscode-server/bin/441438abd1ac652551dbe4d408dfcec8a499b8bf/out/vs/workbench/api/node/extensionHostProcess.js:10:12072)
	at f.X (/home/ubuntu/.vscode-server/bin/441438abd1ac652551dbe4d408dfcec8a499b8bf/out/vs/workbench/api/node/extensionHostProcess.js:108:11242)
	at /home/ubuntu/.vscode-server/bin/441438abd1ac652551dbe4d408dfcec8a499b8bf/out/vs/workbench/api/node/extensionHostProcess.js:108:9037
	at Array.map (<anonymous>)
	at f.Q (/home/ubuntu/.vscode-server/bin/441438abd1ac652551dbe4d408dfcec8a499b8bf/out/vs/workbench/api/node/extensionHostProcess.js:108:9024)
	at f.terminate (/home/ubuntu/.vscode-server/bin/441438abd1ac652551dbe4d408dfcec8a499b8bf/out/vs/workbench/api/node/extensionHostProcess.js:108:9298)
	at h.terminate (/home/ubuntu/.vscode-server/bin/441438abd1ac652551dbe4d408dfcec8a499b8bf/out/vs/workbench/api/node/extensionHostProcess.js:112:1397)
	at p (/home/ubuntu/.vscode-server/bin/441438abd1ac652551dbe4d408dfcec8a499b8bf/out/vs/workbench/api/node/extensionHostProcess.js:122:17851)
	at /home/ubuntu/.vscode-server/bin/441438abd1ac652551dbe4d408dfcec8a499b8bf/out/vs/workbench/api/node/extensionHostProcess.js:122:15761
	at f.invoke (/home/ubuntu/.vscode-server/bin/441438abd1ac652551dbe4d408dfcec8a499b8bf/out/vs/workbench/api/node/extensionHostProcess.js:63:145)
	at g.deliver (/home/ubuntu/.vscode-server/bin/441438abd1ac652551dbe4d408dfcec8a499b8bf/out/vs/workbench/api/node/extensionHostProcess.js:63:2029)
	at d.fire (/home/ubuntu/.vscode-server/bin/441438abd1ac652551dbe4d408dfcec8a499b8bf/out/vs/workbench/api/node/extensionHostProcess.js:63:1667)
	at p.fire (/home/ubuntu/.vscode-server/bin/441438abd1ac652551dbe4d408dfcec8a499b8bf/out/vs/workbench/api/node/extensionHostProcess.js:72:14861)
	at t.E (/home/ubuntu/.vscode-server/bin/441438abd1ac652551dbe4d408dfcec8a499b8bf/out/vs/workbench/api/node/extensionHostProcess.js:72:18927)
	at /home/ubuntu/.vscode-server/bin/441438abd1ac652551dbe4d408dfcec8a499b8bf/out/vs/workbench/api/node/extensionHostProcess.js:72:16915
	at f.invoke (/home/ubuntu/.vscode-server/bin/441438abd1ac652551dbe4d408dfcec8a499b8bf/out/vs/workbench/api/node/extensionHostProcess.js:63:145)
	at g.deliver (/home/ubuntu/.vscode-server/bin/441438abd1ac652551dbe4d408dfcec8a499b8bf/out/vs/workbench/api/node/extensionHostProcess.js:63:2029)
	at d.fire (/home/ubuntu/.vscode-server/bin/441438abd1ac652551dbe4d408dfcec8a499b8bf/out/vs/workbench/api/node/extensionHostProcess.js:63:1667)
	at h.acceptChunk (/home/ubuntu/.vscode-server/bin/441438abd1ac652551dbe4d408dfcec8a499b8bf/out/vs/workbench/api/node/extensionHostProcess.js:72:12592)
	at /home/ubuntu/.vscode-server/bin/441438abd1ac652551dbe4d408dfcec8a499b8bf/out/vs/workbench/api/node/extensionHostProcess.js:72:11879
	at f.invoke (/home/ubuntu/.vscode-server/bin/441438abd1ac652551dbe4d408dfcec8a499b8bf/out/vs/workbench/api/node/extensionHostProcess.js:63:145)
	at g.deliver (/home/ubuntu/.vscode-server/bin/441438abd1ac652551dbe4d408dfcec8a499b8bf/out/vs/workbench/api/node/extensionHostProcess.js:63:2029)
	at d.fire (/home/ubuntu/.vscode-server/bin/441438abd1ac652551dbe4d408dfcec8a499b8bf/out/vs/workbench/api/node/extensionHostProcess.js:63:1667)
	at d.t (/home/ubuntu/.vscode-server/bin/441438abd1ac652551dbe4d408dfcec8a499b8bf/out/vs/workbench/api/node/extensionHostProcess.js:72:28518) setContext undefined
2023-02-21 08:31:21.890 [info] Extension host with pid 913937 exiting with code 0
