2023-02-17 05:15:08.442 [info] 로그 수준: Info
2023-02-17 05:15:08.443 [info] "git"에서 찾은 git 유효성을 검사하는 중
2023-02-17 05:15:08.443 [info] "2.25.1"에서 git "git"을(를) 사용하는 중
2023-02-17 05:15:08.443 [info] > git rev-parse --show-toplevel [5ms]
2023-02-17 05:15:08.443 [info] > git rev-parse --git-dir --git-common-dir [1ms]
2023-02-17 05:15:08.443 [info] Open repository: /home/ubuntu
2023-02-17 05:15:08.443 [info] > git rev-parse --show-toplevel [6ms]
2023-02-17 05:15:08.443 [info] > git config --get commit.template [5ms]
2023-02-17 05:15:08.443 [info] > git rev-parse --show-toplevel [6ms]
2023-02-17 05:15:08.443 [info] > git rev-parse --show-toplevel [6ms]
2023-02-17 05:15:08.443 [info] > git for-each-ref --format=%(refname)%00%(upstream:short)%00%(objectname)%00%(upstream:track)%00%(upstream:remotename)%00%(upstream:remoteref) refs/heads/main refs/remotes/main [18ms]
2023-02-17 05:15:08.443 [info] > git rev-parse --show-toplevel [18ms]
2023-02-17 05:15:08.443 [info] > git for-each-ref --sort -committerdate --format %(refname) %(objectname) %(*objectname) [14ms]
2023-02-17 05:15:08.444 [info] > git rev-parse --show-toplevel [3ms]
2023-02-17 05:15:08.444 [info] > git rev-parse --show-toplevel [8ms]
2023-02-17 05:15:08.444 [info] > git rev-parse --show-toplevel [10ms]
2023-02-17 05:15:08.444 [info] > git rev-parse --show-toplevel [6ms]
2023-02-17 05:15:08.444 [info] > git status -z -uall [70ms]
2023-02-17 05:15:08.444 [info] > git rev-parse --show-toplevel [30ms]
2023-02-17 05:15:08.444 [info] > git config --get commit.template [6ms]
2023-02-17 05:15:08.444 [info] > git rev-parse --show-toplevel [2ms]
2023-02-17 05:15:08.444 [info] > git rev-parse --show-toplevel [5ms]
2023-02-17 05:15:08.444 [info] > git for-each-ref --format=%(refname)%00%(upstream:short)%00%(objectname)%00%(upstream:track)%00%(upstream:remotename)%00%(upstream:remoteref) refs/heads/main refs/remotes/main [4ms]
2023-02-17 05:15:08.444 [info] > git rev-parse --show-toplevel [12ms]
2023-02-17 05:15:08.444 [info] > git for-each-ref --sort -committerdate --format %(refname) %(objectname) %(*objectname) [11ms]
2023-02-17 05:15:08.445 [info] > git rev-parse --git-dir --git-common-dir [2ms]
2023-02-17 05:15:08.445 [info] Open repository: /home/ubuntu/kubespray
2023-02-17 05:15:08.445 [info] > git rev-parse --show-toplevel [8ms]
2023-02-17 05:15:08.445 [info] > git config --get commit.template [5ms]
2023-02-17 05:15:08.445 [info] > git rev-parse --show-toplevel [7ms]
2023-02-17 05:15:08.445 [info] > git for-each-ref --format %(refname) %(objectname) %(*objectname) refs/tags [8ms]
2023-02-17 05:15:08.445 [info] > git status -z -uall [169ms]
2023-02-17 05:15:08.445 [info] > git status -z -uall [111ms]
2023-02-17 05:15:08.445 [info] > git for-each-ref --sort -committerdate --format %(refname) %(objectname) %(*objectname) [106ms]
2023-02-17 05:15:08.445 [info] > git rev-parse --git-dir --git-common-dir [135ms]
2023-02-17 05:15:08.445 [info] Open repository: /home/ubuntu/nfs-subdir-external-provisioner
2023-02-17 05:15:08.445 [info] > git rev-parse --show-toplevel [6ms]
2023-02-17 05:15:08.445 [info] > git config --get commit.template [7ms]
2023-02-17 05:15:08.446 [info] > git for-each-ref --format=%(refname)%00%(upstream:short)%00%(objectname)%00%(upstream:track)%00%(upstream:remotename)%00%(upstream:remoteref) refs/heads/master refs/remotes/master [9ms]
2023-02-17 05:15:08.446 [info] > git for-each-ref --sort -committerdate --format %(refname) %(objectname) %(*objectname) [4ms]
2023-02-17 05:15:08.446 [info] > git status -z -uall [13ms]
2023-02-17 05:15:08.854 [info] > git show --textconv :Jenkinsfile [7ms]
2023-02-17 05:15:08.855 [info] > git ls-files --stage -- /home/ubuntu/Jenkinsfile [2ms]
2023-02-17 05:15:08.862 [info] > git cat-file -s f0a58b15378cee13d8a2645a330d228fd54df974 [0ms]
2023-02-17 05:15:08.933 [info] > git check-ignore -v -z --stdin [11ms]
2023-02-17 05:15:08.934 [info] > git check-ignore -v -z --stdin [6ms]
2023-02-17 05:15:08.935 [info] > git check-ignore -v -z --stdin [3ms]
2023-02-17 05:15:12.494 [info] > git config --get commit.template [2ms]
2023-02-17 05:15:12.499 [info] > git for-each-ref --format=%(refname)%00%(upstream:short)%00%(objectname)%00%(upstream:track)%00%(upstream:remotename)%00%(upstream:remoteref) refs/heads/main refs/remotes/main [1ms]
2023-02-17 05:15:12.509 [info] > git for-each-ref --sort -committerdate --format %(refname) %(objectname) %(*objectname) [1ms]
2023-02-17 05:15:12.548 [info] > git status -z -uall [45ms]
2023-02-17 05:15:19.329 [info] > git config --get commit.template [5ms]
2023-02-17 05:15:19.329 [info] > git for-each-ref --format=%(refname)%00%(upstream:short)%00%(objectname)%00%(upstream:track)%00%(upstream:remotename)%00%(upstream:remoteref) refs/heads/main refs/remotes/main [1ms]
2023-02-17 05:15:19.341 [info] > git for-each-ref --sort -committerdate --format %(refname) %(objectname) %(*objectname) [1ms]
2023-02-17 05:15:19.381 [info] > git status -z -uall [48ms]
2023-02-17 05:16:30.075 [info] > git config --get commit.template [8ms]
2023-02-17 05:16:30.075 [info] > git for-each-ref --format=%(refname)%00%(upstream:short)%00%(objectname)%00%(upstream:track)%00%(upstream:remotename)%00%(upstream:remoteref) refs/heads/main refs/remotes/main [2ms]
2023-02-17 05:16:30.094 [info] > git for-each-ref --sort -committerdate --format %(refname) %(objectname) %(*objectname) [1ms]
2023-02-17 05:16:30.134 [info] > git status -z -uall [53ms]
2023-02-17 05:16:35.153 [info] > git config --get commit.template [5ms]
2023-02-17 05:16:35.154 [info] > git for-each-ref --format=%(refname)%00%(upstream:short)%00%(objectname)%00%(upstream:track)%00%(upstream:remotename)%00%(upstream:remoteref) refs/heads/main refs/remotes/main [1ms]
2023-02-17 05:16:35.165 [info] > git for-each-ref --sort -committerdate --format %(refname) %(objectname) %(*objectname) [2ms]
2023-02-17 05:16:35.204 [info] > git status -z -uall [47ms]
2023-02-17 05:16:40.226 [info] > git config --get commit.template [5ms]
2023-02-17 05:16:40.227 [info] > git for-each-ref --format=%(refname)%00%(upstream:short)%00%(objectname)%00%(upstream:track)%00%(upstream:remotename)%00%(upstream:remoteref) refs/heads/main refs/remotes/main [2ms]
2023-02-17 05:16:40.237 [info] > git for-each-ref --sort -committerdate --format %(refname) %(objectname) %(*objectname) [1ms]
2023-02-17 05:16:40.275 [info] > git status -z -uall [45ms]
2023-02-17 05:16:45.299 [info] > git config --get commit.template [7ms]
2023-02-17 05:16:45.300 [info] > git for-each-ref --format=%(refname)%00%(upstream:short)%00%(objectname)%00%(upstream:track)%00%(upstream:remotename)%00%(upstream:remoteref) refs/heads/main refs/remotes/main [2ms]
2023-02-17 05:16:45.316 [info] > git for-each-ref --sort -committerdate --format %(refname) %(objectname) %(*objectname) [1ms]
2023-02-17 05:16:45.353 [info] > git status -z -uall [48ms]
2023-02-17 05:16:50.373 [info] > git config --get commit.template [4ms]
2023-02-17 05:16:50.374 [info] > git for-each-ref --format=%(refname)%00%(upstream:short)%00%(objectname)%00%(upstream:track)%00%(upstream:remotename)%00%(upstream:remoteref) refs/heads/main refs/remotes/main [1ms]
2023-02-17 05:16:50.384 [info] > git for-each-ref --sort -committerdate --format %(refname) %(objectname) %(*objectname) [1ms]
2023-02-17 05:16:50.420 [info] > git status -z -uall [43ms]
2023-02-17 05:16:55.441 [info] > git config --get commit.template [5ms]
2023-02-17 05:16:55.442 [info] > git for-each-ref --format=%(refname)%00%(upstream:short)%00%(objectname)%00%(upstream:track)%00%(upstream:remotename)%00%(upstream:remoteref) refs/heads/main refs/remotes/main [2ms]
2023-02-17 05:16:55.451 [info] > git for-each-ref --sort -committerdate --format %(refname) %(objectname) %(*objectname) [1ms]
2023-02-17 05:16:55.493 [info] > git status -z -uall [47ms]
2023-02-17 05:17:00.512 [info] > git config --get commit.template [4ms]
2023-02-17 05:17:00.512 [info] > git for-each-ref --format=%(refname)%00%(upstream:short)%00%(objectname)%00%(upstream:track)%00%(upstream:remotename)%00%(upstream:remoteref) refs/heads/main refs/remotes/main [1ms]
2023-02-17 05:17:00.522 [info] > git for-each-ref --sort -committerdate --format %(refname) %(objectname) %(*objectname) [1ms]
2023-02-17 05:17:00.559 [info] > git status -z -uall [42ms]
2023-02-17 05:17:05.580 [info] > git config --get commit.template [7ms]
2023-02-17 05:17:05.581 [info] > git for-each-ref --format=%(refname)%00%(upstream:short)%00%(objectname)%00%(upstream:track)%00%(upstream:remotename)%00%(upstream:remoteref) refs/heads/main refs/remotes/main [2ms]
2023-02-17 05:17:05.600 [info] > git for-each-ref --sort -committerdate --format %(refname) %(objectname) %(*objectname) [6ms]
2023-02-17 05:17:05.647 [info] > git status -z -uall [58ms]
