2023-02-03 07:43:48.321 [info] 로그 수준: Info
2023-02-03 07:43:48.322 [info] "git"에서 찾은 git 유효성을 검사하는 중
2023-02-03 07:43:48.322 [info] "2.25.1"에서 git "git"을(를) 사용하는 중
2023-02-03 07:43:48.322 [info] > git rev-parse --show-toplevel [5ms]
2023-02-03 07:43:48.322 [info] fatal: not a git repository (or any of the parent directories): .git
2023-02-03 07:43:48.322 [info] > git rev-parse --show-toplevel [0ms]
2023-02-03 07:43:48.322 [info] fatal: not a git repository (or any of the parent directories): .git
2023-02-03 07:43:48.322 [info] > git rev-parse --show-toplevel [2ms]
2023-02-03 07:43:48.322 [info] fatal: not a git repository (or any of the parent directories): .git
2023-02-03 07:43:48.322 [info] > git rev-parse --show-toplevel [1ms]
2023-02-03 07:43:48.322 [info] fatal: not a git repository (or any of the parent directories): .git
2023-02-03 07:43:48.322 [info] > git rev-parse --show-toplevel [1ms]
2023-02-03 07:43:48.322 [info] fatal: not a git repository (or any of the parent directories): .git
2023-02-03 07:43:48.322 [info] > git rev-parse --show-toplevel [0ms]
2023-02-03 07:43:48.322 [info] fatal: not a git repository (or any of the parent directories): .git
2023-02-03 07:43:48.322 [info] > git rev-parse --show-toplevel [22ms]
2023-02-03 07:43:48.322 [info] fatal: not a git repository (or any of the parent directories): .git
2023-02-03 07:43:48.322 [info] > git rev-parse --show-toplevel [3ms]
2023-02-03 07:43:48.322 [info] fatal: not a git repository (or any of the parent directories): .git
2023-02-03 07:43:48.322 [info] > git rev-parse --show-toplevel [4ms]
2023-02-03 07:43:48.322 [info] fatal: not a git repository (or any of the parent directories): .git
2023-02-03 07:43:48.322 [info] > git rev-parse --show-toplevel [3ms]
2023-02-03 07:43:48.322 [info] > git rev-parse --git-dir --git-common-dir [2ms]
2023-02-03 07:43:48.322 [info] Open repository: /home/ubuntu/kubespray
2023-02-03 07:43:48.322 [info] > git rev-parse --show-toplevel [6ms]
2023-02-03 07:43:48.322 [info] fatal: not a git repository (or any of the parent directories): .git
2023-02-03 07:43:48.322 [info] > git config --get commit.template [4ms]
2023-02-03 07:43:48.322 [info] > git rev-parse --show-toplevel [1ms]
2023-02-03 07:43:48.322 [info] > git for-each-ref --sort -committerdate --format %(refname) %(objectname) %(*objectname) [4ms]
2023-02-03 07:43:48.322 [info] > git rev-parse --git-dir --git-common-dir [18ms]
2023-02-03 07:43:48.322 [info] Open repository: /home/ubuntu/nfs-subdir-external-provisioner
2023-02-03 07:43:48.322 [info] > git rev-parse --show-toplevel [6ms]
2023-02-03 07:43:48.322 [info] fatal: not a git repository (or any of the parent directories): .git
2023-02-03 07:43:48.322 [info] > git status -z -uall [31ms]
2023-02-03 07:43:48.323 [info] > git config --get commit.template [11ms]
2023-02-03 07:43:48.323 [info] > git for-each-ref --format=%(refname)%00%(upstream:short)%00%(objectname)%00%(upstream:track)%00%(upstream:remotename)%00%(upstream:remoteref) refs/heads/master refs/remotes/master [7ms]
2023-02-03 07:43:48.323 [info] > git config --get commit.template [11ms]
2023-02-03 07:43:48.323 [info] > git for-each-ref --sort -committerdate --format %(refname) %(objectname) %(*objectname) [8ms]
2023-02-03 07:43:48.323 [info] > git status -z -uall [79ms]
2023-02-03 07:43:48.323 [info] > git for-each-ref --sort -committerdate --format %(refname) %(objectname) %(*objectname) [75ms]
2023-02-03 07:43:48.323 [info] > git rev-parse --show-toplevel [4ms]
2023-02-03 07:43:48.323 [info] fatal: not a git repository (or any of the parent directories): .git
2023-02-03 07:43:48.323 [info] > git rev-parse --show-toplevel [7ms]
2023-02-03 07:43:48.323 [info] fatal: not a git repository (or any of the parent directories): .git
2023-02-03 07:43:48.323 [info] > git rev-parse --show-toplevel [1ms]
2023-02-03 07:43:48.323 [info] fatal: not a git repository (or any of the parent directories): .git
2023-02-03 07:43:48.323 [info] > git status -z -uall [143ms]
2023-02-03 07:43:48.323 [info] > git config --get commit.template [5ms]
2023-02-03 07:43:48.323 [info] > git for-each-ref --format=%(refname)%00%(upstream:short)%00%(objectname)%00%(upstream:track)%00%(upstream:remotename)%00%(upstream:remoteref) refs/heads/master refs/remotes/master [5ms]
2023-02-03 07:43:48.323 [info] > git for-each-ref --sort -committerdate --format %(refname) %(objectname) %(*objectname) [1ms]
2023-02-03 07:43:48.398 [info] > git status -z -uall [135ms]
2023-02-03 07:43:48.766 [info] > git check-ignore -v -z --stdin [5ms]
2023-02-03 07:43:48.768 [info] > git check-ignore -v -z --stdin [3ms]
