*
* Visual Studio Code Server
*
* By using the software, you agree to
* the Visual Studio Code Server License Terms (https://aka.ms/vscode-server-license) and
* the Microsoft Privacy Statement (https://privacy.microsoft.com/en-US/privacystatement).
*
Server bound to 127.0.0.1:46285 (IPv4)
Extension host agent listening on 46285

[06:57:53] Extension host agent started.
[06:57:53] [127.0.0.1][aae1553a][ExtensionHostConnection] New connection established.
[06:57:53] [127.0.0.1][5563ecac][ManagementConnection] New connection established.
[06:57:53] [127.0.0.1][aae1553a][ExtensionHostConnection] <3846610> Launched Extension Host Process.
[IPC Library: Pty Host]  WARN Shell integration cannot be enabled for executable "/bin/sh" and args [
  '-c',
  'wget --version > /dev/null\n' +
    'if [ $? -eq 0 ]\n' +
    'then\n' +
    "\twget --connect-timeout=7 --tries=1 --dns-timeout=7 -q --header='Metadata:true' -O - http://169.254.169.254/metadata/instance?api-version=2019-03-11\n" +
    'else\n' +
    '\tcurl --version > /dev/null\n' +
    '\tif [ $? -eq 0 ]\n' +
    '\tthen\n' +
    "\t\tcurl --connect-timeout 7 -s --header='Metadata:true' http://169.254.169.254/metadata/instance?api-version=2019-03-11\n" +
    '\tfi\n' +
    'fi\n' +
    'exit 0'
]
[IPC Library: Pty Host]  WARN Shell integration cannot be enabled for executable "/bin/sh" and args [
  '-c',
  'wget --version > /dev/null\n' +
    'if [ $? -eq 0 ]\n' +
    'then\n' +
    '\twget --connect-timeout=7 --tries=1 --dns-timeout=7 -q  -O - http://169.254.169.254/latest/meta-data/instance-id\n' +
    'else\n' +
    '\tcurl --version > /dev/null\n' +
    '\tif [ $? -eq 0 ]\n' +
    '\tthen\n' +
    '\t\tcurl --connect-timeout 7 -s  http://169.254.169.254/latest/meta-data/instance-id\n' +
    '\tfi\n' +
    'fi\n' +
    'exit 0'
]
[IPC Library: Pty Host]  WARN Shell integration cannot be enabled for executable "/bin/sh" and args [
  '-c',
  'wget --version > /dev/null\n' +
    'if [ $? -eq 0 ]\n' +
    'then\n' +
    '\twget --connect-timeout=7 --tries=1 --dns-timeout=7 -q  -O - http://169.254.169.254/metadata/v1/id\n' +
    'else\n' +
    '\tcurl --version > /dev/null\n' +
    '\tif [ $? -eq 0 ]\n' +
    '\tthen\n' +
    '\t\tcurl --connect-timeout 7 -s  http://169.254.169.254/metadata/v1/id\n' +
    '\tfi\n' +
    'fi\n' +
    'exit 0'
]
[IPC Library: Pty Host]  WARN Shell integration cannot be enabled for executable "/bin/sh" and args [
  '-c',
  'wget --version > /dev/null\n' +
    'if [ $? -eq 0 ]\n' +
    'then\n' +
    "\twget --connect-timeout=7 --tries=1 --dns-timeout=7 -q --header='Metadata-Flavor:Google' -O - http://metadata.google.internal/computeMetadata/v1/instance/id\n" +
    'else\n' +
    '\tcurl --version > /dev/null\n' +
    '\tif [ $? -eq 0 ]\n' +
    '\tthen\n' +
    "\t\tcurl --connect-timeout 7 -s --header='Metadata-Flavor:Google' http://metadata.google.internal/computeMetadata/v1/instance/id\n" +
    '\tfi\n' +
    'fi\n' +
    'exit 0'
]
[07:43:33] [127.0.0.1][5563ecac][ManagementConnection] The client has disconnected gracefully, so the connection will be disposed.
[07:43:33] [127.0.0.1][aae1553a][ExtensionHostConnection] <3846610> Extension Host Process exited with code: 0, signal: null.
Last EH closed, waiting before shutting down
[07:43:33] Last EH closed, waiting before shutting down
Got delay-shutdown request while in shutdown timeout, delaying
[07:43:46] Got delay-shutdown request while in shutdown timeout, delaying
Cancelling previous shutdown timeout
[07:43:46] Cancelling previous shutdown timeout
[07:43:46] [127.0.0.1][60bec88c][ManagementConnection] New connection established.
[07:43:46] [127.0.0.1][2205275d][ExtensionHostConnection] New connection established.
[07:43:46] [127.0.0.1][2205275d][ExtensionHostConnection] <3880469> Launched Extension Host Process.
[IPC Library: Pty Host]  WARN Shell integration cannot be enabled for executable "/bin/sh" and args [
  '-c',
  'wget --version > /dev/null\n' +
    'if [ $? -eq 0 ]\n' +
    'then\n' +
    "\twget --connect-timeout=7 --tries=1 --dns-timeout=7 -q --header='Metadata:true' -O - http://169.254.169.254/metadata/instance?api-version=2019-03-11\n" +
    'else\n' +
    '\tcurl --version > /dev/null\n' +
    '\tif [ $? -eq 0 ]\n' +
    '\tthen\n' +
    "\t\tcurl --connect-timeout 7 -s --header='Metadata:true' http://169.254.169.254/metadata/instance?api-version=2019-03-11\n" +
    '\tfi\n' +
    'fi\n' +
    'exit 0'
]
[IPC Library: Pty Host]  WARN Shell integration cannot be enabled for executable "/bin/sh" and args [
  '-c',
  'wget --version > /dev/null\n' +
    'if [ $? -eq 0 ]\n' +
    'then\n' +
    '\twget --connect-timeout=7 --tries=1 --dns-timeout=7 -q  -O - http://169.254.169.254/latest/meta-data/instance-id\n' +
    'else\n' +
    '\tcurl --version > /dev/null\n' +
    '\tif [ $? -eq 0 ]\n' +
    '\tthen\n' +
    '\t\tcurl --connect-timeout 7 -s  http://169.254.169.254/latest/meta-data/instance-id\n' +
    '\tfi\n' +
    'fi\n' +
    'exit 0'
]
[IPC Library: Pty Host]  WARN Shell integration cannot be enabled for executable "/bin/sh" and args [
  '-c',
  'wget --version > /dev/null\n' +
    'if [ $? -eq 0 ]\n' +
    'then\n' +
    '\twget --connect-timeout=7 --tries=1 --dns-timeout=7 -q  -O - http://169.254.169.254/metadata/v1/id\n' +
    'else\n' +
    '\tcurl --version > /dev/null\n' +
    '\tif [ $? -eq 0 ]\n' +
    '\tthen\n' +
    '\t\tcurl --connect-timeout 7 -s  http://169.254.169.254/metadata/v1/id\n' +
    '\tfi\n' +
    'fi\n' +
    'exit 0'
]
[IPC Library: Pty Host]  WARN Shell integration cannot be enabled for executable "/bin/sh" and args [
  '-c',
  'wget --version > /dev/null\n' +
    'if [ $? -eq 0 ]\n' +
    'then\n' +
    "\twget --connect-timeout=7 --tries=1 --dns-timeout=7 -q --header='Metadata-Flavor:Google' -O - http://metadata.google.internal/computeMetadata/v1/instance/id\n" +
    'else\n' +
    '\tcurl --version > /dev/null\n' +
    '\tif [ $? -eq 0 ]\n' +
    '\tthen\n' +
    "\t\tcurl --connect-timeout 7 -s --header='Metadata-Flavor:Google' http://metadata.google.internal/computeMetadata/v1/instance/id\n" +
    '\tfi\n' +
    'fi\n' +
    'exit 0'
]
rejected promise not handled within 1 second: CodeExpectedError: Could not find pty on pty host
stack trace: CodeExpectedError: Could not find pty on pty host
    at h.J (/home/ubuntu/.vscode-server/bin/97dec172d3256f8ca4bfb2143f3f76b503ca0534/out/vs/platform/terminal/node/ptyHostMain.js:27:6395)
    at h.updateTitle (/home/ubuntu/.vscode-server/bin/97dec172d3256f8ca4bfb2143f3f76b503ca0534/out/vs/platform/terminal/node/ptyHostMain.js:27:2665)
    at Object.call (/home/ubuntu/.vscode-server/bin/97dec172d3256f8ca4bfb2143f3f76b503ca0534/out/vs/platform/terminal/node/ptyHostMain.js:17:5110)
    at r.q (/home/ubuntu/.vscode-server/bin/97dec172d3256f8ca4bfb2143f3f76b503ca0534/out/vs/platform/terminal/node/ptyHostMain.js:15:5390)
    at r.p (/home/ubuntu/.vscode-server/bin/97dec172d3256f8ca4bfb2143f3f76b503ca0534/out/vs/platform/terminal/node/ptyHostMain.js:15:4881)
    at /home/ubuntu/.vscode-server/bin/97dec172d3256f8ca4bfb2143f3f76b503ca0534/out/vs/platform/terminal/node/ptyHostMain.js:15:4286
    at n.invoke (/home/ubuntu/.vscode-server/bin/97dec172d3256f8ca4bfb2143f3f76b503ca0534/out/vs/platform/terminal/node/ptyHostMain.js:11:145)
    at C.deliver (/home/ubuntu/.vscode-server/bin/97dec172d3256f8ca4bfb2143f3f76b503ca0534/out/vs/platform/terminal/node/ptyHostMain.js:11:2038)
    at v.fire (/home/ubuntu/.vscode-server/bin/97dec172d3256f8ca4bfb2143f3f76b503ca0534/out/vs/platform/terminal/node/ptyHostMain.js:11:1676)
    at process.O (/home/ubuntu/.vscode-server/bin/97dec172d3256f8ca4bfb2143f3f76b503ca0534/out/vs/platform/terminal/node/ptyHostMain.js:9:20886)
    at process.emit (node:events:526:28)
    at emit (node:internal/child_process:938:14)
    at processTicksAndRejections (node:internal/process/task_queues:84:21)
[07:43:48] Error [CodeExpectedError]: Could not find pty on pty host
    at h.J (/home/ubuntu/.vscode-server/bin/97dec172d3256f8ca4bfb2143f3f76b503ca0534/out/vs/platform/terminal/node/ptyHostMain.js:27:6395)
    at h.updateTitle (/home/ubuntu/.vscode-server/bin/97dec172d3256f8ca4bfb2143f3f76b503ca0534/out/vs/platform/terminal/node/ptyHostMain.js:27:2665)
    at Object.call (/home/ubuntu/.vscode-server/bin/97dec172d3256f8ca4bfb2143f3f76b503ca0534/out/vs/platform/terminal/node/ptyHostMain.js:17:5110)
    at r.q (/home/ubuntu/.vscode-server/bin/97dec172d3256f8ca4bfb2143f3f76b503ca0534/out/vs/platform/terminal/node/ptyHostMain.js:15:5390)
    at r.p (/home/ubuntu/.vscode-server/bin/97dec172d3256f8ca4bfb2143f3f76b503ca0534/out/vs/platform/terminal/node/ptyHostMain.js:15:4881)
    at /home/ubuntu/.vscode-server/bin/97dec172d3256f8ca4bfb2143f3f76b503ca0534/out/vs/platform/terminal/node/ptyHostMain.js:15:4286
    at n.invoke (/home/ubuntu/.vscode-server/bin/97dec172d3256f8ca4bfb2143f3f76b503ca0534/out/vs/platform/terminal/node/ptyHostMain.js:11:145)
    at C.deliver (/home/ubuntu/.vscode-server/bin/97dec172d3256f8ca4bfb2143f3f76b503ca0534/out/vs/platform/terminal/node/ptyHostMain.js:11:2038)
    at v.fire (/home/ubuntu/.vscode-server/bin/97dec172d3256f8ca4bfb2143f3f76b503ca0534/out/vs/platform/terminal/node/ptyHostMain.js:11:1676)
    at process.O (/home/ubuntu/.vscode-server/bin/97dec172d3256f8ca4bfb2143f3f76b503ca0534/out/vs/platform/terminal/node/ptyHostMain.js:9:20886)
    at process.emit (node:events:526:28)
    at emit (node:internal/child_process:938:14)
    at processTicksAndRejections (node:internal/process/task_queues:84:21)
New EH opened, aborting shutdown
[07:48:46] New EH opened, aborting shutdown
[07:58:19] [127.0.0.1][60bec88c][ManagementConnection] The client has disconnected gracefully, so the connection will be disposed.
[07:58:19] [127.0.0.1][2205275d][ExtensionHostConnection] <3880469> Extension Host Process exited with code: 0, signal: null.
Last EH closed, waiting before shutting down
[07:58:19] Last EH closed, waiting before shutting down
Last EH closed, shutting down
[08:03:19] Last EH closed, shutting down
