2023-02-15 05:08:39.621 [info] 로그 수준: Info
2023-02-15 05:08:39.622 [info] "git"에서 찾은 git 유효성을 검사하는 중
2023-02-15 05:08:39.622 [info] "2.25.1"에서 git "git"을(를) 사용하는 중
2023-02-15 05:08:39.622 [info] > git rev-parse --show-toplevel [3ms]
2023-02-15 05:08:39.622 [info] > git rev-parse --git-dir --git-common-dir [13ms]
2023-02-15 05:08:39.622 [info] Open repository: /home/ubuntu
2023-02-15 05:08:39.622 [info] > git rev-parse --show-toplevel [9ms]
2023-02-15 05:08:39.622 [info] > git config --get commit.template [8ms]
2023-02-15 05:08:39.622 [info] > git for-each-ref --format=%(refname)%00%(upstream:short)%00%(objectname)%00%(upstream:track)%00%(upstream:remotename)%00%(upstream:remoteref) refs/heads/main refs/remotes/main [2ms]
2023-02-15 05:08:39.622 [info] > git rev-parse --show-toplevel [21ms]
2023-02-15 05:08:39.622 [info] > git for-each-ref --sort -committerdate --format %(refname) %(objectname) %(*objectname) [6ms]
2023-02-15 05:08:39.622 [info] > git rev-parse --show-toplevel [2ms]
2023-02-15 05:08:39.622 [info] > git rev-parse --show-toplevel [18ms]
2023-02-15 05:08:39.623 [info] > git rev-parse --show-toplevel [9ms]
2023-02-15 05:08:39.623 [info] > git rev-parse --show-toplevel [2ms]
2023-02-15 05:08:39.623 [info] > git status -z -uall [71ms]
2023-02-15 05:08:39.623 [info] > git rev-parse --show-toplevel [53ms]
2023-02-15 05:08:39.623 [info] > git config --get commit.template [5ms]
2023-02-15 05:08:39.623 [info] > git rev-parse --show-toplevel [6ms]
2023-02-15 05:08:39.623 [info] > git rev-parse --show-toplevel [4ms]
2023-02-15 05:08:39.623 [info] > git for-each-ref --format=%(refname)%00%(upstream:short)%00%(objectname)%00%(upstream:track)%00%(upstream:remotename)%00%(upstream:remoteref) refs/heads/main refs/remotes/main [7ms]
2023-02-15 05:08:39.623 [info] > git rev-parse --show-toplevel [16ms]
2023-02-15 05:08:39.623 [info] > git for-each-ref --sort -committerdate --format %(refname) %(objectname) %(*objectname) [15ms]
2023-02-15 05:08:39.623 [info] > git rev-parse --show-toplevel [2ms]
2023-02-15 05:08:39.623 [info] > git rev-parse --git-dir --git-common-dir [3ms]
2023-02-15 05:08:39.624 [info] Open repository: /home/ubuntu/kubespray
2023-02-15 05:08:39.624 [info] > git status -z -uall [296ms]
2023-02-15 05:08:39.624 [info] > git rev-parse --show-toplevel [254ms]
2023-02-15 05:08:39.624 [info] > git rev-parse --show-toplevel [2ms]
2023-02-15 05:08:39.624 [info] > git config --get commit.template [15ms]
2023-02-15 05:08:39.624 [info] > git rev-parse --git-dir --git-common-dir [24ms]
2023-02-15 05:08:39.624 [info] Open repository: /home/ubuntu/nfs-subdir-external-provisioner
2023-02-15 05:08:39.624 [info] > git rev-parse --show-toplevel [8ms]
2023-02-15 05:08:39.624 [info] > git config --get commit.template [5ms]
2023-02-15 05:08:39.624 [info] > git for-each-ref --format=%(refname)%00%(upstream:short)%00%(objectname)%00%(upstream:track)%00%(upstream:remotename)%00%(upstream:remoteref) refs/heads/master refs/remotes/master [1ms]
2023-02-15 05:08:39.624 [info] > git for-each-ref --format %(refname) %(objectname) %(*objectname) refs/tags [26ms]
2023-02-15 05:08:39.624 [info] > git status -z -uall [16ms]
2023-02-15 05:08:39.625 [info] > git for-each-ref --sort -committerdate --format %(refname) %(objectname) %(*objectname) [11ms]
2023-02-15 05:08:39.625 [info] > git status -z -uall [13ms]
2023-02-15 05:08:39.625 [info] > git for-each-ref --sort -committerdate --format %(refname) %(objectname) %(*objectname) [8ms]
2023-02-15 05:08:40.115 [info] > git check-ignore -v -z --stdin [19ms]
2023-02-15 05:08:40.116 [info] > git check-ignore -v -z --stdin [10ms]
2023-02-15 05:08:40.117 [info] > git check-ignore -v -z --stdin [3ms]
2023-02-15 05:09:55.764 [info] > git config --get commit.template [3ms]
2023-02-15 05:09:55.773 [info] > git for-each-ref --format=%(refname)%00%(upstream:short)%00%(objectname)%00%(upstream:track)%00%(upstream:remotename)%00%(upstream:remoteref) refs/heads/main refs/remotes/main [2ms]
2023-02-15 05:09:55.786 [info] > git for-each-ref --sort -committerdate --format %(refname) %(objectname) %(*objectname) [1ms]
2023-02-15 05:09:55.835 [info] > git status -z -uall [57ms]
2023-02-15 05:09:56.382 [info] > git check-ignore -v -z --stdin [2ms]
2023-02-15 05:09:57.262 [info] > git show --textconv :web/web-deployment.yaml [5ms]
2023-02-15 05:09:57.263 [info] > git ls-files --stage -- /home/ubuntu/web/web-deployment.yaml [2ms]
2023-02-15 05:09:57.268 [info] > git cat-file -s 7b53e910f4d1ec35607feb77486361347c71d6cf [2ms]
2023-02-15 05:10:00.885 [info] > git config --get commit.template [5ms]
2023-02-15 05:10:00.886 [info] > git for-each-ref --format=%(refname)%00%(upstream:short)%00%(objectname)%00%(upstream:track)%00%(upstream:remotename)%00%(upstream:remoteref) refs/heads/main refs/remotes/main [2ms]
2023-02-15 05:10:00.895 [info] > git for-each-ref --sort -committerdate --format %(refname) %(objectname) %(*objectname) [1ms]
2023-02-15 05:10:00.937 [info] > git status -z -uall [48ms]
2023-02-15 05:10:05.976 [info] > git config --get commit.template [5ms]
2023-02-15 05:10:05.976 [info] > git for-each-ref --format=%(refname)%00%(upstream:short)%00%(objectname)%00%(upstream:track)%00%(upstream:remotename)%00%(upstream:remoteref) refs/heads/main refs/remotes/main [1ms]
2023-02-15 05:10:05.990 [info] > git for-each-ref --sort -committerdate --format %(refname) %(objectname) %(*objectname) [0ms]
2023-02-15 05:10:06.029 [info] > git status -z -uall [49ms]
2023-02-15 05:10:11.064 [info] > git config --get commit.template [6ms]
2023-02-15 05:10:11.065 [info] > git for-each-ref --format=%(refname)%00%(upstream:short)%00%(objectname)%00%(upstream:track)%00%(upstream:remotename)%00%(upstream:remoteref) refs/heads/main refs/remotes/main [2ms]
2023-02-15 05:10:11.078 [info] > git for-each-ref --sort -committerdate --format %(refname) %(objectname) %(*objectname) [1ms]
2023-02-15 05:10:11.121 [info] > git status -z -uall [50ms]
