2023-01-30 12:14:18.637 [info] 로그 수준: Info
2023-01-30 12:14:18.637 [info] "git"에서 찾은 git 유효성을 검사하는 중
2023-01-30 12:14:18.637 [info] "2.25.1"에서 git "git"을(를) 사용하는 중
2023-01-30 12:14:18.637 [info] > git rev-parse --show-toplevel [5ms]
2023-01-30 12:14:18.637 [info] fatal: not a git repository (or any of the parent directories): .git
2023-01-30 12:14:18.637 [info] > git rev-parse --show-toplevel [1ms]
2023-01-30 12:14:18.637 [info] fatal: not a git repository (or any of the parent directories): .git
2023-01-30 12:14:18.637 [info] > git rev-parse --show-toplevel [2ms]
2023-01-30 12:14:18.637 [info] fatal: not a git repository (or any of the parent directories): .git
2023-01-30 12:14:18.637 [info] > git rev-parse --show-toplevel [3ms]
2023-01-30 12:14:18.637 [info] fatal: not a git repository (or any of the parent directories): .git
2023-01-30 12:14:18.637 [info] > git rev-parse --show-toplevel [0ms]
2023-01-30 12:14:18.637 [info] fatal: not a git repository (or any of the parent directories): .git
2023-01-30 12:14:18.637 [info] > git rev-parse --show-toplevel [0ms]
2023-01-30 12:14:18.637 [info] fatal: not a git repository (or any of the parent directories): .git
2023-01-30 12:14:18.637 [info] > git rev-parse --show-toplevel [1ms]
2023-01-30 12:14:18.637 [info] fatal: not a git repository (or any of the parent directories): .git
2023-01-30 12:14:18.637 [info] > git rev-parse --show-toplevel [1ms]
2023-01-30 12:14:18.637 [info] fatal: not a git repository (or any of the parent directories): .git
2023-01-30 12:14:18.637 [info] > git rev-parse --show-toplevel [1ms]
2023-01-30 12:14:18.637 [info] fatal: not a git repository (or any of the parent directories): .git
2023-01-30 12:14:18.637 [info] > git rev-parse --show-toplevel [7ms]
2023-01-30 12:14:18.637 [info] > git rev-parse --git-dir --git-common-dir [3ms]
2023-01-30 12:14:18.637 [info] Open repository: /home/ubuntu/kubespray
2023-01-30 12:14:18.637 [info] > git rev-parse --show-toplevel [5ms]
2023-01-30 12:14:18.637 [info] fatal: not a git repository (or any of the parent directories): .git
2023-01-30 12:14:18.637 [info] > git config --get commit.template [4ms]
2023-01-30 12:14:18.637 [info] > git rev-parse --show-toplevel [9ms]
2023-01-30 12:14:18.637 [info] > git rev-parse --git-dir --git-common-dir [1ms]
2023-01-30 12:14:18.637 [info] Open repository: /home/ubuntu/nfs-subdir-external-provisioner
2023-01-30 12:14:18.637 [info] > git for-each-ref --sort -committerdate --format %(refname) %(objectname) %(*objectname) [21ms]
2023-01-30 12:14:18.637 [info] > git rev-parse --show-toplevel [6ms]
2023-01-30 12:14:18.637 [info] fatal: not a git repository (or any of the parent directories): .git
2023-01-30 12:14:18.637 [info] > git config --get commit.template [9ms]
2023-01-30 12:14:18.637 [info] > git for-each-ref --format=%(refname)%00%(upstream:short)%00%(objectname)%00%(upstream:track)%00%(upstream:remotename)%00%(upstream:remoteref) refs/heads/master refs/remotes/master [2ms]
2023-01-30 12:14:18.637 [info] > git for-each-ref --sort -committerdate --format %(refname) %(objectname) %(*objectname) [4ms]
2023-01-30 12:14:18.637 [info] > git status -z -uall [144ms]
2023-01-30 12:14:18.637 [info] > git config --get commit.template [1ms]
2023-01-30 12:14:18.637 [info] > git for-each-ref --sort -committerdate --format %(refname) %(objectname) %(*objectname) [3ms]
2023-01-30 12:14:18.637 [info] > git status -z -uall [29ms]
2023-01-30 12:14:18.637 [info] > git status -z -uall [182ms]
2023-01-30 12:14:18.637 [info] > git rev-parse --show-toplevel [9ms]
2023-01-30 12:14:18.637 [info] fatal: not a git repository (or any of the parent directories): .git
2023-01-30 12:14:18.637 [info] > git config --get commit.template [5ms]
2023-01-30 12:14:18.637 [info] > git for-each-ref --format=%(refname)%00%(upstream:short)%00%(objectname)%00%(upstream:track)%00%(upstream:remotename)%00%(upstream:remoteref) refs/heads/master refs/remotes/master [1ms]
2023-01-30 12:14:18.637 [info] > git for-each-ref --sort -committerdate --format %(refname) %(objectname) %(*objectname) [2ms]
2023-01-30 12:14:18.637 [info] > git rev-parse --show-toplevel [1ms]
2023-01-30 12:14:18.637 [info] fatal: not a git repository (or any of the parent directories): .git
2023-01-30 12:14:18.637 [info] > git rev-parse --show-toplevel [1ms]
2023-01-30 12:14:18.637 [info] fatal: not a git repository (or any of the parent directories): .git
2023-01-30 12:14:18.637 [info] > git status -z -uall [143ms]
2023-01-30 12:14:18.637 [info] > git rev-parse --show-toplevel [80ms]
2023-01-30 12:14:18.637 [info] fatal: not a git repository (or any of the parent directories): .git
2023-01-30 12:14:18.923 [info] > git check-ignore -v -z --stdin [6ms]
2023-01-30 12:14:18.924 [info] > git check-ignore -v -z --stdin [2ms]
2023-01-30 14:09:26.851 [info] > git rev-parse --show-toplevel [1ms]
2023-01-30 14:09:26.851 [info] fatal: not a git repository (or any of the parent directories): .git
2023-01-30 14:11:33.254 [info] > git rev-parse --show-toplevel [2ms]
2023-01-30 14:11:33.254 [info] fatal: not a git repository (or any of the parent directories): .git
