2023-01-30 04:32:37.093 [info] 로그 수준: Info
2023-01-30 04:32:37.093 [info] "git"에서 찾은 git 유효성을 검사하는 중
2023-01-30 04:32:37.093 [info] "2.25.1"에서 git "git"을(를) 사용하는 중
2023-01-30 04:32:37.093 [info] > git rev-parse --show-toplevel [6ms]
2023-01-30 04:32:37.093 [info] fatal: not a git repository (or any of the parent directories): .git
2023-01-30 04:32:37.093 [info] > git rev-parse --show-toplevel [1ms]
2023-01-30 04:32:37.093 [info] fatal: not a git repository (or any of the parent directories): .git
2023-01-30 04:32:37.093 [info] > git rev-parse --show-toplevel [1ms]
2023-01-30 04:32:37.093 [info] fatal: not a git repository (or any of the parent directories): .git
2023-01-30 04:32:37.093 [info] > git rev-parse --show-toplevel [2ms]
2023-01-30 04:32:37.093 [info] fatal: not a git repository (or any of the parent directories): .git
2023-01-30 04:32:37.093 [info] > git rev-parse --show-toplevel [3ms]
2023-01-30 04:32:37.093 [info] fatal: not a git repository (or any of the parent directories): .git
2023-01-30 04:32:37.094 [info] > git rev-parse --show-toplevel [0ms]
2023-01-30 04:32:37.094 [info] fatal: not a git repository (or any of the parent directories): .git
2023-01-30 04:32:37.094 [info] > git rev-parse --show-toplevel [0ms]
2023-01-30 04:32:37.094 [info] fatal: not a git repository (or any of the parent directories): .git
2023-01-30 04:32:37.094 [info] > git rev-parse --show-toplevel [1ms]
2023-01-30 04:32:37.094 [info] fatal: not a git repository (or any of the parent directories): .git
2023-01-30 04:32:37.094 [info] > git rev-parse --show-toplevel [3ms]
2023-01-30 04:32:37.094 [info] > git rev-parse --git-dir --git-common-dir [1ms]
2023-01-30 04:32:37.094 [info] Open repository: /home/ubuntu/kubespray
2023-01-30 04:32:37.094 [info] > git rev-parse --show-toplevel [4ms]
2023-01-30 04:32:37.094 [info] fatal: not a git repository (or any of the parent directories): .git
2023-01-30 04:32:37.094 [info] > git config --get commit.template [4ms]
2023-01-30 04:32:37.094 [info] > git rev-parse --show-toplevel [9ms]
2023-01-30 04:32:37.094 [info] > git for-each-ref --sort -committerdate --format %(refname) %(objectname) %(*objectname) [4ms]
2023-01-30 04:32:37.094 [info] > git rev-parse --git-dir --git-common-dir [5ms]
2023-01-30 04:32:37.094 [info] Open repository: /home/ubuntu/nfs-subdir-external-provisioner
2023-01-30 04:32:37.094 [info] > git rev-parse --show-toplevel [4ms]
2023-01-30 04:32:37.094 [info] fatal: not a git repository (or any of the parent directories): .git
2023-01-30 04:32:37.094 [info] > git config --get commit.template [6ms]
2023-01-30 04:32:37.094 [info] > git status -z -uall [31ms]
2023-01-30 04:32:37.094 [info] > git for-each-ref --format=%(refname)%00%(upstream:short)%00%(objectname)%00%(upstream:track)%00%(upstream:remotename)%00%(upstream:remoteref) refs/heads/master refs/remotes/master [10ms]
2023-01-30 04:32:37.094 [info] > git config --get commit.template [6ms]
2023-01-30 04:32:37.094 [info] > git for-each-ref --sort -committerdate --format %(refname) %(objectname) %(*objectname) [6ms]
2023-01-30 04:32:37.095 [info] > git for-each-ref --sort -committerdate --format %(refname) %(objectname) %(*objectname) [2ms]
2023-01-30 04:32:37.095 [info] > git status -z -uall [28ms]
2023-01-30 04:32:37.095 [info] > git status -z -uall [150ms]
2023-01-30 04:32:37.095 [info] > git rev-parse --show-toplevel [8ms]
2023-01-30 04:32:37.095 [info] fatal: not a git repository (or any of the parent directories): .git
2023-01-30 04:32:37.095 [info] > git config --get commit.template [1ms]
2023-01-30 04:32:37.095 [info] > git for-each-ref --format=%(refname)%00%(upstream:short)%00%(objectname)%00%(upstream:track)%00%(upstream:remotename)%00%(upstream:remoteref) refs/heads/master refs/remotes/master [0ms]
2023-01-30 04:32:37.095 [info] > git for-each-ref --sort -committerdate --format %(refname) %(objectname) %(*objectname) [3ms]
2023-01-30 04:32:37.095 [info] > git status -z -uall [215ms]
2023-01-30 04:32:37.168 [info] > git check-ignore -v -z --stdin [4ms]
2023-01-30 04:32:37.169 [info] > git check-ignore -v -z --stdin [2ms]
2023-01-30 04:32:43.517 [info] > git rev-parse --show-toplevel [1ms]
2023-01-30 04:32:43.517 [info] fatal: not a git repository (or any of the parent directories): .git
2023-01-30 04:32:50.754 [info] > git rev-parse --show-toplevel [1ms]
2023-01-30 04:32:50.754 [info] fatal: not a git repository (or any of the parent directories): .git
2023-01-30 04:32:56.936 [info] > git rev-parse --show-toplevel [1ms]
2023-01-30 04:32:56.936 [info] fatal: not a git repository (or any of the parent directories): .git
2023-01-30 04:56:09.646 [info] > git rev-parse --show-toplevel [1ms]
2023-01-30 04:56:09.646 [info] fatal: not a git repository (or any of the parent directories): .git
2023-01-30 04:56:23.826 [info] > git rev-parse --show-toplevel [1ms]
2023-01-30 04:56:23.826 [info] fatal: not a git repository (or any of the parent directories): .git
2023-01-30 07:57:43.477 [info] > git rev-parse --show-toplevel [6ms]
2023-01-30 07:57:43.478 [info] fatal: not a git repository (or any of the parent directories): .git
2023-01-30 08:02:01.780 [info] > git rev-parse --show-toplevel [1ms]
2023-01-30 08:02:01.780 [info] fatal: not a git repository (or any of the parent directories): .git
2023-01-30 08:09:26.623 [info] > git rev-parse --show-toplevel [1ms]
2023-01-30 08:09:26.623 [info] fatal: not a git repository (or any of the parent directories): .git
2023-01-30 08:09:39.229 [info] > git rev-parse --show-toplevel [1ms]
2023-01-30 08:09:39.229 [info] fatal: not a git repository (or any of the parent directories): .git
2023-01-30 08:09:39.250 [info] > git rev-parse --show-toplevel [2ms]
2023-01-30 08:09:39.250 [info] fatal: not a git repository (or any of the parent directories): .git
2023-01-30 08:09:46.023 [info] > git rev-parse --show-toplevel [6ms]
2023-01-30 08:09:46.023 [info] fatal: not a git repository (or any of the parent directories): .git
2023-01-30 08:12:58.681 [info] > git rev-parse --show-toplevel [2ms]
2023-01-30 08:12:58.681 [info] fatal: not a git repository (or any of the parent directories): .git
2023-01-30 08:13:52.079 [info] > git check-ignore -v -z --stdin [4ms]
2023-01-30 08:13:53.864 [info] > git check-ignore -v -z --stdin [4ms]
2023-01-30 08:13:55.051 [info] > git check-ignore -v -z --stdin [2ms]
